[2024-01-30T19:29:11.115+0000] {processor.py:161} INFO - Started process (PID=378) to work on /home/airflow/.local/lib/python3.8/site-packages/airflow/example_dags/example_short_circuit_decorator.py
[2024-01-30T19:29:11.118+0000] {processor.py:830} INFO - Processing file /home/airflow/.local/lib/python3.8/site-packages/airflow/example_dags/example_short_circuit_decorator.py for tasks to queue
[2024-01-30T19:29:11.122+0000] {logging_mixin.py:188} INFO - [2024-01-30T19:29:11.120+0000] {dagbag.py:538} INFO - Filling up the DagBag from /home/airflow/.local/lib/python3.8/site-packages/airflow/example_dags/example_short_circuit_decorator.py
[2024-01-30T19:29:11.146+0000] {processor.py:840} INFO - DAG(s) 'example_short_circuit_decorator' retrieved from /home/airflow/.local/lib/python3.8/site-packages/airflow/example_dags/example_short_circuit_decorator.py
[2024-01-30T19:29:11.659+0000] {logging_mixin.py:188} INFO - [2024-01-30T19:29:11.657+0000] {override.py:1769} INFO - Created Permission View: can edit on DAG:example_short_circuit_decorator
[2024-01-30T19:29:11.770+0000] {logging_mixin.py:188} INFO - [2024-01-30T19:29:11.769+0000] {override.py:1769} INFO - Created Permission View: can read on DAG:example_short_circuit_decorator
[2024-01-30T19:29:11.839+0000] {logging_mixin.py:188} INFO - [2024-01-30T19:29:11.835+0000] {override.py:1769} INFO - Created Permission View: can delete on DAG:example_short_circuit_decorator
[2024-01-30T19:29:11.842+0000] {logging_mixin.py:188} INFO - [2024-01-30T19:29:11.842+0000] {dag.py:3036} INFO - Sync 1 DAGs
[2024-01-30T19:29:11.878+0000] {logging_mixin.py:188} INFO - [2024-01-30T19:29:11.878+0000] {dag.py:3058} INFO - Creating ORM DAG for example_short_circuit_decorator
[2024-01-30T19:29:11.916+0000] {logging_mixin.py:188} INFO - [2024-01-30T19:29:11.916+0000] {dag.py:3823} INFO - Setting next_dagrun for example_short_circuit_decorator to 2024-01-29 00:00:00+00:00, run_after=2024-01-30 00:00:00+00:00
[2024-01-30T19:29:12.308+0000] {processor.py:183} INFO - Processing /home/airflow/.local/lib/python3.8/site-packages/airflow/example_dags/example_short_circuit_decorator.py took 1.197 seconds
[2024-01-30T19:36:44.293+0000] {processor.py:161} INFO - Started process (PID=335) to work on /home/airflow/.local/lib/python3.8/site-packages/airflow/example_dags/example_short_circuit_decorator.py
[2024-01-30T19:36:44.295+0000] {processor.py:830} INFO - Processing file /home/airflow/.local/lib/python3.8/site-packages/airflow/example_dags/example_short_circuit_decorator.py for tasks to queue
[2024-01-30T19:36:44.297+0000] {logging_mixin.py:188} INFO - [2024-01-30T19:36:44.297+0000] {dagbag.py:538} INFO - Filling up the DagBag from /home/airflow/.local/lib/python3.8/site-packages/airflow/example_dags/example_short_circuit_decorator.py
[2024-01-30T19:36:44.311+0000] {processor.py:840} INFO - DAG(s) 'example_short_circuit_decorator' retrieved from /home/airflow/.local/lib/python3.8/site-packages/airflow/example_dags/example_short_circuit_decorator.py
[2024-01-30T19:36:44.494+0000] {logging_mixin.py:188} INFO - [2024-01-30T19:36:44.494+0000] {dag.py:3036} INFO - Sync 1 DAGs
[2024-01-30T19:36:44.533+0000] {logging_mixin.py:188} INFO - [2024-01-30T19:36:44.533+0000] {dag.py:3823} INFO - Setting next_dagrun for example_short_circuit_decorator to 2024-01-29 00:00:00+00:00, run_after=2024-01-30 00:00:00+00:00
[2024-01-30T19:36:44.577+0000] {processor.py:183} INFO - Processing /home/airflow/.local/lib/python3.8/site-packages/airflow/example_dags/example_short_circuit_decorator.py took 0.288 seconds
[2024-01-30T19:37:15.576+0000] {processor.py:161} INFO - Started process (PID=584) to work on /home/airflow/.local/lib/python3.8/site-packages/airflow/example_dags/example_short_circuit_decorator.py
[2024-01-30T19:37:15.582+0000] {processor.py:830} INFO - Processing file /home/airflow/.local/lib/python3.8/site-packages/airflow/example_dags/example_short_circuit_decorator.py for tasks to queue
[2024-01-30T19:37:15.590+0000] {logging_mixin.py:188} INFO - [2024-01-30T19:37:15.585+0000] {dagbag.py:538} INFO - Filling up the DagBag from /home/airflow/.local/lib/python3.8/site-packages/airflow/example_dags/example_short_circuit_decorator.py
[2024-01-30T19:37:15.633+0000] {processor.py:840} INFO - DAG(s) 'example_short_circuit_decorator' retrieved from /home/airflow/.local/lib/python3.8/site-packages/airflow/example_dags/example_short_circuit_decorator.py
[2024-01-30T19:37:15.734+0000] {logging_mixin.py:188} INFO - [2024-01-30T19:37:15.734+0000] {dag.py:3036} INFO - Sync 1 DAGs
[2024-01-30T19:37:15.791+0000] {logging_mixin.py:188} INFO - [2024-01-30T19:37:15.791+0000] {dag.py:3823} INFO - Setting next_dagrun for example_short_circuit_decorator to 2024-01-29 00:00:00+00:00, run_after=2024-01-30 00:00:00+00:00
[2024-01-30T19:37:15.882+0000] {processor.py:183} INFO - Processing /home/airflow/.local/lib/python3.8/site-packages/airflow/example_dags/example_short_circuit_decorator.py took 0.311 seconds
[2024-01-30T19:37:46.197+0000] {processor.py:161} INFO - Started process (PID=829) to work on /home/airflow/.local/lib/python3.8/site-packages/airflow/example_dags/example_short_circuit_decorator.py
[2024-01-30T19:37:46.204+0000] {processor.py:830} INFO - Processing file /home/airflow/.local/lib/python3.8/site-packages/airflow/example_dags/example_short_circuit_decorator.py for tasks to queue
[2024-01-30T19:37:46.211+0000] {logging_mixin.py:188} INFO - [2024-01-30T19:37:46.206+0000] {dagbag.py:538} INFO - Filling up the DagBag from /home/airflow/.local/lib/python3.8/site-packages/airflow/example_dags/example_short_circuit_decorator.py
[2024-01-30T19:37:46.247+0000] {processor.py:840} INFO - DAG(s) 'example_short_circuit_decorator' retrieved from /home/airflow/.local/lib/python3.8/site-packages/airflow/example_dags/example_short_circuit_decorator.py
[2024-01-30T19:37:46.345+0000] {logging_mixin.py:188} INFO - [2024-01-30T19:37:46.344+0000] {dag.py:3036} INFO - Sync 1 DAGs
[2024-01-30T19:37:46.557+0000] {logging_mixin.py:188} INFO - [2024-01-30T19:37:46.556+0000] {dag.py:3823} INFO - Setting next_dagrun for example_short_circuit_decorator to 2024-01-29 00:00:00+00:00, run_after=2024-01-30 00:00:00+00:00
[2024-01-30T19:37:46.682+0000] {processor.py:183} INFO - Processing /home/airflow/.local/lib/python3.8/site-packages/airflow/example_dags/example_short_circuit_decorator.py took 0.489 seconds
[2024-01-30T19:38:24.360+0000] {processor.py:161} INFO - Started process (PID=1081) to work on /home/airflow/.local/lib/python3.8/site-packages/airflow/example_dags/example_short_circuit_decorator.py
[2024-01-30T19:38:24.362+0000] {processor.py:830} INFO - Processing file /home/airflow/.local/lib/python3.8/site-packages/airflow/example_dags/example_short_circuit_decorator.py for tasks to queue
[2024-01-30T19:38:24.365+0000] {logging_mixin.py:188} INFO - [2024-01-30T19:38:24.364+0000] {dagbag.py:538} INFO - Filling up the DagBag from /home/airflow/.local/lib/python3.8/site-packages/airflow/example_dags/example_short_circuit_decorator.py
[2024-01-30T19:38:24.385+0000] {processor.py:840} INFO - DAG(s) 'example_short_circuit_decorator' retrieved from /home/airflow/.local/lib/python3.8/site-packages/airflow/example_dags/example_short_circuit_decorator.py
[2024-01-30T19:38:24.602+0000] {logging_mixin.py:188} INFO - [2024-01-30T19:38:24.601+0000] {dag.py:3036} INFO - Sync 1 DAGs
[2024-01-30T19:38:24.647+0000] {logging_mixin.py:188} INFO - [2024-01-30T19:38:24.647+0000] {dag.py:3823} INFO - Setting next_dagrun for example_short_circuit_decorator to 2024-01-29 00:00:00+00:00, run_after=2024-01-30 00:00:00+00:00
[2024-01-30T19:38:24.702+0000] {processor.py:183} INFO - Processing /home/airflow/.local/lib/python3.8/site-packages/airflow/example_dags/example_short_circuit_decorator.py took 0.347 seconds
[2024-01-30T19:38:55.160+0000] {processor.py:161} INFO - Started process (PID=1324) to work on /home/airflow/.local/lib/python3.8/site-packages/airflow/example_dags/example_short_circuit_decorator.py
[2024-01-30T19:38:55.163+0000] {processor.py:830} INFO - Processing file /home/airflow/.local/lib/python3.8/site-packages/airflow/example_dags/example_short_circuit_decorator.py for tasks to queue
[2024-01-30T19:38:55.165+0000] {logging_mixin.py:188} INFO - [2024-01-30T19:38:55.164+0000] {dagbag.py:538} INFO - Filling up the DagBag from /home/airflow/.local/lib/python3.8/site-packages/airflow/example_dags/example_short_circuit_decorator.py
[2024-01-30T19:38:55.179+0000] {processor.py:840} INFO - DAG(s) 'example_short_circuit_decorator' retrieved from /home/airflow/.local/lib/python3.8/site-packages/airflow/example_dags/example_short_circuit_decorator.py
[2024-01-30T19:38:55.215+0000] {logging_mixin.py:188} INFO - [2024-01-30T19:38:55.214+0000] {dag.py:3036} INFO - Sync 1 DAGs
[2024-01-30T19:38:55.282+0000] {logging_mixin.py:188} INFO - [2024-01-30T19:38:55.281+0000] {dag.py:3823} INFO - Setting next_dagrun for example_short_circuit_decorator to 2024-01-29 00:00:00+00:00, run_after=2024-01-30 00:00:00+00:00
[2024-01-30T19:38:55.327+0000] {processor.py:183} INFO - Processing /home/airflow/.local/lib/python3.8/site-packages/airflow/example_dags/example_short_circuit_decorator.py took 0.171 seconds
[2024-01-30T19:39:26.137+0000] {processor.py:161} INFO - Started process (PID=1575) to work on /home/airflow/.local/lib/python3.8/site-packages/airflow/example_dags/example_short_circuit_decorator.py
[2024-01-30T19:39:26.142+0000] {processor.py:830} INFO - Processing file /home/airflow/.local/lib/python3.8/site-packages/airflow/example_dags/example_short_circuit_decorator.py for tasks to queue
[2024-01-30T19:39:26.144+0000] {logging_mixin.py:188} INFO - [2024-01-30T19:39:26.143+0000] {dagbag.py:538} INFO - Filling up the DagBag from /home/airflow/.local/lib/python3.8/site-packages/airflow/example_dags/example_short_circuit_decorator.py
[2024-01-30T19:39:26.168+0000] {processor.py:840} INFO - DAG(s) 'example_short_circuit_decorator' retrieved from /home/airflow/.local/lib/python3.8/site-packages/airflow/example_dags/example_short_circuit_decorator.py
[2024-01-30T19:39:26.242+0000] {logging_mixin.py:188} INFO - [2024-01-30T19:39:26.241+0000] {dag.py:3036} INFO - Sync 1 DAGs
[2024-01-30T19:39:26.308+0000] {logging_mixin.py:188} INFO - [2024-01-30T19:39:26.307+0000] {dag.py:3823} INFO - Setting next_dagrun for example_short_circuit_decorator to 2024-01-29 00:00:00+00:00, run_after=2024-01-30 00:00:00+00:00
[2024-01-30T19:39:26.369+0000] {processor.py:183} INFO - Processing /home/airflow/.local/lib/python3.8/site-packages/airflow/example_dags/example_short_circuit_decorator.py took 0.240 seconds
[2024-01-30T19:39:56.874+0000] {processor.py:161} INFO - Started process (PID=1822) to work on /home/airflow/.local/lib/python3.8/site-packages/airflow/example_dags/example_short_circuit_decorator.py
[2024-01-30T19:39:56.878+0000] {processor.py:830} INFO - Processing file /home/airflow/.local/lib/python3.8/site-packages/airflow/example_dags/example_short_circuit_decorator.py for tasks to queue
[2024-01-30T19:39:56.889+0000] {logging_mixin.py:188} INFO - [2024-01-30T19:39:56.888+0000] {dagbag.py:538} INFO - Filling up the DagBag from /home/airflow/.local/lib/python3.8/site-packages/airflow/example_dags/example_short_circuit_decorator.py
[2024-01-30T19:39:57.008+0000] {processor.py:840} INFO - DAG(s) 'example_short_circuit_decorator' retrieved from /home/airflow/.local/lib/python3.8/site-packages/airflow/example_dags/example_short_circuit_decorator.py
[2024-01-30T19:39:57.138+0000] {logging_mixin.py:188} INFO - [2024-01-30T19:39:57.128+0000] {dag.py:3036} INFO - Sync 1 DAGs
[2024-01-30T19:39:57.225+0000] {logging_mixin.py:188} INFO - [2024-01-30T19:39:57.224+0000] {dag.py:3823} INFO - Setting next_dagrun for example_short_circuit_decorator to 2024-01-29 00:00:00+00:00, run_after=2024-01-30 00:00:00+00:00
[2024-01-30T19:39:57.336+0000] {processor.py:183} INFO - Processing /home/airflow/.local/lib/python3.8/site-packages/airflow/example_dags/example_short_circuit_decorator.py took 0.468 seconds
[2024-01-30T19:40:30.021+0000] {processor.py:161} INFO - Started process (PID=2075) to work on /home/airflow/.local/lib/python3.8/site-packages/airflow/example_dags/example_short_circuit_decorator.py
[2024-01-30T19:40:30.035+0000] {processor.py:830} INFO - Processing file /home/airflow/.local/lib/python3.8/site-packages/airflow/example_dags/example_short_circuit_decorator.py for tasks to queue
[2024-01-30T19:40:30.038+0000] {logging_mixin.py:188} INFO - [2024-01-30T19:40:30.038+0000] {dagbag.py:538} INFO - Filling up the DagBag from /home/airflow/.local/lib/python3.8/site-packages/airflow/example_dags/example_short_circuit_decorator.py
[2024-01-30T19:40:30.071+0000] {processor.py:840} INFO - DAG(s) 'example_short_circuit_decorator' retrieved from /home/airflow/.local/lib/python3.8/site-packages/airflow/example_dags/example_short_circuit_decorator.py
[2024-01-30T19:40:30.177+0000] {logging_mixin.py:188} INFO - [2024-01-30T19:40:30.176+0000] {dag.py:3036} INFO - Sync 1 DAGs
[2024-01-30T19:40:30.253+0000] {logging_mixin.py:188} INFO - [2024-01-30T19:40:30.252+0000] {dag.py:3823} INFO - Setting next_dagrun for example_short_circuit_decorator to 2024-01-29 00:00:00+00:00, run_after=2024-01-30 00:00:00+00:00
[2024-01-30T19:40:30.360+0000] {processor.py:183} INFO - Processing /home/airflow/.local/lib/python3.8/site-packages/airflow/example_dags/example_short_circuit_decorator.py took 0.345 seconds
[2024-01-30T19:41:00.727+0000] {processor.py:161} INFO - Started process (PID=2322) to work on /home/airflow/.local/lib/python3.8/site-packages/airflow/example_dags/example_short_circuit_decorator.py
[2024-01-30T19:41:00.732+0000] {processor.py:830} INFO - Processing file /home/airflow/.local/lib/python3.8/site-packages/airflow/example_dags/example_short_circuit_decorator.py for tasks to queue
[2024-01-30T19:41:00.736+0000] {logging_mixin.py:188} INFO - [2024-01-30T19:41:00.736+0000] {dagbag.py:538} INFO - Filling up the DagBag from /home/airflow/.local/lib/python3.8/site-packages/airflow/example_dags/example_short_circuit_decorator.py
[2024-01-30T19:41:00.764+0000] {processor.py:840} INFO - DAG(s) 'example_short_circuit_decorator' retrieved from /home/airflow/.local/lib/python3.8/site-packages/airflow/example_dags/example_short_circuit_decorator.py
[2024-01-30T19:41:00.828+0000] {logging_mixin.py:188} INFO - [2024-01-30T19:41:00.828+0000] {dag.py:3036} INFO - Sync 1 DAGs
[2024-01-30T19:41:00.880+0000] {logging_mixin.py:188} INFO - [2024-01-30T19:41:00.880+0000] {dag.py:3823} INFO - Setting next_dagrun for example_short_circuit_decorator to 2024-01-29 00:00:00+00:00, run_after=2024-01-30 00:00:00+00:00
[2024-01-30T19:41:00.943+0000] {processor.py:183} INFO - Processing /home/airflow/.local/lib/python3.8/site-packages/airflow/example_dags/example_short_circuit_decorator.py took 0.221 seconds
[2024-01-30T19:41:33.864+0000] {processor.py:161} INFO - Started process (PID=2569) to work on /home/airflow/.local/lib/python3.8/site-packages/airflow/example_dags/example_short_circuit_decorator.py
[2024-01-30T19:41:33.873+0000] {processor.py:830} INFO - Processing file /home/airflow/.local/lib/python3.8/site-packages/airflow/example_dags/example_short_circuit_decorator.py for tasks to queue
[2024-01-30T19:41:33.880+0000] {logging_mixin.py:188} INFO - [2024-01-30T19:41:33.879+0000] {dagbag.py:538} INFO - Filling up the DagBag from /home/airflow/.local/lib/python3.8/site-packages/airflow/example_dags/example_short_circuit_decorator.py
[2024-01-30T19:41:33.901+0000] {processor.py:840} INFO - DAG(s) 'example_short_circuit_decorator' retrieved from /home/airflow/.local/lib/python3.8/site-packages/airflow/example_dags/example_short_circuit_decorator.py
[2024-01-30T19:41:33.960+0000] {logging_mixin.py:188} INFO - [2024-01-30T19:41:33.959+0000] {dag.py:3036} INFO - Sync 1 DAGs
[2024-01-30T19:41:34.001+0000] {logging_mixin.py:188} INFO - [2024-01-30T19:41:34.000+0000] {dag.py:3823} INFO - Setting next_dagrun for example_short_circuit_decorator to 2024-01-29 00:00:00+00:00, run_after=2024-01-30 00:00:00+00:00
[2024-01-30T19:41:34.072+0000] {processor.py:183} INFO - Processing /home/airflow/.local/lib/python3.8/site-packages/airflow/example_dags/example_short_circuit_decorator.py took 0.213 seconds
[2024-01-30T19:42:04.675+0000] {processor.py:161} INFO - Started process (PID=2810) to work on /home/airflow/.local/lib/python3.8/site-packages/airflow/example_dags/example_short_circuit_decorator.py
[2024-01-30T19:42:04.677+0000] {processor.py:830} INFO - Processing file /home/airflow/.local/lib/python3.8/site-packages/airflow/example_dags/example_short_circuit_decorator.py for tasks to queue
[2024-01-30T19:42:04.679+0000] {logging_mixin.py:188} INFO - [2024-01-30T19:42:04.678+0000] {dagbag.py:538} INFO - Filling up the DagBag from /home/airflow/.local/lib/python3.8/site-packages/airflow/example_dags/example_short_circuit_decorator.py
[2024-01-30T19:42:04.700+0000] {processor.py:840} INFO - DAG(s) 'example_short_circuit_decorator' retrieved from /home/airflow/.local/lib/python3.8/site-packages/airflow/example_dags/example_short_circuit_decorator.py
[2024-01-30T19:42:04.745+0000] {logging_mixin.py:188} INFO - [2024-01-30T19:42:04.744+0000] {dag.py:3036} INFO - Sync 1 DAGs
[2024-01-30T19:42:04.781+0000] {logging_mixin.py:188} INFO - [2024-01-30T19:42:04.781+0000] {dag.py:3823} INFO - Setting next_dagrun for example_short_circuit_decorator to 2024-01-29 00:00:00+00:00, run_after=2024-01-30 00:00:00+00:00
[2024-01-30T19:42:04.831+0000] {processor.py:183} INFO - Processing /home/airflow/.local/lib/python3.8/site-packages/airflow/example_dags/example_short_circuit_decorator.py took 0.170 seconds
[2024-01-30T19:43:00.811+0000] {processor.py:161} INFO - Started process (PID=3075) to work on /home/airflow/.local/lib/python3.8/site-packages/airflow/example_dags/example_short_circuit_decorator.py
[2024-01-30T19:43:00.874+0000] {processor.py:830} INFO - Processing file /home/airflow/.local/lib/python3.8/site-packages/airflow/example_dags/example_short_circuit_decorator.py for tasks to queue
[2024-01-30T19:43:00.905+0000] {logging_mixin.py:188} INFO - [2024-01-30T19:43:00.905+0000] {dagbag.py:538} INFO - Filling up the DagBag from /home/airflow/.local/lib/python3.8/site-packages/airflow/example_dags/example_short_circuit_decorator.py
[2024-01-30T19:43:01.365+0000] {processor.py:840} INFO - DAG(s) 'example_short_circuit_decorator' retrieved from /home/airflow/.local/lib/python3.8/site-packages/airflow/example_dags/example_short_circuit_decorator.py
[2024-01-30T19:43:02.447+0000] {logging_mixin.py:188} INFO - [2024-01-30T19:43:02.440+0000] {dag.py:3036} INFO - Sync 1 DAGs
[2024-01-30T19:43:03.826+0000] {logging_mixin.py:188} INFO - [2024-01-30T19:43:03.826+0000] {dag.py:3823} INFO - Setting next_dagrun for example_short_circuit_decorator to 2024-01-29 00:00:00+00:00, run_after=2024-01-30 00:00:00+00:00
[2024-01-30T19:43:04.794+0000] {processor.py:183} INFO - Processing /home/airflow/.local/lib/python3.8/site-packages/airflow/example_dags/example_short_circuit_decorator.py took 4.227 seconds
[2024-01-30T19:43:58.821+0000] {processor.py:161} INFO - Started process (PID=3333) to work on /home/airflow/.local/lib/python3.8/site-packages/airflow/example_dags/example_short_circuit_decorator.py
[2024-01-30T19:43:58.827+0000] {processor.py:830} INFO - Processing file /home/airflow/.local/lib/python3.8/site-packages/airflow/example_dags/example_short_circuit_decorator.py for tasks to queue
[2024-01-30T19:43:58.833+0000] {logging_mixin.py:188} INFO - [2024-01-30T19:43:58.832+0000] {dagbag.py:538} INFO - Filling up the DagBag from /home/airflow/.local/lib/python3.8/site-packages/airflow/example_dags/example_short_circuit_decorator.py
[2024-01-30T19:43:58.859+0000] {processor.py:840} INFO - DAG(s) 'example_short_circuit_decorator' retrieved from /home/airflow/.local/lib/python3.8/site-packages/airflow/example_dags/example_short_circuit_decorator.py
[2024-01-30T19:43:58.920+0000] {logging_mixin.py:188} INFO - [2024-01-30T19:43:58.919+0000] {dag.py:3036} INFO - Sync 1 DAGs
[2024-01-30T19:43:58.986+0000] {logging_mixin.py:188} INFO - [2024-01-30T19:43:58.986+0000] {dag.py:3823} INFO - Setting next_dagrun for example_short_circuit_decorator to 2024-01-29 00:00:00+00:00, run_after=2024-01-30 00:00:00+00:00
[2024-01-30T19:43:59.047+0000] {processor.py:183} INFO - Processing /home/airflow/.local/lib/python3.8/site-packages/airflow/example_dags/example_short_circuit_decorator.py took 0.231 seconds
[2024-01-30T19:45:00.947+0000] {processor.py:161} INFO - Started process (PID=3684) to work on /home/airflow/.local/lib/python3.8/site-packages/airflow/example_dags/example_short_circuit_decorator.py
[2024-01-30T19:45:00.984+0000] {processor.py:830} INFO - Processing file /home/airflow/.local/lib/python3.8/site-packages/airflow/example_dags/example_short_circuit_decorator.py for tasks to queue
[2024-01-30T19:45:00.988+0000] {logging_mixin.py:188} INFO - [2024-01-30T19:45:00.987+0000] {dagbag.py:538} INFO - Filling up the DagBag from /home/airflow/.local/lib/python3.8/site-packages/airflow/example_dags/example_short_circuit_decorator.py
[2024-01-30T19:45:01.043+0000] {processor.py:840} INFO - DAG(s) 'example_short_circuit_decorator' retrieved from /home/airflow/.local/lib/python3.8/site-packages/airflow/example_dags/example_short_circuit_decorator.py
[2024-01-30T19:45:01.173+0000] {logging_mixin.py:188} INFO - [2024-01-30T19:45:01.172+0000] {dag.py:3036} INFO - Sync 1 DAGs
[2024-01-30T19:45:01.287+0000] {logging_mixin.py:188} INFO - [2024-01-30T19:45:01.286+0000] {dag.py:3823} INFO - Setting next_dagrun for example_short_circuit_decorator to 2024-01-29 00:00:00+00:00, run_after=2024-01-30 00:00:00+00:00
[2024-01-30T19:45:01.389+0000] {processor.py:183} INFO - Processing /home/airflow/.local/lib/python3.8/site-packages/airflow/example_dags/example_short_circuit_decorator.py took 0.446 seconds
[2024-01-30T19:45:34.766+0000] {processor.py:161} INFO - Started process (PID=3934) to work on /home/airflow/.local/lib/python3.8/site-packages/airflow/example_dags/example_short_circuit_decorator.py
[2024-01-30T19:45:34.769+0000] {processor.py:830} INFO - Processing file /home/airflow/.local/lib/python3.8/site-packages/airflow/example_dags/example_short_circuit_decorator.py for tasks to queue
[2024-01-30T19:45:34.776+0000] {logging_mixin.py:188} INFO - [2024-01-30T19:45:34.775+0000] {dagbag.py:538} INFO - Filling up the DagBag from /home/airflow/.local/lib/python3.8/site-packages/airflow/example_dags/example_short_circuit_decorator.py
[2024-01-30T19:45:34.799+0000] {processor.py:840} INFO - DAG(s) 'example_short_circuit_decorator' retrieved from /home/airflow/.local/lib/python3.8/site-packages/airflow/example_dags/example_short_circuit_decorator.py
[2024-01-30T19:45:34.861+0000] {logging_mixin.py:188} INFO - [2024-01-30T19:45:34.860+0000] {dag.py:3036} INFO - Sync 1 DAGs
[2024-01-30T19:45:34.905+0000] {logging_mixin.py:188} INFO - [2024-01-30T19:45:34.904+0000] {dag.py:3823} INFO - Setting next_dagrun for example_short_circuit_decorator to 2024-01-29 00:00:00+00:00, run_after=2024-01-30 00:00:00+00:00
[2024-01-30T19:45:34.945+0000] {processor.py:183} INFO - Processing /home/airflow/.local/lib/python3.8/site-packages/airflow/example_dags/example_short_circuit_decorator.py took 0.183 seconds
