[2024-01-30T19:28:49.451+0000] {processor.py:161} INFO - Started process (PID=292) to work on /home/airflow/.local/lib/python3.8/site-packages/airflow/example_dags/example_branch_datetime_operator.py
[2024-01-30T19:28:49.472+0000] {processor.py:830} INFO - Processing file /home/airflow/.local/lib/python3.8/site-packages/airflow/example_dags/example_branch_datetime_operator.py for tasks to queue
[2024-01-30T19:28:49.498+0000] {logging_mixin.py:188} INFO - [2024-01-30T19:28:49.495+0000] {dagbag.py:538} INFO - Filling up the DagBag from /home/airflow/.local/lib/python3.8/site-packages/airflow/example_dags/example_branch_datetime_operator.py
[2024-01-30T19:28:49.625+0000] {processor.py:840} INFO - DAG(s) 'example_branch_datetime_operator_2', 'example_branch_datetime_operator', 'example_branch_datetime_operator_3' retrieved from /home/airflow/.local/lib/python3.8/site-packages/airflow/example_dags/example_branch_datetime_operator.py
[2024-01-30T19:28:50.903+0000] {logging_mixin.py:188} INFO - [2024-01-30T19:28:50.900+0000] {override.py:1769} INFO - Created Permission View: can edit on DAG:example_branch_datetime_operator_2
[2024-01-30T19:28:51.059+0000] {logging_mixin.py:188} INFO - [2024-01-30T19:28:51.054+0000] {override.py:1769} INFO - Created Permission View: can read on DAG:example_branch_datetime_operator_2
[2024-01-30T19:28:51.133+0000] {logging_mixin.py:188} INFO - [2024-01-30T19:28:51.131+0000] {override.py:1769} INFO - Created Permission View: can delete on DAG:example_branch_datetime_operator_2
[2024-01-30T19:28:51.486+0000] {logging_mixin.py:188} INFO - [2024-01-30T19:28:51.485+0000] {override.py:1769} INFO - Created Permission View: can edit on DAG:example_branch_datetime_operator
[2024-01-30T19:28:51.666+0000] {logging_mixin.py:188} INFO - [2024-01-30T19:28:51.665+0000] {override.py:1769} INFO - Created Permission View: can read on DAG:example_branch_datetime_operator
[2024-01-30T19:28:51.747+0000] {logging_mixin.py:188} INFO - [2024-01-30T19:28:51.746+0000] {override.py:1769} INFO - Created Permission View: can delete on DAG:example_branch_datetime_operator
[2024-01-30T19:28:51.879+0000] {logging_mixin.py:188} INFO - [2024-01-30T19:28:51.874+0000] {override.py:1769} INFO - Created Permission View: can edit on DAG:example_branch_datetime_operator_3
[2024-01-30T19:28:51.976+0000] {logging_mixin.py:188} INFO - [2024-01-30T19:28:51.975+0000] {override.py:1769} INFO - Created Permission View: can read on DAG:example_branch_datetime_operator_3
[2024-01-30T19:28:52.025+0000] {logging_mixin.py:188} INFO - [2024-01-30T19:28:52.024+0000] {override.py:1769} INFO - Created Permission View: can delete on DAG:example_branch_datetime_operator_3
[2024-01-30T19:28:52.037+0000] {logging_mixin.py:188} INFO - [2024-01-30T19:28:52.035+0000] {dag.py:3036} INFO - Sync 3 DAGs
[2024-01-30T19:28:52.251+0000] {logging_mixin.py:188} INFO - [2024-01-30T19:28:52.251+0000] {dag.py:3058} INFO - Creating ORM DAG for example_branch_datetime_operator_2
[2024-01-30T19:28:52.256+0000] {logging_mixin.py:188} INFO - [2024-01-30T19:28:52.255+0000] {dag.py:3058} INFO - Creating ORM DAG for example_branch_datetime_operator_3
[2024-01-30T19:28:52.258+0000] {logging_mixin.py:188} INFO - [2024-01-30T19:28:52.258+0000] {dag.py:3058} INFO - Creating ORM DAG for example_branch_datetime_operator
[2024-01-30T19:28:52.407+0000] {logging_mixin.py:188} INFO - [2024-01-30T19:28:52.405+0000] {dag.py:3823} INFO - Setting next_dagrun for example_branch_datetime_operator to 2024-01-29 00:00:00+00:00, run_after=2024-01-30 00:00:00+00:00
[2024-01-30T19:28:52.426+0000] {logging_mixin.py:188} INFO - [2024-01-30T19:28:52.425+0000] {dag.py:3823} INFO - Setting next_dagrun for example_branch_datetime_operator_2 to 2024-01-29 00:00:00+00:00, run_after=2024-01-30 00:00:00+00:00
[2024-01-30T19:28:52.449+0000] {logging_mixin.py:188} INFO - [2024-01-30T19:28:52.448+0000] {dag.py:3823} INFO - Setting next_dagrun for example_branch_datetime_operator_3 to 2024-01-29 00:00:00+00:00, run_after=2024-01-30 00:00:00+00:00
[2024-01-30T19:28:52.737+0000] {processor.py:183} INFO - Processing /home/airflow/.local/lib/python3.8/site-packages/airflow/example_dags/example_branch_datetime_operator.py took 3.390 seconds
[2024-01-30T19:36:40.525+0000] {processor.py:161} INFO - Started process (PID=255) to work on /home/airflow/.local/lib/python3.8/site-packages/airflow/example_dags/example_branch_datetime_operator.py
[2024-01-30T19:36:40.528+0000] {processor.py:830} INFO - Processing file /home/airflow/.local/lib/python3.8/site-packages/airflow/example_dags/example_branch_datetime_operator.py for tasks to queue
[2024-01-30T19:36:40.530+0000] {logging_mixin.py:188} INFO - [2024-01-30T19:36:40.529+0000] {dagbag.py:538} INFO - Filling up the DagBag from /home/airflow/.local/lib/python3.8/site-packages/airflow/example_dags/example_branch_datetime_operator.py
[2024-01-30T19:36:40.546+0000] {processor.py:840} INFO - DAG(s) 'example_branch_datetime_operator_2', 'example_branch_datetime_operator_3', 'example_branch_datetime_operator' retrieved from /home/airflow/.local/lib/python3.8/site-packages/airflow/example_dags/example_branch_datetime_operator.py
[2024-01-30T19:36:40.886+0000] {logging_mixin.py:188} INFO - [2024-01-30T19:36:40.885+0000] {dag.py:3036} INFO - Sync 3 DAGs
[2024-01-30T19:36:40.929+0000] {logging_mixin.py:188} INFO - [2024-01-30T19:36:40.929+0000] {dag.py:3823} INFO - Setting next_dagrun for example_branch_datetime_operator to 2024-01-29 00:00:00+00:00, run_after=2024-01-30 00:00:00+00:00
[2024-01-30T19:36:40.936+0000] {logging_mixin.py:188} INFO - [2024-01-30T19:36:40.936+0000] {dag.py:3823} INFO - Setting next_dagrun for example_branch_datetime_operator_2 to 2024-01-29 00:00:00+00:00, run_after=2024-01-30 00:00:00+00:00
[2024-01-30T19:36:40.942+0000] {logging_mixin.py:188} INFO - [2024-01-30T19:36:40.942+0000] {dag.py:3823} INFO - Setting next_dagrun for example_branch_datetime_operator_3 to 2024-01-29 00:00:00+00:00, run_after=2024-01-30 00:00:00+00:00
[2024-01-30T19:36:40.991+0000] {processor.py:183} INFO - Processing /home/airflow/.local/lib/python3.8/site-packages/airflow/example_dags/example_branch_datetime_operator.py took 0.471 seconds
[2024-01-30T19:37:11.899+0000] {processor.py:161} INFO - Started process (PID=504) to work on /home/airflow/.local/lib/python3.8/site-packages/airflow/example_dags/example_branch_datetime_operator.py
[2024-01-30T19:37:11.902+0000] {processor.py:830} INFO - Processing file /home/airflow/.local/lib/python3.8/site-packages/airflow/example_dags/example_branch_datetime_operator.py for tasks to queue
[2024-01-30T19:37:11.904+0000] {logging_mixin.py:188} INFO - [2024-01-30T19:37:11.903+0000] {dagbag.py:538} INFO - Filling up the DagBag from /home/airflow/.local/lib/python3.8/site-packages/airflow/example_dags/example_branch_datetime_operator.py
[2024-01-30T19:37:11.921+0000] {processor.py:840} INFO - DAG(s) 'example_branch_datetime_operator', 'example_branch_datetime_operator_2', 'example_branch_datetime_operator_3' retrieved from /home/airflow/.local/lib/python3.8/site-packages/airflow/example_dags/example_branch_datetime_operator.py
[2024-01-30T19:37:11.979+0000] {logging_mixin.py:188} INFO - [2024-01-30T19:37:11.978+0000] {dag.py:3036} INFO - Sync 3 DAGs
[2024-01-30T19:37:12.019+0000] {logging_mixin.py:188} INFO - [2024-01-30T19:37:12.018+0000] {dag.py:3823} INFO - Setting next_dagrun for example_branch_datetime_operator to 2024-01-29 00:00:00+00:00, run_after=2024-01-30 00:00:00+00:00
[2024-01-30T19:37:12.029+0000] {logging_mixin.py:188} INFO - [2024-01-30T19:37:12.029+0000] {dag.py:3823} INFO - Setting next_dagrun for example_branch_datetime_operator_2 to 2024-01-29 00:00:00+00:00, run_after=2024-01-30 00:00:00+00:00
[2024-01-30T19:37:12.034+0000] {logging_mixin.py:188} INFO - [2024-01-30T19:37:12.034+0000] {dag.py:3823} INFO - Setting next_dagrun for example_branch_datetime_operator_3 to 2024-01-29 00:00:00+00:00, run_after=2024-01-30 00:00:00+00:00
[2024-01-30T19:37:12.075+0000] {processor.py:183} INFO - Processing /home/airflow/.local/lib/python3.8/site-packages/airflow/example_dags/example_branch_datetime_operator.py took 0.180 seconds
[2024-01-30T19:37:42.146+0000] {processor.py:161} INFO - Started process (PID=754) to work on /home/airflow/.local/lib/python3.8/site-packages/airflow/example_dags/example_branch_datetime_operator.py
[2024-01-30T19:37:42.149+0000] {processor.py:830} INFO - Processing file /home/airflow/.local/lib/python3.8/site-packages/airflow/example_dags/example_branch_datetime_operator.py for tasks to queue
[2024-01-30T19:37:42.151+0000] {logging_mixin.py:188} INFO - [2024-01-30T19:37:42.150+0000] {dagbag.py:538} INFO - Filling up the DagBag from /home/airflow/.local/lib/python3.8/site-packages/airflow/example_dags/example_branch_datetime_operator.py
[2024-01-30T19:37:42.166+0000] {processor.py:840} INFO - DAG(s) 'example_branch_datetime_operator_3', 'example_branch_datetime_operator', 'example_branch_datetime_operator_2' retrieved from /home/airflow/.local/lib/python3.8/site-packages/airflow/example_dags/example_branch_datetime_operator.py
[2024-01-30T19:37:42.189+0000] {logging_mixin.py:188} INFO - [2024-01-30T19:37:42.188+0000] {dag.py:3036} INFO - Sync 3 DAGs
[2024-01-30T19:37:42.226+0000] {logging_mixin.py:188} INFO - [2024-01-30T19:37:42.226+0000] {dag.py:3823} INFO - Setting next_dagrun for example_branch_datetime_operator to 2024-01-29 00:00:00+00:00, run_after=2024-01-30 00:00:00+00:00
[2024-01-30T19:37:42.235+0000] {logging_mixin.py:188} INFO - [2024-01-30T19:37:42.235+0000] {dag.py:3823} INFO - Setting next_dagrun for example_branch_datetime_operator_2 to 2024-01-29 00:00:00+00:00, run_after=2024-01-30 00:00:00+00:00
[2024-01-30T19:37:42.241+0000] {logging_mixin.py:188} INFO - [2024-01-30T19:37:42.240+0000] {dag.py:3823} INFO - Setting next_dagrun for example_branch_datetime_operator_3 to 2024-01-29 00:00:00+00:00, run_after=2024-01-30 00:00:00+00:00
[2024-01-30T19:37:42.286+0000] {processor.py:183} INFO - Processing /home/airflow/.local/lib/python3.8/site-packages/airflow/example_dags/example_branch_datetime_operator.py took 0.143 seconds
[2024-01-30T19:38:18.885+0000] {processor.py:161} INFO - Started process (PID=995) to work on /home/airflow/.local/lib/python3.8/site-packages/airflow/example_dags/example_branch_datetime_operator.py
[2024-01-30T19:38:18.887+0000] {processor.py:830} INFO - Processing file /home/airflow/.local/lib/python3.8/site-packages/airflow/example_dags/example_branch_datetime_operator.py for tasks to queue
[2024-01-30T19:38:18.889+0000] {logging_mixin.py:188} INFO - [2024-01-30T19:38:18.889+0000] {dagbag.py:538} INFO - Filling up the DagBag from /home/airflow/.local/lib/python3.8/site-packages/airflow/example_dags/example_branch_datetime_operator.py
[2024-01-30T19:38:18.913+0000] {processor.py:840} INFO - DAG(s) 'example_branch_datetime_operator_2', 'example_branch_datetime_operator_3', 'example_branch_datetime_operator' retrieved from /home/airflow/.local/lib/python3.8/site-packages/airflow/example_dags/example_branch_datetime_operator.py
[2024-01-30T19:38:19.444+0000] {logging_mixin.py:188} INFO - [2024-01-30T19:38:19.443+0000] {dag.py:3036} INFO - Sync 3 DAGs
[2024-01-30T19:38:19.648+0000] {logging_mixin.py:188} INFO - [2024-01-30T19:38:19.648+0000] {dag.py:3823} INFO - Setting next_dagrun for example_branch_datetime_operator to 2024-01-29 00:00:00+00:00, run_after=2024-01-30 00:00:00+00:00
[2024-01-30T19:38:19.656+0000] {logging_mixin.py:188} INFO - [2024-01-30T19:38:19.655+0000] {dag.py:3823} INFO - Setting next_dagrun for example_branch_datetime_operator_2 to 2024-01-29 00:00:00+00:00, run_after=2024-01-30 00:00:00+00:00
[2024-01-30T19:38:19.660+0000] {logging_mixin.py:188} INFO - [2024-01-30T19:38:19.660+0000] {dag.py:3823} INFO - Setting next_dagrun for example_branch_datetime_operator_3 to 2024-01-29 00:00:00+00:00, run_after=2024-01-30 00:00:00+00:00
[2024-01-30T19:38:19.712+0000] {processor.py:183} INFO - Processing /home/airflow/.local/lib/python3.8/site-packages/airflow/example_dags/example_branch_datetime_operator.py took 0.886 seconds
[2024-01-30T19:38:50.148+0000] {processor.py:161} INFO - Started process (PID=1249) to work on /home/airflow/.local/lib/python3.8/site-packages/airflow/example_dags/example_branch_datetime_operator.py
[2024-01-30T19:38:50.151+0000] {processor.py:830} INFO - Processing file /home/airflow/.local/lib/python3.8/site-packages/airflow/example_dags/example_branch_datetime_operator.py for tasks to queue
[2024-01-30T19:38:50.153+0000] {logging_mixin.py:188} INFO - [2024-01-30T19:38:50.152+0000] {dagbag.py:538} INFO - Filling up the DagBag from /home/airflow/.local/lib/python3.8/site-packages/airflow/example_dags/example_branch_datetime_operator.py
[2024-01-30T19:38:50.190+0000] {processor.py:840} INFO - DAG(s) 'example_branch_datetime_operator_3', 'example_branch_datetime_operator', 'example_branch_datetime_operator_2' retrieved from /home/airflow/.local/lib/python3.8/site-packages/airflow/example_dags/example_branch_datetime_operator.py
[2024-01-30T19:38:50.268+0000] {logging_mixin.py:188} INFO - [2024-01-30T19:38:50.267+0000] {dag.py:3036} INFO - Sync 3 DAGs
[2024-01-30T19:38:50.312+0000] {logging_mixin.py:188} INFO - [2024-01-30T19:38:50.310+0000] {dag.py:3823} INFO - Setting next_dagrun for example_branch_datetime_operator to 2024-01-29 00:00:00+00:00, run_after=2024-01-30 00:00:00+00:00
[2024-01-30T19:38:50.322+0000] {logging_mixin.py:188} INFO - [2024-01-30T19:38:50.322+0000] {dag.py:3823} INFO - Setting next_dagrun for example_branch_datetime_operator_2 to 2024-01-29 00:00:00+00:00, run_after=2024-01-30 00:00:00+00:00
[2024-01-30T19:38:50.335+0000] {logging_mixin.py:188} INFO - [2024-01-30T19:38:50.335+0000] {dag.py:3823} INFO - Setting next_dagrun for example_branch_datetime_operator_3 to 2024-01-29 00:00:00+00:00, run_after=2024-01-30 00:00:00+00:00
[2024-01-30T19:38:50.381+0000] {processor.py:183} INFO - Processing /home/airflow/.local/lib/python3.8/site-packages/airflow/example_dags/example_branch_datetime_operator.py took 0.237 seconds
[2024-01-30T19:39:20.572+0000] {processor.py:161} INFO - Started process (PID=1500) to work on /home/airflow/.local/lib/python3.8/site-packages/airflow/example_dags/example_branch_datetime_operator.py
[2024-01-30T19:39:20.575+0000] {processor.py:830} INFO - Processing file /home/airflow/.local/lib/python3.8/site-packages/airflow/example_dags/example_branch_datetime_operator.py for tasks to queue
[2024-01-30T19:39:20.578+0000] {logging_mixin.py:188} INFO - [2024-01-30T19:39:20.577+0000] {dagbag.py:538} INFO - Filling up the DagBag from /home/airflow/.local/lib/python3.8/site-packages/airflow/example_dags/example_branch_datetime_operator.py
[2024-01-30T19:39:20.600+0000] {processor.py:840} INFO - DAG(s) 'example_branch_datetime_operator', 'example_branch_datetime_operator_2', 'example_branch_datetime_operator_3' retrieved from /home/airflow/.local/lib/python3.8/site-packages/airflow/example_dags/example_branch_datetime_operator.py
[2024-01-30T19:39:20.666+0000] {logging_mixin.py:188} INFO - [2024-01-30T19:39:20.665+0000] {dag.py:3036} INFO - Sync 3 DAGs
[2024-01-30T19:39:20.732+0000] {logging_mixin.py:188} INFO - [2024-01-30T19:39:20.732+0000] {dag.py:3823} INFO - Setting next_dagrun for example_branch_datetime_operator to 2024-01-29 00:00:00+00:00, run_after=2024-01-30 00:00:00+00:00
[2024-01-30T19:39:20.747+0000] {logging_mixin.py:188} INFO - [2024-01-30T19:39:20.747+0000] {dag.py:3823} INFO - Setting next_dagrun for example_branch_datetime_operator_2 to 2024-01-29 00:00:00+00:00, run_after=2024-01-30 00:00:00+00:00
[2024-01-30T19:39:20.756+0000] {logging_mixin.py:188} INFO - [2024-01-30T19:39:20.755+0000] {dag.py:3823} INFO - Setting next_dagrun for example_branch_datetime_operator_3 to 2024-01-29 00:00:00+00:00, run_after=2024-01-30 00:00:00+00:00
[2024-01-30T19:39:20.808+0000] {processor.py:183} INFO - Processing /home/airflow/.local/lib/python3.8/site-packages/airflow/example_dags/example_branch_datetime_operator.py took 0.244 seconds
[2024-01-30T19:39:51.449+0000] {processor.py:161} INFO - Started process (PID=1747) to work on /home/airflow/.local/lib/python3.8/site-packages/airflow/example_dags/example_branch_datetime_operator.py
[2024-01-30T19:39:51.456+0000] {processor.py:830} INFO - Processing file /home/airflow/.local/lib/python3.8/site-packages/airflow/example_dags/example_branch_datetime_operator.py for tasks to queue
[2024-01-30T19:39:51.464+0000] {logging_mixin.py:188} INFO - [2024-01-30T19:39:51.463+0000] {dagbag.py:538} INFO - Filling up the DagBag from /home/airflow/.local/lib/python3.8/site-packages/airflow/example_dags/example_branch_datetime_operator.py
[2024-01-30T19:39:51.492+0000] {processor.py:840} INFO - DAG(s) 'example_branch_datetime_operator', 'example_branch_datetime_operator_3', 'example_branch_datetime_operator_2' retrieved from /home/airflow/.local/lib/python3.8/site-packages/airflow/example_dags/example_branch_datetime_operator.py
[2024-01-30T19:39:51.594+0000] {logging_mixin.py:188} INFO - [2024-01-30T19:39:51.594+0000] {dag.py:3036} INFO - Sync 3 DAGs
[2024-01-30T19:39:51.671+0000] {logging_mixin.py:188} INFO - [2024-01-30T19:39:51.670+0000] {dag.py:3823} INFO - Setting next_dagrun for example_branch_datetime_operator to 2024-01-29 00:00:00+00:00, run_after=2024-01-30 00:00:00+00:00
[2024-01-30T19:39:51.690+0000] {logging_mixin.py:188} INFO - [2024-01-30T19:39:51.689+0000] {dag.py:3823} INFO - Setting next_dagrun for example_branch_datetime_operator_2 to 2024-01-29 00:00:00+00:00, run_after=2024-01-30 00:00:00+00:00
[2024-01-30T19:39:51.696+0000] {logging_mixin.py:188} INFO - [2024-01-30T19:39:51.696+0000] {dag.py:3823} INFO - Setting next_dagrun for example_branch_datetime_operator_3 to 2024-01-29 00:00:00+00:00, run_after=2024-01-30 00:00:00+00:00
[2024-01-30T19:39:51.772+0000] {processor.py:183} INFO - Processing /home/airflow/.local/lib/python3.8/site-packages/airflow/example_dags/example_branch_datetime_operator.py took 0.331 seconds
[2024-01-30T19:40:22.142+0000] {processor.py:161} INFO - Started process (PID=1995) to work on /home/airflow/.local/lib/python3.8/site-packages/airflow/example_dags/example_branch_datetime_operator.py
[2024-01-30T19:40:22.144+0000] {processor.py:830} INFO - Processing file /home/airflow/.local/lib/python3.8/site-packages/airflow/example_dags/example_branch_datetime_operator.py for tasks to queue
[2024-01-30T19:40:22.151+0000] {logging_mixin.py:188} INFO - [2024-01-30T19:40:22.149+0000] {dagbag.py:538} INFO - Filling up the DagBag from /home/airflow/.local/lib/python3.8/site-packages/airflow/example_dags/example_branch_datetime_operator.py
[2024-01-30T19:40:22.185+0000] {processor.py:840} INFO - DAG(s) 'example_branch_datetime_operator_3', 'example_branch_datetime_operator', 'example_branch_datetime_operator_2' retrieved from /home/airflow/.local/lib/python3.8/site-packages/airflow/example_dags/example_branch_datetime_operator.py
[2024-01-30T19:40:22.282+0000] {logging_mixin.py:188} INFO - [2024-01-30T19:40:22.281+0000] {dag.py:3036} INFO - Sync 3 DAGs
[2024-01-30T19:40:22.367+0000] {logging_mixin.py:188} INFO - [2024-01-30T19:40:22.366+0000] {dag.py:3823} INFO - Setting next_dagrun for example_branch_datetime_operator to 2024-01-29 00:00:00+00:00, run_after=2024-01-30 00:00:00+00:00
[2024-01-30T19:40:22.382+0000] {logging_mixin.py:188} INFO - [2024-01-30T19:40:22.382+0000] {dag.py:3823} INFO - Setting next_dagrun for example_branch_datetime_operator_2 to 2024-01-29 00:00:00+00:00, run_after=2024-01-30 00:00:00+00:00
[2024-01-30T19:40:22.398+0000] {logging_mixin.py:188} INFO - [2024-01-30T19:40:22.397+0000] {dag.py:3823} INFO - Setting next_dagrun for example_branch_datetime_operator_3 to 2024-01-29 00:00:00+00:00, run_after=2024-01-30 00:00:00+00:00
[2024-01-30T19:40:22.468+0000] {processor.py:183} INFO - Processing /home/airflow/.local/lib/python3.8/site-packages/airflow/example_dags/example_branch_datetime_operator.py took 0.330 seconds
[2024-01-30T19:40:55.121+0000] {processor.py:161} INFO - Started process (PID=2242) to work on /home/airflow/.local/lib/python3.8/site-packages/airflow/example_dags/example_branch_datetime_operator.py
[2024-01-30T19:40:55.124+0000] {processor.py:830} INFO - Processing file /home/airflow/.local/lib/python3.8/site-packages/airflow/example_dags/example_branch_datetime_operator.py for tasks to queue
[2024-01-30T19:40:55.135+0000] {logging_mixin.py:188} INFO - [2024-01-30T19:40:55.134+0000] {dagbag.py:538} INFO - Filling up the DagBag from /home/airflow/.local/lib/python3.8/site-packages/airflow/example_dags/example_branch_datetime_operator.py
[2024-01-30T19:40:55.172+0000] {processor.py:840} INFO - DAG(s) 'example_branch_datetime_operator_2', 'example_branch_datetime_operator', 'example_branch_datetime_operator_3' retrieved from /home/airflow/.local/lib/python3.8/site-packages/airflow/example_dags/example_branch_datetime_operator.py
[2024-01-30T19:40:55.304+0000] {logging_mixin.py:188} INFO - [2024-01-30T19:40:55.304+0000] {dag.py:3036} INFO - Sync 3 DAGs
[2024-01-30T19:40:55.394+0000] {logging_mixin.py:188} INFO - [2024-01-30T19:40:55.393+0000] {dag.py:3823} INFO - Setting next_dagrun for example_branch_datetime_operator to 2024-01-29 00:00:00+00:00, run_after=2024-01-30 00:00:00+00:00
[2024-01-30T19:40:55.412+0000] {logging_mixin.py:188} INFO - [2024-01-30T19:40:55.410+0000] {dag.py:3823} INFO - Setting next_dagrun for example_branch_datetime_operator_2 to 2024-01-29 00:00:00+00:00, run_after=2024-01-30 00:00:00+00:00
[2024-01-30T19:40:55.425+0000] {logging_mixin.py:188} INFO - [2024-01-30T19:40:55.425+0000] {dag.py:3823} INFO - Setting next_dagrun for example_branch_datetime_operator_3 to 2024-01-29 00:00:00+00:00, run_after=2024-01-30 00:00:00+00:00
[2024-01-30T19:40:55.519+0000] {processor.py:183} INFO - Processing /home/airflow/.local/lib/python3.8/site-packages/airflow/example_dags/example_branch_datetime_operator.py took 0.404 seconds
[2024-01-30T19:41:26.167+0000] {processor.py:161} INFO - Started process (PID=2488) to work on /home/airflow/.local/lib/python3.8/site-packages/airflow/example_dags/example_branch_datetime_operator.py
[2024-01-30T19:41:26.186+0000] {processor.py:830} INFO - Processing file /home/airflow/.local/lib/python3.8/site-packages/airflow/example_dags/example_branch_datetime_operator.py for tasks to queue
[2024-01-30T19:41:26.189+0000] {logging_mixin.py:188} INFO - [2024-01-30T19:41:26.188+0000] {dagbag.py:538} INFO - Filling up the DagBag from /home/airflow/.local/lib/python3.8/site-packages/airflow/example_dags/example_branch_datetime_operator.py
[2024-01-30T19:41:26.211+0000] {processor.py:840} INFO - DAG(s) 'example_branch_datetime_operator_2', 'example_branch_datetime_operator', 'example_branch_datetime_operator_3' retrieved from /home/airflow/.local/lib/python3.8/site-packages/airflow/example_dags/example_branch_datetime_operator.py
[2024-01-30T19:41:26.299+0000] {logging_mixin.py:188} INFO - [2024-01-30T19:41:26.299+0000] {dag.py:3036} INFO - Sync 3 DAGs
[2024-01-30T19:41:26.384+0000] {logging_mixin.py:188} INFO - [2024-01-30T19:41:26.383+0000] {dag.py:3823} INFO - Setting next_dagrun for example_branch_datetime_operator to 2024-01-29 00:00:00+00:00, run_after=2024-01-30 00:00:00+00:00
[2024-01-30T19:41:26.405+0000] {logging_mixin.py:188} INFO - [2024-01-30T19:41:26.405+0000] {dag.py:3823} INFO - Setting next_dagrun for example_branch_datetime_operator_2 to 2024-01-29 00:00:00+00:00, run_after=2024-01-30 00:00:00+00:00
[2024-01-30T19:41:26.421+0000] {logging_mixin.py:188} INFO - [2024-01-30T19:41:26.421+0000] {dag.py:3823} INFO - Setting next_dagrun for example_branch_datetime_operator_3 to 2024-01-29 00:00:00+00:00, run_after=2024-01-30 00:00:00+00:00
[2024-01-30T19:41:26.497+0000] {processor.py:183} INFO - Processing /home/airflow/.local/lib/python3.8/site-packages/airflow/example_dags/example_branch_datetime_operator.py took 0.335 seconds
[2024-01-30T19:41:57.213+0000] {processor.py:161} INFO - Started process (PID=2732) to work on /home/airflow/.local/lib/python3.8/site-packages/airflow/example_dags/example_branch_datetime_operator.py
[2024-01-30T19:41:57.215+0000] {processor.py:830} INFO - Processing file /home/airflow/.local/lib/python3.8/site-packages/airflow/example_dags/example_branch_datetime_operator.py for tasks to queue
[2024-01-30T19:41:57.217+0000] {logging_mixin.py:188} INFO - [2024-01-30T19:41:57.217+0000] {dagbag.py:538} INFO - Filling up the DagBag from /home/airflow/.local/lib/python3.8/site-packages/airflow/example_dags/example_branch_datetime_operator.py
[2024-01-30T19:41:57.239+0000] {processor.py:840} INFO - DAG(s) 'example_branch_datetime_operator_2', 'example_branch_datetime_operator', 'example_branch_datetime_operator_3' retrieved from /home/airflow/.local/lib/python3.8/site-packages/airflow/example_dags/example_branch_datetime_operator.py
[2024-01-30T19:41:57.295+0000] {logging_mixin.py:188} INFO - [2024-01-30T19:41:57.295+0000] {dag.py:3036} INFO - Sync 3 DAGs
[2024-01-30T19:41:57.344+0000] {logging_mixin.py:188} INFO - [2024-01-30T19:41:57.343+0000] {dag.py:3823} INFO - Setting next_dagrun for example_branch_datetime_operator to 2024-01-29 00:00:00+00:00, run_after=2024-01-30 00:00:00+00:00
[2024-01-30T19:41:57.353+0000] {logging_mixin.py:188} INFO - [2024-01-30T19:41:57.352+0000] {dag.py:3823} INFO - Setting next_dagrun for example_branch_datetime_operator_2 to 2024-01-29 00:00:00+00:00, run_after=2024-01-30 00:00:00+00:00
[2024-01-30T19:41:57.360+0000] {logging_mixin.py:188} INFO - [2024-01-30T19:41:57.360+0000] {dag.py:3823} INFO - Setting next_dagrun for example_branch_datetime_operator_3 to 2024-01-29 00:00:00+00:00, run_after=2024-01-30 00:00:00+00:00
[2024-01-30T19:41:57.400+0000] {processor.py:183} INFO - Processing /home/airflow/.local/lib/python3.8/site-packages/airflow/example_dags/example_branch_datetime_operator.py took 0.192 seconds
[2024-01-30T19:42:27.558+0000] {processor.py:161} INFO - Started process (PID=2979) to work on /home/airflow/.local/lib/python3.8/site-packages/airflow/example_dags/example_branch_datetime_operator.py
[2024-01-30T19:42:27.561+0000] {processor.py:830} INFO - Processing file /home/airflow/.local/lib/python3.8/site-packages/airflow/example_dags/example_branch_datetime_operator.py for tasks to queue
[2024-01-30T19:42:27.563+0000] {logging_mixin.py:188} INFO - [2024-01-30T19:42:27.562+0000] {dagbag.py:538} INFO - Filling up the DagBag from /home/airflow/.local/lib/python3.8/site-packages/airflow/example_dags/example_branch_datetime_operator.py
[2024-01-30T19:42:27.579+0000] {processor.py:840} INFO - DAG(s) 'example_branch_datetime_operator_3', 'example_branch_datetime_operator', 'example_branch_datetime_operator_2' retrieved from /home/airflow/.local/lib/python3.8/site-packages/airflow/example_dags/example_branch_datetime_operator.py
[2024-01-30T19:42:27.625+0000] {logging_mixin.py:188} INFO - [2024-01-30T19:42:27.624+0000] {dag.py:3036} INFO - Sync 3 DAGs
[2024-01-30T19:42:27.659+0000] {logging_mixin.py:188} INFO - [2024-01-30T19:42:27.659+0000] {dag.py:3823} INFO - Setting next_dagrun for example_branch_datetime_operator to 2024-01-29 00:00:00+00:00, run_after=2024-01-30 00:00:00+00:00
[2024-01-30T19:42:27.669+0000] {logging_mixin.py:188} INFO - [2024-01-30T19:42:27.669+0000] {dag.py:3823} INFO - Setting next_dagrun for example_branch_datetime_operator_2 to 2024-01-29 00:00:00+00:00, run_after=2024-01-30 00:00:00+00:00
[2024-01-30T19:42:27.675+0000] {logging_mixin.py:188} INFO - [2024-01-30T19:42:27.674+0000] {dag.py:3823} INFO - Setting next_dagrun for example_branch_datetime_operator_3 to 2024-01-29 00:00:00+00:00, run_after=2024-01-30 00:00:00+00:00
[2024-01-30T19:42:27.712+0000] {processor.py:183} INFO - Processing /home/airflow/.local/lib/python3.8/site-packages/airflow/example_dags/example_branch_datetime_operator.py took 0.158 seconds
[2024-01-30T19:43:30.289+0000] {processor.py:161} INFO - Started process (PID=3186) to work on /home/airflow/.local/lib/python3.8/site-packages/airflow/example_dags/example_branch_datetime_operator.py
[2024-01-30T19:43:30.298+0000] {processor.py:830} INFO - Processing file /home/airflow/.local/lib/python3.8/site-packages/airflow/example_dags/example_branch_datetime_operator.py for tasks to queue
[2024-01-30T19:43:30.301+0000] {logging_mixin.py:188} INFO - [2024-01-30T19:43:30.300+0000] {dagbag.py:538} INFO - Filling up the DagBag from /home/airflow/.local/lib/python3.8/site-packages/airflow/example_dags/example_branch_datetime_operator.py
[2024-01-30T19:43:30.343+0000] {processor.py:840} INFO - DAG(s) 'example_branch_datetime_operator_2', 'example_branch_datetime_operator', 'example_branch_datetime_operator_3' retrieved from /home/airflow/.local/lib/python3.8/site-packages/airflow/example_dags/example_branch_datetime_operator.py
[2024-01-30T19:43:30.531+0000] {logging_mixin.py:188} INFO - [2024-01-30T19:43:30.530+0000] {dag.py:3036} INFO - Sync 3 DAGs
[2024-01-30T19:43:30.918+0000] {logging_mixin.py:188} INFO - [2024-01-30T19:43:30.899+0000] {dag.py:3823} INFO - Setting next_dagrun for example_branch_datetime_operator to 2024-01-29 00:00:00+00:00, run_after=2024-01-30 00:00:00+00:00
[2024-01-30T19:43:30.928+0000] {logging_mixin.py:188} INFO - [2024-01-30T19:43:30.927+0000] {dag.py:3823} INFO - Setting next_dagrun for example_branch_datetime_operator_2 to 2024-01-29 00:00:00+00:00, run_after=2024-01-30 00:00:00+00:00
[2024-01-30T19:43:30.954+0000] {logging_mixin.py:188} INFO - [2024-01-30T19:43:30.953+0000] {dag.py:3823} INFO - Setting next_dagrun for example_branch_datetime_operator_3 to 2024-01-29 00:00:00+00:00, run_after=2024-01-30 00:00:00+00:00
[2024-01-30T19:43:31.080+0000] {processor.py:183} INFO - Processing /home/airflow/.local/lib/python3.8/site-packages/airflow/example_dags/example_branch_datetime_operator.py took 0.796 seconds
[2024-01-30T19:44:03.761+0000] {processor.py:161} INFO - Started process (PID=3430) to work on /home/airflow/.local/lib/python3.8/site-packages/airflow/example_dags/example_branch_datetime_operator.py
[2024-01-30T19:44:03.774+0000] {processor.py:830} INFO - Processing file /home/airflow/.local/lib/python3.8/site-packages/airflow/example_dags/example_branch_datetime_operator.py for tasks to queue
[2024-01-30T19:44:03.794+0000] {logging_mixin.py:188} INFO - [2024-01-30T19:44:03.793+0000] {dagbag.py:538} INFO - Filling up the DagBag from /home/airflow/.local/lib/python3.8/site-packages/airflow/example_dags/example_branch_datetime_operator.py
[2024-01-30T19:44:03.862+0000] {processor.py:840} INFO - DAG(s) 'example_branch_datetime_operator_2', 'example_branch_datetime_operator_3', 'example_branch_datetime_operator' retrieved from /home/airflow/.local/lib/python3.8/site-packages/airflow/example_dags/example_branch_datetime_operator.py
[2024-01-30T19:44:04.197+0000] {logging_mixin.py:188} INFO - [2024-01-30T19:44:04.196+0000] {dag.py:3036} INFO - Sync 3 DAGs
[2024-01-30T19:44:04.336+0000] {logging_mixin.py:188} INFO - [2024-01-30T19:44:04.335+0000] {dag.py:3823} INFO - Setting next_dagrun for example_branch_datetime_operator to 2024-01-29 00:00:00+00:00, run_after=2024-01-30 00:00:00+00:00
[2024-01-30T19:44:04.364+0000] {logging_mixin.py:188} INFO - [2024-01-30T19:44:04.364+0000] {dag.py:3823} INFO - Setting next_dagrun for example_branch_datetime_operator_2 to 2024-01-29 00:00:00+00:00, run_after=2024-01-30 00:00:00+00:00
[2024-01-30T19:44:04.389+0000] {logging_mixin.py:188} INFO - [2024-01-30T19:44:04.389+0000] {dag.py:3823} INFO - Setting next_dagrun for example_branch_datetime_operator_3 to 2024-01-29 00:00:00+00:00, run_after=2024-01-30 00:00:00+00:00
[2024-01-30T19:44:04.509+0000] {processor.py:183} INFO - Processing /home/airflow/.local/lib/python3.8/site-packages/airflow/example_dags/example_branch_datetime_operator.py took 0.752 seconds
[2024-01-30T19:45:02.928+0000] {processor.py:161} INFO - Started process (PID=3704) to work on /home/airflow/.local/lib/python3.8/site-packages/airflow/example_dags/example_branch_datetime_operator.py
[2024-01-30T19:45:02.933+0000] {processor.py:830} INFO - Processing file /home/airflow/.local/lib/python3.8/site-packages/airflow/example_dags/example_branch_datetime_operator.py for tasks to queue
[2024-01-30T19:45:02.943+0000] {logging_mixin.py:188} INFO - [2024-01-30T19:45:02.942+0000] {dagbag.py:538} INFO - Filling up the DagBag from /home/airflow/.local/lib/python3.8/site-packages/airflow/example_dags/example_branch_datetime_operator.py
[2024-01-30T19:45:02.984+0000] {processor.py:840} INFO - DAG(s) 'example_branch_datetime_operator_3', 'example_branch_datetime_operator_2', 'example_branch_datetime_operator' retrieved from /home/airflow/.local/lib/python3.8/site-packages/airflow/example_dags/example_branch_datetime_operator.py
[2024-01-30T19:45:03.174+0000] {logging_mixin.py:188} INFO - [2024-01-30T19:45:03.173+0000] {dag.py:3036} INFO - Sync 3 DAGs
[2024-01-30T19:45:03.308+0000] {logging_mixin.py:188} INFO - [2024-01-30T19:45:03.307+0000] {dag.py:3823} INFO - Setting next_dagrun for example_branch_datetime_operator to 2024-01-29 00:00:00+00:00, run_after=2024-01-30 00:00:00+00:00
[2024-01-30T19:45:03.341+0000] {logging_mixin.py:188} INFO - [2024-01-30T19:45:03.340+0000] {dag.py:3823} INFO - Setting next_dagrun for example_branch_datetime_operator_2 to 2024-01-29 00:00:00+00:00, run_after=2024-01-30 00:00:00+00:00
[2024-01-30T19:45:03.381+0000] {logging_mixin.py:188} INFO - [2024-01-30T19:45:03.381+0000] {dag.py:3823} INFO - Setting next_dagrun for example_branch_datetime_operator_3 to 2024-01-29 00:00:00+00:00, run_after=2024-01-30 00:00:00+00:00
[2024-01-30T19:45:03.522+0000] {processor.py:183} INFO - Processing /home/airflow/.local/lib/python3.8/site-packages/airflow/example_dags/example_branch_datetime_operator.py took 0.599 seconds
[2024-01-30T19:45:35.198+0000] {processor.py:161} INFO - Started process (PID=3949) to work on /home/airflow/.local/lib/python3.8/site-packages/airflow/example_dags/example_branch_datetime_operator.py
[2024-01-30T19:45:35.200+0000] {processor.py:830} INFO - Processing file /home/airflow/.local/lib/python3.8/site-packages/airflow/example_dags/example_branch_datetime_operator.py for tasks to queue
[2024-01-30T19:45:35.202+0000] {logging_mixin.py:188} INFO - [2024-01-30T19:45:35.202+0000] {dagbag.py:538} INFO - Filling up the DagBag from /home/airflow/.local/lib/python3.8/site-packages/airflow/example_dags/example_branch_datetime_operator.py
[2024-01-30T19:45:35.219+0000] {processor.py:840} INFO - DAG(s) 'example_branch_datetime_operator_2', 'example_branch_datetime_operator_3', 'example_branch_datetime_operator' retrieved from /home/airflow/.local/lib/python3.8/site-packages/airflow/example_dags/example_branch_datetime_operator.py
[2024-01-30T19:45:35.271+0000] {logging_mixin.py:188} INFO - [2024-01-30T19:45:35.270+0000] {dag.py:3036} INFO - Sync 3 DAGs
[2024-01-30T19:45:35.315+0000] {logging_mixin.py:188} INFO - [2024-01-30T19:45:35.314+0000] {dag.py:3823} INFO - Setting next_dagrun for example_branch_datetime_operator to 2024-01-29 00:00:00+00:00, run_after=2024-01-30 00:00:00+00:00
[2024-01-30T19:45:35.328+0000] {logging_mixin.py:188} INFO - [2024-01-30T19:45:35.328+0000] {dag.py:3823} INFO - Setting next_dagrun for example_branch_datetime_operator_2 to 2024-01-29 00:00:00+00:00, run_after=2024-01-30 00:00:00+00:00
[2024-01-30T19:45:35.334+0000] {logging_mixin.py:188} INFO - [2024-01-30T19:45:35.333+0000] {dag.py:3823} INFO - Setting next_dagrun for example_branch_datetime_operator_3 to 2024-01-29 00:00:00+00:00, run_after=2024-01-30 00:00:00+00:00
[2024-01-30T19:45:35.374+0000] {processor.py:183} INFO - Processing /home/airflow/.local/lib/python3.8/site-packages/airflow/example_dags/example_branch_datetime_operator.py took 0.180 seconds
