[2024-01-30T19:28:55.433+0000] {processor.py:161} INFO - Started process (PID=307) to work on /home/airflow/.local/lib/python3.8/site-packages/airflow/example_dags/example_xcom.py
[2024-01-30T19:28:55.447+0000] {processor.py:830} INFO - Processing file /home/airflow/.local/lib/python3.8/site-packages/airflow/example_dags/example_xcom.py for tasks to queue
[2024-01-30T19:28:55.460+0000] {logging_mixin.py:188} INFO - [2024-01-30T19:28:55.454+0000] {dagbag.py:538} INFO - Filling up the DagBag from /home/airflow/.local/lib/python3.8/site-packages/airflow/example_dags/example_xcom.py
[2024-01-30T19:28:55.535+0000] {processor.py:840} INFO - DAG(s) 'example_xcom' retrieved from /home/airflow/.local/lib/python3.8/site-packages/airflow/example_dags/example_xcom.py
[2024-01-30T19:28:56.640+0000] {logging_mixin.py:188} INFO - [2024-01-30T19:28:56.638+0000] {override.py:1769} INFO - Created Permission View: can edit on DAG:example_xcom
[2024-01-30T19:28:56.743+0000] {logging_mixin.py:188} INFO - [2024-01-30T19:28:56.743+0000] {override.py:1769} INFO - Created Permission View: can read on DAG:example_xcom
[2024-01-30T19:28:56.794+0000] {logging_mixin.py:188} INFO - [2024-01-30T19:28:56.794+0000] {override.py:1769} INFO - Created Permission View: can delete on DAG:example_xcom
[2024-01-30T19:28:56.799+0000] {logging_mixin.py:188} INFO - [2024-01-30T19:28:56.799+0000] {dag.py:3036} INFO - Sync 1 DAGs
[2024-01-30T19:28:56.975+0000] {logging_mixin.py:188} INFO - [2024-01-30T19:28:56.974+0000] {dag.py:3058} INFO - Creating ORM DAG for example_xcom
[2024-01-30T19:28:57.173+0000] {logging_mixin.py:188} INFO - [2024-01-30T19:28:57.162+0000] {dag.py:3823} INFO - Setting next_dagrun for example_xcom to 2021-01-01 00:00:00+00:00, run_after=2021-01-01 00:00:00+00:00
[2024-01-30T19:28:57.379+0000] {processor.py:183} INFO - Processing /home/airflow/.local/lib/python3.8/site-packages/airflow/example_dags/example_xcom.py took 1.964 seconds
[2024-01-30T19:36:41.132+0000] {processor.py:161} INFO - Started process (PID=270) to work on /home/airflow/.local/lib/python3.8/site-packages/airflow/example_dags/example_xcom.py
[2024-01-30T19:36:41.134+0000] {processor.py:830} INFO - Processing file /home/airflow/.local/lib/python3.8/site-packages/airflow/example_dags/example_xcom.py for tasks to queue
[2024-01-30T19:36:41.137+0000] {logging_mixin.py:188} INFO - [2024-01-30T19:36:41.136+0000] {dagbag.py:538} INFO - Filling up the DagBag from /home/airflow/.local/lib/python3.8/site-packages/airflow/example_dags/example_xcom.py
[2024-01-30T19:36:41.151+0000] {processor.py:840} INFO - DAG(s) 'example_xcom' retrieved from /home/airflow/.local/lib/python3.8/site-packages/airflow/example_dags/example_xcom.py
[2024-01-30T19:36:41.356+0000] {logging_mixin.py:188} INFO - [2024-01-30T19:36:41.356+0000] {dag.py:3036} INFO - Sync 1 DAGs
[2024-01-30T19:36:41.396+0000] {logging_mixin.py:188} INFO - [2024-01-30T19:36:41.396+0000] {dag.py:3823} INFO - Setting next_dagrun for example_xcom to 2021-01-01 00:00:00+00:00, run_after=2021-01-01 00:00:00+00:00
[2024-01-30T19:36:41.434+0000] {processor.py:183} INFO - Processing /home/airflow/.local/lib/python3.8/site-packages/airflow/example_dags/example_xcom.py took 0.308 seconds
[2024-01-30T19:37:12.147+0000] {processor.py:161} INFO - Started process (PID=517) to work on /home/airflow/.local/lib/python3.8/site-packages/airflow/example_dags/example_xcom.py
[2024-01-30T19:37:12.149+0000] {processor.py:830} INFO - Processing file /home/airflow/.local/lib/python3.8/site-packages/airflow/example_dags/example_xcom.py for tasks to queue
[2024-01-30T19:37:12.152+0000] {logging_mixin.py:188} INFO - [2024-01-30T19:37:12.151+0000] {dagbag.py:538} INFO - Filling up the DagBag from /home/airflow/.local/lib/python3.8/site-packages/airflow/example_dags/example_xcom.py
[2024-01-30T19:37:12.168+0000] {processor.py:840} INFO - DAG(s) 'example_xcom' retrieved from /home/airflow/.local/lib/python3.8/site-packages/airflow/example_dags/example_xcom.py
[2024-01-30T19:37:12.204+0000] {logging_mixin.py:188} INFO - [2024-01-30T19:37:12.204+0000] {dag.py:3036} INFO - Sync 1 DAGs
[2024-01-30T19:37:12.254+0000] {logging_mixin.py:188} INFO - [2024-01-30T19:37:12.254+0000] {dag.py:3823} INFO - Setting next_dagrun for example_xcom to 2021-01-01 00:00:00+00:00, run_after=2021-01-01 00:00:00+00:00
[2024-01-30T19:37:12.302+0000] {processor.py:183} INFO - Processing /home/airflow/.local/lib/python3.8/site-packages/airflow/example_dags/example_xcom.py took 0.158 seconds
[2024-01-30T19:37:42.417+0000] {processor.py:161} INFO - Started process (PID=766) to work on /home/airflow/.local/lib/python3.8/site-packages/airflow/example_dags/example_xcom.py
[2024-01-30T19:37:42.419+0000] {processor.py:830} INFO - Processing file /home/airflow/.local/lib/python3.8/site-packages/airflow/example_dags/example_xcom.py for tasks to queue
[2024-01-30T19:37:42.421+0000] {logging_mixin.py:188} INFO - [2024-01-30T19:37:42.421+0000] {dagbag.py:538} INFO - Filling up the DagBag from /home/airflow/.local/lib/python3.8/site-packages/airflow/example_dags/example_xcom.py
[2024-01-30T19:37:42.431+0000] {processor.py:840} INFO - DAG(s) 'example_xcom' retrieved from /home/airflow/.local/lib/python3.8/site-packages/airflow/example_dags/example_xcom.py
[2024-01-30T19:37:42.446+0000] {logging_mixin.py:188} INFO - [2024-01-30T19:37:42.446+0000] {dag.py:3036} INFO - Sync 1 DAGs
[2024-01-30T19:37:42.479+0000] {logging_mixin.py:188} INFO - [2024-01-30T19:37:42.478+0000] {dag.py:3823} INFO - Setting next_dagrun for example_xcom to 2021-01-01 00:00:00+00:00, run_after=2021-01-01 00:00:00+00:00
[2024-01-30T19:37:42.512+0000] {processor.py:183} INFO - Processing /home/airflow/.local/lib/python3.8/site-packages/airflow/example_dags/example_xcom.py took 0.098 seconds
[2024-01-30T19:38:20.018+0000] {processor.py:161} INFO - Started process (PID=1010) to work on /home/airflow/.local/lib/python3.8/site-packages/airflow/example_dags/example_xcom.py
[2024-01-30T19:38:20.020+0000] {processor.py:830} INFO - Processing file /home/airflow/.local/lib/python3.8/site-packages/airflow/example_dags/example_xcom.py for tasks to queue
[2024-01-30T19:38:20.022+0000] {logging_mixin.py:188} INFO - [2024-01-30T19:38:20.021+0000] {dagbag.py:538} INFO - Filling up the DagBag from /home/airflow/.local/lib/python3.8/site-packages/airflow/example_dags/example_xcom.py
[2024-01-30T19:38:20.039+0000] {processor.py:840} INFO - DAG(s) 'example_xcom' retrieved from /home/airflow/.local/lib/python3.8/site-packages/airflow/example_dags/example_xcom.py
[2024-01-30T19:38:20.353+0000] {logging_mixin.py:188} INFO - [2024-01-30T19:38:20.347+0000] {dag.py:3036} INFO - Sync 1 DAGs
[2024-01-30T19:38:20.425+0000] {logging_mixin.py:188} INFO - [2024-01-30T19:38:20.424+0000] {dag.py:3823} INFO - Setting next_dagrun for example_xcom to 2021-01-01 00:00:00+00:00, run_after=2021-01-01 00:00:00+00:00
[2024-01-30T19:38:20.514+0000] {processor.py:183} INFO - Processing /home/airflow/.local/lib/python3.8/site-packages/airflow/example_dags/example_xcom.py took 0.503 seconds
[2024-01-30T19:38:50.637+0000] {processor.py:161} INFO - Started process (PID=1266) to work on /home/airflow/.local/lib/python3.8/site-packages/airflow/example_dags/example_xcom.py
[2024-01-30T19:38:50.639+0000] {processor.py:830} INFO - Processing file /home/airflow/.local/lib/python3.8/site-packages/airflow/example_dags/example_xcom.py for tasks to queue
[2024-01-30T19:38:50.641+0000] {logging_mixin.py:188} INFO - [2024-01-30T19:38:50.640+0000] {dagbag.py:538} INFO - Filling up the DagBag from /home/airflow/.local/lib/python3.8/site-packages/airflow/example_dags/example_xcom.py
[2024-01-30T19:38:50.651+0000] {processor.py:840} INFO - DAG(s) 'example_xcom' retrieved from /home/airflow/.local/lib/python3.8/site-packages/airflow/example_dags/example_xcom.py
[2024-01-30T19:38:50.680+0000] {logging_mixin.py:188} INFO - [2024-01-30T19:38:50.679+0000] {dag.py:3036} INFO - Sync 1 DAGs
[2024-01-30T19:38:50.715+0000] {logging_mixin.py:188} INFO - [2024-01-30T19:38:50.715+0000] {dag.py:3823} INFO - Setting next_dagrun for example_xcom to 2021-01-01 00:00:00+00:00, run_after=2021-01-01 00:00:00+00:00
[2024-01-30T19:38:50.754+0000] {processor.py:183} INFO - Processing /home/airflow/.local/lib/python3.8/site-packages/airflow/example_dags/example_xcom.py took 0.120 seconds
[2024-01-30T19:39:21.035+0000] {processor.py:161} INFO - Started process (PID=1515) to work on /home/airflow/.local/lib/python3.8/site-packages/airflow/example_dags/example_xcom.py
[2024-01-30T19:39:21.041+0000] {processor.py:830} INFO - Processing file /home/airflow/.local/lib/python3.8/site-packages/airflow/example_dags/example_xcom.py for tasks to queue
[2024-01-30T19:39:21.046+0000] {logging_mixin.py:188} INFO - [2024-01-30T19:39:21.046+0000] {dagbag.py:538} INFO - Filling up the DagBag from /home/airflow/.local/lib/python3.8/site-packages/airflow/example_dags/example_xcom.py
[2024-01-30T19:39:21.067+0000] {processor.py:840} INFO - DAG(s) 'example_xcom' retrieved from /home/airflow/.local/lib/python3.8/site-packages/airflow/example_dags/example_xcom.py
[2024-01-30T19:39:21.112+0000] {logging_mixin.py:188} INFO - [2024-01-30T19:39:21.111+0000] {dag.py:3036} INFO - Sync 1 DAGs
[2024-01-30T19:39:21.155+0000] {logging_mixin.py:188} INFO - [2024-01-30T19:39:21.155+0000] {dag.py:3823} INFO - Setting next_dagrun for example_xcom to 2021-01-01 00:00:00+00:00, run_after=2021-01-01 00:00:00+00:00
[2024-01-30T19:39:21.208+0000] {processor.py:183} INFO - Processing /home/airflow/.local/lib/python3.8/site-packages/airflow/example_dags/example_xcom.py took 0.181 seconds
[2024-01-30T19:39:52.093+0000] {processor.py:161} INFO - Started process (PID=1762) to work on /home/airflow/.local/lib/python3.8/site-packages/airflow/example_dags/example_xcom.py
[2024-01-30T19:39:52.125+0000] {processor.py:830} INFO - Processing file /home/airflow/.local/lib/python3.8/site-packages/airflow/example_dags/example_xcom.py for tasks to queue
[2024-01-30T19:39:52.140+0000] {logging_mixin.py:188} INFO - [2024-01-30T19:39:52.139+0000] {dagbag.py:538} INFO - Filling up the DagBag from /home/airflow/.local/lib/python3.8/site-packages/airflow/example_dags/example_xcom.py
[2024-01-30T19:39:52.168+0000] {processor.py:840} INFO - DAG(s) 'example_xcom' retrieved from /home/airflow/.local/lib/python3.8/site-packages/airflow/example_dags/example_xcom.py
[2024-01-30T19:39:52.249+0000] {logging_mixin.py:188} INFO - [2024-01-30T19:39:52.248+0000] {dag.py:3036} INFO - Sync 1 DAGs
[2024-01-30T19:39:52.313+0000] {logging_mixin.py:188} INFO - [2024-01-30T19:39:52.312+0000] {dag.py:3823} INFO - Setting next_dagrun for example_xcom to 2021-01-01 00:00:00+00:00, run_after=2021-01-01 00:00:00+00:00
[2024-01-30T19:39:52.385+0000] {processor.py:183} INFO - Processing /home/airflow/.local/lib/python3.8/site-packages/airflow/example_dags/example_xcom.py took 0.305 seconds
[2024-01-30T19:40:22.864+0000] {processor.py:161} INFO - Started process (PID=2012) to work on /home/airflow/.local/lib/python3.8/site-packages/airflow/example_dags/example_xcom.py
[2024-01-30T19:40:22.866+0000] {processor.py:830} INFO - Processing file /home/airflow/.local/lib/python3.8/site-packages/airflow/example_dags/example_xcom.py for tasks to queue
[2024-01-30T19:40:22.868+0000] {logging_mixin.py:188} INFO - [2024-01-30T19:40:22.867+0000] {dagbag.py:538} INFO - Filling up the DagBag from /home/airflow/.local/lib/python3.8/site-packages/airflow/example_dags/example_xcom.py
[2024-01-30T19:40:22.878+0000] {processor.py:840} INFO - DAG(s) 'example_xcom' retrieved from /home/airflow/.local/lib/python3.8/site-packages/airflow/example_dags/example_xcom.py
[2024-01-30T19:40:22.913+0000] {logging_mixin.py:188} INFO - [2024-01-30T19:40:22.913+0000] {dag.py:3036} INFO - Sync 1 DAGs
[2024-01-30T19:40:22.961+0000] {logging_mixin.py:188} INFO - [2024-01-30T19:40:22.961+0000] {dag.py:3823} INFO - Setting next_dagrun for example_xcom to 2021-01-01 00:00:00+00:00, run_after=2021-01-01 00:00:00+00:00
[2024-01-30T19:40:23.036+0000] {processor.py:183} INFO - Processing /home/airflow/.local/lib/python3.8/site-packages/airflow/example_dags/example_xcom.py took 0.177 seconds
[2024-01-30T19:40:56.105+0000] {processor.py:161} INFO - Started process (PID=2259) to work on /home/airflow/.local/lib/python3.8/site-packages/airflow/example_dags/example_xcom.py
[2024-01-30T19:40:56.113+0000] {processor.py:830} INFO - Processing file /home/airflow/.local/lib/python3.8/site-packages/airflow/example_dags/example_xcom.py for tasks to queue
[2024-01-30T19:40:56.116+0000] {logging_mixin.py:188} INFO - [2024-01-30T19:40:56.115+0000] {dagbag.py:538} INFO - Filling up the DagBag from /home/airflow/.local/lib/python3.8/site-packages/airflow/example_dags/example_xcom.py
[2024-01-30T19:40:56.133+0000] {processor.py:840} INFO - DAG(s) 'example_xcom' retrieved from /home/airflow/.local/lib/python3.8/site-packages/airflow/example_dags/example_xcom.py
[2024-01-30T19:40:56.188+0000] {logging_mixin.py:188} INFO - [2024-01-30T19:40:56.187+0000] {dag.py:3036} INFO - Sync 1 DAGs
[2024-01-30T19:40:56.240+0000] {logging_mixin.py:188} INFO - [2024-01-30T19:40:56.240+0000] {dag.py:3823} INFO - Setting next_dagrun for example_xcom to 2021-01-01 00:00:00+00:00, run_after=2021-01-01 00:00:00+00:00
[2024-01-30T19:40:56.318+0000] {processor.py:183} INFO - Processing /home/airflow/.local/lib/python3.8/site-packages/airflow/example_dags/example_xcom.py took 0.218 seconds
[2024-01-30T19:41:27.934+0000] {processor.py:161} INFO - Started process (PID=2503) to work on /home/airflow/.local/lib/python3.8/site-packages/airflow/example_dags/example_xcom.py
[2024-01-30T19:41:27.964+0000] {processor.py:830} INFO - Processing file /home/airflow/.local/lib/python3.8/site-packages/airflow/example_dags/example_xcom.py for tasks to queue
[2024-01-30T19:41:27.974+0000] {logging_mixin.py:188} INFO - [2024-01-30T19:41:27.973+0000] {dagbag.py:538} INFO - Filling up the DagBag from /home/airflow/.local/lib/python3.8/site-packages/airflow/example_dags/example_xcom.py
[2024-01-30T19:41:28.006+0000] {processor.py:840} INFO - DAG(s) 'example_xcom' retrieved from /home/airflow/.local/lib/python3.8/site-packages/airflow/example_dags/example_xcom.py
[2024-01-30T19:41:28.107+0000] {logging_mixin.py:188} INFO - [2024-01-30T19:41:28.103+0000] {dag.py:3036} INFO - Sync 1 DAGs
[2024-01-30T19:41:28.222+0000] {logging_mixin.py:188} INFO - [2024-01-30T19:41:28.222+0000] {dag.py:3823} INFO - Setting next_dagrun for example_xcom to 2021-01-01 00:00:00+00:00, run_after=2021-01-01 00:00:00+00:00
[2024-01-30T19:41:28.356+0000] {processor.py:183} INFO - Processing /home/airflow/.local/lib/python3.8/site-packages/airflow/example_dags/example_xcom.py took 0.427 seconds
[2024-01-30T19:41:58.500+0000] {processor.py:161} INFO - Started process (PID=2745) to work on /home/airflow/.local/lib/python3.8/site-packages/airflow/example_dags/example_xcom.py
[2024-01-30T19:41:58.505+0000] {processor.py:830} INFO - Processing file /home/airflow/.local/lib/python3.8/site-packages/airflow/example_dags/example_xcom.py for tasks to queue
[2024-01-30T19:41:58.510+0000] {logging_mixin.py:188} INFO - [2024-01-30T19:41:58.509+0000] {dagbag.py:538} INFO - Filling up the DagBag from /home/airflow/.local/lib/python3.8/site-packages/airflow/example_dags/example_xcom.py
[2024-01-30T19:41:58.522+0000] {processor.py:840} INFO - DAG(s) 'example_xcom' retrieved from /home/airflow/.local/lib/python3.8/site-packages/airflow/example_dags/example_xcom.py
[2024-01-30T19:41:58.565+0000] {logging_mixin.py:188} INFO - [2024-01-30T19:41:58.565+0000] {dag.py:3036} INFO - Sync 1 DAGs
[2024-01-30T19:41:58.603+0000] {logging_mixin.py:188} INFO - [2024-01-30T19:41:58.603+0000] {dag.py:3823} INFO - Setting next_dagrun for example_xcom to 2021-01-01 00:00:00+00:00, run_after=2021-01-01 00:00:00+00:00
[2024-01-30T19:41:58.645+0000] {processor.py:183} INFO - Processing /home/airflow/.local/lib/python3.8/site-packages/airflow/example_dags/example_xcom.py took 0.151 seconds
[2024-01-30T19:42:28.760+0000] {processor.py:161} INFO - Started process (PID=2992) to work on /home/airflow/.local/lib/python3.8/site-packages/airflow/example_dags/example_xcom.py
[2024-01-30T19:42:28.762+0000] {processor.py:830} INFO - Processing file /home/airflow/.local/lib/python3.8/site-packages/airflow/example_dags/example_xcom.py for tasks to queue
[2024-01-30T19:42:28.765+0000] {logging_mixin.py:188} INFO - [2024-01-30T19:42:28.764+0000] {dagbag.py:538} INFO - Filling up the DagBag from /home/airflow/.local/lib/python3.8/site-packages/airflow/example_dags/example_xcom.py
[2024-01-30T19:42:28.784+0000] {processor.py:840} INFO - DAG(s) 'example_xcom' retrieved from /home/airflow/.local/lib/python3.8/site-packages/airflow/example_dags/example_xcom.py
[2024-01-30T19:42:28.837+0000] {logging_mixin.py:188} INFO - [2024-01-30T19:42:28.836+0000] {dag.py:3036} INFO - Sync 1 DAGs
[2024-01-30T19:42:28.887+0000] {logging_mixin.py:188} INFO - [2024-01-30T19:42:28.887+0000] {dag.py:3823} INFO - Setting next_dagrun for example_xcom to 2021-01-01 00:00:00+00:00, run_after=2021-01-01 00:00:00+00:00
[2024-01-30T19:42:28.946+0000] {processor.py:183} INFO - Processing /home/airflow/.local/lib/python3.8/site-packages/airflow/example_dags/example_xcom.py took 0.192 seconds
[2024-01-30T19:43:31.434+0000] {processor.py:161} INFO - Started process (PID=3201) to work on /home/airflow/.local/lib/python3.8/site-packages/airflow/example_dags/example_xcom.py
[2024-01-30T19:43:31.437+0000] {processor.py:830} INFO - Processing file /home/airflow/.local/lib/python3.8/site-packages/airflow/example_dags/example_xcom.py for tasks to queue
[2024-01-30T19:43:31.449+0000] {logging_mixin.py:188} INFO - [2024-01-30T19:43:31.448+0000] {dagbag.py:538} INFO - Filling up the DagBag from /home/airflow/.local/lib/python3.8/site-packages/airflow/example_dags/example_xcom.py
[2024-01-30T19:43:31.505+0000] {processor.py:840} INFO - DAG(s) 'example_xcom' retrieved from /home/airflow/.local/lib/python3.8/site-packages/airflow/example_dags/example_xcom.py
[2024-01-30T19:43:31.735+0000] {logging_mixin.py:188} INFO - [2024-01-30T19:43:31.734+0000] {dag.py:3036} INFO - Sync 1 DAGs
[2024-01-30T19:43:31.816+0000] {logging_mixin.py:188} INFO - [2024-01-30T19:43:31.812+0000] {dag.py:3823} INFO - Setting next_dagrun for example_xcom to 2021-01-01 00:00:00+00:00, run_after=2021-01-01 00:00:00+00:00
[2024-01-30T19:43:31.915+0000] {processor.py:183} INFO - Processing /home/airflow/.local/lib/python3.8/site-packages/airflow/example_dags/example_xcom.py took 0.486 seconds
[2024-01-30T19:44:04.915+0000] {processor.py:161} INFO - Started process (PID=3452) to work on /home/airflow/.local/lib/python3.8/site-packages/airflow/example_dags/example_xcom.py
[2024-01-30T19:44:04.921+0000] {processor.py:830} INFO - Processing file /home/airflow/.local/lib/python3.8/site-packages/airflow/example_dags/example_xcom.py for tasks to queue
[2024-01-30T19:44:04.927+0000] {logging_mixin.py:188} INFO - [2024-01-30T19:44:04.926+0000] {dagbag.py:538} INFO - Filling up the DagBag from /home/airflow/.local/lib/python3.8/site-packages/airflow/example_dags/example_xcom.py
[2024-01-30T19:44:04.978+0000] {processor.py:840} INFO - DAG(s) 'example_xcom' retrieved from /home/airflow/.local/lib/python3.8/site-packages/airflow/example_dags/example_xcom.py
[2024-01-30T19:44:05.089+0000] {logging_mixin.py:188} INFO - [2024-01-30T19:44:05.089+0000] {dag.py:3036} INFO - Sync 1 DAGs
[2024-01-30T19:44:05.346+0000] {logging_mixin.py:188} INFO - [2024-01-30T19:44:05.332+0000] {dag.py:3823} INFO - Setting next_dagrun for example_xcom to 2021-01-01 00:00:00+00:00, run_after=2021-01-01 00:00:00+00:00
[2024-01-30T19:44:05.579+0000] {processor.py:183} INFO - Processing /home/airflow/.local/lib/python3.8/site-packages/airflow/example_dags/example_xcom.py took 0.670 seconds
[2024-01-30T19:45:06.634+0000] {processor.py:161} INFO - Started process (PID=3719) to work on /home/airflow/.local/lib/python3.8/site-packages/airflow/example_dags/example_xcom.py
[2024-01-30T19:45:06.706+0000] {processor.py:830} INFO - Processing file /home/airflow/.local/lib/python3.8/site-packages/airflow/example_dags/example_xcom.py for tasks to queue
[2024-01-30T19:45:06.734+0000] {logging_mixin.py:188} INFO - [2024-01-30T19:45:06.734+0000] {dagbag.py:538} INFO - Filling up the DagBag from /home/airflow/.local/lib/python3.8/site-packages/airflow/example_dags/example_xcom.py
[2024-01-30T19:45:06.805+0000] {processor.py:840} INFO - DAG(s) 'example_xcom' retrieved from /home/airflow/.local/lib/python3.8/site-packages/airflow/example_dags/example_xcom.py
[2024-01-30T19:45:06.975+0000] {logging_mixin.py:188} INFO - [2024-01-30T19:45:06.975+0000] {dag.py:3036} INFO - Sync 1 DAGs
[2024-01-30T19:45:07.504+0000] {logging_mixin.py:188} INFO - [2024-01-30T19:45:07.502+0000] {dag.py:3823} INFO - Setting next_dagrun for example_xcom to 2021-01-01 00:00:00+00:00, run_after=2021-01-01 00:00:00+00:00
[2024-01-30T19:45:07.810+0000] {processor.py:183} INFO - Processing /home/airflow/.local/lib/python3.8/site-packages/airflow/example_dags/example_xcom.py took 1.180 seconds
[2024-01-30T19:45:39.075+0000] {processor.py:161} INFO - Started process (PID=3966) to work on /home/airflow/.local/lib/python3.8/site-packages/airflow/example_dags/example_xcom.py
[2024-01-30T19:45:39.078+0000] {processor.py:830} INFO - Processing file /home/airflow/.local/lib/python3.8/site-packages/airflow/example_dags/example_xcom.py for tasks to queue
[2024-01-30T19:45:39.081+0000] {logging_mixin.py:188} INFO - [2024-01-30T19:45:39.080+0000] {dagbag.py:538} INFO - Filling up the DagBag from /home/airflow/.local/lib/python3.8/site-packages/airflow/example_dags/example_xcom.py
[2024-01-30T19:45:39.140+0000] {processor.py:840} INFO - DAG(s) 'example_xcom' retrieved from /home/airflow/.local/lib/python3.8/site-packages/airflow/example_dags/example_xcom.py
[2024-01-30T19:45:39.281+0000] {logging_mixin.py:188} INFO - [2024-01-30T19:45:39.280+0000] {dag.py:3036} INFO - Sync 1 DAGs
[2024-01-30T19:45:39.347+0000] {logging_mixin.py:188} INFO - [2024-01-30T19:45:39.346+0000] {dag.py:3823} INFO - Setting next_dagrun for example_xcom to 2021-01-01 00:00:00+00:00, run_after=2021-01-01 00:00:00+00:00
[2024-01-30T19:45:39.398+0000] {processor.py:183} INFO - Processing /home/airflow/.local/lib/python3.8/site-packages/airflow/example_dags/example_xcom.py took 0.330 seconds
