[2024-01-30T19:29:14.836+0000] {processor.py:161} INFO - Started process (PID=393) to work on /home/airflow/.local/lib/python3.8/site-packages/airflow/example_dags/example_time_delta_sensor_async.py
[2024-01-30T19:29:14.840+0000] {processor.py:830} INFO - Processing file /home/airflow/.local/lib/python3.8/site-packages/airflow/example_dags/example_time_delta_sensor_async.py for tasks to queue
[2024-01-30T19:29:14.844+0000] {logging_mixin.py:188} INFO - [2024-01-30T19:29:14.843+0000] {dagbag.py:538} INFO - Filling up the DagBag from /home/airflow/.local/lib/python3.8/site-packages/airflow/example_dags/example_time_delta_sensor_async.py
[2024-01-30T19:29:15.458+0000] {processor.py:840} INFO - DAG(s) 'example_time_delta_sensor_async' retrieved from /home/airflow/.local/lib/python3.8/site-packages/airflow/example_dags/example_time_delta_sensor_async.py
[2024-01-30T19:29:20.848+0000] {logging_mixin.py:188} INFO - [2024-01-30T19:29:20.844+0000] {override.py:1769} INFO - Created Permission View: can edit on DAG:example_time_delta_sensor_async
[2024-01-30T19:29:21.064+0000] {logging_mixin.py:188} INFO - [2024-01-30T19:29:21.006+0000] {override.py:1769} INFO - Created Permission View: can read on DAG:example_time_delta_sensor_async
[2024-01-30T19:29:21.105+0000] {logging_mixin.py:188} INFO - [2024-01-30T19:29:21.105+0000] {override.py:1769} INFO - Created Permission View: can delete on DAG:example_time_delta_sensor_async
[2024-01-30T19:29:21.110+0000] {logging_mixin.py:188} INFO - [2024-01-30T19:29:21.109+0000] {dag.py:3036} INFO - Sync 1 DAGs
[2024-01-30T19:29:21.284+0000] {logging_mixin.py:188} INFO - [2024-01-30T19:29:21.284+0000] {dag.py:3058} INFO - Creating ORM DAG for example_time_delta_sensor_async
[2024-01-30T19:29:21.293+0000] {logging_mixin.py:188} INFO - [2024-01-30T19:29:21.290+0000] {dag.py:3823} INFO - Setting next_dagrun for example_time_delta_sensor_async to None, run_after=None
[2024-01-30T19:29:21.353+0000] {processor.py:183} INFO - Processing /home/airflow/.local/lib/python3.8/site-packages/airflow/example_dags/example_time_delta_sensor_async.py took 6.931 seconds
[2024-01-30T19:36:44.862+0000] {processor.py:161} INFO - Started process (PID=350) to work on /home/airflow/.local/lib/python3.8/site-packages/airflow/example_dags/example_time_delta_sensor_async.py
[2024-01-30T19:36:44.864+0000] {processor.py:830} INFO - Processing file /home/airflow/.local/lib/python3.8/site-packages/airflow/example_dags/example_time_delta_sensor_async.py for tasks to queue
[2024-01-30T19:36:44.866+0000] {logging_mixin.py:188} INFO - [2024-01-30T19:36:44.865+0000] {dagbag.py:538} INFO - Filling up the DagBag from /home/airflow/.local/lib/python3.8/site-packages/airflow/example_dags/example_time_delta_sensor_async.py
[2024-01-30T19:36:44.874+0000] {processor.py:840} INFO - DAG(s) 'example_time_delta_sensor_async' retrieved from /home/airflow/.local/lib/python3.8/site-packages/airflow/example_dags/example_time_delta_sensor_async.py
[2024-01-30T19:36:45.051+0000] {logging_mixin.py:188} INFO - [2024-01-30T19:36:45.051+0000] {dag.py:3036} INFO - Sync 1 DAGs
[2024-01-30T19:36:45.072+0000] {logging_mixin.py:188} INFO - [2024-01-30T19:36:45.072+0000] {dag.py:3823} INFO - Setting next_dagrun for example_time_delta_sensor_async to None, run_after=None
[2024-01-30T19:36:45.110+0000] {processor.py:183} INFO - Processing /home/airflow/.local/lib/python3.8/site-packages/airflow/example_dags/example_time_delta_sensor_async.py took 0.252 seconds
[2024-01-30T19:37:16.267+0000] {processor.py:161} INFO - Started process (PID=599) to work on /home/airflow/.local/lib/python3.8/site-packages/airflow/example_dags/example_time_delta_sensor_async.py
[2024-01-30T19:37:16.269+0000] {processor.py:830} INFO - Processing file /home/airflow/.local/lib/python3.8/site-packages/airflow/example_dags/example_time_delta_sensor_async.py for tasks to queue
[2024-01-30T19:37:16.271+0000] {logging_mixin.py:188} INFO - [2024-01-30T19:37:16.271+0000] {dagbag.py:538} INFO - Filling up the DagBag from /home/airflow/.local/lib/python3.8/site-packages/airflow/example_dags/example_time_delta_sensor_async.py
[2024-01-30T19:37:16.279+0000] {processor.py:840} INFO - DAG(s) 'example_time_delta_sensor_async' retrieved from /home/airflow/.local/lib/python3.8/site-packages/airflow/example_dags/example_time_delta_sensor_async.py
[2024-01-30T19:37:16.318+0000] {logging_mixin.py:188} INFO - [2024-01-30T19:37:16.318+0000] {dag.py:3036} INFO - Sync 1 DAGs
[2024-01-30T19:37:16.336+0000] {logging_mixin.py:188} INFO - [2024-01-30T19:37:16.336+0000] {dag.py:3823} INFO - Setting next_dagrun for example_time_delta_sensor_async to None, run_after=None
[2024-01-30T19:37:16.385+0000] {processor.py:183} INFO - Processing /home/airflow/.local/lib/python3.8/site-packages/airflow/example_dags/example_time_delta_sensor_async.py took 0.122 seconds
[2024-01-30T19:37:47.095+0000] {processor.py:161} INFO - Started process (PID=844) to work on /home/airflow/.local/lib/python3.8/site-packages/airflow/example_dags/example_time_delta_sensor_async.py
[2024-01-30T19:37:47.927+0000] {processor.py:830} INFO - Processing file /home/airflow/.local/lib/python3.8/site-packages/airflow/example_dags/example_time_delta_sensor_async.py for tasks to queue
[2024-01-30T19:37:48.040+0000] {logging_mixin.py:188} INFO - [2024-01-30T19:37:48.039+0000] {dagbag.py:538} INFO - Filling up the DagBag from /home/airflow/.local/lib/python3.8/site-packages/airflow/example_dags/example_time_delta_sensor_async.py
[2024-01-30T19:37:48.081+0000] {processor.py:840} INFO - DAG(s) 'example_time_delta_sensor_async' retrieved from /home/airflow/.local/lib/python3.8/site-packages/airflow/example_dags/example_time_delta_sensor_async.py
[2024-01-30T19:37:48.160+0000] {logging_mixin.py:188} INFO - [2024-01-30T19:37:48.160+0000] {dag.py:3036} INFO - Sync 1 DAGs
[2024-01-30T19:37:48.223+0000] {logging_mixin.py:188} INFO - [2024-01-30T19:37:48.223+0000] {dag.py:3823} INFO - Setting next_dagrun for example_time_delta_sensor_async to None, run_after=None
[2024-01-30T19:37:48.320+0000] {processor.py:183} INFO - Processing /home/airflow/.local/lib/python3.8/site-packages/airflow/example_dags/example_time_delta_sensor_async.py took 1.229 seconds
[2024-01-30T19:38:25.147+0000] {processor.py:161} INFO - Started process (PID=1096) to work on /home/airflow/.local/lib/python3.8/site-packages/airflow/example_dags/example_time_delta_sensor_async.py
[2024-01-30T19:38:25.149+0000] {processor.py:830} INFO - Processing file /home/airflow/.local/lib/python3.8/site-packages/airflow/example_dags/example_time_delta_sensor_async.py for tasks to queue
[2024-01-30T19:38:25.152+0000] {logging_mixin.py:188} INFO - [2024-01-30T19:38:25.151+0000] {dagbag.py:538} INFO - Filling up the DagBag from /home/airflow/.local/lib/python3.8/site-packages/airflow/example_dags/example_time_delta_sensor_async.py
[2024-01-30T19:38:25.158+0000] {processor.py:840} INFO - DAG(s) 'example_time_delta_sensor_async' retrieved from /home/airflow/.local/lib/python3.8/site-packages/airflow/example_dags/example_time_delta_sensor_async.py
[2024-01-30T19:38:25.375+0000] {logging_mixin.py:188} INFO - [2024-01-30T19:38:25.375+0000] {dag.py:3036} INFO - Sync 1 DAGs
[2024-01-30T19:38:25.393+0000] {logging_mixin.py:188} INFO - [2024-01-30T19:38:25.392+0000] {dag.py:3823} INFO - Setting next_dagrun for example_time_delta_sensor_async to None, run_after=None
[2024-01-30T19:38:25.435+0000] {processor.py:183} INFO - Processing /home/airflow/.local/lib/python3.8/site-packages/airflow/example_dags/example_time_delta_sensor_async.py took 0.292 seconds
[2024-01-30T19:38:55.990+0000] {processor.py:161} INFO - Started process (PID=1344) to work on /home/airflow/.local/lib/python3.8/site-packages/airflow/example_dags/example_time_delta_sensor_async.py
[2024-01-30T19:38:55.992+0000] {processor.py:830} INFO - Processing file /home/airflow/.local/lib/python3.8/site-packages/airflow/example_dags/example_time_delta_sensor_async.py for tasks to queue
[2024-01-30T19:38:55.994+0000] {logging_mixin.py:188} INFO - [2024-01-30T19:38:55.994+0000] {dagbag.py:538} INFO - Filling up the DagBag from /home/airflow/.local/lib/python3.8/site-packages/airflow/example_dags/example_time_delta_sensor_async.py
[2024-01-30T19:38:56.015+0000] {processor.py:840} INFO - DAG(s) 'example_time_delta_sensor_async' retrieved from /home/airflow/.local/lib/python3.8/site-packages/airflow/example_dags/example_time_delta_sensor_async.py
[2024-01-30T19:38:56.080+0000] {logging_mixin.py:188} INFO - [2024-01-30T19:38:56.080+0000] {dag.py:3036} INFO - Sync 1 DAGs
[2024-01-30T19:38:56.101+0000] {logging_mixin.py:188} INFO - [2024-01-30T19:38:56.100+0000] {dag.py:3823} INFO - Setting next_dagrun for example_time_delta_sensor_async to None, run_after=None
[2024-01-30T19:38:56.157+0000] {processor.py:183} INFO - Processing /home/airflow/.local/lib/python3.8/site-packages/airflow/example_dags/example_time_delta_sensor_async.py took 0.180 seconds
[2024-01-30T19:39:26.846+0000] {processor.py:161} INFO - Started process (PID=1597) to work on /home/airflow/.local/lib/python3.8/site-packages/airflow/example_dags/example_time_delta_sensor_async.py
[2024-01-30T19:39:26.848+0000] {processor.py:830} INFO - Processing file /home/airflow/.local/lib/python3.8/site-packages/airflow/example_dags/example_time_delta_sensor_async.py for tasks to queue
[2024-01-30T19:39:26.850+0000] {logging_mixin.py:188} INFO - [2024-01-30T19:39:26.849+0000] {dagbag.py:538} INFO - Filling up the DagBag from /home/airflow/.local/lib/python3.8/site-packages/airflow/example_dags/example_time_delta_sensor_async.py
[2024-01-30T19:39:26.855+0000] {processor.py:840} INFO - DAG(s) 'example_time_delta_sensor_async' retrieved from /home/airflow/.local/lib/python3.8/site-packages/airflow/example_dags/example_time_delta_sensor_async.py
[2024-01-30T19:39:26.891+0000] {logging_mixin.py:188} INFO - [2024-01-30T19:39:26.891+0000] {dag.py:3036} INFO - Sync 1 DAGs
[2024-01-30T19:39:26.913+0000] {logging_mixin.py:188} INFO - [2024-01-30T19:39:26.912+0000] {dag.py:3823} INFO - Setting next_dagrun for example_time_delta_sensor_async to None, run_after=None
[2024-01-30T19:39:26.951+0000] {processor.py:183} INFO - Processing /home/airflow/.local/lib/python3.8/site-packages/airflow/example_dags/example_time_delta_sensor_async.py took 0.109 seconds
[2024-01-30T19:39:58.060+0000] {processor.py:161} INFO - Started process (PID=1844) to work on /home/airflow/.local/lib/python3.8/site-packages/airflow/example_dags/example_time_delta_sensor_async.py
[2024-01-30T19:39:58.062+0000] {processor.py:830} INFO - Processing file /home/airflow/.local/lib/python3.8/site-packages/airflow/example_dags/example_time_delta_sensor_async.py for tasks to queue
[2024-01-30T19:39:58.064+0000] {logging_mixin.py:188} INFO - [2024-01-30T19:39:58.063+0000] {dagbag.py:538} INFO - Filling up the DagBag from /home/airflow/.local/lib/python3.8/site-packages/airflow/example_dags/example_time_delta_sensor_async.py
[2024-01-30T19:39:58.072+0000] {processor.py:840} INFO - DAG(s) 'example_time_delta_sensor_async' retrieved from /home/airflow/.local/lib/python3.8/site-packages/airflow/example_dags/example_time_delta_sensor_async.py
[2024-01-30T19:39:58.106+0000] {logging_mixin.py:188} INFO - [2024-01-30T19:39:58.106+0000] {dag.py:3036} INFO - Sync 1 DAGs
[2024-01-30T19:39:58.129+0000] {logging_mixin.py:188} INFO - [2024-01-30T19:39:58.129+0000] {dag.py:3823} INFO - Setting next_dagrun for example_time_delta_sensor_async to None, run_after=None
[2024-01-30T19:39:58.175+0000] {processor.py:183} INFO - Processing /home/airflow/.local/lib/python3.8/site-packages/airflow/example_dags/example_time_delta_sensor_async.py took 0.119 seconds
[2024-01-30T19:40:30.988+0000] {processor.py:161} INFO - Started process (PID=2089) to work on /home/airflow/.local/lib/python3.8/site-packages/airflow/example_dags/example_time_delta_sensor_async.py
[2024-01-30T19:40:30.992+0000] {processor.py:830} INFO - Processing file /home/airflow/.local/lib/python3.8/site-packages/airflow/example_dags/example_time_delta_sensor_async.py for tasks to queue
[2024-01-30T19:40:30.996+0000] {logging_mixin.py:188} INFO - [2024-01-30T19:40:30.995+0000] {dagbag.py:538} INFO - Filling up the DagBag from /home/airflow/.local/lib/python3.8/site-packages/airflow/example_dags/example_time_delta_sensor_async.py
[2024-01-30T19:40:31.014+0000] {processor.py:840} INFO - DAG(s) 'example_time_delta_sensor_async' retrieved from /home/airflow/.local/lib/python3.8/site-packages/airflow/example_dags/example_time_delta_sensor_async.py
[2024-01-30T19:40:31.075+0000] {logging_mixin.py:188} INFO - [2024-01-30T19:40:31.074+0000] {dag.py:3036} INFO - Sync 1 DAGs
[2024-01-30T19:40:31.108+0000] {logging_mixin.py:188} INFO - [2024-01-30T19:40:31.107+0000] {dag.py:3823} INFO - Setting next_dagrun for example_time_delta_sensor_async to None, run_after=None
[2024-01-30T19:40:31.152+0000] {processor.py:183} INFO - Processing /home/airflow/.local/lib/python3.8/site-packages/airflow/example_dags/example_time_delta_sensor_async.py took 0.170 seconds
[2024-01-30T19:41:01.295+0000] {processor.py:161} INFO - Started process (PID=2334) to work on /home/airflow/.local/lib/python3.8/site-packages/airflow/example_dags/example_time_delta_sensor_async.py
[2024-01-30T19:41:01.301+0000] {processor.py:830} INFO - Processing file /home/airflow/.local/lib/python3.8/site-packages/airflow/example_dags/example_time_delta_sensor_async.py for tasks to queue
[2024-01-30T19:41:01.305+0000] {logging_mixin.py:188} INFO - [2024-01-30T19:41:01.303+0000] {dagbag.py:538} INFO - Filling up the DagBag from /home/airflow/.local/lib/python3.8/site-packages/airflow/example_dags/example_time_delta_sensor_async.py
[2024-01-30T19:41:01.313+0000] {processor.py:840} INFO - DAG(s) 'example_time_delta_sensor_async' retrieved from /home/airflow/.local/lib/python3.8/site-packages/airflow/example_dags/example_time_delta_sensor_async.py
[2024-01-30T19:41:01.351+0000] {logging_mixin.py:188} INFO - [2024-01-30T19:41:01.351+0000] {dag.py:3036} INFO - Sync 1 DAGs
[2024-01-30T19:41:01.374+0000] {logging_mixin.py:188} INFO - [2024-01-30T19:41:01.373+0000] {dag.py:3823} INFO - Setting next_dagrun for example_time_delta_sensor_async to None, run_after=None
[2024-01-30T19:41:01.436+0000] {processor.py:183} INFO - Processing /home/airflow/.local/lib/python3.8/site-packages/airflow/example_dags/example_time_delta_sensor_async.py took 0.145 seconds
[2024-01-30T19:41:37.761+0000] {processor.py:161} INFO - Started process (PID=2584) to work on /home/airflow/.local/lib/python3.8/site-packages/airflow/example_dags/example_time_delta_sensor_async.py
[2024-01-30T19:41:37.765+0000] {processor.py:830} INFO - Processing file /home/airflow/.local/lib/python3.8/site-packages/airflow/example_dags/example_time_delta_sensor_async.py for tasks to queue
[2024-01-30T19:41:37.774+0000] {logging_mixin.py:188} INFO - [2024-01-30T19:41:37.774+0000] {dagbag.py:538} INFO - Filling up the DagBag from /home/airflow/.local/lib/python3.8/site-packages/airflow/example_dags/example_time_delta_sensor_async.py
[2024-01-30T19:41:37.799+0000] {processor.py:840} INFO - DAG(s) 'example_time_delta_sensor_async' retrieved from /home/airflow/.local/lib/python3.8/site-packages/airflow/example_dags/example_time_delta_sensor_async.py
[2024-01-30T19:41:37.881+0000] {logging_mixin.py:188} INFO - [2024-01-30T19:41:37.878+0000] {dag.py:3036} INFO - Sync 1 DAGs
[2024-01-30T19:41:37.916+0000] {logging_mixin.py:188} INFO - [2024-01-30T19:41:37.916+0000] {dag.py:3823} INFO - Setting next_dagrun for example_time_delta_sensor_async to None, run_after=None
[2024-01-30T19:41:37.995+0000] {processor.py:183} INFO - Processing /home/airflow/.local/lib/python3.8/site-packages/airflow/example_dags/example_time_delta_sensor_async.py took 0.239 seconds
[2024-01-30T19:42:08.239+0000] {processor.py:161} INFO - Started process (PID=2830) to work on /home/airflow/.local/lib/python3.8/site-packages/airflow/example_dags/example_time_delta_sensor_async.py
[2024-01-30T19:42:08.243+0000] {processor.py:830} INFO - Processing file /home/airflow/.local/lib/python3.8/site-packages/airflow/example_dags/example_time_delta_sensor_async.py for tasks to queue
[2024-01-30T19:42:08.245+0000] {logging_mixin.py:188} INFO - [2024-01-30T19:42:08.245+0000] {dagbag.py:538} INFO - Filling up the DagBag from /home/airflow/.local/lib/python3.8/site-packages/airflow/example_dags/example_time_delta_sensor_async.py
[2024-01-30T19:42:08.252+0000] {processor.py:840} INFO - DAG(s) 'example_time_delta_sensor_async' retrieved from /home/airflow/.local/lib/python3.8/site-packages/airflow/example_dags/example_time_delta_sensor_async.py
[2024-01-30T19:42:08.294+0000] {logging_mixin.py:188} INFO - [2024-01-30T19:42:08.294+0000] {dag.py:3036} INFO - Sync 1 DAGs
[2024-01-30T19:42:08.316+0000] {logging_mixin.py:188} INFO - [2024-01-30T19:42:08.316+0000] {dag.py:3823} INFO - Setting next_dagrun for example_time_delta_sensor_async to None, run_after=None
[2024-01-30T19:42:08.360+0000] {processor.py:183} INFO - Processing /home/airflow/.local/lib/python3.8/site-packages/airflow/example_dags/example_time_delta_sensor_async.py took 0.128 seconds
[2024-01-30T19:43:32.481+0000] {processor.py:161} INFO - Started process (PID=3211) to work on /home/airflow/.local/lib/python3.8/site-packages/airflow/example_dags/example_time_delta_sensor_async.py
[2024-01-30T19:43:32.619+0000] {processor.py:830} INFO - Processing file /home/airflow/.local/lib/python3.8/site-packages/airflow/example_dags/example_time_delta_sensor_async.py for tasks to queue
[2024-01-30T19:43:32.633+0000] {logging_mixin.py:188} INFO - [2024-01-30T19:43:32.630+0000] {dagbag.py:538} INFO - Filling up the DagBag from /home/airflow/.local/lib/python3.8/site-packages/airflow/example_dags/example_time_delta_sensor_async.py
[2024-01-30T19:43:32.685+0000] {processor.py:840} INFO - DAG(s) 'example_time_delta_sensor_async' retrieved from /home/airflow/.local/lib/python3.8/site-packages/airflow/example_dags/example_time_delta_sensor_async.py
[2024-01-30T19:43:32.791+0000] {logging_mixin.py:188} INFO - [2024-01-30T19:43:32.790+0000] {dag.py:3036} INFO - Sync 1 DAGs
[2024-01-30T19:43:32.868+0000] {logging_mixin.py:188} INFO - [2024-01-30T19:43:32.865+0000] {dag.py:3823} INFO - Setting next_dagrun for example_time_delta_sensor_async to None, run_after=None
[2024-01-30T19:43:33.035+0000] {processor.py:183} INFO - Processing /home/airflow/.local/lib/python3.8/site-packages/airflow/example_dags/example_time_delta_sensor_async.py took 0.867 seconds
[2024-01-30T19:44:05.981+0000] {processor.py:161} INFO - Started process (PID=3466) to work on /home/airflow/.local/lib/python3.8/site-packages/airflow/example_dags/example_time_delta_sensor_async.py
[2024-01-30T19:44:06.079+0000] {processor.py:830} INFO - Processing file /home/airflow/.local/lib/python3.8/site-packages/airflow/example_dags/example_time_delta_sensor_async.py for tasks to queue
[2024-01-30T19:44:06.090+0000] {logging_mixin.py:188} INFO - [2024-01-30T19:44:06.089+0000] {dagbag.py:538} INFO - Filling up the DagBag from /home/airflow/.local/lib/python3.8/site-packages/airflow/example_dags/example_time_delta_sensor_async.py
[2024-01-30T19:44:06.112+0000] {processor.py:840} INFO - DAG(s) 'example_time_delta_sensor_async' retrieved from /home/airflow/.local/lib/python3.8/site-packages/airflow/example_dags/example_time_delta_sensor_async.py
[2024-01-30T19:44:06.317+0000] {logging_mixin.py:188} INFO - [2024-01-30T19:44:06.315+0000] {dag.py:3036} INFO - Sync 1 DAGs
[2024-01-30T19:44:06.680+0000] {logging_mixin.py:188} INFO - [2024-01-30T19:44:06.680+0000] {dag.py:3823} INFO - Setting next_dagrun for example_time_delta_sensor_async to None, run_after=None
[2024-01-30T19:44:06.963+0000] {processor.py:183} INFO - Processing /home/airflow/.local/lib/python3.8/site-packages/airflow/example_dags/example_time_delta_sensor_async.py took 0.987 seconds
[2024-01-30T19:45:09.123+0000] {processor.py:161} INFO - Started process (PID=3729) to work on /home/airflow/.local/lib/python3.8/site-packages/airflow/example_dags/example_time_delta_sensor_async.py
[2024-01-30T19:45:09.129+0000] {processor.py:830} INFO - Processing file /home/airflow/.local/lib/python3.8/site-packages/airflow/example_dags/example_time_delta_sensor_async.py for tasks to queue
[2024-01-30T19:45:09.155+0000] {logging_mixin.py:188} INFO - [2024-01-30T19:45:09.154+0000] {dagbag.py:538} INFO - Filling up the DagBag from /home/airflow/.local/lib/python3.8/site-packages/airflow/example_dags/example_time_delta_sensor_async.py
[2024-01-30T19:45:09.190+0000] {processor.py:840} INFO - DAG(s) 'example_time_delta_sensor_async' retrieved from /home/airflow/.local/lib/python3.8/site-packages/airflow/example_dags/example_time_delta_sensor_async.py
[2024-01-30T19:45:09.337+0000] {logging_mixin.py:188} INFO - [2024-01-30T19:45:09.336+0000] {dag.py:3036} INFO - Sync 1 DAGs
[2024-01-30T19:45:09.497+0000] {logging_mixin.py:188} INFO - [2024-01-30T19:45:09.497+0000] {dag.py:3823} INFO - Setting next_dagrun for example_time_delta_sensor_async to None, run_after=None
[2024-01-30T19:45:09.731+0000] {processor.py:183} INFO - Processing /home/airflow/.local/lib/python3.8/site-packages/airflow/example_dags/example_time_delta_sensor_async.py took 0.619 seconds
[2024-01-30T19:45:40.046+0000] {processor.py:161} INFO - Started process (PID=3976) to work on /home/airflow/.local/lib/python3.8/site-packages/airflow/example_dags/example_time_delta_sensor_async.py
[2024-01-30T19:45:40.048+0000] {processor.py:830} INFO - Processing file /home/airflow/.local/lib/python3.8/site-packages/airflow/example_dags/example_time_delta_sensor_async.py for tasks to queue
[2024-01-30T19:45:40.049+0000] {logging_mixin.py:188} INFO - [2024-01-30T19:45:40.049+0000] {dagbag.py:538} INFO - Filling up the DagBag from /home/airflow/.local/lib/python3.8/site-packages/airflow/example_dags/example_time_delta_sensor_async.py
[2024-01-30T19:45:40.056+0000] {processor.py:840} INFO - DAG(s) 'example_time_delta_sensor_async' retrieved from /home/airflow/.local/lib/python3.8/site-packages/airflow/example_dags/example_time_delta_sensor_async.py
[2024-01-30T19:45:40.084+0000] {logging_mixin.py:188} INFO - [2024-01-30T19:45:40.084+0000] {dag.py:3036} INFO - Sync 1 DAGs
[2024-01-30T19:45:40.104+0000] {logging_mixin.py:188} INFO - [2024-01-30T19:45:40.103+0000] {dag.py:3823} INFO - Setting next_dagrun for example_time_delta_sensor_async to None, run_after=None
[2024-01-30T19:45:40.140+0000] {processor.py:183} INFO - Processing /home/airflow/.local/lib/python3.8/site-packages/airflow/example_dags/example_time_delta_sensor_async.py took 0.098 seconds
