[2024-01-30T19:28:55.946+0000] {processor.py:161} INFO - Started process (PID=318) to work on /home/airflow/.local/lib/python3.8/site-packages/airflow/example_dags/example_bash_operator.py
[2024-01-30T19:28:55.949+0000] {processor.py:830} INFO - Processing file /home/airflow/.local/lib/python3.8/site-packages/airflow/example_dags/example_bash_operator.py for tasks to queue
[2024-01-30T19:28:55.962+0000] {logging_mixin.py:188} INFO - [2024-01-30T19:28:55.962+0000] {dagbag.py:538} INFO - Filling up the DagBag from /home/airflow/.local/lib/python3.8/site-packages/airflow/example_dags/example_bash_operator.py
[2024-01-30T19:28:56.102+0000] {processor.py:840} INFO - DAG(s) 'example_bash_operator' retrieved from /home/airflow/.local/lib/python3.8/site-packages/airflow/example_dags/example_bash_operator.py
[2024-01-30T19:28:57.983+0000] {logging_mixin.py:188} INFO - [2024-01-30T19:28:57.980+0000] {override.py:1769} INFO - Created Permission View: can edit on DAG:example_bash_operator
[2024-01-30T19:28:58.062+0000] {logging_mixin.py:188} INFO - [2024-01-30T19:28:58.061+0000] {override.py:1769} INFO - Created Permission View: can read on DAG:example_bash_operator
[2024-01-30T19:28:58.176+0000] {logging_mixin.py:188} INFO - [2024-01-30T19:28:58.172+0000] {override.py:1769} INFO - Created Permission View: can delete on DAG:example_bash_operator
[2024-01-30T19:28:58.185+0000] {logging_mixin.py:188} INFO - [2024-01-30T19:28:58.185+0000] {dag.py:3036} INFO - Sync 1 DAGs
[2024-01-30T19:28:58.497+0000] {logging_mixin.py:188} INFO - [2024-01-30T19:28:58.485+0000] {dag.py:3058} INFO - Creating ORM DAG for example_bash_operator
[2024-01-30T19:28:58.589+0000] {logging_mixin.py:188} INFO - [2024-01-30T19:28:58.589+0000] {dag.py:3823} INFO - Setting next_dagrun for example_bash_operator to 2024-01-29 00:00:00+00:00, run_after=2024-01-30 00:00:00+00:00
[2024-01-30T19:28:58.996+0000] {processor.py:183} INFO - Processing /home/airflow/.local/lib/python3.8/site-packages/airflow/example_dags/example_bash_operator.py took 3.068 seconds
[2024-01-30T19:36:41.419+0000] {processor.py:161} INFO - Started process (PID=275) to work on /home/airflow/.local/lib/python3.8/site-packages/airflow/example_dags/example_bash_operator.py
[2024-01-30T19:36:41.422+0000] {processor.py:830} INFO - Processing file /home/airflow/.local/lib/python3.8/site-packages/airflow/example_dags/example_bash_operator.py for tasks to queue
[2024-01-30T19:36:41.424+0000] {logging_mixin.py:188} INFO - [2024-01-30T19:36:41.423+0000] {dagbag.py:538} INFO - Filling up the DagBag from /home/airflow/.local/lib/python3.8/site-packages/airflow/example_dags/example_bash_operator.py
[2024-01-30T19:36:41.442+0000] {processor.py:840} INFO - DAG(s) 'example_bash_operator' retrieved from /home/airflow/.local/lib/python3.8/site-packages/airflow/example_dags/example_bash_operator.py
[2024-01-30T19:36:41.668+0000] {logging_mixin.py:188} INFO - [2024-01-30T19:36:41.667+0000] {dag.py:3036} INFO - Sync 1 DAGs
[2024-01-30T19:36:41.703+0000] {logging_mixin.py:188} INFO - [2024-01-30T19:36:41.702+0000] {dag.py:3823} INFO - Setting next_dagrun for example_bash_operator to 2024-01-29 00:00:00+00:00, run_after=2024-01-30 00:00:00+00:00
[2024-01-30T19:36:41.750+0000] {processor.py:183} INFO - Processing /home/airflow/.local/lib/python3.8/site-packages/airflow/example_dags/example_bash_operator.py took 0.334 seconds
[2024-01-30T19:37:12.265+0000] {processor.py:161} INFO - Started process (PID=522) to work on /home/airflow/.local/lib/python3.8/site-packages/airflow/example_dags/example_bash_operator.py
[2024-01-30T19:37:12.267+0000] {processor.py:830} INFO - Processing file /home/airflow/.local/lib/python3.8/site-packages/airflow/example_dags/example_bash_operator.py for tasks to queue
[2024-01-30T19:37:12.269+0000] {logging_mixin.py:188} INFO - [2024-01-30T19:37:12.269+0000] {dagbag.py:538} INFO - Filling up the DagBag from /home/airflow/.local/lib/python3.8/site-packages/airflow/example_dags/example_bash_operator.py
[2024-01-30T19:37:12.290+0000] {processor.py:840} INFO - DAG(s) 'example_bash_operator' retrieved from /home/airflow/.local/lib/python3.8/site-packages/airflow/example_dags/example_bash_operator.py
[2024-01-30T19:37:12.343+0000] {logging_mixin.py:188} INFO - [2024-01-30T19:37:12.342+0000] {dag.py:3036} INFO - Sync 1 DAGs
[2024-01-30T19:37:12.392+0000] {logging_mixin.py:188} INFO - [2024-01-30T19:37:12.391+0000] {dag.py:3823} INFO - Setting next_dagrun for example_bash_operator to 2024-01-29 00:00:00+00:00, run_after=2024-01-30 00:00:00+00:00
[2024-01-30T19:37:12.441+0000] {processor.py:183} INFO - Processing /home/airflow/.local/lib/python3.8/site-packages/airflow/example_dags/example_bash_operator.py took 0.181 seconds
[2024-01-30T19:37:42.576+0000] {processor.py:161} INFO - Started process (PID=771) to work on /home/airflow/.local/lib/python3.8/site-packages/airflow/example_dags/example_bash_operator.py
[2024-01-30T19:37:42.578+0000] {processor.py:830} INFO - Processing file /home/airflow/.local/lib/python3.8/site-packages/airflow/example_dags/example_bash_operator.py for tasks to queue
[2024-01-30T19:37:42.580+0000] {logging_mixin.py:188} INFO - [2024-01-30T19:37:42.579+0000] {dagbag.py:538} INFO - Filling up the DagBag from /home/airflow/.local/lib/python3.8/site-packages/airflow/example_dags/example_bash_operator.py
[2024-01-30T19:37:42.601+0000] {processor.py:840} INFO - DAG(s) 'example_bash_operator' retrieved from /home/airflow/.local/lib/python3.8/site-packages/airflow/example_dags/example_bash_operator.py
[2024-01-30T19:37:42.622+0000] {logging_mixin.py:188} INFO - [2024-01-30T19:37:42.622+0000] {dag.py:3036} INFO - Sync 1 DAGs
[2024-01-30T19:37:42.659+0000] {logging_mixin.py:188} INFO - [2024-01-30T19:37:42.659+0000] {dag.py:3823} INFO - Setting next_dagrun for example_bash_operator to 2024-01-29 00:00:00+00:00, run_after=2024-01-30 00:00:00+00:00
[2024-01-30T19:37:42.695+0000] {processor.py:183} INFO - Processing /home/airflow/.local/lib/python3.8/site-packages/airflow/example_dags/example_bash_operator.py took 0.124 seconds
[2024-01-30T19:38:20.250+0000] {processor.py:161} INFO - Started process (PID=1021) to work on /home/airflow/.local/lib/python3.8/site-packages/airflow/example_dags/example_bash_operator.py
[2024-01-30T19:38:20.254+0000] {processor.py:830} INFO - Processing file /home/airflow/.local/lib/python3.8/site-packages/airflow/example_dags/example_bash_operator.py for tasks to queue
[2024-01-30T19:38:20.265+0000] {logging_mixin.py:188} INFO - [2024-01-30T19:38:20.265+0000] {dagbag.py:538} INFO - Filling up the DagBag from /home/airflow/.local/lib/python3.8/site-packages/airflow/example_dags/example_bash_operator.py
[2024-01-30T19:38:20.300+0000] {processor.py:840} INFO - DAG(s) 'example_bash_operator' retrieved from /home/airflow/.local/lib/python3.8/site-packages/airflow/example_dags/example_bash_operator.py
[2024-01-30T19:38:20.678+0000] {logging_mixin.py:188} INFO - [2024-01-30T19:38:20.678+0000] {dag.py:3036} INFO - Sync 1 DAGs
[2024-01-30T19:38:20.871+0000] {logging_mixin.py:188} INFO - [2024-01-30T19:38:20.871+0000] {dag.py:3823} INFO - Setting next_dagrun for example_bash_operator to 2024-01-29 00:00:00+00:00, run_after=2024-01-30 00:00:00+00:00
[2024-01-30T19:38:21.085+0000] {processor.py:183} INFO - Processing /home/airflow/.local/lib/python3.8/site-packages/airflow/example_dags/example_bash_operator.py took 0.841 seconds
[2024-01-30T19:38:51.637+0000] {processor.py:161} INFO - Started process (PID=1271) to work on /home/airflow/.local/lib/python3.8/site-packages/airflow/example_dags/example_bash_operator.py
[2024-01-30T19:38:51.639+0000] {processor.py:830} INFO - Processing file /home/airflow/.local/lib/python3.8/site-packages/airflow/example_dags/example_bash_operator.py for tasks to queue
[2024-01-30T19:38:51.640+0000] {logging_mixin.py:188} INFO - [2024-01-30T19:38:51.640+0000] {dagbag.py:538} INFO - Filling up the DagBag from /home/airflow/.local/lib/python3.8/site-packages/airflow/example_dags/example_bash_operator.py
[2024-01-30T19:38:51.652+0000] {processor.py:840} INFO - DAG(s) 'example_bash_operator' retrieved from /home/airflow/.local/lib/python3.8/site-packages/airflow/example_dags/example_bash_operator.py
[2024-01-30T19:38:51.689+0000] {logging_mixin.py:188} INFO - [2024-01-30T19:38:51.688+0000] {dag.py:3036} INFO - Sync 1 DAGs
[2024-01-30T19:38:51.722+0000] {logging_mixin.py:188} INFO - [2024-01-30T19:38:51.722+0000] {dag.py:3823} INFO - Setting next_dagrun for example_bash_operator to 2024-01-29 00:00:00+00:00, run_after=2024-01-30 00:00:00+00:00
[2024-01-30T19:38:51.758+0000] {processor.py:183} INFO - Processing /home/airflow/.local/lib/python3.8/site-packages/airflow/example_dags/example_bash_operator.py took 0.124 seconds
[2024-01-30T19:39:22.134+0000] {processor.py:161} INFO - Started process (PID=1522) to work on /home/airflow/.local/lib/python3.8/site-packages/airflow/example_dags/example_bash_operator.py
[2024-01-30T19:39:22.136+0000] {processor.py:830} INFO - Processing file /home/airflow/.local/lib/python3.8/site-packages/airflow/example_dags/example_bash_operator.py for tasks to queue
[2024-01-30T19:39:22.137+0000] {logging_mixin.py:188} INFO - [2024-01-30T19:39:22.137+0000] {dagbag.py:538} INFO - Filling up the DagBag from /home/airflow/.local/lib/python3.8/site-packages/airflow/example_dags/example_bash_operator.py
[2024-01-30T19:39:22.152+0000] {processor.py:840} INFO - DAG(s) 'example_bash_operator' retrieved from /home/airflow/.local/lib/python3.8/site-packages/airflow/example_dags/example_bash_operator.py
[2024-01-30T19:39:22.198+0000] {logging_mixin.py:188} INFO - [2024-01-30T19:39:22.198+0000] {dag.py:3036} INFO - Sync 1 DAGs
[2024-01-30T19:39:22.238+0000] {logging_mixin.py:188} INFO - [2024-01-30T19:39:22.238+0000] {dag.py:3823} INFO - Setting next_dagrun for example_bash_operator to 2024-01-29 00:00:00+00:00, run_after=2024-01-30 00:00:00+00:00
[2024-01-30T19:39:22.299+0000] {processor.py:183} INFO - Processing /home/airflow/.local/lib/python3.8/site-packages/airflow/example_dags/example_bash_operator.py took 0.168 seconds
[2024-01-30T19:39:52.506+0000] {processor.py:161} INFO - Started process (PID=1769) to work on /home/airflow/.local/lib/python3.8/site-packages/airflow/example_dags/example_bash_operator.py
[2024-01-30T19:39:52.510+0000] {processor.py:830} INFO - Processing file /home/airflow/.local/lib/python3.8/site-packages/airflow/example_dags/example_bash_operator.py for tasks to queue
[2024-01-30T19:39:52.516+0000] {logging_mixin.py:188} INFO - [2024-01-30T19:39:52.516+0000] {dagbag.py:538} INFO - Filling up the DagBag from /home/airflow/.local/lib/python3.8/site-packages/airflow/example_dags/example_bash_operator.py
[2024-01-30T19:39:52.544+0000] {processor.py:840} INFO - DAG(s) 'example_bash_operator' retrieved from /home/airflow/.local/lib/python3.8/site-packages/airflow/example_dags/example_bash_operator.py
[2024-01-30T19:39:52.635+0000] {logging_mixin.py:188} INFO - [2024-01-30T19:39:52.634+0000] {dag.py:3036} INFO - Sync 1 DAGs
[2024-01-30T19:39:52.692+0000] {logging_mixin.py:188} INFO - [2024-01-30T19:39:52.691+0000] {dag.py:3823} INFO - Setting next_dagrun for example_bash_operator to 2024-01-29 00:00:00+00:00, run_after=2024-01-30 00:00:00+00:00
[2024-01-30T19:39:52.754+0000] {processor.py:183} INFO - Processing /home/airflow/.local/lib/python3.8/site-packages/airflow/example_dags/example_bash_operator.py took 0.252 seconds
[2024-01-30T19:40:23.265+0000] {processor.py:161} INFO - Started process (PID=2017) to work on /home/airflow/.local/lib/python3.8/site-packages/airflow/example_dags/example_bash_operator.py
[2024-01-30T19:40:23.268+0000] {processor.py:830} INFO - Processing file /home/airflow/.local/lib/python3.8/site-packages/airflow/example_dags/example_bash_operator.py for tasks to queue
[2024-01-30T19:40:23.271+0000] {logging_mixin.py:188} INFO - [2024-01-30T19:40:23.270+0000] {dagbag.py:538} INFO - Filling up the DagBag from /home/airflow/.local/lib/python3.8/site-packages/airflow/example_dags/example_bash_operator.py
[2024-01-30T19:40:23.310+0000] {processor.py:840} INFO - DAG(s) 'example_bash_operator' retrieved from /home/airflow/.local/lib/python3.8/site-packages/airflow/example_dags/example_bash_operator.py
[2024-01-30T19:40:23.384+0000] {logging_mixin.py:188} INFO - [2024-01-30T19:40:23.384+0000] {dag.py:3036} INFO - Sync 1 DAGs
[2024-01-30T19:40:23.438+0000] {logging_mixin.py:188} INFO - [2024-01-30T19:40:23.438+0000] {dag.py:3823} INFO - Setting next_dagrun for example_bash_operator to 2024-01-29 00:00:00+00:00, run_after=2024-01-30 00:00:00+00:00
[2024-01-30T19:40:23.499+0000] {processor.py:183} INFO - Processing /home/airflow/.local/lib/python3.8/site-packages/airflow/example_dags/example_bash_operator.py took 0.242 seconds
[2024-01-30T19:40:56.107+0000] {processor.py:161} INFO - Started process (PID=2262) to work on /home/airflow/.local/lib/python3.8/site-packages/airflow/example_dags/example_bash_operator.py
[2024-01-30T19:40:56.113+0000] {processor.py:830} INFO - Processing file /home/airflow/.local/lib/python3.8/site-packages/airflow/example_dags/example_bash_operator.py for tasks to queue
[2024-01-30T19:40:56.116+0000] {logging_mixin.py:188} INFO - [2024-01-30T19:40:56.115+0000] {dagbag.py:538} INFO - Filling up the DagBag from /home/airflow/.local/lib/python3.8/site-packages/airflow/example_dags/example_bash_operator.py
[2024-01-30T19:40:56.142+0000] {processor.py:840} INFO - DAG(s) 'example_bash_operator' retrieved from /home/airflow/.local/lib/python3.8/site-packages/airflow/example_dags/example_bash_operator.py
[2024-01-30T19:40:56.238+0000] {logging_mixin.py:188} INFO - [2024-01-30T19:40:56.237+0000] {dag.py:3036} INFO - Sync 1 DAGs
[2024-01-30T19:40:56.303+0000] {logging_mixin.py:188} INFO - [2024-01-30T19:40:56.303+0000] {dag.py:3823} INFO - Setting next_dagrun for example_bash_operator to 2024-01-29 00:00:00+00:00, run_after=2024-01-30 00:00:00+00:00
[2024-01-30T19:40:56.388+0000] {processor.py:183} INFO - Processing /home/airflow/.local/lib/python3.8/site-packages/airflow/example_dags/example_bash_operator.py took 0.287 seconds
[2024-01-30T19:41:28.622+0000] {processor.py:161} INFO - Started process (PID=2509) to work on /home/airflow/.local/lib/python3.8/site-packages/airflow/example_dags/example_bash_operator.py
[2024-01-30T19:41:28.664+0000] {processor.py:830} INFO - Processing file /home/airflow/.local/lib/python3.8/site-packages/airflow/example_dags/example_bash_operator.py for tasks to queue
[2024-01-30T19:41:28.672+0000] {logging_mixin.py:188} INFO - [2024-01-30T19:41:28.671+0000] {dagbag.py:538} INFO - Filling up the DagBag from /home/airflow/.local/lib/python3.8/site-packages/airflow/example_dags/example_bash_operator.py
[2024-01-30T19:41:28.714+0000] {processor.py:840} INFO - DAG(s) 'example_bash_operator' retrieved from /home/airflow/.local/lib/python3.8/site-packages/airflow/example_dags/example_bash_operator.py
[2024-01-30T19:41:28.814+0000] {logging_mixin.py:188} INFO - [2024-01-30T19:41:28.813+0000] {dag.py:3036} INFO - Sync 1 DAGs
[2024-01-30T19:41:28.883+0000] {logging_mixin.py:188} INFO - [2024-01-30T19:41:28.883+0000] {dag.py:3823} INFO - Setting next_dagrun for example_bash_operator to 2024-01-29 00:00:00+00:00, run_after=2024-01-30 00:00:00+00:00
[2024-01-30T19:41:28.974+0000] {processor.py:183} INFO - Processing /home/airflow/.local/lib/python3.8/site-packages/airflow/example_dags/example_bash_operator.py took 0.359 seconds
[2024-01-30T19:41:59.693+0000] {processor.py:161} INFO - Started process (PID=2752) to work on /home/airflow/.local/lib/python3.8/site-packages/airflow/example_dags/example_bash_operator.py
[2024-01-30T19:41:59.698+0000] {processor.py:830} INFO - Processing file /home/airflow/.local/lib/python3.8/site-packages/airflow/example_dags/example_bash_operator.py for tasks to queue
[2024-01-30T19:41:59.701+0000] {logging_mixin.py:188} INFO - [2024-01-30T19:41:59.700+0000] {dagbag.py:538} INFO - Filling up the DagBag from /home/airflow/.local/lib/python3.8/site-packages/airflow/example_dags/example_bash_operator.py
[2024-01-30T19:41:59.732+0000] {processor.py:840} INFO - DAG(s) 'example_bash_operator' retrieved from /home/airflow/.local/lib/python3.8/site-packages/airflow/example_dags/example_bash_operator.py
[2024-01-30T19:41:59.891+0000] {logging_mixin.py:188} INFO - [2024-01-30T19:41:59.890+0000] {dag.py:3036} INFO - Sync 1 DAGs
[2024-01-30T19:41:59.995+0000] {logging_mixin.py:188} INFO - [2024-01-30T19:41:59.995+0000] {dag.py:3823} INFO - Setting next_dagrun for example_bash_operator to 2024-01-29 00:00:00+00:00, run_after=2024-01-30 00:00:00+00:00
[2024-01-30T19:42:00.136+0000] {processor.py:183} INFO - Processing /home/airflow/.local/lib/python3.8/site-packages/airflow/example_dags/example_bash_operator.py took 0.453 seconds
[2024-01-30T19:42:31.067+0000] {processor.py:161} INFO - Started process (PID=3004) to work on /home/airflow/.local/lib/python3.8/site-packages/airflow/example_dags/example_bash_operator.py
[2024-01-30T19:42:31.080+0000] {processor.py:830} INFO - Processing file /home/airflow/.local/lib/python3.8/site-packages/airflow/example_dags/example_bash_operator.py for tasks to queue
[2024-01-30T19:42:31.084+0000] {logging_mixin.py:188} INFO - [2024-01-30T19:42:31.083+0000] {dagbag.py:538} INFO - Filling up the DagBag from /home/airflow/.local/lib/python3.8/site-packages/airflow/example_dags/example_bash_operator.py
[2024-01-30T19:42:31.129+0000] {processor.py:840} INFO - DAG(s) 'example_bash_operator' retrieved from /home/airflow/.local/lib/python3.8/site-packages/airflow/example_dags/example_bash_operator.py
[2024-01-30T19:42:31.337+0000] {logging_mixin.py:188} INFO - [2024-01-30T19:42:31.336+0000] {dag.py:3036} INFO - Sync 1 DAGs
[2024-01-30T19:42:31.881+0000] {logging_mixin.py:188} INFO - [2024-01-30T19:42:31.880+0000] {dag.py:3823} INFO - Setting next_dagrun for example_bash_operator to 2024-01-30 00:00:00+00:00, run_after=2024-01-31 00:00:00+00:00
[2024-01-30T19:42:32.313+0000] {processor.py:183} INFO - Processing /home/airflow/.local/lib/python3.8/site-packages/airflow/example_dags/example_bash_operator.py took 1.253 seconds
[2024-01-30T19:43:43.163+0000] {processor.py:161} INFO - Started process (PID=3271) to work on /home/airflow/.local/lib/python3.8/site-packages/airflow/example_dags/example_bash_operator.py
[2024-01-30T19:43:43.169+0000] {processor.py:830} INFO - Processing file /home/airflow/.local/lib/python3.8/site-packages/airflow/example_dags/example_bash_operator.py for tasks to queue
[2024-01-30T19:43:43.174+0000] {logging_mixin.py:188} INFO - [2024-01-30T19:43:43.173+0000] {dagbag.py:538} INFO - Filling up the DagBag from /home/airflow/.local/lib/python3.8/site-packages/airflow/example_dags/example_bash_operator.py
[2024-01-30T19:43:43.211+0000] {processor.py:840} INFO - DAG(s) 'example_bash_operator' retrieved from /home/airflow/.local/lib/python3.8/site-packages/airflow/example_dags/example_bash_operator.py
[2024-01-30T19:43:43.787+0000] {logging_mixin.py:188} INFO - [2024-01-30T19:43:43.786+0000] {dag.py:3036} INFO - Sync 1 DAGs
[2024-01-30T19:43:44.152+0000] {logging_mixin.py:188} INFO - [2024-01-30T19:43:44.152+0000] {dag.py:3823} INFO - Setting next_dagrun for example_bash_operator to 2024-01-30 00:00:00+00:00, run_after=2024-01-31 00:00:00+00:00
[2024-01-30T19:43:44.293+0000] {processor.py:183} INFO - Processing /home/airflow/.local/lib/python3.8/site-packages/airflow/example_dags/example_bash_operator.py took 1.138 seconds
[2024-01-30T19:44:25.936+0000] {processor.py:161} INFO - Started process (PID=3528) to work on /home/airflow/.local/lib/python3.8/site-packages/airflow/example_dags/example_bash_operator.py
[2024-01-30T19:44:26.048+0000] {processor.py:830} INFO - Processing file /home/airflow/.local/lib/python3.8/site-packages/airflow/example_dags/example_bash_operator.py for tasks to queue
[2024-01-30T19:44:26.052+0000] {logging_mixin.py:188} INFO - [2024-01-30T19:44:26.051+0000] {dagbag.py:538} INFO - Filling up the DagBag from /home/airflow/.local/lib/python3.8/site-packages/airflow/example_dags/example_bash_operator.py
[2024-01-30T19:44:29.335+0000] {processor.py:840} INFO - DAG(s) 'example_bash_operator' retrieved from /home/airflow/.local/lib/python3.8/site-packages/airflow/example_dags/example_bash_operator.py
[2024-01-30T19:44:30.951+0000] {logging_mixin.py:188} INFO - [2024-01-30T19:44:30.950+0000] {dag.py:3036} INFO - Sync 1 DAGs
[2024-01-30T19:44:31.889+0000] {logging_mixin.py:188} INFO - [2024-01-30T19:44:31.888+0000] {dag.py:3823} INFO - Setting next_dagrun for example_bash_operator to 2024-01-30 00:00:00+00:00, run_after=2024-01-31 00:00:00+00:00
[2024-01-30T19:44:32.369+0000] {processor.py:183} INFO - Processing /home/airflow/.local/lib/python3.8/site-packages/airflow/example_dags/example_bash_operator.py took 6.441 seconds
[2024-01-30T19:45:31.350+0000] {processor.py:161} INFO - Started process (PID=3839) to work on /home/airflow/.local/lib/python3.8/site-packages/airflow/example_dags/example_bash_operator.py
[2024-01-30T19:45:31.367+0000] {processor.py:830} INFO - Processing file /home/airflow/.local/lib/python3.8/site-packages/airflow/example_dags/example_bash_operator.py for tasks to queue
[2024-01-30T19:45:31.369+0000] {logging_mixin.py:188} INFO - [2024-01-30T19:45:31.368+0000] {dagbag.py:538} INFO - Filling up the DagBag from /home/airflow/.local/lib/python3.8/site-packages/airflow/example_dags/example_bash_operator.py
[2024-01-30T19:45:31.416+0000] {processor.py:840} INFO - DAG(s) 'example_bash_operator' retrieved from /home/airflow/.local/lib/python3.8/site-packages/airflow/example_dags/example_bash_operator.py
[2024-01-30T19:45:31.528+0000] {logging_mixin.py:188} INFO - [2024-01-30T19:45:31.528+0000] {dag.py:3036} INFO - Sync 1 DAGs
[2024-01-30T19:45:31.586+0000] {logging_mixin.py:188} INFO - [2024-01-30T19:45:31.584+0000] {dag.py:3823} INFO - Setting next_dagrun for example_bash_operator to 2024-01-30 00:00:00+00:00, run_after=2024-01-31 00:00:00+00:00
[2024-01-30T19:45:31.654+0000] {processor.py:183} INFO - Processing /home/airflow/.local/lib/python3.8/site-packages/airflow/example_dags/example_bash_operator.py took 0.309 seconds
