[2024-01-30T19:28:57.614+0000] {processor.py:161} INFO - Started process (PID=323) to work on /home/airflow/.local/lib/python3.8/site-packages/airflow/example_dags/example_branch_python_dop_operator_3.py
[2024-01-30T19:28:57.626+0000] {processor.py:830} INFO - Processing file /home/airflow/.local/lib/python3.8/site-packages/airflow/example_dags/example_branch_python_dop_operator_3.py for tasks to queue
[2024-01-30T19:28:57.631+0000] {logging_mixin.py:188} INFO - [2024-01-30T19:28:57.630+0000] {dagbag.py:538} INFO - Filling up the DagBag from /home/airflow/.local/lib/python3.8/site-packages/airflow/example_dags/example_branch_python_dop_operator_3.py
[2024-01-30T19:28:57.670+0000] {processor.py:840} INFO - DAG(s) 'example_branch_dop_operator_v3' retrieved from /home/airflow/.local/lib/python3.8/site-packages/airflow/example_dags/example_branch_python_dop_operator_3.py
[2024-01-30T19:28:59.756+0000] {logging_mixin.py:188} INFO - [2024-01-30T19:28:59.741+0000] {override.py:1769} INFO - Created Permission View: can edit on DAG:example_branch_dop_operator_v3
[2024-01-30T19:28:59.849+0000] {logging_mixin.py:188} INFO - [2024-01-30T19:28:59.848+0000] {override.py:1769} INFO - Created Permission View: can read on DAG:example_branch_dop_operator_v3
[2024-01-30T19:28:59.966+0000] {logging_mixin.py:188} INFO - [2024-01-30T19:28:59.965+0000] {override.py:1769} INFO - Created Permission View: can delete on DAG:example_branch_dop_operator_v3
[2024-01-30T19:29:00.007+0000] {logging_mixin.py:188} INFO - [2024-01-30T19:29:00.007+0000] {dag.py:3036} INFO - Sync 1 DAGs
[2024-01-30T19:29:00.056+0000] {logging_mixin.py:188} INFO - [2024-01-30T19:29:00.055+0000] {dag.py:3058} INFO - Creating ORM DAG for example_branch_dop_operator_v3
[2024-01-30T19:29:00.344+0000] {logging_mixin.py:188} INFO - [2024-01-30T19:29:00.343+0000] {dag.py:3823} INFO - Setting next_dagrun for example_branch_dop_operator_v3 to 2024-01-30 19:28:00+00:00, run_after=2024-01-30 19:29:00+00:00
[2024-01-30T19:29:01.038+0000] {processor.py:183} INFO - Processing /home/airflow/.local/lib/python3.8/site-packages/airflow/example_dags/example_branch_python_dop_operator_3.py took 3.438 seconds
[2024-01-30T19:36:41.503+0000] {processor.py:161} INFO - Started process (PID=280) to work on /home/airflow/.local/lib/python3.8/site-packages/airflow/example_dags/example_branch_python_dop_operator_3.py
[2024-01-30T19:36:41.505+0000] {processor.py:830} INFO - Processing file /home/airflow/.local/lib/python3.8/site-packages/airflow/example_dags/example_branch_python_dop_operator_3.py for tasks to queue
[2024-01-30T19:36:41.507+0000] {logging_mixin.py:188} INFO - [2024-01-30T19:36:41.507+0000] {dagbag.py:538} INFO - Filling up the DagBag from /home/airflow/.local/lib/python3.8/site-packages/airflow/example_dags/example_branch_python_dop_operator_3.py
[2024-01-30T19:36:41.530+0000] {processor.py:840} INFO - DAG(s) 'example_branch_dop_operator_v3' retrieved from /home/airflow/.local/lib/python3.8/site-packages/airflow/example_dags/example_branch_python_dop_operator_3.py
[2024-01-30T19:36:41.727+0000] {logging_mixin.py:188} INFO - [2024-01-30T19:36:41.727+0000] {dag.py:3036} INFO - Sync 1 DAGs
[2024-01-30T19:36:41.777+0000] {logging_mixin.py:188} INFO - [2024-01-30T19:36:41.777+0000] {dag.py:3823} INFO - Setting next_dagrun for example_branch_dop_operator_v3 to 2024-01-30 19:35:00+00:00, run_after=2024-01-30 19:36:00+00:00
[2024-01-30T19:36:41.832+0000] {processor.py:183} INFO - Processing /home/airflow/.local/lib/python3.8/site-packages/airflow/example_dags/example_branch_python_dop_operator_3.py took 0.335 seconds
[2024-01-30T19:37:12.361+0000] {processor.py:161} INFO - Started process (PID=527) to work on /home/airflow/.local/lib/python3.8/site-packages/airflow/example_dags/example_branch_python_dop_operator_3.py
[2024-01-30T19:37:12.364+0000] {processor.py:830} INFO - Processing file /home/airflow/.local/lib/python3.8/site-packages/airflow/example_dags/example_branch_python_dop_operator_3.py for tasks to queue
[2024-01-30T19:37:12.366+0000] {logging_mixin.py:188} INFO - [2024-01-30T19:37:12.366+0000] {dagbag.py:538} INFO - Filling up the DagBag from /home/airflow/.local/lib/python3.8/site-packages/airflow/example_dags/example_branch_python_dop_operator_3.py
[2024-01-30T19:37:12.381+0000] {processor.py:840} INFO - DAG(s) 'example_branch_dop_operator_v3' retrieved from /home/airflow/.local/lib/python3.8/site-packages/airflow/example_dags/example_branch_python_dop_operator_3.py
[2024-01-30T19:37:12.422+0000] {logging_mixin.py:188} INFO - [2024-01-30T19:37:12.422+0000] {dag.py:3036} INFO - Sync 1 DAGs
[2024-01-30T19:37:12.466+0000] {logging_mixin.py:188} INFO - [2024-01-30T19:37:12.466+0000] {dag.py:3823} INFO - Setting next_dagrun for example_branch_dop_operator_v3 to 2024-01-30 19:36:00+00:00, run_after=2024-01-30 19:37:00+00:00
[2024-01-30T19:37:12.513+0000] {processor.py:183} INFO - Processing /home/airflow/.local/lib/python3.8/site-packages/airflow/example_dags/example_branch_python_dop_operator_3.py took 0.158 seconds
[2024-01-30T19:37:42.576+0000] {processor.py:161} INFO - Started process (PID=774) to work on /home/airflow/.local/lib/python3.8/site-packages/airflow/example_dags/example_branch_python_dop_operator_3.py
[2024-01-30T19:37:42.578+0000] {processor.py:830} INFO - Processing file /home/airflow/.local/lib/python3.8/site-packages/airflow/example_dags/example_branch_python_dop_operator_3.py for tasks to queue
[2024-01-30T19:37:42.580+0000] {logging_mixin.py:188} INFO - [2024-01-30T19:37:42.579+0000] {dagbag.py:538} INFO - Filling up the DagBag from /home/airflow/.local/lib/python3.8/site-packages/airflow/example_dags/example_branch_python_dop_operator_3.py
[2024-01-30T19:37:42.597+0000] {processor.py:840} INFO - DAG(s) 'example_branch_dop_operator_v3' retrieved from /home/airflow/.local/lib/python3.8/site-packages/airflow/example_dags/example_branch_python_dop_operator_3.py
[2024-01-30T19:37:42.620+0000] {logging_mixin.py:188} INFO - [2024-01-30T19:37:42.620+0000] {dag.py:3036} INFO - Sync 1 DAGs
[2024-01-30T19:37:42.662+0000] {logging_mixin.py:188} INFO - [2024-01-30T19:37:42.662+0000] {dag.py:3823} INFO - Setting next_dagrun for example_branch_dop_operator_v3 to 2024-01-30 19:36:00+00:00, run_after=2024-01-30 19:37:00+00:00
[2024-01-30T19:37:42.701+0000] {processor.py:183} INFO - Processing /home/airflow/.local/lib/python3.8/site-packages/airflow/example_dags/example_branch_python_dop_operator_3.py took 0.129 seconds
[2024-01-30T19:38:20.659+0000] {processor.py:161} INFO - Started process (PID=1026) to work on /home/airflow/.local/lib/python3.8/site-packages/airflow/example_dags/example_branch_python_dop_operator_3.py
[2024-01-30T19:38:20.661+0000] {processor.py:830} INFO - Processing file /home/airflow/.local/lib/python3.8/site-packages/airflow/example_dags/example_branch_python_dop_operator_3.py for tasks to queue
[2024-01-30T19:38:20.666+0000] {logging_mixin.py:188} INFO - [2024-01-30T19:38:20.664+0000] {dagbag.py:538} INFO - Filling up the DagBag from /home/airflow/.local/lib/python3.8/site-packages/airflow/example_dags/example_branch_python_dop_operator_3.py
[2024-01-30T19:38:20.691+0000] {processor.py:840} INFO - DAG(s) 'example_branch_dop_operator_v3' retrieved from /home/airflow/.local/lib/python3.8/site-packages/airflow/example_dags/example_branch_python_dop_operator_3.py
[2024-01-30T19:38:21.437+0000] {logging_mixin.py:188} INFO - [2024-01-30T19:38:21.436+0000] {dag.py:3036} INFO - Sync 1 DAGs
[2024-01-30T19:38:21.573+0000] {logging_mixin.py:188} INFO - [2024-01-30T19:38:21.573+0000] {dag.py:3823} INFO - Setting next_dagrun for example_branch_dop_operator_v3 to 2024-01-30 19:37:00+00:00, run_after=2024-01-30 19:38:00+00:00
[2024-01-30T19:38:21.766+0000] {processor.py:183} INFO - Processing /home/airflow/.local/lib/python3.8/site-packages/airflow/example_dags/example_branch_python_dop_operator_3.py took 1.113 seconds
[2024-01-30T19:38:52.716+0000] {processor.py:161} INFO - Started process (PID=1276) to work on /home/airflow/.local/lib/python3.8/site-packages/airflow/example_dags/example_branch_python_dop_operator_3.py
[2024-01-30T19:38:52.718+0000] {processor.py:830} INFO - Processing file /home/airflow/.local/lib/python3.8/site-packages/airflow/example_dags/example_branch_python_dop_operator_3.py for tasks to queue
[2024-01-30T19:38:52.721+0000] {logging_mixin.py:188} INFO - [2024-01-30T19:38:52.720+0000] {dagbag.py:538} INFO - Filling up the DagBag from /home/airflow/.local/lib/python3.8/site-packages/airflow/example_dags/example_branch_python_dop_operator_3.py
[2024-01-30T19:38:52.749+0000] {processor.py:840} INFO - DAG(s) 'example_branch_dop_operator_v3' retrieved from /home/airflow/.local/lib/python3.8/site-packages/airflow/example_dags/example_branch_python_dop_operator_3.py
[2024-01-30T19:38:52.844+0000] {logging_mixin.py:188} INFO - [2024-01-30T19:38:52.843+0000] {dag.py:3036} INFO - Sync 1 DAGs
[2024-01-30T19:38:52.891+0000] {logging_mixin.py:188} INFO - [2024-01-30T19:38:52.891+0000] {dag.py:3823} INFO - Setting next_dagrun for example_branch_dop_operator_v3 to 2024-01-30 19:37:00+00:00, run_after=2024-01-30 19:38:00+00:00
[2024-01-30T19:38:52.943+0000] {processor.py:183} INFO - Processing /home/airflow/.local/lib/python3.8/site-packages/airflow/example_dags/example_branch_python_dop_operator_3.py took 0.231 seconds
[2024-01-30T19:39:23.305+0000] {processor.py:161} INFO - Started process (PID=1527) to work on /home/airflow/.local/lib/python3.8/site-packages/airflow/example_dags/example_branch_python_dop_operator_3.py
[2024-01-30T19:39:23.311+0000] {processor.py:830} INFO - Processing file /home/airflow/.local/lib/python3.8/site-packages/airflow/example_dags/example_branch_python_dop_operator_3.py for tasks to queue
[2024-01-30T19:39:23.315+0000] {logging_mixin.py:188} INFO - [2024-01-30T19:39:23.314+0000] {dagbag.py:538} INFO - Filling up the DagBag from /home/airflow/.local/lib/python3.8/site-packages/airflow/example_dags/example_branch_python_dop_operator_3.py
[2024-01-30T19:39:23.340+0000] {processor.py:840} INFO - DAG(s) 'example_branch_dop_operator_v3' retrieved from /home/airflow/.local/lib/python3.8/site-packages/airflow/example_dags/example_branch_python_dop_operator_3.py
[2024-01-30T19:39:23.383+0000] {logging_mixin.py:188} INFO - [2024-01-30T19:39:23.380+0000] {dag.py:3036} INFO - Sync 1 DAGs
[2024-01-30T19:39:23.447+0000] {logging_mixin.py:188} INFO - [2024-01-30T19:39:23.446+0000] {dag.py:3823} INFO - Setting next_dagrun for example_branch_dop_operator_v3 to 2024-01-30 19:38:00+00:00, run_after=2024-01-30 19:39:00+00:00
[2024-01-30T19:39:23.503+0000] {processor.py:183} INFO - Processing /home/airflow/.local/lib/python3.8/site-packages/airflow/example_dags/example_branch_python_dop_operator_3.py took 0.202 seconds
[2024-01-30T19:39:53.986+0000] {processor.py:161} INFO - Started process (PID=1774) to work on /home/airflow/.local/lib/python3.8/site-packages/airflow/example_dags/example_branch_python_dop_operator_3.py
[2024-01-30T19:39:53.990+0000] {processor.py:830} INFO - Processing file /home/airflow/.local/lib/python3.8/site-packages/airflow/example_dags/example_branch_python_dop_operator_3.py for tasks to queue
[2024-01-30T19:39:53.993+0000] {logging_mixin.py:188} INFO - [2024-01-30T19:39:53.993+0000] {dagbag.py:538} INFO - Filling up the DagBag from /home/airflow/.local/lib/python3.8/site-packages/airflow/example_dags/example_branch_python_dop_operator_3.py
[2024-01-30T19:39:54.034+0000] {processor.py:840} INFO - DAG(s) 'example_branch_dop_operator_v3' retrieved from /home/airflow/.local/lib/python3.8/site-packages/airflow/example_dags/example_branch_python_dop_operator_3.py
[2024-01-30T19:39:54.121+0000] {logging_mixin.py:188} INFO - [2024-01-30T19:39:54.121+0000] {dag.py:3036} INFO - Sync 1 DAGs
[2024-01-30T19:39:54.205+0000] {logging_mixin.py:188} INFO - [2024-01-30T19:39:54.204+0000] {dag.py:3823} INFO - Setting next_dagrun for example_branch_dop_operator_v3 to 2024-01-30 19:38:00+00:00, run_after=2024-01-30 19:39:00+00:00
[2024-01-30T19:39:54.309+0000] {processor.py:183} INFO - Processing /home/airflow/.local/lib/python3.8/site-packages/airflow/example_dags/example_branch_python_dop_operator_3.py took 0.328 seconds
[2024-01-30T19:40:24.773+0000] {processor.py:161} INFO - Started process (PID=2022) to work on /home/airflow/.local/lib/python3.8/site-packages/airflow/example_dags/example_branch_python_dop_operator_3.py
[2024-01-30T19:40:24.780+0000] {processor.py:830} INFO - Processing file /home/airflow/.local/lib/python3.8/site-packages/airflow/example_dags/example_branch_python_dop_operator_3.py for tasks to queue
[2024-01-30T19:40:24.783+0000] {logging_mixin.py:188} INFO - [2024-01-30T19:40:24.783+0000] {dagbag.py:538} INFO - Filling up the DagBag from /home/airflow/.local/lib/python3.8/site-packages/airflow/example_dags/example_branch_python_dop_operator_3.py
[2024-01-30T19:40:24.805+0000] {processor.py:840} INFO - DAG(s) 'example_branch_dop_operator_v3' retrieved from /home/airflow/.local/lib/python3.8/site-packages/airflow/example_dags/example_branch_python_dop_operator_3.py
[2024-01-30T19:40:25.045+0000] {logging_mixin.py:188} INFO - [2024-01-30T19:40:25.044+0000] {dag.py:3036} INFO - Sync 1 DAGs
[2024-01-30T19:40:25.423+0000] {logging_mixin.py:188} INFO - [2024-01-30T19:40:25.422+0000] {dag.py:3823} INFO - Setting next_dagrun for example_branch_dop_operator_v3 to 2024-01-30 19:39:00+00:00, run_after=2024-01-30 19:40:00+00:00
[2024-01-30T19:40:25.565+0000] {processor.py:183} INFO - Processing /home/airflow/.local/lib/python3.8/site-packages/airflow/example_dags/example_branch_python_dop_operator_3.py took 0.797 seconds
[2024-01-30T19:40:56.485+0000] {processor.py:161} INFO - Started process (PID=2267) to work on /home/airflow/.local/lib/python3.8/site-packages/airflow/example_dags/example_branch_python_dop_operator_3.py
[2024-01-30T19:40:56.488+0000] {processor.py:830} INFO - Processing file /home/airflow/.local/lib/python3.8/site-packages/airflow/example_dags/example_branch_python_dop_operator_3.py for tasks to queue
[2024-01-30T19:40:56.491+0000] {logging_mixin.py:188} INFO - [2024-01-30T19:40:56.490+0000] {dagbag.py:538} INFO - Filling up the DagBag from /home/airflow/.local/lib/python3.8/site-packages/airflow/example_dags/example_branch_python_dop_operator_3.py
[2024-01-30T19:40:56.535+0000] {processor.py:840} INFO - DAG(s) 'example_branch_dop_operator_v3' retrieved from /home/airflow/.local/lib/python3.8/site-packages/airflow/example_dags/example_branch_python_dop_operator_3.py
[2024-01-30T19:40:56.607+0000] {logging_mixin.py:188} INFO - [2024-01-30T19:40:56.606+0000] {dag.py:3036} INFO - Sync 1 DAGs
[2024-01-30T19:40:56.689+0000] {logging_mixin.py:188} INFO - [2024-01-30T19:40:56.688+0000] {dag.py:3823} INFO - Setting next_dagrun for example_branch_dop_operator_v3 to 2024-01-30 19:39:00+00:00, run_after=2024-01-30 19:40:00+00:00
[2024-01-30T19:40:56.765+0000] {processor.py:183} INFO - Processing /home/airflow/.local/lib/python3.8/site-packages/airflow/example_dags/example_branch_python_dop_operator_3.py took 0.295 seconds
[2024-01-30T19:41:29.130+0000] {processor.py:161} INFO - Started process (PID=2514) to work on /home/airflow/.local/lib/python3.8/site-packages/airflow/example_dags/example_branch_python_dop_operator_3.py
[2024-01-30T19:41:29.137+0000] {processor.py:830} INFO - Processing file /home/airflow/.local/lib/python3.8/site-packages/airflow/example_dags/example_branch_python_dop_operator_3.py for tasks to queue
[2024-01-30T19:41:29.139+0000] {logging_mixin.py:188} INFO - [2024-01-30T19:41:29.138+0000] {dagbag.py:538} INFO - Filling up the DagBag from /home/airflow/.local/lib/python3.8/site-packages/airflow/example_dags/example_branch_python_dop_operator_3.py
[2024-01-30T19:41:29.163+0000] {processor.py:840} INFO - DAG(s) 'example_branch_dop_operator_v3' retrieved from /home/airflow/.local/lib/python3.8/site-packages/airflow/example_dags/example_branch_python_dop_operator_3.py
[2024-01-30T19:41:29.249+0000] {logging_mixin.py:188} INFO - [2024-01-30T19:41:29.249+0000] {dag.py:3036} INFO - Sync 1 DAGs
[2024-01-30T19:41:29.393+0000] {logging_mixin.py:188} INFO - [2024-01-30T19:41:29.393+0000] {dag.py:3823} INFO - Setting next_dagrun for example_branch_dop_operator_v3 to 2024-01-30 19:40:00+00:00, run_after=2024-01-30 19:41:00+00:00
[2024-01-30T19:41:29.544+0000] {processor.py:183} INFO - Processing /home/airflow/.local/lib/python3.8/site-packages/airflow/example_dags/example_branch_python_dop_operator_3.py took 0.419 seconds
[2024-01-30T19:41:59.810+0000] {processor.py:161} INFO - Started process (PID=2755) to work on /home/airflow/.local/lib/python3.8/site-packages/airflow/example_dags/example_branch_python_dop_operator_3.py
[2024-01-30T19:41:59.819+0000] {processor.py:830} INFO - Processing file /home/airflow/.local/lib/python3.8/site-packages/airflow/example_dags/example_branch_python_dop_operator_3.py for tasks to queue
[2024-01-30T19:41:59.826+0000] {logging_mixin.py:188} INFO - [2024-01-30T19:41:59.825+0000] {dagbag.py:538} INFO - Filling up the DagBag from /home/airflow/.local/lib/python3.8/site-packages/airflow/example_dags/example_branch_python_dop_operator_3.py
[2024-01-30T19:41:59.856+0000] {processor.py:840} INFO - DAG(s) 'example_branch_dop_operator_v3' retrieved from /home/airflow/.local/lib/python3.8/site-packages/airflow/example_dags/example_branch_python_dop_operator_3.py
[2024-01-30T19:41:59.951+0000] {logging_mixin.py:188} INFO - [2024-01-30T19:41:59.950+0000] {dag.py:3036} INFO - Sync 1 DAGs
[2024-01-30T19:42:00.058+0000] {logging_mixin.py:188} INFO - [2024-01-30T19:42:00.058+0000] {dag.py:3823} INFO - Setting next_dagrun for example_branch_dop_operator_v3 to 2024-01-30 19:41:00+00:00, run_after=2024-01-30 19:42:00+00:00
[2024-01-30T19:42:00.187+0000] {processor.py:183} INFO - Processing /home/airflow/.local/lib/python3.8/site-packages/airflow/example_dags/example_branch_python_dop_operator_3.py took 0.383 seconds
[2024-01-30T19:42:31.109+0000] {processor.py:161} INFO - Started process (PID=3007) to work on /home/airflow/.local/lib/python3.8/site-packages/airflow/example_dags/example_branch_python_dop_operator_3.py
[2024-01-30T19:42:31.118+0000] {processor.py:830} INFO - Processing file /home/airflow/.local/lib/python3.8/site-packages/airflow/example_dags/example_branch_python_dop_operator_3.py for tasks to queue
[2024-01-30T19:42:31.121+0000] {logging_mixin.py:188} INFO - [2024-01-30T19:42:31.120+0000] {dagbag.py:538} INFO - Filling up the DagBag from /home/airflow/.local/lib/python3.8/site-packages/airflow/example_dags/example_branch_python_dop_operator_3.py
[2024-01-30T19:42:31.144+0000] {processor.py:840} INFO - DAG(s) 'example_branch_dop_operator_v3' retrieved from /home/airflow/.local/lib/python3.8/site-packages/airflow/example_dags/example_branch_python_dop_operator_3.py
[2024-01-30T19:42:31.821+0000] {logging_mixin.py:188} INFO - [2024-01-30T19:42:31.820+0000] {dag.py:3036} INFO - Sync 1 DAGs
[2024-01-30T19:42:32.318+0000] {logging_mixin.py:188} INFO - [2024-01-30T19:42:32.316+0000] {dag.py:3823} INFO - Setting next_dagrun for example_branch_dop_operator_v3 to 2024-01-30 19:41:00+00:00, run_after=2024-01-30 19:42:00+00:00
[2024-01-30T19:42:32.477+0000] {processor.py:183} INFO - Processing /home/airflow/.local/lib/python3.8/site-packages/airflow/example_dags/example_branch_python_dop_operator_3.py took 1.388 seconds
[2024-01-30T19:43:44.452+0000] {processor.py:161} INFO - Started process (PID=3276) to work on /home/airflow/.local/lib/python3.8/site-packages/airflow/example_dags/example_branch_python_dop_operator_3.py
[2024-01-30T19:43:44.457+0000] {processor.py:830} INFO - Processing file /home/airflow/.local/lib/python3.8/site-packages/airflow/example_dags/example_branch_python_dop_operator_3.py for tasks to queue
[2024-01-30T19:43:44.460+0000] {logging_mixin.py:188} INFO - [2024-01-30T19:43:44.459+0000] {dagbag.py:538} INFO - Filling up the DagBag from /home/airflow/.local/lib/python3.8/site-packages/airflow/example_dags/example_branch_python_dop_operator_3.py
[2024-01-30T19:43:44.487+0000] {processor.py:840} INFO - DAG(s) 'example_branch_dop_operator_v3' retrieved from /home/airflow/.local/lib/python3.8/site-packages/airflow/example_dags/example_branch_python_dop_operator_3.py
[2024-01-30T19:43:44.601+0000] {logging_mixin.py:188} INFO - [2024-01-30T19:43:44.600+0000] {dag.py:3036} INFO - Sync 1 DAGs
[2024-01-30T19:43:45.343+0000] {logging_mixin.py:188} INFO - [2024-01-30T19:43:45.338+0000] {dag.py:3823} INFO - Setting next_dagrun for example_branch_dop_operator_v3 to 2024-01-30 19:42:00+00:00, run_after=2024-01-30 19:43:00+00:00
[2024-01-30T19:43:45.735+0000] {processor.py:183} INFO - Processing /home/airflow/.local/lib/python3.8/site-packages/airflow/example_dags/example_branch_python_dop_operator_3.py took 1.289 seconds
[2024-01-30T19:44:27.351+0000] {processor.py:161} INFO - Started process (PID=3531) to work on /home/airflow/.local/lib/python3.8/site-packages/airflow/example_dags/example_branch_python_dop_operator_3.py
[2024-01-30T19:44:27.377+0000] {processor.py:830} INFO - Processing file /home/airflow/.local/lib/python3.8/site-packages/airflow/example_dags/example_branch_python_dop_operator_3.py for tasks to queue
[2024-01-30T19:44:27.499+0000] {logging_mixin.py:188} INFO - [2024-01-30T19:44:27.489+0000] {dagbag.py:538} INFO - Filling up the DagBag from /home/airflow/.local/lib/python3.8/site-packages/airflow/example_dags/example_branch_python_dop_operator_3.py
[2024-01-30T19:44:28.191+0000] {processor.py:840} INFO - DAG(s) 'example_branch_dop_operator_v3' retrieved from /home/airflow/.local/lib/python3.8/site-packages/airflow/example_dags/example_branch_python_dop_operator_3.py
[2024-01-30T19:44:30.541+0000] {logging_mixin.py:188} INFO - [2024-01-30T19:44:30.540+0000] {dag.py:3036} INFO - Sync 1 DAGs
[2024-01-30T19:44:32.244+0000] {logging_mixin.py:188} INFO - [2024-01-30T19:44:32.243+0000] {dag.py:3823} INFO - Setting next_dagrun for example_branch_dop_operator_v3 to 2024-01-30 19:43:00+00:00, run_after=2024-01-30 19:44:00+00:00
[2024-01-30T19:44:32.860+0000] {processor.py:183} INFO - Processing /home/airflow/.local/lib/python3.8/site-packages/airflow/example_dags/example_branch_python_dop_operator_3.py took 5.514 seconds
[2024-01-30T19:45:31.378+0000] {processor.py:161} INFO - Started process (PID=3842) to work on /home/airflow/.local/lib/python3.8/site-packages/airflow/example_dags/example_branch_python_dop_operator_3.py
[2024-01-30T19:45:31.381+0000] {processor.py:830} INFO - Processing file /home/airflow/.local/lib/python3.8/site-packages/airflow/example_dags/example_branch_python_dop_operator_3.py for tasks to queue
[2024-01-30T19:45:31.391+0000] {logging_mixin.py:188} INFO - [2024-01-30T19:45:31.383+0000] {dagbag.py:538} INFO - Filling up the DagBag from /home/airflow/.local/lib/python3.8/site-packages/airflow/example_dags/example_branch_python_dop_operator_3.py
[2024-01-30T19:45:31.426+0000] {processor.py:840} INFO - DAG(s) 'example_branch_dop_operator_v3' retrieved from /home/airflow/.local/lib/python3.8/site-packages/airflow/example_dags/example_branch_python_dop_operator_3.py
[2024-01-30T19:45:31.508+0000] {logging_mixin.py:188} INFO - [2024-01-30T19:45:31.507+0000] {dag.py:3036} INFO - Sync 1 DAGs
[2024-01-30T19:45:31.565+0000] {logging_mixin.py:188} INFO - [2024-01-30T19:45:31.564+0000] {dag.py:3823} INFO - Setting next_dagrun for example_branch_dop_operator_v3 to 2024-01-30 19:44:00+00:00, run_after=2024-01-30 19:45:00+00:00
[2024-01-30T19:45:31.629+0000] {processor.py:183} INFO - Processing /home/airflow/.local/lib/python3.8/site-packages/airflow/example_dags/example_branch_python_dop_operator_3.py took 0.256 seconds
