[2024-01-30T19:29:21.502+0000] {processor.py:161} INFO - Started process (PID=398) to work on /home/airflow/.local/lib/python3.8/site-packages/airflow/example_dags/example_branch_day_of_week_operator.py
[2024-01-30T19:29:21.505+0000] {processor.py:830} INFO - Processing file /home/airflow/.local/lib/python3.8/site-packages/airflow/example_dags/example_branch_day_of_week_operator.py for tasks to queue
[2024-01-30T19:29:21.511+0000] {logging_mixin.py:188} INFO - [2024-01-30T19:29:21.510+0000] {dagbag.py:538} INFO - Filling up the DagBag from /home/airflow/.local/lib/python3.8/site-packages/airflow/example_dags/example_branch_day_of_week_operator.py
[2024-01-30T19:29:21.537+0000] {processor.py:840} INFO - DAG(s) 'example_weekday_branch_operator' retrieved from /home/airflow/.local/lib/python3.8/site-packages/airflow/example_dags/example_branch_day_of_week_operator.py
[2024-01-30T19:29:22.021+0000] {logging_mixin.py:188} INFO - [2024-01-30T19:29:22.010+0000] {override.py:1769} INFO - Created Permission View: can edit on DAG:example_weekday_branch_operator
[2024-01-30T19:29:22.102+0000] {logging_mixin.py:188} INFO - [2024-01-30T19:29:22.102+0000] {override.py:1769} INFO - Created Permission View: can read on DAG:example_weekday_branch_operator
[2024-01-30T19:29:22.138+0000] {logging_mixin.py:188} INFO - [2024-01-30T19:29:22.129+0000] {override.py:1769} INFO - Created Permission View: can delete on DAG:example_weekday_branch_operator
[2024-01-30T19:29:22.148+0000] {logging_mixin.py:188} INFO - [2024-01-30T19:29:22.145+0000] {dag.py:3036} INFO - Sync 1 DAGs
[2024-01-30T19:29:22.499+0000] {logging_mixin.py:188} INFO - [2024-01-30T19:29:22.498+0000] {dag.py:3058} INFO - Creating ORM DAG for example_weekday_branch_operator
[2024-01-30T19:29:22.620+0000] {logging_mixin.py:188} INFO - [2024-01-30T19:29:22.619+0000] {dag.py:3823} INFO - Setting next_dagrun for example_weekday_branch_operator to 2024-01-29 00:00:00+00:00, run_after=2024-01-30 00:00:00+00:00
[2024-01-30T19:29:22.732+0000] {processor.py:183} INFO - Processing /home/airflow/.local/lib/python3.8/site-packages/airflow/example_dags/example_branch_day_of_week_operator.py took 1.235 seconds
[2024-01-30T19:36:44.974+0000] {processor.py:161} INFO - Started process (PID=355) to work on /home/airflow/.local/lib/python3.8/site-packages/airflow/example_dags/example_branch_day_of_week_operator.py
[2024-01-30T19:36:44.976+0000] {processor.py:830} INFO - Processing file /home/airflow/.local/lib/python3.8/site-packages/airflow/example_dags/example_branch_day_of_week_operator.py for tasks to queue
[2024-01-30T19:36:44.978+0000] {logging_mixin.py:188} INFO - [2024-01-30T19:36:44.977+0000] {dagbag.py:538} INFO - Filling up the DagBag from /home/airflow/.local/lib/python3.8/site-packages/airflow/example_dags/example_branch_day_of_week_operator.py
[2024-01-30T19:36:44.996+0000] {processor.py:840} INFO - DAG(s) 'example_weekday_branch_operator' retrieved from /home/airflow/.local/lib/python3.8/site-packages/airflow/example_dags/example_branch_day_of_week_operator.py
[2024-01-30T19:36:45.188+0000] {logging_mixin.py:188} INFO - [2024-01-30T19:36:45.188+0000] {dag.py:3036} INFO - Sync 1 DAGs
[2024-01-30T19:36:45.222+0000] {logging_mixin.py:188} INFO - [2024-01-30T19:36:45.221+0000] {dag.py:3823} INFO - Setting next_dagrun for example_weekday_branch_operator to 2024-01-29 00:00:00+00:00, run_after=2024-01-30 00:00:00+00:00
[2024-01-30T19:36:45.261+0000] {processor.py:183} INFO - Processing /home/airflow/.local/lib/python3.8/site-packages/airflow/example_dags/example_branch_day_of_week_operator.py took 0.291 seconds
[2024-01-30T19:37:16.267+0000] {processor.py:161} INFO - Started process (PID=602) to work on /home/airflow/.local/lib/python3.8/site-packages/airflow/example_dags/example_branch_day_of_week_operator.py
[2024-01-30T19:37:16.269+0000] {processor.py:830} INFO - Processing file /home/airflow/.local/lib/python3.8/site-packages/airflow/example_dags/example_branch_day_of_week_operator.py for tasks to queue
[2024-01-30T19:37:16.271+0000] {logging_mixin.py:188} INFO - [2024-01-30T19:37:16.271+0000] {dagbag.py:538} INFO - Filling up the DagBag from /home/airflow/.local/lib/python3.8/site-packages/airflow/example_dags/example_branch_day_of_week_operator.py
[2024-01-30T19:37:16.285+0000] {processor.py:840} INFO - DAG(s) 'example_weekday_branch_operator' retrieved from /home/airflow/.local/lib/python3.8/site-packages/airflow/example_dags/example_branch_day_of_week_operator.py
[2024-01-30T19:37:16.324+0000] {logging_mixin.py:188} INFO - [2024-01-30T19:37:16.324+0000] {dag.py:3036} INFO - Sync 1 DAGs
[2024-01-30T19:37:16.369+0000] {logging_mixin.py:188} INFO - [2024-01-30T19:37:16.368+0000] {dag.py:3823} INFO - Setting next_dagrun for example_weekday_branch_operator to 2024-01-29 00:00:00+00:00, run_after=2024-01-30 00:00:00+00:00
[2024-01-30T19:37:16.408+0000] {processor.py:183} INFO - Processing /home/airflow/.local/lib/python3.8/site-packages/airflow/example_dags/example_branch_day_of_week_operator.py took 0.146 seconds
[2024-01-30T19:37:48.423+0000] {processor.py:161} INFO - Started process (PID=849) to work on /home/airflow/.local/lib/python3.8/site-packages/airflow/example_dags/example_branch_day_of_week_operator.py
[2024-01-30T19:37:48.436+0000] {processor.py:830} INFO - Processing file /home/airflow/.local/lib/python3.8/site-packages/airflow/example_dags/example_branch_day_of_week_operator.py for tasks to queue
[2024-01-30T19:37:48.444+0000] {logging_mixin.py:188} INFO - [2024-01-30T19:37:48.443+0000] {dagbag.py:538} INFO - Filling up the DagBag from /home/airflow/.local/lib/python3.8/site-packages/airflow/example_dags/example_branch_day_of_week_operator.py
[2024-01-30T19:37:48.487+0000] {processor.py:840} INFO - DAG(s) 'example_weekday_branch_operator' retrieved from /home/airflow/.local/lib/python3.8/site-packages/airflow/example_dags/example_branch_day_of_week_operator.py
[2024-01-30T19:37:48.532+0000] {logging_mixin.py:188} INFO - [2024-01-30T19:37:48.532+0000] {dag.py:3036} INFO - Sync 1 DAGs
[2024-01-30T19:37:48.631+0000] {logging_mixin.py:188} INFO - [2024-01-30T19:37:48.631+0000] {dag.py:3823} INFO - Setting next_dagrun for example_weekday_branch_operator to 2024-01-29 00:00:00+00:00, run_after=2024-01-30 00:00:00+00:00
[2024-01-30T19:37:48.697+0000] {processor.py:183} INFO - Processing /home/airflow/.local/lib/python3.8/site-packages/airflow/example_dags/example_branch_day_of_week_operator.py took 0.278 seconds
[2024-01-30T19:38:25.229+0000] {processor.py:161} INFO - Started process (PID=1101) to work on /home/airflow/.local/lib/python3.8/site-packages/airflow/example_dags/example_branch_day_of_week_operator.py
[2024-01-30T19:38:25.232+0000] {processor.py:830} INFO - Processing file /home/airflow/.local/lib/python3.8/site-packages/airflow/example_dags/example_branch_day_of_week_operator.py for tasks to queue
[2024-01-30T19:38:25.234+0000] {logging_mixin.py:188} INFO - [2024-01-30T19:38:25.233+0000] {dagbag.py:538} INFO - Filling up the DagBag from /home/airflow/.local/lib/python3.8/site-packages/airflow/example_dags/example_branch_day_of_week_operator.py
[2024-01-30T19:38:25.243+0000] {processor.py:840} INFO - DAG(s) 'example_weekday_branch_operator' retrieved from /home/airflow/.local/lib/python3.8/site-packages/airflow/example_dags/example_branch_day_of_week_operator.py
[2024-01-30T19:38:25.463+0000] {logging_mixin.py:188} INFO - [2024-01-30T19:38:25.463+0000] {dag.py:3036} INFO - Sync 1 DAGs
[2024-01-30T19:38:25.519+0000] {logging_mixin.py:188} INFO - [2024-01-30T19:38:25.519+0000] {dag.py:3823} INFO - Setting next_dagrun for example_weekday_branch_operator to 2024-01-29 00:00:00+00:00, run_after=2024-01-30 00:00:00+00:00
[2024-01-30T19:38:25.555+0000] {processor.py:183} INFO - Processing /home/airflow/.local/lib/python3.8/site-packages/airflow/example_dags/example_branch_day_of_week_operator.py took 0.330 seconds
[2024-01-30T19:38:56.262+0000] {processor.py:161} INFO - Started process (PID=1351) to work on /home/airflow/.local/lib/python3.8/site-packages/airflow/example_dags/example_branch_day_of_week_operator.py
[2024-01-30T19:38:56.274+0000] {processor.py:830} INFO - Processing file /home/airflow/.local/lib/python3.8/site-packages/airflow/example_dags/example_branch_day_of_week_operator.py for tasks to queue
[2024-01-30T19:38:56.276+0000] {logging_mixin.py:188} INFO - [2024-01-30T19:38:56.275+0000] {dagbag.py:538} INFO - Filling up the DagBag from /home/airflow/.local/lib/python3.8/site-packages/airflow/example_dags/example_branch_day_of_week_operator.py
[2024-01-30T19:38:56.287+0000] {processor.py:840} INFO - DAG(s) 'example_weekday_branch_operator' retrieved from /home/airflow/.local/lib/python3.8/site-packages/airflow/example_dags/example_branch_day_of_week_operator.py
[2024-01-30T19:38:56.344+0000] {logging_mixin.py:188} INFO - [2024-01-30T19:38:56.344+0000] {dag.py:3036} INFO - Sync 1 DAGs
[2024-01-30T19:38:56.387+0000] {logging_mixin.py:188} INFO - [2024-01-30T19:38:56.387+0000] {dag.py:3823} INFO - Setting next_dagrun for example_weekday_branch_operator to 2024-01-29 00:00:00+00:00, run_after=2024-01-30 00:00:00+00:00
[2024-01-30T19:38:56.436+0000] {processor.py:183} INFO - Processing /home/airflow/.local/lib/python3.8/site-packages/airflow/example_dags/example_branch_day_of_week_operator.py took 0.178 seconds
[2024-01-30T19:39:27.020+0000] {processor.py:161} INFO - Started process (PID=1602) to work on /home/airflow/.local/lib/python3.8/site-packages/airflow/example_dags/example_branch_day_of_week_operator.py
[2024-01-30T19:39:27.023+0000] {processor.py:830} INFO - Processing file /home/airflow/.local/lib/python3.8/site-packages/airflow/example_dags/example_branch_day_of_week_operator.py for tasks to queue
[2024-01-30T19:39:27.026+0000] {logging_mixin.py:188} INFO - [2024-01-30T19:39:27.025+0000] {dagbag.py:538} INFO - Filling up the DagBag from /home/airflow/.local/lib/python3.8/site-packages/airflow/example_dags/example_branch_day_of_week_operator.py
[2024-01-30T19:39:27.037+0000] {processor.py:840} INFO - DAG(s) 'example_weekday_branch_operator' retrieved from /home/airflow/.local/lib/python3.8/site-packages/airflow/example_dags/example_branch_day_of_week_operator.py
[2024-01-30T19:39:27.068+0000] {logging_mixin.py:188} INFO - [2024-01-30T19:39:27.068+0000] {dag.py:3036} INFO - Sync 1 DAGs
[2024-01-30T19:39:27.105+0000] {logging_mixin.py:188} INFO - [2024-01-30T19:39:27.104+0000] {dag.py:3823} INFO - Setting next_dagrun for example_weekday_branch_operator to 2024-01-29 00:00:00+00:00, run_after=2024-01-30 00:00:00+00:00
[2024-01-30T19:39:27.139+0000] {processor.py:183} INFO - Processing /home/airflow/.local/lib/python3.8/site-packages/airflow/example_dags/example_branch_day_of_week_operator.py took 0.122 seconds
[2024-01-30T19:39:58.301+0000] {processor.py:161} INFO - Started process (PID=1849) to work on /home/airflow/.local/lib/python3.8/site-packages/airflow/example_dags/example_branch_day_of_week_operator.py
[2024-01-30T19:39:58.304+0000] {processor.py:830} INFO - Processing file /home/airflow/.local/lib/python3.8/site-packages/airflow/example_dags/example_branch_day_of_week_operator.py for tasks to queue
[2024-01-30T19:39:58.306+0000] {logging_mixin.py:188} INFO - [2024-01-30T19:39:58.306+0000] {dagbag.py:538} INFO - Filling up the DagBag from /home/airflow/.local/lib/python3.8/site-packages/airflow/example_dags/example_branch_day_of_week_operator.py
[2024-01-30T19:39:58.327+0000] {processor.py:840} INFO - DAG(s) 'example_weekday_branch_operator' retrieved from /home/airflow/.local/lib/python3.8/site-packages/airflow/example_dags/example_branch_day_of_week_operator.py
[2024-01-30T19:39:58.387+0000] {logging_mixin.py:188} INFO - [2024-01-30T19:39:58.387+0000] {dag.py:3036} INFO - Sync 1 DAGs
[2024-01-30T19:39:58.444+0000] {logging_mixin.py:188} INFO - [2024-01-30T19:39:58.443+0000] {dag.py:3823} INFO - Setting next_dagrun for example_weekday_branch_operator to 2024-01-29 00:00:00+00:00, run_after=2024-01-30 00:00:00+00:00
[2024-01-30T19:39:58.503+0000] {processor.py:183} INFO - Processing /home/airflow/.local/lib/python3.8/site-packages/airflow/example_dags/example_branch_day_of_week_operator.py took 0.201 seconds
[2024-01-30T19:40:31.279+0000] {processor.py:161} INFO - Started process (PID=2095) to work on /home/airflow/.local/lib/python3.8/site-packages/airflow/example_dags/example_branch_day_of_week_operator.py
[2024-01-30T19:40:31.289+0000] {processor.py:830} INFO - Processing file /home/airflow/.local/lib/python3.8/site-packages/airflow/example_dags/example_branch_day_of_week_operator.py for tasks to queue
[2024-01-30T19:40:31.296+0000] {logging_mixin.py:188} INFO - [2024-01-30T19:40:31.295+0000] {dagbag.py:538} INFO - Filling up the DagBag from /home/airflow/.local/lib/python3.8/site-packages/airflow/example_dags/example_branch_day_of_week_operator.py
[2024-01-30T19:40:31.349+0000] {processor.py:840} INFO - DAG(s) 'example_weekday_branch_operator' retrieved from /home/airflow/.local/lib/python3.8/site-packages/airflow/example_dags/example_branch_day_of_week_operator.py
[2024-01-30T19:40:31.531+0000] {logging_mixin.py:188} INFO - [2024-01-30T19:40:31.530+0000] {dag.py:3036} INFO - Sync 1 DAGs
[2024-01-30T19:40:31.664+0000] {logging_mixin.py:188} INFO - [2024-01-30T19:40:31.664+0000] {dag.py:3823} INFO - Setting next_dagrun for example_weekday_branch_operator to 2024-01-29 00:00:00+00:00, run_after=2024-01-30 00:00:00+00:00
[2024-01-30T19:40:31.757+0000] {processor.py:183} INFO - Processing /home/airflow/.local/lib/python3.8/site-packages/airflow/example_dags/example_branch_day_of_week_operator.py took 0.482 seconds
[2024-01-30T19:41:01.878+0000] {processor.py:161} INFO - Started process (PID=2344) to work on /home/airflow/.local/lib/python3.8/site-packages/airflow/example_dags/example_branch_day_of_week_operator.py
[2024-01-30T19:41:01.880+0000] {processor.py:830} INFO - Processing file /home/airflow/.local/lib/python3.8/site-packages/airflow/example_dags/example_branch_day_of_week_operator.py for tasks to queue
[2024-01-30T19:41:01.882+0000] {logging_mixin.py:188} INFO - [2024-01-30T19:41:01.881+0000] {dagbag.py:538} INFO - Filling up the DagBag from /home/airflow/.local/lib/python3.8/site-packages/airflow/example_dags/example_branch_day_of_week_operator.py
[2024-01-30T19:41:01.896+0000] {processor.py:840} INFO - DAG(s) 'example_weekday_branch_operator' retrieved from /home/airflow/.local/lib/python3.8/site-packages/airflow/example_dags/example_branch_day_of_week_operator.py
[2024-01-30T19:41:01.936+0000] {logging_mixin.py:188} INFO - [2024-01-30T19:41:01.935+0000] {dag.py:3036} INFO - Sync 1 DAGs
[2024-01-30T19:41:01.978+0000] {logging_mixin.py:188} INFO - [2024-01-30T19:41:01.977+0000] {dag.py:3823} INFO - Setting next_dagrun for example_weekday_branch_operator to 2024-01-29 00:00:00+00:00, run_after=2024-01-30 00:00:00+00:00
[2024-01-30T19:41:02.033+0000] {processor.py:183} INFO - Processing /home/airflow/.local/lib/python3.8/site-packages/airflow/example_dags/example_branch_day_of_week_operator.py took 0.158 seconds
[2024-01-30T19:41:37.904+0000] {processor.py:161} INFO - Started process (PID=2589) to work on /home/airflow/.local/lib/python3.8/site-packages/airflow/example_dags/example_branch_day_of_week_operator.py
[2024-01-30T19:41:37.908+0000] {processor.py:830} INFO - Processing file /home/airflow/.local/lib/python3.8/site-packages/airflow/example_dags/example_branch_day_of_week_operator.py for tasks to queue
[2024-01-30T19:41:37.911+0000] {logging_mixin.py:188} INFO - [2024-01-30T19:41:37.910+0000] {dagbag.py:538} INFO - Filling up the DagBag from /home/airflow/.local/lib/python3.8/site-packages/airflow/example_dags/example_branch_day_of_week_operator.py
[2024-01-30T19:41:37.941+0000] {processor.py:840} INFO - DAG(s) 'example_weekday_branch_operator' retrieved from /home/airflow/.local/lib/python3.8/site-packages/airflow/example_dags/example_branch_day_of_week_operator.py
[2024-01-30T19:41:38.040+0000] {logging_mixin.py:188} INFO - [2024-01-30T19:41:38.039+0000] {dag.py:3036} INFO - Sync 1 DAGs
[2024-01-30T19:41:38.135+0000] {logging_mixin.py:188} INFO - [2024-01-30T19:41:38.135+0000] {dag.py:3823} INFO - Setting next_dagrun for example_weekday_branch_operator to 2024-01-29 00:00:00+00:00, run_after=2024-01-30 00:00:00+00:00
[2024-01-30T19:41:38.242+0000] {processor.py:183} INFO - Processing /home/airflow/.local/lib/python3.8/site-packages/airflow/example_dags/example_branch_day_of_week_operator.py took 0.342 seconds
[2024-01-30T19:42:08.420+0000] {processor.py:161} INFO - Started process (PID=2836) to work on /home/airflow/.local/lib/python3.8/site-packages/airflow/example_dags/example_branch_day_of_week_operator.py
[2024-01-30T19:42:08.424+0000] {processor.py:830} INFO - Processing file /home/airflow/.local/lib/python3.8/site-packages/airflow/example_dags/example_branch_day_of_week_operator.py for tasks to queue
[2024-01-30T19:42:08.426+0000] {logging_mixin.py:188} INFO - [2024-01-30T19:42:08.426+0000] {dagbag.py:538} INFO - Filling up the DagBag from /home/airflow/.local/lib/python3.8/site-packages/airflow/example_dags/example_branch_day_of_week_operator.py
[2024-01-30T19:42:08.437+0000] {processor.py:840} INFO - DAG(s) 'example_weekday_branch_operator' retrieved from /home/airflow/.local/lib/python3.8/site-packages/airflow/example_dags/example_branch_day_of_week_operator.py
[2024-01-30T19:42:08.542+0000] {logging_mixin.py:188} INFO - [2024-01-30T19:42:08.542+0000] {dag.py:3036} INFO - Sync 1 DAGs
[2024-01-30T19:42:08.797+0000] {logging_mixin.py:188} INFO - [2024-01-30T19:42:08.796+0000] {dag.py:3823} INFO - Setting next_dagrun for example_weekday_branch_operator to 2024-01-29 00:00:00+00:00, run_after=2024-01-30 00:00:00+00:00
[2024-01-30T19:42:08.868+0000] {processor.py:183} INFO - Processing /home/airflow/.local/lib/python3.8/site-packages/airflow/example_dags/example_branch_day_of_week_operator.py took 0.453 seconds
[2024-01-30T19:43:32.886+0000] {processor.py:161} INFO - Started process (PID=3216) to work on /home/airflow/.local/lib/python3.8/site-packages/airflow/example_dags/example_branch_day_of_week_operator.py
[2024-01-30T19:43:32.901+0000] {processor.py:830} INFO - Processing file /home/airflow/.local/lib/python3.8/site-packages/airflow/example_dags/example_branch_day_of_week_operator.py for tasks to queue
[2024-01-30T19:43:32.933+0000] {logging_mixin.py:188} INFO - [2024-01-30T19:43:32.919+0000] {dagbag.py:538} INFO - Filling up the DagBag from /home/airflow/.local/lib/python3.8/site-packages/airflow/example_dags/example_branch_day_of_week_operator.py
[2024-01-30T19:43:33.133+0000] {processor.py:840} INFO - DAG(s) 'example_weekday_branch_operator' retrieved from /home/airflow/.local/lib/python3.8/site-packages/airflow/example_dags/example_branch_day_of_week_operator.py
[2024-01-30T19:43:33.191+0000] {logging_mixin.py:188} INFO - [2024-01-30T19:43:33.190+0000] {dag.py:3036} INFO - Sync 1 DAGs
[2024-01-30T19:43:33.268+0000] {logging_mixin.py:188} INFO - [2024-01-30T19:43:33.267+0000] {dag.py:3823} INFO - Setting next_dagrun for example_weekday_branch_operator to 2024-01-29 00:00:00+00:00, run_after=2024-01-30 00:00:00+00:00
[2024-01-30T19:43:33.543+0000] {processor.py:183} INFO - Processing /home/airflow/.local/lib/python3.8/site-packages/airflow/example_dags/example_branch_day_of_week_operator.py took 0.604 seconds
[2024-01-30T19:44:07.094+0000] {processor.py:161} INFO - Started process (PID=3471) to work on /home/airflow/.local/lib/python3.8/site-packages/airflow/example_dags/example_branch_day_of_week_operator.py
[2024-01-30T19:44:07.111+0000] {processor.py:830} INFO - Processing file /home/airflow/.local/lib/python3.8/site-packages/airflow/example_dags/example_branch_day_of_week_operator.py for tasks to queue
[2024-01-30T19:44:07.182+0000] {logging_mixin.py:188} INFO - [2024-01-30T19:44:07.181+0000] {dagbag.py:538} INFO - Filling up the DagBag from /home/airflow/.local/lib/python3.8/site-packages/airflow/example_dags/example_branch_day_of_week_operator.py
[2024-01-30T19:44:07.241+0000] {processor.py:840} INFO - DAG(s) 'example_weekday_branch_operator' retrieved from /home/airflow/.local/lib/python3.8/site-packages/airflow/example_dags/example_branch_day_of_week_operator.py
[2024-01-30T19:44:07.723+0000] {logging_mixin.py:188} INFO - [2024-01-30T19:44:07.723+0000] {dag.py:3036} INFO - Sync 1 DAGs
[2024-01-30T19:44:08.044+0000] {logging_mixin.py:188} INFO - [2024-01-30T19:44:08.043+0000] {dag.py:3823} INFO - Setting next_dagrun for example_weekday_branch_operator to 2024-01-29 00:00:00+00:00, run_after=2024-01-30 00:00:00+00:00
[2024-01-30T19:44:08.220+0000] {processor.py:183} INFO - Processing /home/airflow/.local/lib/python3.8/site-packages/airflow/example_dags/example_branch_day_of_week_operator.py took 1.159 seconds
[2024-01-30T19:45:10.071+0000] {processor.py:161} INFO - Started process (PID=3734) to work on /home/airflow/.local/lib/python3.8/site-packages/airflow/example_dags/example_branch_day_of_week_operator.py
[2024-01-30T19:45:10.076+0000] {processor.py:830} INFO - Processing file /home/airflow/.local/lib/python3.8/site-packages/airflow/example_dags/example_branch_day_of_week_operator.py for tasks to queue
[2024-01-30T19:45:10.085+0000] {logging_mixin.py:188} INFO - [2024-01-30T19:45:10.080+0000] {dagbag.py:538} INFO - Filling up the DagBag from /home/airflow/.local/lib/python3.8/site-packages/airflow/example_dags/example_branch_day_of_week_operator.py
[2024-01-30T19:45:10.110+0000] {processor.py:840} INFO - DAG(s) 'example_weekday_branch_operator' retrieved from /home/airflow/.local/lib/python3.8/site-packages/airflow/example_dags/example_branch_day_of_week_operator.py
[2024-01-30T19:45:10.692+0000] {logging_mixin.py:188} INFO - [2024-01-30T19:45:10.660+0000] {dag.py:3036} INFO - Sync 1 DAGs
[2024-01-30T19:45:11.144+0000] {logging_mixin.py:188} INFO - [2024-01-30T19:45:11.143+0000] {dag.py:3823} INFO - Setting next_dagrun for example_weekday_branch_operator to 2024-01-29 00:00:00+00:00, run_after=2024-01-30 00:00:00+00:00
[2024-01-30T19:45:11.408+0000] {processor.py:183} INFO - Processing /home/airflow/.local/lib/python3.8/site-packages/airflow/example_dags/example_branch_day_of_week_operator.py took 1.344 seconds
[2024-01-30T19:45:43.005+0000] {processor.py:161} INFO - Started process (PID=3981) to work on /home/airflow/.local/lib/python3.8/site-packages/airflow/example_dags/example_branch_day_of_week_operator.py
[2024-01-30T19:45:43.016+0000] {processor.py:830} INFO - Processing file /home/airflow/.local/lib/python3.8/site-packages/airflow/example_dags/example_branch_day_of_week_operator.py for tasks to queue
[2024-01-30T19:45:43.034+0000] {logging_mixin.py:188} INFO - [2024-01-30T19:45:43.033+0000] {dagbag.py:538} INFO - Filling up the DagBag from /home/airflow/.local/lib/python3.8/site-packages/airflow/example_dags/example_branch_day_of_week_operator.py
[2024-01-30T19:45:43.148+0000] {processor.py:840} INFO - DAG(s) 'example_weekday_branch_operator' retrieved from /home/airflow/.local/lib/python3.8/site-packages/airflow/example_dags/example_branch_day_of_week_operator.py
[2024-01-30T19:45:43.283+0000] {logging_mixin.py:188} INFO - [2024-01-30T19:45:43.283+0000] {dag.py:3036} INFO - Sync 1 DAGs
[2024-01-30T19:45:43.428+0000] {logging_mixin.py:188} INFO - [2024-01-30T19:45:43.422+0000] {dag.py:3823} INFO - Setting next_dagrun for example_weekday_branch_operator to 2024-01-29 00:00:00+00:00, run_after=2024-01-30 00:00:00+00:00
[2024-01-30T19:45:43.582+0000] {processor.py:183} INFO - Processing /home/airflow/.local/lib/python3.8/site-packages/airflow/example_dags/example_branch_day_of_week_operator.py took 0.621 seconds
