[2024-01-30T19:29:08.725+0000] {processor.py:161} INFO - Started process (PID=353) to work on /home/airflow/.local/lib/python3.8/site-packages/airflow/example_dags/example_dynamic_task_mapping.py
[2024-01-30T19:29:08.727+0000] {processor.py:830} INFO - Processing file /home/airflow/.local/lib/python3.8/site-packages/airflow/example_dags/example_dynamic_task_mapping.py for tasks to queue
[2024-01-30T19:29:08.730+0000] {logging_mixin.py:188} INFO - [2024-01-30T19:29:08.730+0000] {dagbag.py:538} INFO - Filling up the DagBag from /home/airflow/.local/lib/python3.8/site-packages/airflow/example_dags/example_dynamic_task_mapping.py
[2024-01-30T19:29:08.750+0000] {processor.py:840} INFO - DAG(s) 'example_dynamic_task_mapping' retrieved from /home/airflow/.local/lib/python3.8/site-packages/airflow/example_dags/example_dynamic_task_mapping.py
[2024-01-30T19:29:09.158+0000] {logging_mixin.py:188} INFO - [2024-01-30T19:29:09.157+0000] {override.py:1769} INFO - Created Permission View: can edit on DAG:example_dynamic_task_mapping
[2024-01-30T19:29:09.190+0000] {logging_mixin.py:188} INFO - [2024-01-30T19:29:09.189+0000] {override.py:1769} INFO - Created Permission View: can read on DAG:example_dynamic_task_mapping
[2024-01-30T19:29:09.217+0000] {logging_mixin.py:188} INFO - [2024-01-30T19:29:09.217+0000] {override.py:1769} INFO - Created Permission View: can delete on DAG:example_dynamic_task_mapping
[2024-01-30T19:29:09.219+0000] {logging_mixin.py:188} INFO - [2024-01-30T19:29:09.218+0000] {dag.py:3036} INFO - Sync 1 DAGs
[2024-01-30T19:29:09.238+0000] {logging_mixin.py:188} INFO - [2024-01-30T19:29:09.238+0000] {dag.py:3058} INFO - Creating ORM DAG for example_dynamic_task_mapping
[2024-01-30T19:29:09.261+0000] {logging_mixin.py:188} INFO - [2024-01-30T19:29:09.260+0000] {dag.py:3823} INFO - Setting next_dagrun for example_dynamic_task_mapping to 2022-03-04 00:00:00+00:00, run_after=2022-03-05 00:00:00+00:00
[2024-01-30T19:29:09.310+0000] {processor.py:183} INFO - Processing /home/airflow/.local/lib/python3.8/site-packages/airflow/example_dags/example_dynamic_task_mapping.py took 0.590 seconds
[2024-01-30T19:36:42.868+0000] {processor.py:161} INFO - Started process (PID=310) to work on /home/airflow/.local/lib/python3.8/site-packages/airflow/example_dags/example_dynamic_task_mapping.py
[2024-01-30T19:36:42.888+0000] {processor.py:830} INFO - Processing file /home/airflow/.local/lib/python3.8/site-packages/airflow/example_dags/example_dynamic_task_mapping.py for tasks to queue
[2024-01-30T19:36:42.891+0000] {logging_mixin.py:188} INFO - [2024-01-30T19:36:42.890+0000] {dagbag.py:538} INFO - Filling up the DagBag from /home/airflow/.local/lib/python3.8/site-packages/airflow/example_dags/example_dynamic_task_mapping.py
[2024-01-30T19:36:42.924+0000] {processor.py:840} INFO - DAG(s) 'example_dynamic_task_mapping' retrieved from /home/airflow/.local/lib/python3.8/site-packages/airflow/example_dags/example_dynamic_task_mapping.py
[2024-01-30T19:36:43.281+0000] {logging_mixin.py:188} INFO - [2024-01-30T19:36:43.278+0000] {dag.py:3036} INFO - Sync 1 DAGs
[2024-01-30T19:36:43.360+0000] {logging_mixin.py:188} INFO - [2024-01-30T19:36:43.360+0000] {dag.py:3823} INFO - Setting next_dagrun for example_dynamic_task_mapping to 2022-03-04 00:00:00+00:00, run_after=2022-03-05 00:00:00+00:00
[2024-01-30T19:36:43.431+0000] {processor.py:183} INFO - Processing /home/airflow/.local/lib/python3.8/site-packages/airflow/example_dags/example_dynamic_task_mapping.py took 0.570 seconds
[2024-01-30T19:37:13.933+0000] {processor.py:161} INFO - Started process (PID=557) to work on /home/airflow/.local/lib/python3.8/site-packages/airflow/example_dags/example_dynamic_task_mapping.py
[2024-01-30T19:37:13.936+0000] {processor.py:830} INFO - Processing file /home/airflow/.local/lib/python3.8/site-packages/airflow/example_dags/example_dynamic_task_mapping.py for tasks to queue
[2024-01-30T19:37:13.938+0000] {logging_mixin.py:188} INFO - [2024-01-30T19:37:13.938+0000] {dagbag.py:538} INFO - Filling up the DagBag from /home/airflow/.local/lib/python3.8/site-packages/airflow/example_dags/example_dynamic_task_mapping.py
[2024-01-30T19:37:13.976+0000] {processor.py:840} INFO - DAG(s) 'example_dynamic_task_mapping' retrieved from /home/airflow/.local/lib/python3.8/site-packages/airflow/example_dags/example_dynamic_task_mapping.py
[2024-01-30T19:37:14.016+0000] {logging_mixin.py:188} INFO - [2024-01-30T19:37:14.016+0000] {dag.py:3036} INFO - Sync 1 DAGs
[2024-01-30T19:37:14.066+0000] {logging_mixin.py:188} INFO - [2024-01-30T19:37:14.066+0000] {dag.py:3823} INFO - Setting next_dagrun for example_dynamic_task_mapping to 2022-03-04 00:00:00+00:00, run_after=2022-03-05 00:00:00+00:00
[2024-01-30T19:37:14.117+0000] {processor.py:183} INFO - Processing /home/airflow/.local/lib/python3.8/site-packages/airflow/example_dags/example_dynamic_task_mapping.py took 0.188 seconds
[2024-01-30T19:37:44.283+0000] {processor.py:161} INFO - Started process (PID=804) to work on /home/airflow/.local/lib/python3.8/site-packages/airflow/example_dags/example_dynamic_task_mapping.py
[2024-01-30T19:37:44.285+0000] {processor.py:830} INFO - Processing file /home/airflow/.local/lib/python3.8/site-packages/airflow/example_dags/example_dynamic_task_mapping.py for tasks to queue
[2024-01-30T19:37:44.287+0000] {logging_mixin.py:188} INFO - [2024-01-30T19:37:44.287+0000] {dagbag.py:538} INFO - Filling up the DagBag from /home/airflow/.local/lib/python3.8/site-packages/airflow/example_dags/example_dynamic_task_mapping.py
[2024-01-30T19:37:44.295+0000] {processor.py:840} INFO - DAG(s) 'example_dynamic_task_mapping' retrieved from /home/airflow/.local/lib/python3.8/site-packages/airflow/example_dags/example_dynamic_task_mapping.py
[2024-01-30T19:37:44.312+0000] {logging_mixin.py:188} INFO - [2024-01-30T19:37:44.312+0000] {dag.py:3036} INFO - Sync 1 DAGs
[2024-01-30T19:37:44.345+0000] {logging_mixin.py:188} INFO - [2024-01-30T19:37:44.345+0000] {dag.py:3823} INFO - Setting next_dagrun for example_dynamic_task_mapping to 2022-03-04 00:00:00+00:00, run_after=2022-03-05 00:00:00+00:00
[2024-01-30T19:37:44.381+0000] {processor.py:183} INFO - Processing /home/airflow/.local/lib/python3.8/site-packages/airflow/example_dags/example_dynamic_task_mapping.py took 0.101 seconds
[2024-01-30T19:38:23.495+0000] {processor.py:161} INFO - Started process (PID=1058) to work on /home/airflow/.local/lib/python3.8/site-packages/airflow/example_dags/example_dynamic_task_mapping.py
[2024-01-30T19:38:23.497+0000] {processor.py:830} INFO - Processing file /home/airflow/.local/lib/python3.8/site-packages/airflow/example_dags/example_dynamic_task_mapping.py for tasks to queue
[2024-01-30T19:38:23.500+0000] {logging_mixin.py:188} INFO - [2024-01-30T19:38:23.499+0000] {dagbag.py:538} INFO - Filling up the DagBag from /home/airflow/.local/lib/python3.8/site-packages/airflow/example_dags/example_dynamic_task_mapping.py
[2024-01-30T19:38:23.509+0000] {processor.py:840} INFO - DAG(s) 'example_dynamic_task_mapping' retrieved from /home/airflow/.local/lib/python3.8/site-packages/airflow/example_dags/example_dynamic_task_mapping.py
[2024-01-30T19:38:23.717+0000] {logging_mixin.py:188} INFO - [2024-01-30T19:38:23.716+0000] {dag.py:3036} INFO - Sync 1 DAGs
[2024-01-30T19:38:23.762+0000] {logging_mixin.py:188} INFO - [2024-01-30T19:38:23.761+0000] {dag.py:3823} INFO - Setting next_dagrun for example_dynamic_task_mapping to 2022-03-04 00:00:00+00:00, run_after=2022-03-05 00:00:00+00:00
[2024-01-30T19:38:23.807+0000] {processor.py:183} INFO - Processing /home/airflow/.local/lib/python3.8/site-packages/airflow/example_dags/example_dynamic_task_mapping.py took 0.315 seconds
[2024-01-30T19:38:54.514+0000] {processor.py:161} INFO - Started process (PID=1306) to work on /home/airflow/.local/lib/python3.8/site-packages/airflow/example_dags/example_dynamic_task_mapping.py
[2024-01-30T19:38:54.517+0000] {processor.py:830} INFO - Processing file /home/airflow/.local/lib/python3.8/site-packages/airflow/example_dags/example_dynamic_task_mapping.py for tasks to queue
[2024-01-30T19:38:54.519+0000] {logging_mixin.py:188} INFO - [2024-01-30T19:38:54.518+0000] {dagbag.py:538} INFO - Filling up the DagBag from /home/airflow/.local/lib/python3.8/site-packages/airflow/example_dags/example_dynamic_task_mapping.py
[2024-01-30T19:38:54.551+0000] {processor.py:840} INFO - DAG(s) 'example_dynamic_task_mapping' retrieved from /home/airflow/.local/lib/python3.8/site-packages/airflow/example_dags/example_dynamic_task_mapping.py
[2024-01-30T19:38:54.597+0000] {logging_mixin.py:188} INFO - [2024-01-30T19:38:54.596+0000] {dag.py:3036} INFO - Sync 1 DAGs
[2024-01-30T19:38:54.655+0000] {logging_mixin.py:188} INFO - [2024-01-30T19:38:54.654+0000] {dag.py:3823} INFO - Setting next_dagrun for example_dynamic_task_mapping to 2022-03-04 00:00:00+00:00, run_after=2022-03-05 00:00:00+00:00
[2024-01-30T19:38:54.717+0000] {processor.py:183} INFO - Processing /home/airflow/.local/lib/python3.8/site-packages/airflow/example_dags/example_dynamic_task_mapping.py took 0.211 seconds
[2024-01-30T19:39:25.428+0000] {processor.py:161} INFO - Started process (PID=1557) to work on /home/airflow/.local/lib/python3.8/site-packages/airflow/example_dags/example_dynamic_task_mapping.py
[2024-01-30T19:39:25.448+0000] {processor.py:830} INFO - Processing file /home/airflow/.local/lib/python3.8/site-packages/airflow/example_dags/example_dynamic_task_mapping.py for tasks to queue
[2024-01-30T19:39:25.459+0000] {logging_mixin.py:188} INFO - [2024-01-30T19:39:25.458+0000] {dagbag.py:538} INFO - Filling up the DagBag from /home/airflow/.local/lib/python3.8/site-packages/airflow/example_dags/example_dynamic_task_mapping.py
[2024-01-30T19:39:25.488+0000] {processor.py:840} INFO - DAG(s) 'example_dynamic_task_mapping' retrieved from /home/airflow/.local/lib/python3.8/site-packages/airflow/example_dags/example_dynamic_task_mapping.py
[2024-01-30T19:39:25.548+0000] {logging_mixin.py:188} INFO - [2024-01-30T19:39:25.547+0000] {dag.py:3036} INFO - Sync 1 DAGs
[2024-01-30T19:39:25.624+0000] {logging_mixin.py:188} INFO - [2024-01-30T19:39:25.623+0000] {dag.py:3823} INFO - Setting next_dagrun for example_dynamic_task_mapping to 2022-03-04 00:00:00+00:00, run_after=2022-03-05 00:00:00+00:00
[2024-01-30T19:39:25.721+0000] {processor.py:183} INFO - Processing /home/airflow/.local/lib/python3.8/site-packages/airflow/example_dags/example_dynamic_task_mapping.py took 0.299 seconds
[2024-01-30T19:39:56.215+0000] {processor.py:161} INFO - Started process (PID=1802) to work on /home/airflow/.local/lib/python3.8/site-packages/airflow/example_dags/example_dynamic_task_mapping.py
[2024-01-30T19:39:56.218+0000] {processor.py:830} INFO - Processing file /home/airflow/.local/lib/python3.8/site-packages/airflow/example_dags/example_dynamic_task_mapping.py for tasks to queue
[2024-01-30T19:39:56.221+0000] {logging_mixin.py:188} INFO - [2024-01-30T19:39:56.220+0000] {dagbag.py:538} INFO - Filling up the DagBag from /home/airflow/.local/lib/python3.8/site-packages/airflow/example_dags/example_dynamic_task_mapping.py
[2024-01-30T19:39:56.236+0000] {processor.py:840} INFO - DAG(s) 'example_dynamic_task_mapping' retrieved from /home/airflow/.local/lib/python3.8/site-packages/airflow/example_dags/example_dynamic_task_mapping.py
[2024-01-30T19:39:56.293+0000] {logging_mixin.py:188} INFO - [2024-01-30T19:39:56.293+0000] {dag.py:3036} INFO - Sync 1 DAGs
[2024-01-30T19:39:56.360+0000] {logging_mixin.py:188} INFO - [2024-01-30T19:39:56.360+0000] {dag.py:3823} INFO - Setting next_dagrun for example_dynamic_task_mapping to 2022-03-04 00:00:00+00:00, run_after=2022-03-05 00:00:00+00:00
[2024-01-30T19:39:56.439+0000] {processor.py:183} INFO - Processing /home/airflow/.local/lib/python3.8/site-packages/airflow/example_dags/example_dynamic_task_mapping.py took 0.229 seconds
[2024-01-30T19:40:27.775+0000] {processor.py:161} INFO - Started process (PID=2050) to work on /home/airflow/.local/lib/python3.8/site-packages/airflow/example_dags/example_dynamic_task_mapping.py
[2024-01-30T19:40:27.779+0000] {processor.py:830} INFO - Processing file /home/airflow/.local/lib/python3.8/site-packages/airflow/example_dags/example_dynamic_task_mapping.py for tasks to queue
[2024-01-30T19:40:27.784+0000] {logging_mixin.py:188} INFO - [2024-01-30T19:40:27.784+0000] {dagbag.py:538} INFO - Filling up the DagBag from /home/airflow/.local/lib/python3.8/site-packages/airflow/example_dags/example_dynamic_task_mapping.py
[2024-01-30T19:40:27.808+0000] {processor.py:840} INFO - DAG(s) 'example_dynamic_task_mapping' retrieved from /home/airflow/.local/lib/python3.8/site-packages/airflow/example_dags/example_dynamic_task_mapping.py
[2024-01-30T19:40:27.934+0000] {logging_mixin.py:188} INFO - [2024-01-30T19:40:27.934+0000] {dag.py:3036} INFO - Sync 1 DAGs
[2024-01-30T19:40:28.082+0000] {logging_mixin.py:188} INFO - [2024-01-30T19:40:28.079+0000] {dag.py:3823} INFO - Setting next_dagrun for example_dynamic_task_mapping to 2022-03-04 00:00:00+00:00, run_after=2022-03-05 00:00:00+00:00
[2024-01-30T19:40:28.189+0000] {processor.py:183} INFO - Processing /home/airflow/.local/lib/python3.8/site-packages/airflow/example_dags/example_dynamic_task_mapping.py took 0.419 seconds
[2024-01-30T19:40:58.910+0000] {processor.py:161} INFO - Started process (PID=2297) to work on /home/airflow/.local/lib/python3.8/site-packages/airflow/example_dags/example_dynamic_task_mapping.py
[2024-01-30T19:40:58.930+0000] {processor.py:830} INFO - Processing file /home/airflow/.local/lib/python3.8/site-packages/airflow/example_dags/example_dynamic_task_mapping.py for tasks to queue
[2024-01-30T19:40:58.933+0000] {logging_mixin.py:188} INFO - [2024-01-30T19:40:58.932+0000] {dagbag.py:538} INFO - Filling up the DagBag from /home/airflow/.local/lib/python3.8/site-packages/airflow/example_dags/example_dynamic_task_mapping.py
[2024-01-30T19:40:58.956+0000] {processor.py:840} INFO - DAG(s) 'example_dynamic_task_mapping' retrieved from /home/airflow/.local/lib/python3.8/site-packages/airflow/example_dags/example_dynamic_task_mapping.py
[2024-01-30T19:40:59.035+0000] {logging_mixin.py:188} INFO - [2024-01-30T19:40:59.034+0000] {dag.py:3036} INFO - Sync 1 DAGs
[2024-01-30T19:40:59.106+0000] {logging_mixin.py:188} INFO - [2024-01-30T19:40:59.105+0000] {dag.py:3823} INFO - Setting next_dagrun for example_dynamic_task_mapping to 2022-03-04 00:00:00+00:00, run_after=2022-03-05 00:00:00+00:00
[2024-01-30T19:40:59.178+0000] {processor.py:183} INFO - Processing /home/airflow/.local/lib/python3.8/site-packages/airflow/example_dags/example_dynamic_task_mapping.py took 0.272 seconds
[2024-01-30T19:41:31.533+0000] {processor.py:161} INFO - Started process (PID=2544) to work on /home/airflow/.local/lib/python3.8/site-packages/airflow/example_dags/example_dynamic_task_mapping.py
[2024-01-30T19:41:31.538+0000] {processor.py:830} INFO - Processing file /home/airflow/.local/lib/python3.8/site-packages/airflow/example_dags/example_dynamic_task_mapping.py for tasks to queue
[2024-01-30T19:41:31.543+0000] {logging_mixin.py:188} INFO - [2024-01-30T19:41:31.542+0000] {dagbag.py:538} INFO - Filling up the DagBag from /home/airflow/.local/lib/python3.8/site-packages/airflow/example_dags/example_dynamic_task_mapping.py
[2024-01-30T19:41:31.564+0000] {processor.py:840} INFO - DAG(s) 'example_dynamic_task_mapping' retrieved from /home/airflow/.local/lib/python3.8/site-packages/airflow/example_dags/example_dynamic_task_mapping.py
[2024-01-30T19:41:31.609+0000] {logging_mixin.py:188} INFO - [2024-01-30T19:41:31.609+0000] {dag.py:3036} INFO - Sync 1 DAGs
[2024-01-30T19:41:31.723+0000] {logging_mixin.py:188} INFO - [2024-01-30T19:41:31.723+0000] {dag.py:3823} INFO - Setting next_dagrun for example_dynamic_task_mapping to 2022-03-04 00:00:00+00:00, run_after=2022-03-05 00:00:00+00:00
[2024-01-30T19:41:31.872+0000] {processor.py:183} INFO - Processing /home/airflow/.local/lib/python3.8/site-packages/airflow/example_dags/example_dynamic_task_mapping.py took 0.345 seconds
[2024-01-30T19:42:03.080+0000] {processor.py:161} INFO - Started process (PID=2785) to work on /home/airflow/.local/lib/python3.8/site-packages/airflow/example_dags/example_dynamic_task_mapping.py
[2024-01-30T19:42:03.095+0000] {processor.py:830} INFO - Processing file /home/airflow/.local/lib/python3.8/site-packages/airflow/example_dags/example_dynamic_task_mapping.py for tasks to queue
[2024-01-30T19:42:03.099+0000] {logging_mixin.py:188} INFO - [2024-01-30T19:42:03.098+0000] {dagbag.py:538} INFO - Filling up the DagBag from /home/airflow/.local/lib/python3.8/site-packages/airflow/example_dags/example_dynamic_task_mapping.py
[2024-01-30T19:42:03.129+0000] {processor.py:840} INFO - DAG(s) 'example_dynamic_task_mapping' retrieved from /home/airflow/.local/lib/python3.8/site-packages/airflow/example_dags/example_dynamic_task_mapping.py
[2024-01-30T19:42:03.182+0000] {logging_mixin.py:188} INFO - [2024-01-30T19:42:03.181+0000] {dag.py:3036} INFO - Sync 1 DAGs
[2024-01-30T19:42:03.252+0000] {logging_mixin.py:188} INFO - [2024-01-30T19:42:03.250+0000] {dag.py:3823} INFO - Setting next_dagrun for example_dynamic_task_mapping to 2022-03-04 00:00:00+00:00, run_after=2022-03-05 00:00:00+00:00
[2024-01-30T19:42:03.312+0000] {processor.py:183} INFO - Processing /home/airflow/.local/lib/python3.8/site-packages/airflow/example_dags/example_dynamic_task_mapping.py took 0.241 seconds
[2024-01-30T19:42:41.706+0000] {processor.py:161} INFO - Started process (PID=3044) to work on /home/airflow/.local/lib/python3.8/site-packages/airflow/example_dags/example_dynamic_task_mapping.py
[2024-01-30T19:42:41.777+0000] {processor.py:830} INFO - Processing file /home/airflow/.local/lib/python3.8/site-packages/airflow/example_dags/example_dynamic_task_mapping.py for tasks to queue
[2024-01-30T19:42:41.790+0000] {logging_mixin.py:188} INFO - [2024-01-30T19:42:41.790+0000] {dagbag.py:538} INFO - Filling up the DagBag from /home/airflow/.local/lib/python3.8/site-packages/airflow/example_dags/example_dynamic_task_mapping.py
[2024-01-30T19:42:41.842+0000] {processor.py:840} INFO - DAG(s) 'example_dynamic_task_mapping' retrieved from /home/airflow/.local/lib/python3.8/site-packages/airflow/example_dags/example_dynamic_task_mapping.py
[2024-01-30T19:42:42.278+0000] {logging_mixin.py:188} INFO - [2024-01-30T19:42:42.278+0000] {dag.py:3036} INFO - Sync 1 DAGs
[2024-01-30T19:42:43.199+0000] {logging_mixin.py:188} INFO - [2024-01-30T19:42:43.197+0000] {dag.py:3823} INFO - Setting next_dagrun for example_dynamic_task_mapping to 2022-03-04 00:00:00+00:00, run_after=2022-03-05 00:00:00+00:00
[2024-01-30T19:42:44.058+0000] {processor.py:183} INFO - Processing /home/airflow/.local/lib/python3.8/site-packages/airflow/example_dags/example_dynamic_task_mapping.py took 2.367 seconds
[2024-01-30T19:43:57.223+0000] {processor.py:161} INFO - Started process (PID=3308) to work on /home/airflow/.local/lib/python3.8/site-packages/airflow/example_dags/example_dynamic_task_mapping.py
[2024-01-30T19:43:57.228+0000] {processor.py:830} INFO - Processing file /home/airflow/.local/lib/python3.8/site-packages/airflow/example_dags/example_dynamic_task_mapping.py for tasks to queue
[2024-01-30T19:43:57.230+0000] {logging_mixin.py:188} INFO - [2024-01-30T19:43:57.230+0000] {dagbag.py:538} INFO - Filling up the DagBag from /home/airflow/.local/lib/python3.8/site-packages/airflow/example_dags/example_dynamic_task_mapping.py
[2024-01-30T19:43:57.245+0000] {processor.py:840} INFO - DAG(s) 'example_dynamic_task_mapping' retrieved from /home/airflow/.local/lib/python3.8/site-packages/airflow/example_dags/example_dynamic_task_mapping.py
[2024-01-30T19:43:57.294+0000] {logging_mixin.py:188} INFO - [2024-01-30T19:43:57.293+0000] {dag.py:3036} INFO - Sync 1 DAGs
[2024-01-30T19:43:57.349+0000] {logging_mixin.py:188} INFO - [2024-01-30T19:43:57.349+0000] {dag.py:3823} INFO - Setting next_dagrun for example_dynamic_task_mapping to 2022-03-04 00:00:00+00:00, run_after=2022-03-05 00:00:00+00:00
[2024-01-30T19:43:57.399+0000] {processor.py:183} INFO - Processing /home/airflow/.local/lib/python3.8/site-packages/airflow/example_dags/example_dynamic_task_mapping.py took 0.179 seconds
[2024-01-30T19:44:59.047+0000] {processor.py:161} INFO - Started process (PID=3659) to work on /home/airflow/.local/lib/python3.8/site-packages/airflow/example_dags/example_dynamic_task_mapping.py
[2024-01-30T19:44:59.060+0000] {processor.py:830} INFO - Processing file /home/airflow/.local/lib/python3.8/site-packages/airflow/example_dags/example_dynamic_task_mapping.py for tasks to queue
[2024-01-30T19:44:59.074+0000] {logging_mixin.py:188} INFO - [2024-01-30T19:44:59.074+0000] {dagbag.py:538} INFO - Filling up the DagBag from /home/airflow/.local/lib/python3.8/site-packages/airflow/example_dags/example_dynamic_task_mapping.py
[2024-01-30T19:44:59.141+0000] {processor.py:840} INFO - DAG(s) 'example_dynamic_task_mapping' retrieved from /home/airflow/.local/lib/python3.8/site-packages/airflow/example_dags/example_dynamic_task_mapping.py
[2024-01-30T19:44:59.238+0000] {logging_mixin.py:188} INFO - [2024-01-30T19:44:59.238+0000] {dag.py:3036} INFO - Sync 1 DAGs
[2024-01-30T19:44:59.344+0000] {logging_mixin.py:188} INFO - [2024-01-30T19:44:59.343+0000] {dag.py:3823} INFO - Setting next_dagrun for example_dynamic_task_mapping to 2022-03-04 00:00:00+00:00, run_after=2022-03-05 00:00:00+00:00
[2024-01-30T19:44:59.453+0000] {processor.py:183} INFO - Processing /home/airflow/.local/lib/python3.8/site-packages/airflow/example_dags/example_dynamic_task_mapping.py took 0.419 seconds
[2024-01-30T19:45:33.917+0000] {processor.py:161} INFO - Started process (PID=3909) to work on /home/airflow/.local/lib/python3.8/site-packages/airflow/example_dags/example_dynamic_task_mapping.py
[2024-01-30T19:45:33.922+0000] {processor.py:830} INFO - Processing file /home/airflow/.local/lib/python3.8/site-packages/airflow/example_dags/example_dynamic_task_mapping.py for tasks to queue
[2024-01-30T19:45:33.929+0000] {logging_mixin.py:188} INFO - [2024-01-30T19:45:33.928+0000] {dagbag.py:538} INFO - Filling up the DagBag from /home/airflow/.local/lib/python3.8/site-packages/airflow/example_dags/example_dynamic_task_mapping.py
[2024-01-30T19:45:33.944+0000] {processor.py:840} INFO - DAG(s) 'example_dynamic_task_mapping' retrieved from /home/airflow/.local/lib/python3.8/site-packages/airflow/example_dags/example_dynamic_task_mapping.py
[2024-01-30T19:45:33.994+0000] {logging_mixin.py:188} INFO - [2024-01-30T19:45:33.993+0000] {dag.py:3036} INFO - Sync 1 DAGs
[2024-01-30T19:45:34.054+0000] {logging_mixin.py:188} INFO - [2024-01-30T19:45:34.053+0000] {dag.py:3823} INFO - Setting next_dagrun for example_dynamic_task_mapping to 2022-03-04 00:00:00+00:00, run_after=2022-03-05 00:00:00+00:00
[2024-01-30T19:45:34.110+0000] {processor.py:183} INFO - Processing /home/airflow/.local/lib/python3.8/site-packages/airflow/example_dags/example_dynamic_task_mapping.py took 0.201 seconds
