[2024-01-30T19:29:24.401+0000] {processor.py:161} INFO - Started process (PID=418) to work on /home/airflow/.local/lib/python3.8/site-packages/airflow/example_dags/example_external_task_marker_dag.py
[2024-01-30T19:29:24.404+0000] {processor.py:830} INFO - Processing file /home/airflow/.local/lib/python3.8/site-packages/airflow/example_dags/example_external_task_marker_dag.py for tasks to queue
[2024-01-30T19:29:24.407+0000] {logging_mixin.py:188} INFO - [2024-01-30T19:29:24.406+0000] {dagbag.py:538} INFO - Filling up the DagBag from /home/airflow/.local/lib/python3.8/site-packages/airflow/example_dags/example_external_task_marker_dag.py
[2024-01-30T19:29:24.434+0000] {processor.py:840} INFO - DAG(s) 'example_external_task_marker_parent', 'example_external_task_marker_child' retrieved from /home/airflow/.local/lib/python3.8/site-packages/airflow/example_dags/example_external_task_marker_dag.py
[2024-01-30T19:29:24.645+0000] {logging_mixin.py:188} INFO - [2024-01-30T19:29:24.644+0000] {override.py:1769} INFO - Created Permission View: can edit on DAG:example_external_task_marker_parent
[2024-01-30T19:29:24.672+0000] {logging_mixin.py:188} INFO - [2024-01-30T19:29:24.672+0000] {override.py:1769} INFO - Created Permission View: can read on DAG:example_external_task_marker_parent
[2024-01-30T19:29:24.702+0000] {logging_mixin.py:188} INFO - [2024-01-30T19:29:24.701+0000] {override.py:1769} INFO - Created Permission View: can delete on DAG:example_external_task_marker_parent
[2024-01-30T19:29:24.763+0000] {logging_mixin.py:188} INFO - [2024-01-30T19:29:24.761+0000] {override.py:1769} INFO - Created Permission View: can edit on DAG:example_external_task_marker_child
[2024-01-30T19:29:24.786+0000] {logging_mixin.py:188} INFO - [2024-01-30T19:29:24.784+0000] {override.py:1769} INFO - Created Permission View: can read on DAG:example_external_task_marker_child
[2024-01-30T19:29:24.806+0000] {logging_mixin.py:188} INFO - [2024-01-30T19:29:24.806+0000] {override.py:1769} INFO - Created Permission View: can delete on DAG:example_external_task_marker_child
[2024-01-30T19:29:24.808+0000] {logging_mixin.py:188} INFO - [2024-01-30T19:29:24.808+0000] {dag.py:3036} INFO - Sync 2 DAGs
[2024-01-30T19:29:24.831+0000] {logging_mixin.py:188} INFO - [2024-01-30T19:29:24.831+0000] {dag.py:3058} INFO - Creating ORM DAG for example_external_task_marker_child
[2024-01-30T19:29:24.833+0000] {logging_mixin.py:188} INFO - [2024-01-30T19:29:24.833+0000] {dag.py:3058} INFO - Creating ORM DAG for example_external_task_marker_parent
[2024-01-30T19:29:24.836+0000] {logging_mixin.py:188} INFO - [2024-01-30T19:29:24.835+0000] {dag.py:3823} INFO - Setting next_dagrun for example_external_task_marker_child to None, run_after=None
[2024-01-30T19:29:24.840+0000] {logging_mixin.py:188} INFO - [2024-01-30T19:29:24.839+0000] {dag.py:3823} INFO - Setting next_dagrun for example_external_task_marker_parent to None, run_after=None
[2024-01-30T19:29:24.891+0000] {processor.py:183} INFO - Processing /home/airflow/.local/lib/python3.8/site-packages/airflow/example_dags/example_external_task_marker_dag.py took 0.495 seconds
[2024-01-30T19:36:45.962+0000] {processor.py:161} INFO - Started process (PID=377) to work on /home/airflow/.local/lib/python3.8/site-packages/airflow/example_dags/example_external_task_marker_dag.py
[2024-01-30T19:36:45.964+0000] {processor.py:830} INFO - Processing file /home/airflow/.local/lib/python3.8/site-packages/airflow/example_dags/example_external_task_marker_dag.py for tasks to queue
[2024-01-30T19:36:45.965+0000] {logging_mixin.py:188} INFO - [2024-01-30T19:36:45.965+0000] {dagbag.py:538} INFO - Filling up the DagBag from /home/airflow/.local/lib/python3.8/site-packages/airflow/example_dags/example_external_task_marker_dag.py
[2024-01-30T19:36:45.977+0000] {processor.py:840} INFO - DAG(s) 'example_external_task_marker_child', 'example_external_task_marker_parent' retrieved from /home/airflow/.local/lib/python3.8/site-packages/airflow/example_dags/example_external_task_marker_dag.py
[2024-01-30T19:36:46.147+0000] {logging_mixin.py:188} INFO - [2024-01-30T19:36:46.147+0000] {dag.py:3036} INFO - Sync 2 DAGs
[2024-01-30T19:36:46.163+0000] {logging_mixin.py:188} INFO - [2024-01-30T19:36:46.163+0000] {dag.py:3823} INFO - Setting next_dagrun for example_external_task_marker_child to None, run_after=None
[2024-01-30T19:36:46.169+0000] {logging_mixin.py:188} INFO - [2024-01-30T19:36:46.169+0000] {dag.py:3823} INFO - Setting next_dagrun for example_external_task_marker_parent to None, run_after=None
[2024-01-30T19:36:46.227+0000] {processor.py:183} INFO - Processing /home/airflow/.local/lib/python3.8/site-packages/airflow/example_dags/example_external_task_marker_dag.py took 0.269 seconds
[2024-01-30T19:37:17.015+0000] {processor.py:161} INFO - Started process (PID=622) to work on /home/airflow/.local/lib/python3.8/site-packages/airflow/example_dags/example_external_task_marker_dag.py
[2024-01-30T19:37:17.017+0000] {processor.py:830} INFO - Processing file /home/airflow/.local/lib/python3.8/site-packages/airflow/example_dags/example_external_task_marker_dag.py for tasks to queue
[2024-01-30T19:37:17.021+0000] {logging_mixin.py:188} INFO - [2024-01-30T19:37:17.020+0000] {dagbag.py:538} INFO - Filling up the DagBag from /home/airflow/.local/lib/python3.8/site-packages/airflow/example_dags/example_external_task_marker_dag.py
[2024-01-30T19:37:17.032+0000] {processor.py:840} INFO - DAG(s) 'example_external_task_marker_parent', 'example_external_task_marker_child' retrieved from /home/airflow/.local/lib/python3.8/site-packages/airflow/example_dags/example_external_task_marker_dag.py
[2024-01-30T19:37:17.071+0000] {logging_mixin.py:188} INFO - [2024-01-30T19:37:17.070+0000] {dag.py:3036} INFO - Sync 2 DAGs
[2024-01-30T19:37:17.101+0000] {logging_mixin.py:188} INFO - [2024-01-30T19:37:17.100+0000] {dag.py:3823} INFO - Setting next_dagrun for example_external_task_marker_child to None, run_after=None
[2024-01-30T19:37:17.113+0000] {logging_mixin.py:188} INFO - [2024-01-30T19:37:17.113+0000] {dag.py:3823} INFO - Setting next_dagrun for example_external_task_marker_parent to None, run_after=None
[2024-01-30T19:37:17.155+0000] {processor.py:183} INFO - Processing /home/airflow/.local/lib/python3.8/site-packages/airflow/example_dags/example_external_task_marker_dag.py took 0.144 seconds
[2024-01-30T19:37:48.882+0000] {processor.py:161} INFO - Started process (PID=864) to work on /home/airflow/.local/lib/python3.8/site-packages/airflow/example_dags/example_external_task_marker_dag.py
[2024-01-30T19:37:48.893+0000] {processor.py:830} INFO - Processing file /home/airflow/.local/lib/python3.8/site-packages/airflow/example_dags/example_external_task_marker_dag.py for tasks to queue
[2024-01-30T19:37:48.896+0000] {logging_mixin.py:188} INFO - [2024-01-30T19:37:48.895+0000] {dagbag.py:538} INFO - Filling up the DagBag from /home/airflow/.local/lib/python3.8/site-packages/airflow/example_dags/example_external_task_marker_dag.py
[2024-01-30T19:37:48.916+0000] {processor.py:840} INFO - DAG(s) 'example_external_task_marker_parent', 'example_external_task_marker_child' retrieved from /home/airflow/.local/lib/python3.8/site-packages/airflow/example_dags/example_external_task_marker_dag.py
[2024-01-30T19:37:48.963+0000] {logging_mixin.py:188} INFO - [2024-01-30T19:37:48.963+0000] {dag.py:3036} INFO - Sync 2 DAGs
[2024-01-30T19:37:49.016+0000] {logging_mixin.py:188} INFO - [2024-01-30T19:37:49.016+0000] {dag.py:3823} INFO - Setting next_dagrun for example_external_task_marker_child to None, run_after=None
[2024-01-30T19:37:49.030+0000] {logging_mixin.py:188} INFO - [2024-01-30T19:37:49.029+0000] {dag.py:3823} INFO - Setting next_dagrun for example_external_task_marker_parent to None, run_after=None
[2024-01-30T19:37:49.091+0000] {processor.py:183} INFO - Processing /home/airflow/.local/lib/python3.8/site-packages/airflow/example_dags/example_external_task_marker_dag.py took 0.213 seconds
[2024-01-30T19:38:25.897+0000] {processor.py:161} INFO - Started process (PID=1116) to work on /home/airflow/.local/lib/python3.8/site-packages/airflow/example_dags/example_external_task_marker_dag.py
[2024-01-30T19:38:25.899+0000] {processor.py:830} INFO - Processing file /home/airflow/.local/lib/python3.8/site-packages/airflow/example_dags/example_external_task_marker_dag.py for tasks to queue
[2024-01-30T19:38:25.903+0000] {logging_mixin.py:188} INFO - [2024-01-30T19:38:25.902+0000] {dagbag.py:538} INFO - Filling up the DagBag from /home/airflow/.local/lib/python3.8/site-packages/airflow/example_dags/example_external_task_marker_dag.py
[2024-01-30T19:38:25.911+0000] {processor.py:840} INFO - DAG(s) 'example_external_task_marker_child', 'example_external_task_marker_parent' retrieved from /home/airflow/.local/lib/python3.8/site-packages/airflow/example_dags/example_external_task_marker_dag.py
[2024-01-30T19:38:26.101+0000] {logging_mixin.py:188} INFO - [2024-01-30T19:38:26.101+0000] {dag.py:3036} INFO - Sync 2 DAGs
[2024-01-30T19:38:26.117+0000] {logging_mixin.py:188} INFO - [2024-01-30T19:38:26.117+0000] {dag.py:3823} INFO - Setting next_dagrun for example_external_task_marker_child to None, run_after=None
[2024-01-30T19:38:26.124+0000] {logging_mixin.py:188} INFO - [2024-01-30T19:38:26.123+0000] {dag.py:3823} INFO - Setting next_dagrun for example_external_task_marker_parent to None, run_after=None
[2024-01-30T19:38:26.168+0000] {processor.py:183} INFO - Processing /home/airflow/.local/lib/python3.8/site-packages/airflow/example_dags/example_external_task_marker_dag.py took 0.275 seconds
[2024-01-30T19:38:56.738+0000] {processor.py:161} INFO - Started process (PID=1366) to work on /home/airflow/.local/lib/python3.8/site-packages/airflow/example_dags/example_external_task_marker_dag.py
[2024-01-30T19:38:56.740+0000] {processor.py:830} INFO - Processing file /home/airflow/.local/lib/python3.8/site-packages/airflow/example_dags/example_external_task_marker_dag.py for tasks to queue
[2024-01-30T19:38:56.747+0000] {logging_mixin.py:188} INFO - [2024-01-30T19:38:56.745+0000] {dagbag.py:538} INFO - Filling up the DagBag from /home/airflow/.local/lib/python3.8/site-packages/airflow/example_dags/example_external_task_marker_dag.py
[2024-01-30T19:38:56.757+0000] {processor.py:840} INFO - DAG(s) 'example_external_task_marker_parent', 'example_external_task_marker_child' retrieved from /home/airflow/.local/lib/python3.8/site-packages/airflow/example_dags/example_external_task_marker_dag.py
[2024-01-30T19:38:56.817+0000] {logging_mixin.py:188} INFO - [2024-01-30T19:38:56.816+0000] {dag.py:3036} INFO - Sync 2 DAGs
[2024-01-30T19:38:56.846+0000] {logging_mixin.py:188} INFO - [2024-01-30T19:38:56.845+0000] {dag.py:3823} INFO - Setting next_dagrun for example_external_task_marker_child to None, run_after=None
[2024-01-30T19:38:56.857+0000] {logging_mixin.py:188} INFO - [2024-01-30T19:38:56.857+0000] {dag.py:3823} INFO - Setting next_dagrun for example_external_task_marker_parent to None, run_after=None
[2024-01-30T19:38:57.065+0000] {processor.py:183} INFO - Processing /home/airflow/.local/lib/python3.8/site-packages/airflow/example_dags/example_external_task_marker_dag.py took 0.331 seconds
[2024-01-30T19:39:27.402+0000] {processor.py:161} INFO - Started process (PID=1617) to work on /home/airflow/.local/lib/python3.8/site-packages/airflow/example_dags/example_external_task_marker_dag.py
[2024-01-30T19:39:27.404+0000] {processor.py:830} INFO - Processing file /home/airflow/.local/lib/python3.8/site-packages/airflow/example_dags/example_external_task_marker_dag.py for tasks to queue
[2024-01-30T19:39:27.406+0000] {logging_mixin.py:188} INFO - [2024-01-30T19:39:27.405+0000] {dagbag.py:538} INFO - Filling up the DagBag from /home/airflow/.local/lib/python3.8/site-packages/airflow/example_dags/example_external_task_marker_dag.py
[2024-01-30T19:39:27.415+0000] {processor.py:840} INFO - DAG(s) 'example_external_task_marker_child', 'example_external_task_marker_parent' retrieved from /home/airflow/.local/lib/python3.8/site-packages/airflow/example_dags/example_external_task_marker_dag.py
[2024-01-30T19:39:27.460+0000] {logging_mixin.py:188} INFO - [2024-01-30T19:39:27.460+0000] {dag.py:3036} INFO - Sync 2 DAGs
[2024-01-30T19:39:27.484+0000] {logging_mixin.py:188} INFO - [2024-01-30T19:39:27.484+0000] {dag.py:3823} INFO - Setting next_dagrun for example_external_task_marker_child to None, run_after=None
[2024-01-30T19:39:27.497+0000] {logging_mixin.py:188} INFO - [2024-01-30T19:39:27.496+0000] {dag.py:3823} INFO - Setting next_dagrun for example_external_task_marker_parent to None, run_after=None
[2024-01-30T19:39:27.541+0000] {processor.py:183} INFO - Processing /home/airflow/.local/lib/python3.8/site-packages/airflow/example_dags/example_external_task_marker_dag.py took 0.143 seconds
[2024-01-30T19:39:58.635+0000] {processor.py:161} INFO - Started process (PID=1862) to work on /home/airflow/.local/lib/python3.8/site-packages/airflow/example_dags/example_external_task_marker_dag.py
[2024-01-30T19:39:58.640+0000] {processor.py:830} INFO - Processing file /home/airflow/.local/lib/python3.8/site-packages/airflow/example_dags/example_external_task_marker_dag.py for tasks to queue
[2024-01-30T19:39:58.642+0000] {logging_mixin.py:188} INFO - [2024-01-30T19:39:58.641+0000] {dagbag.py:538} INFO - Filling up the DagBag from /home/airflow/.local/lib/python3.8/site-packages/airflow/example_dags/example_external_task_marker_dag.py
[2024-01-30T19:39:58.659+0000] {processor.py:840} INFO - DAG(s) 'example_external_task_marker_parent', 'example_external_task_marker_child' retrieved from /home/airflow/.local/lib/python3.8/site-packages/airflow/example_dags/example_external_task_marker_dag.py
[2024-01-30T19:39:58.769+0000] {logging_mixin.py:188} INFO - [2024-01-30T19:39:58.769+0000] {dag.py:3036} INFO - Sync 2 DAGs
[2024-01-30T19:39:58.824+0000] {logging_mixin.py:188} INFO - [2024-01-30T19:39:58.823+0000] {dag.py:3823} INFO - Setting next_dagrun for example_external_task_marker_child to None, run_after=None
[2024-01-30T19:39:58.851+0000] {logging_mixin.py:188} INFO - [2024-01-30T19:39:58.851+0000] {dag.py:3823} INFO - Setting next_dagrun for example_external_task_marker_parent to None, run_after=None
[2024-01-30T19:40:01.035+0000] {processor.py:183} INFO - Processing /home/airflow/.local/lib/python3.8/site-packages/airflow/example_dags/example_external_task_marker_dag.py took 2.404 seconds
[2024-01-30T19:40:31.921+0000] {processor.py:161} INFO - Started process (PID=2105) to work on /home/airflow/.local/lib/python3.8/site-packages/airflow/example_dags/example_external_task_marker_dag.py
[2024-01-30T19:40:31.930+0000] {processor.py:830} INFO - Processing file /home/airflow/.local/lib/python3.8/site-packages/airflow/example_dags/example_external_task_marker_dag.py for tasks to queue
[2024-01-30T19:40:31.939+0000] {logging_mixin.py:188} INFO - [2024-01-30T19:40:31.939+0000] {dagbag.py:538} INFO - Filling up the DagBag from /home/airflow/.local/lib/python3.8/site-packages/airflow/example_dags/example_external_task_marker_dag.py
[2024-01-30T19:40:31.958+0000] {processor.py:840} INFO - DAG(s) 'example_external_task_marker_parent', 'example_external_task_marker_child' retrieved from /home/airflow/.local/lib/python3.8/site-packages/airflow/example_dags/example_external_task_marker_dag.py
[2024-01-30T19:40:32.017+0000] {logging_mixin.py:188} INFO - [2024-01-30T19:40:32.017+0000] {dag.py:3036} INFO - Sync 2 DAGs
[2024-01-30T19:40:32.043+0000] {logging_mixin.py:188} INFO - [2024-01-30T19:40:32.043+0000] {dag.py:3823} INFO - Setting next_dagrun for example_external_task_marker_child to None, run_after=None
[2024-01-30T19:40:32.057+0000] {logging_mixin.py:188} INFO - [2024-01-30T19:40:32.056+0000] {dag.py:3823} INFO - Setting next_dagrun for example_external_task_marker_parent to None, run_after=None
[2024-01-30T19:40:32.108+0000] {processor.py:183} INFO - Processing /home/airflow/.local/lib/python3.8/site-packages/airflow/example_dags/example_external_task_marker_dag.py took 0.193 seconds
[2024-01-30T19:41:02.455+0000] {processor.py:161} INFO - Started process (PID=2354) to work on /home/airflow/.local/lib/python3.8/site-packages/airflow/example_dags/example_external_task_marker_dag.py
[2024-01-30T19:41:02.458+0000] {processor.py:830} INFO - Processing file /home/airflow/.local/lib/python3.8/site-packages/airflow/example_dags/example_external_task_marker_dag.py for tasks to queue
[2024-01-30T19:41:02.464+0000] {logging_mixin.py:188} INFO - [2024-01-30T19:41:02.463+0000] {dagbag.py:538} INFO - Filling up the DagBag from /home/airflow/.local/lib/python3.8/site-packages/airflow/example_dags/example_external_task_marker_dag.py
[2024-01-30T19:41:02.478+0000] {processor.py:840} INFO - DAG(s) 'example_external_task_marker_parent', 'example_external_task_marker_child' retrieved from /home/airflow/.local/lib/python3.8/site-packages/airflow/example_dags/example_external_task_marker_dag.py
[2024-01-30T19:41:02.531+0000] {logging_mixin.py:188} INFO - [2024-01-30T19:41:02.531+0000] {dag.py:3036} INFO - Sync 2 DAGs
[2024-01-30T19:41:02.562+0000] {logging_mixin.py:188} INFO - [2024-01-30T19:41:02.561+0000] {dag.py:3823} INFO - Setting next_dagrun for example_external_task_marker_child to None, run_after=None
[2024-01-30T19:41:02.569+0000] {logging_mixin.py:188} INFO - [2024-01-30T19:41:02.569+0000] {dag.py:3823} INFO - Setting next_dagrun for example_external_task_marker_parent to None, run_after=None
[2024-01-30T19:41:02.618+0000] {processor.py:183} INFO - Processing /home/airflow/.local/lib/python3.8/site-packages/airflow/example_dags/example_external_task_marker_dag.py took 0.170 seconds
[2024-01-30T19:41:38.822+0000] {processor.py:161} INFO - Started process (PID=2604) to work on /home/airflow/.local/lib/python3.8/site-packages/airflow/example_dags/example_external_task_marker_dag.py
[2024-01-30T19:41:38.829+0000] {processor.py:830} INFO - Processing file /home/airflow/.local/lib/python3.8/site-packages/airflow/example_dags/example_external_task_marker_dag.py for tasks to queue
[2024-01-30T19:41:38.840+0000] {logging_mixin.py:188} INFO - [2024-01-30T19:41:38.835+0000] {dagbag.py:538} INFO - Filling up the DagBag from /home/airflow/.local/lib/python3.8/site-packages/airflow/example_dags/example_external_task_marker_dag.py
[2024-01-30T19:41:38.862+0000] {processor.py:840} INFO - DAG(s) 'example_external_task_marker_child', 'example_external_task_marker_parent' retrieved from /home/airflow/.local/lib/python3.8/site-packages/airflow/example_dags/example_external_task_marker_dag.py
[2024-01-30T19:41:38.942+0000] {logging_mixin.py:188} INFO - [2024-01-30T19:41:38.942+0000] {dag.py:3036} INFO - Sync 2 DAGs
[2024-01-30T19:41:39.100+0000] {logging_mixin.py:188} INFO - [2024-01-30T19:41:39.099+0000] {dag.py:3823} INFO - Setting next_dagrun for example_external_task_marker_child to None, run_after=None
[2024-01-30T19:41:39.115+0000] {logging_mixin.py:188} INFO - [2024-01-30T19:41:39.115+0000] {dag.py:3823} INFO - Setting next_dagrun for example_external_task_marker_parent to None, run_after=None
[2024-01-30T19:41:39.290+0000] {processor.py:183} INFO - Processing /home/airflow/.local/lib/python3.8/site-packages/airflow/example_dags/example_external_task_marker_dag.py took 0.473 seconds
[2024-01-30T19:42:12.971+0000] {processor.py:161} INFO - Started process (PID=2851) to work on /home/airflow/.local/lib/python3.8/site-packages/airflow/example_dags/example_external_task_marker_dag.py
[2024-01-30T19:42:12.974+0000] {processor.py:830} INFO - Processing file /home/airflow/.local/lib/python3.8/site-packages/airflow/example_dags/example_external_task_marker_dag.py for tasks to queue
[2024-01-30T19:42:12.976+0000] {logging_mixin.py:188} INFO - [2024-01-30T19:42:12.976+0000] {dagbag.py:538} INFO - Filling up the DagBag from /home/airflow/.local/lib/python3.8/site-packages/airflow/example_dags/example_external_task_marker_dag.py
[2024-01-30T19:42:13.116+0000] {processor.py:840} INFO - DAG(s) 'example_external_task_marker_parent', 'example_external_task_marker_child' retrieved from /home/airflow/.local/lib/python3.8/site-packages/airflow/example_dags/example_external_task_marker_dag.py
[2024-01-30T19:42:13.908+0000] {logging_mixin.py:188} INFO - [2024-01-30T19:42:13.905+0000] {dag.py:3036} INFO - Sync 2 DAGs
[2024-01-30T19:42:14.339+0000] {logging_mixin.py:188} INFO - [2024-01-30T19:42:14.339+0000] {dag.py:3823} INFO - Setting next_dagrun for example_external_task_marker_child to None, run_after=None
[2024-01-30T19:42:14.355+0000] {logging_mixin.py:188} INFO - [2024-01-30T19:42:14.354+0000] {dag.py:3823} INFO - Setting next_dagrun for example_external_task_marker_parent to None, run_after=None
[2024-01-30T19:42:14.439+0000] {processor.py:183} INFO - Processing /home/airflow/.local/lib/python3.8/site-packages/airflow/example_dags/example_external_task_marker_dag.py took 1.505 seconds
[2024-01-30T19:43:37.715+0000] {processor.py:161} INFO - Started process (PID=3236) to work on /home/airflow/.local/lib/python3.8/site-packages/airflow/example_dags/example_external_task_marker_dag.py
[2024-01-30T19:43:37.722+0000] {processor.py:830} INFO - Processing file /home/airflow/.local/lib/python3.8/site-packages/airflow/example_dags/example_external_task_marker_dag.py for tasks to queue
[2024-01-30T19:43:37.727+0000] {logging_mixin.py:188} INFO - [2024-01-30T19:43:37.726+0000] {dagbag.py:538} INFO - Filling up the DagBag from /home/airflow/.local/lib/python3.8/site-packages/airflow/example_dags/example_external_task_marker_dag.py
[2024-01-30T19:43:37.750+0000] {processor.py:840} INFO - DAG(s) 'example_external_task_marker_child', 'example_external_task_marker_parent' retrieved from /home/airflow/.local/lib/python3.8/site-packages/airflow/example_dags/example_external_task_marker_dag.py
[2024-01-30T19:43:37.903+0000] {logging_mixin.py:188} INFO - [2024-01-30T19:43:37.899+0000] {dag.py:3036} INFO - Sync 2 DAGs
[2024-01-30T19:43:37.957+0000] {logging_mixin.py:188} INFO - [2024-01-30T19:43:37.956+0000] {dag.py:3823} INFO - Setting next_dagrun for example_external_task_marker_child to None, run_after=None
[2024-01-30T19:43:37.968+0000] {logging_mixin.py:188} INFO - [2024-01-30T19:43:37.968+0000] {dag.py:3823} INFO - Setting next_dagrun for example_external_task_marker_parent to None, run_after=None
[2024-01-30T19:43:38.053+0000] {processor.py:183} INFO - Processing /home/airflow/.local/lib/python3.8/site-packages/airflow/example_dags/example_external_task_marker_dag.py took 0.343 seconds
[2024-01-30T19:44:09.046+0000] {processor.py:161} INFO - Started process (PID=3486) to work on /home/airflow/.local/lib/python3.8/site-packages/airflow/example_dags/example_external_task_marker_dag.py
[2024-01-30T19:44:09.056+0000] {processor.py:830} INFO - Processing file /home/airflow/.local/lib/python3.8/site-packages/airflow/example_dags/example_external_task_marker_dag.py for tasks to queue
[2024-01-30T19:44:09.097+0000] {logging_mixin.py:188} INFO - [2024-01-30T19:44:09.096+0000] {dagbag.py:538} INFO - Filling up the DagBag from /home/airflow/.local/lib/python3.8/site-packages/airflow/example_dags/example_external_task_marker_dag.py
[2024-01-30T19:44:09.137+0000] {processor.py:840} INFO - DAG(s) 'example_external_task_marker_parent', 'example_external_task_marker_child' retrieved from /home/airflow/.local/lib/python3.8/site-packages/airflow/example_dags/example_external_task_marker_dag.py
[2024-01-30T19:44:10.417+0000] {logging_mixin.py:188} INFO - [2024-01-30T19:44:10.416+0000] {dag.py:3036} INFO - Sync 2 DAGs
[2024-01-30T19:44:10.613+0000] {logging_mixin.py:188} INFO - [2024-01-30T19:44:10.613+0000] {dag.py:3823} INFO - Setting next_dagrun for example_external_task_marker_child to None, run_after=None
[2024-01-30T19:44:10.661+0000] {logging_mixin.py:188} INFO - [2024-01-30T19:44:10.660+0000] {dag.py:3823} INFO - Setting next_dagrun for example_external_task_marker_parent to None, run_after=None
[2024-01-30T19:44:10.976+0000] {processor.py:183} INFO - Processing /home/airflow/.local/lib/python3.8/site-packages/airflow/example_dags/example_external_task_marker_dag.py took 1.981 seconds
[2024-01-30T19:45:17.708+0000] {processor.py:161} INFO - Started process (PID=3762) to work on /home/airflow/.local/lib/python3.8/site-packages/airflow/example_dags/example_external_task_marker_dag.py
[2024-01-30T19:45:17.717+0000] {processor.py:830} INFO - Processing file /home/airflow/.local/lib/python3.8/site-packages/airflow/example_dags/example_external_task_marker_dag.py for tasks to queue
[2024-01-30T19:45:17.722+0000] {logging_mixin.py:188} INFO - [2024-01-30T19:45:17.721+0000] {dagbag.py:538} INFO - Filling up the DagBag from /home/airflow/.local/lib/python3.8/site-packages/airflow/example_dags/example_external_task_marker_dag.py
[2024-01-30T19:45:17.739+0000] {processor.py:840} INFO - DAG(s) 'example_external_task_marker_child', 'example_external_task_marker_parent' retrieved from /home/airflow/.local/lib/python3.8/site-packages/airflow/example_dags/example_external_task_marker_dag.py
[2024-01-30T19:45:17.823+0000] {logging_mixin.py:188} INFO - [2024-01-30T19:45:17.823+0000] {dag.py:3036} INFO - Sync 2 DAGs
[2024-01-30T19:45:17.859+0000] {logging_mixin.py:188} INFO - [2024-01-30T19:45:17.858+0000] {dag.py:3823} INFO - Setting next_dagrun for example_external_task_marker_child to None, run_after=None
[2024-01-30T19:45:17.876+0000] {logging_mixin.py:188} INFO - [2024-01-30T19:45:17.867+0000] {dag.py:3823} INFO - Setting next_dagrun for example_external_task_marker_parent to None, run_after=None
[2024-01-30T19:45:17.934+0000] {processor.py:183} INFO - Processing /home/airflow/.local/lib/python3.8/site-packages/airflow/example_dags/example_external_task_marker_dag.py took 0.231 seconds
