[2024-01-30T19:27:52.095+0000] {processor.py:161} INFO - Started process (PID=215) to work on /home/airflow/.local/lib/python3.8/site-packages/airflow/example_dags/example_subdag_operator.py
[2024-01-30T19:27:52.104+0000] {processor.py:830} INFO - Processing file /home/airflow/.local/lib/python3.8/site-packages/airflow/example_dags/example_subdag_operator.py for tasks to queue
[2024-01-30T19:27:52.125+0000] {logging_mixin.py:188} INFO - [2024-01-30T19:27:52.121+0000] {dagbag.py:538} INFO - Filling up the DagBag from /home/airflow/.local/lib/python3.8/site-packages/airflow/example_dags/example_subdag_operator.py
[2024-01-30T19:27:52.633+0000] {processor.py:840} INFO - DAG(s) 'example_subdag_operator.section-1', 'example_subdag_operator.section-2', 'example_subdag_operator' retrieved from /home/airflow/.local/lib/python3.8/site-packages/airflow/example_dags/example_subdag_operator.py
[2024-01-30T19:27:54.475+0000] {logging_mixin.py:188} INFO - [2024-01-30T19:27:54.469+0000] {override.py:1769} INFO - Created Permission View: can edit on DAG:example_subdag_operator
[2024-01-30T19:27:54.681+0000] {logging_mixin.py:188} INFO - [2024-01-30T19:27:54.678+0000] {override.py:1769} INFO - Created Permission View: can read on DAG:example_subdag_operator
[2024-01-30T19:27:54.741+0000] {logging_mixin.py:188} INFO - [2024-01-30T19:27:54.740+0000] {override.py:1769} INFO - Created Permission View: can delete on DAG:example_subdag_operator
[2024-01-30T19:27:54.764+0000] {logging_mixin.py:188} INFO - [2024-01-30T19:27:54.764+0000] {dag.py:3036} INFO - Sync 3 DAGs
[2024-01-30T19:27:54.984+0000] {logging_mixin.py:188} INFO - [2024-01-30T19:27:54.983+0000] {dag.py:3058} INFO - Creating ORM DAG for example_subdag_operator.section-1
[2024-01-30T19:27:54.996+0000] {logging_mixin.py:188} INFO - [2024-01-30T19:27:54.995+0000] {dag.py:3058} INFO - Creating ORM DAG for example_subdag_operator
[2024-01-30T19:27:55.023+0000] {logging_mixin.py:188} INFO - [2024-01-30T19:27:55.022+0000] {dag.py:3058} INFO - Creating ORM DAG for example_subdag_operator.section-2
[2024-01-30T19:27:55.192+0000] {logging_mixin.py:188} INFO - [2024-01-30T19:27:55.192+0000] {dag.py:3823} INFO - Setting next_dagrun for example_subdag_operator to 2022-01-01 00:00:00+00:00, run_after=2022-01-01 00:00:00+00:00
[2024-01-30T19:27:55.207+0000] {logging_mixin.py:188} INFO - [2024-01-30T19:27:55.206+0000] {dag.py:3823} INFO - Setting next_dagrun for example_subdag_operator.section-1 to None, run_after=None
[2024-01-30T19:27:55.210+0000] {logging_mixin.py:188} INFO - [2024-01-30T19:27:55.209+0000] {dag.py:3823} INFO - Setting next_dagrun for example_subdag_operator.section-2 to None, run_after=None
[2024-01-30T19:27:55.488+0000] {logging_mixin.py:188} INFO - [2024-01-30T19:27:55.486+0000] {dag.py:3036} INFO - Sync 2 DAGs
[2024-01-30T19:27:55.649+0000] {logging_mixin.py:188} INFO - [2024-01-30T19:27:55.648+0000] {dag.py:3823} INFO - Setting next_dagrun for example_subdag_operator.section-1 to None, run_after=None
[2024-01-30T19:27:55.837+0000] {logging_mixin.py:188} INFO - [2024-01-30T19:27:55.836+0000] {dag.py:3823} INFO - Setting next_dagrun for example_subdag_operator.section-2 to None, run_after=None
[2024-01-30T19:27:56.114+0000] {processor.py:183} INFO - Processing /home/airflow/.local/lib/python3.8/site-packages/airflow/example_dags/example_subdag_operator.py took 4.036 seconds
[2024-01-30T19:29:28.409+0000] {processor.py:161} INFO - Started process (PID=474) to work on /home/airflow/.local/lib/python3.8/site-packages/airflow/example_dags/example_subdag_operator.py
[2024-01-30T19:29:28.607+0000] {processor.py:830} INFO - Processing file /home/airflow/.local/lib/python3.8/site-packages/airflow/example_dags/example_subdag_operator.py for tasks to queue
[2024-01-30T19:29:28.625+0000] {logging_mixin.py:188} INFO - [2024-01-30T19:29:28.624+0000] {dagbag.py:538} INFO - Filling up the DagBag from /home/airflow/.local/lib/python3.8/site-packages/airflow/example_dags/example_subdag_operator.py
[2024-01-30T19:29:29.869+0000] {processor.py:840} INFO - DAG(s) 'example_subdag_operator.section-1', 'example_subdag_operator.section-2', 'example_subdag_operator' retrieved from /home/airflow/.local/lib/python3.8/site-packages/airflow/example_dags/example_subdag_operator.py
[2024-01-30T19:29:30.672+0000] {logging_mixin.py:188} INFO - [2024-01-30T19:29:30.672+0000] {dag.py:3036} INFO - Sync 3 DAGs
[2024-01-30T19:29:30.917+0000] {logging_mixin.py:188} INFO - [2024-01-30T19:29:30.915+0000] {dag.py:3823} INFO - Setting next_dagrun for example_subdag_operator to 2022-01-01 00:00:00+00:00, run_after=2022-01-01 00:00:00+00:00
[2024-01-30T19:29:30.936+0000] {logging_mixin.py:188} INFO - [2024-01-30T19:29:30.936+0000] {dag.py:3823} INFO - Setting next_dagrun for example_subdag_operator.section-1 to None, run_after=None
[2024-01-30T19:29:30.941+0000] {logging_mixin.py:188} INFO - [2024-01-30T19:29:30.941+0000] {dag.py:3823} INFO - Setting next_dagrun for example_subdag_operator.section-2 to None, run_after=None
[2024-01-30T19:29:30.993+0000] {logging_mixin.py:188} INFO - [2024-01-30T19:29:30.992+0000] {dag.py:3036} INFO - Sync 2 DAGs
[2024-01-30T19:29:31.010+0000] {logging_mixin.py:188} INFO - [2024-01-30T19:29:31.010+0000] {dag.py:3823} INFO - Setting next_dagrun for example_subdag_operator.section-1 to None, run_after=None
[2024-01-30T19:29:31.011+0000] {logging_mixin.py:188} INFO - [2024-01-30T19:29:31.011+0000] {dag.py:3823} INFO - Setting next_dagrun for example_subdag_operator.section-2 to None, run_after=None
[2024-01-30T19:29:31.068+0000] {processor.py:183} INFO - Processing /home/airflow/.local/lib/python3.8/site-packages/airflow/example_dags/example_subdag_operator.py took 2.664 seconds
[2024-01-30T19:31:47.689+0000] {processor.py:161} INFO - Started process (PID=191) to work on /home/airflow/.local/lib/python3.8/site-packages/airflow/example_dags/example_subdag_operator.py
[2024-01-30T19:31:47.694+0000] {processor.py:830} INFO - Processing file /home/airflow/.local/lib/python3.8/site-packages/airflow/example_dags/example_subdag_operator.py for tasks to queue
[2024-01-30T19:31:47.696+0000] {logging_mixin.py:188} INFO - [2024-01-30T19:31:47.696+0000] {dagbag.py:538} INFO - Filling up the DagBag from /home/airflow/.local/lib/python3.8/site-packages/airflow/example_dags/example_subdag_operator.py
[2024-01-30T19:31:47.789+0000] {processor.py:840} INFO - DAG(s) 'example_subdag_operator.section-1', 'example_subdag_operator.section-2', 'example_subdag_operator' retrieved from /home/airflow/.local/lib/python3.8/site-packages/airflow/example_dags/example_subdag_operator.py
[2024-01-30T19:31:48.090+0000] {logging_mixin.py:188} INFO - [2024-01-30T19:31:48.090+0000] {dag.py:3036} INFO - Sync 3 DAGs
[2024-01-30T19:31:48.164+0000] {logging_mixin.py:188} INFO - [2024-01-30T19:31:48.162+0000] {dag.py:3823} INFO - Setting next_dagrun for example_subdag_operator to 2022-01-01 00:00:00+00:00, run_after=2022-01-01 00:00:00+00:00
[2024-01-30T19:31:48.172+0000] {logging_mixin.py:188} INFO - [2024-01-30T19:31:48.172+0000] {dag.py:3823} INFO - Setting next_dagrun for example_subdag_operator.section-1 to None, run_after=None
[2024-01-30T19:31:48.178+0000] {logging_mixin.py:188} INFO - [2024-01-30T19:31:48.178+0000] {dag.py:3823} INFO - Setting next_dagrun for example_subdag_operator.section-2 to None, run_after=None
[2024-01-30T19:31:48.213+0000] {logging_mixin.py:188} INFO - [2024-01-30T19:31:48.213+0000] {dag.py:3036} INFO - Sync 2 DAGs
[2024-01-30T19:31:48.257+0000] {logging_mixin.py:188} INFO - [2024-01-30T19:31:48.257+0000] {dag.py:3823} INFO - Setting next_dagrun for example_subdag_operator.section-1 to None, run_after=None
[2024-01-30T19:31:48.259+0000] {logging_mixin.py:188} INFO - [2024-01-30T19:31:48.259+0000] {dag.py:3823} INFO - Setting next_dagrun for example_subdag_operator.section-2 to None, run_after=None
[2024-01-30T19:31:48.305+0000] {processor.py:183} INFO - Processing /home/airflow/.local/lib/python3.8/site-packages/airflow/example_dags/example_subdag_operator.py took 0.622 seconds
[2024-01-30T19:36:36.984+0000] {processor.py:161} INFO - Started process (PID=186) to work on /home/airflow/.local/lib/python3.8/site-packages/airflow/example_dags/example_subdag_operator.py
[2024-01-30T19:36:36.987+0000] {processor.py:830} INFO - Processing file /home/airflow/.local/lib/python3.8/site-packages/airflow/example_dags/example_subdag_operator.py for tasks to queue
[2024-01-30T19:36:36.989+0000] {logging_mixin.py:188} INFO - [2024-01-30T19:36:36.988+0000] {dagbag.py:538} INFO - Filling up the DagBag from /home/airflow/.local/lib/python3.8/site-packages/airflow/example_dags/example_subdag_operator.py
[2024-01-30T19:36:37.025+0000] {processor.py:840} INFO - DAG(s) 'example_subdag_operator.section-1', 'example_subdag_operator.section-2', 'example_subdag_operator' retrieved from /home/airflow/.local/lib/python3.8/site-packages/airflow/example_dags/example_subdag_operator.py
[2024-01-30T19:36:37.256+0000] {logging_mixin.py:188} INFO - [2024-01-30T19:36:37.251+0000] {dag.py:3036} INFO - Sync 3 DAGs
[2024-01-30T19:36:37.300+0000] {logging_mixin.py:188} INFO - [2024-01-30T19:36:37.300+0000] {dag.py:3823} INFO - Setting next_dagrun for example_subdag_operator to 2022-01-01 00:00:00+00:00, run_after=2022-01-01 00:00:00+00:00
[2024-01-30T19:36:37.318+0000] {logging_mixin.py:188} INFO - [2024-01-30T19:36:37.318+0000] {dag.py:3823} INFO - Setting next_dagrun for example_subdag_operator.section-1 to None, run_after=None
[2024-01-30T19:36:37.325+0000] {logging_mixin.py:188} INFO - [2024-01-30T19:36:37.325+0000] {dag.py:3823} INFO - Setting next_dagrun for example_subdag_operator.section-2 to None, run_after=None
[2024-01-30T19:36:37.356+0000] {logging_mixin.py:188} INFO - [2024-01-30T19:36:37.356+0000] {dag.py:3036} INFO - Sync 2 DAGs
[2024-01-30T19:36:37.386+0000] {logging_mixin.py:188} INFO - [2024-01-30T19:36:37.386+0000] {dag.py:3823} INFO - Setting next_dagrun for example_subdag_operator.section-1 to None, run_after=None
[2024-01-30T19:36:37.388+0000] {logging_mixin.py:188} INFO - [2024-01-30T19:36:37.388+0000] {dag.py:3823} INFO - Setting next_dagrun for example_subdag_operator.section-2 to None, run_after=None
[2024-01-30T19:36:37.443+0000] {processor.py:183} INFO - Processing /home/airflow/.local/lib/python3.8/site-packages/airflow/example_dags/example_subdag_operator.py took 0.462 seconds
[2024-01-30T19:37:07.596+0000] {processor.py:161} INFO - Started process (PID=434) to work on /home/airflow/.local/lib/python3.8/site-packages/airflow/example_dags/example_subdag_operator.py
[2024-01-30T19:37:07.599+0000] {processor.py:830} INFO - Processing file /home/airflow/.local/lib/python3.8/site-packages/airflow/example_dags/example_subdag_operator.py for tasks to queue
[2024-01-30T19:37:07.601+0000] {logging_mixin.py:188} INFO - [2024-01-30T19:37:07.601+0000] {dagbag.py:538} INFO - Filling up the DagBag from /home/airflow/.local/lib/python3.8/site-packages/airflow/example_dags/example_subdag_operator.py
[2024-01-30T19:37:07.649+0000] {processor.py:840} INFO - DAG(s) 'example_subdag_operator.section-1', 'example_subdag_operator.section-2', 'example_subdag_operator' retrieved from /home/airflow/.local/lib/python3.8/site-packages/airflow/example_dags/example_subdag_operator.py
[2024-01-30T19:37:07.679+0000] {logging_mixin.py:188} INFO - [2024-01-30T19:37:07.679+0000] {dag.py:3036} INFO - Sync 3 DAGs
[2024-01-30T19:37:07.716+0000] {logging_mixin.py:188} INFO - [2024-01-30T19:37:07.716+0000] {dag.py:3823} INFO - Setting next_dagrun for example_subdag_operator to 2022-01-01 00:00:00+00:00, run_after=2022-01-01 00:00:00+00:00
[2024-01-30T19:37:07.723+0000] {logging_mixin.py:188} INFO - [2024-01-30T19:37:07.722+0000] {dag.py:3823} INFO - Setting next_dagrun for example_subdag_operator.section-1 to None, run_after=None
[2024-01-30T19:37:07.726+0000] {logging_mixin.py:188} INFO - [2024-01-30T19:37:07.726+0000] {dag.py:3823} INFO - Setting next_dagrun for example_subdag_operator.section-2 to None, run_after=None
[2024-01-30T19:37:07.746+0000] {logging_mixin.py:188} INFO - [2024-01-30T19:37:07.745+0000] {dag.py:3036} INFO - Sync 2 DAGs
[2024-01-30T19:37:07.758+0000] {logging_mixin.py:188} INFO - [2024-01-30T19:37:07.758+0000] {dag.py:3823} INFO - Setting next_dagrun for example_subdag_operator.section-1 to None, run_after=None
[2024-01-30T19:37:07.759+0000] {logging_mixin.py:188} INFO - [2024-01-30T19:37:07.759+0000] {dag.py:3823} INFO - Setting next_dagrun for example_subdag_operator.section-2 to None, run_after=None
[2024-01-30T19:37:07.784+0000] {processor.py:183} INFO - Processing /home/airflow/.local/lib/python3.8/site-packages/airflow/example_dags/example_subdag_operator.py took 0.193 seconds
[2024-01-30T19:37:38.401+0000] {processor.py:161} INFO - Started process (PID=679) to work on /home/airflow/.local/lib/python3.8/site-packages/airflow/example_dags/example_subdag_operator.py
[2024-01-30T19:37:38.403+0000] {processor.py:830} INFO - Processing file /home/airflow/.local/lib/python3.8/site-packages/airflow/example_dags/example_subdag_operator.py for tasks to queue
[2024-01-30T19:37:38.405+0000] {logging_mixin.py:188} INFO - [2024-01-30T19:37:38.405+0000] {dagbag.py:538} INFO - Filling up the DagBag from /home/airflow/.local/lib/python3.8/site-packages/airflow/example_dags/example_subdag_operator.py
[2024-01-30T19:37:38.439+0000] {processor.py:840} INFO - DAG(s) 'example_subdag_operator.section-1', 'example_subdag_operator.section-2', 'example_subdag_operator' retrieved from /home/airflow/.local/lib/python3.8/site-packages/airflow/example_dags/example_subdag_operator.py
[2024-01-30T19:37:38.444+0000] {logging_mixin.py:188} INFO - [2024-01-30T19:37:38.444+0000] {dag.py:3036} INFO - Sync 3 DAGs
[2024-01-30T19:37:38.512+0000] {logging_mixin.py:188} INFO - [2024-01-30T19:37:38.511+0000] {dag.py:3823} INFO - Setting next_dagrun for example_subdag_operator to 2022-01-01 00:00:00+00:00, run_after=2022-01-01 00:00:00+00:00
[2024-01-30T19:37:38.519+0000] {logging_mixin.py:188} INFO - [2024-01-30T19:37:38.518+0000] {dag.py:3823} INFO - Setting next_dagrun for example_subdag_operator.section-1 to None, run_after=None
[2024-01-30T19:37:38.523+0000] {logging_mixin.py:188} INFO - [2024-01-30T19:37:38.522+0000] {dag.py:3823} INFO - Setting next_dagrun for example_subdag_operator.section-2 to None, run_after=None
[2024-01-30T19:37:38.536+0000] {logging_mixin.py:188} INFO - [2024-01-30T19:37:38.535+0000] {dag.py:3036} INFO - Sync 2 DAGs
[2024-01-30T19:37:38.549+0000] {logging_mixin.py:188} INFO - [2024-01-30T19:37:38.549+0000] {dag.py:3823} INFO - Setting next_dagrun for example_subdag_operator.section-1 to None, run_after=None
[2024-01-30T19:37:38.551+0000] {logging_mixin.py:188} INFO - [2024-01-30T19:37:38.551+0000] {dag.py:3823} INFO - Setting next_dagrun for example_subdag_operator.section-2 to None, run_after=None
[2024-01-30T19:37:38.578+0000] {processor.py:183} INFO - Processing /home/airflow/.local/lib/python3.8/site-packages/airflow/example_dags/example_subdag_operator.py took 0.181 seconds
[2024-01-30T19:38:09.815+0000] {processor.py:161} INFO - Started process (PID=927) to work on /home/airflow/.local/lib/python3.8/site-packages/airflow/example_dags/example_subdag_operator.py
[2024-01-30T19:38:09.818+0000] {processor.py:830} INFO - Processing file /home/airflow/.local/lib/python3.8/site-packages/airflow/example_dags/example_subdag_operator.py for tasks to queue
[2024-01-30T19:38:09.822+0000] {logging_mixin.py:188} INFO - [2024-01-30T19:38:09.821+0000] {dagbag.py:538} INFO - Filling up the DagBag from /home/airflow/.local/lib/python3.8/site-packages/airflow/example_dags/example_subdag_operator.py
[2024-01-30T19:38:09.874+0000] {processor.py:840} INFO - DAG(s) 'example_subdag_operator.section-1', 'example_subdag_operator.section-2', 'example_subdag_operator' retrieved from /home/airflow/.local/lib/python3.8/site-packages/airflow/example_dags/example_subdag_operator.py
[2024-01-30T19:38:10.131+0000] {logging_mixin.py:188} INFO - [2024-01-30T19:38:10.131+0000] {dag.py:3036} INFO - Sync 3 DAGs
[2024-01-30T19:38:10.212+0000] {logging_mixin.py:188} INFO - [2024-01-30T19:38:10.211+0000] {dag.py:3823} INFO - Setting next_dagrun for example_subdag_operator to 2022-01-01 00:00:00+00:00, run_after=2022-01-01 00:00:00+00:00
[2024-01-30T19:38:10.298+0000] {logging_mixin.py:188} INFO - [2024-01-30T19:38:10.298+0000] {dag.py:3823} INFO - Setting next_dagrun for example_subdag_operator.section-1 to None, run_after=None
[2024-01-30T19:38:10.312+0000] {logging_mixin.py:188} INFO - [2024-01-30T19:38:10.311+0000] {dag.py:3823} INFO - Setting next_dagrun for example_subdag_operator.section-2 to None, run_after=None
[2024-01-30T19:38:10.367+0000] {logging_mixin.py:188} INFO - [2024-01-30T19:38:10.367+0000] {dag.py:3036} INFO - Sync 2 DAGs
[2024-01-30T19:38:10.389+0000] {logging_mixin.py:188} INFO - [2024-01-30T19:38:10.388+0000] {dag.py:3823} INFO - Setting next_dagrun for example_subdag_operator.section-1 to None, run_after=None
[2024-01-30T19:38:10.408+0000] {logging_mixin.py:188} INFO - [2024-01-30T19:38:10.407+0000] {dag.py:3823} INFO - Setting next_dagrun for example_subdag_operator.section-2 to None, run_after=None
[2024-01-30T19:38:10.519+0000] {processor.py:183} INFO - Processing /home/airflow/.local/lib/python3.8/site-packages/airflow/example_dags/example_subdag_operator.py took 0.709 seconds
[2024-01-30T19:38:40.797+0000] {processor.py:161} INFO - Started process (PID=1174) to work on /home/airflow/.local/lib/python3.8/site-packages/airflow/example_dags/example_subdag_operator.py
[2024-01-30T19:38:40.799+0000] {processor.py:830} INFO - Processing file /home/airflow/.local/lib/python3.8/site-packages/airflow/example_dags/example_subdag_operator.py for tasks to queue
[2024-01-30T19:38:40.801+0000] {logging_mixin.py:188} INFO - [2024-01-30T19:38:40.800+0000] {dagbag.py:538} INFO - Filling up the DagBag from /home/airflow/.local/lib/python3.8/site-packages/airflow/example_dags/example_subdag_operator.py
[2024-01-30T19:38:40.831+0000] {processor.py:840} INFO - DAG(s) 'example_subdag_operator.section-1', 'example_subdag_operator.section-2', 'example_subdag_operator' retrieved from /home/airflow/.local/lib/python3.8/site-packages/airflow/example_dags/example_subdag_operator.py
[2024-01-30T19:38:40.851+0000] {logging_mixin.py:188} INFO - [2024-01-30T19:38:40.850+0000] {dag.py:3036} INFO - Sync 3 DAGs
[2024-01-30T19:38:40.880+0000] {logging_mixin.py:188} INFO - [2024-01-30T19:38:40.880+0000] {dag.py:3823} INFO - Setting next_dagrun for example_subdag_operator to 2022-01-01 00:00:00+00:00, run_after=2022-01-01 00:00:00+00:00
[2024-01-30T19:38:40.885+0000] {logging_mixin.py:188} INFO - [2024-01-30T19:38:40.885+0000] {dag.py:3823} INFO - Setting next_dagrun for example_subdag_operator.section-1 to None, run_after=None
[2024-01-30T19:38:40.888+0000] {logging_mixin.py:188} INFO - [2024-01-30T19:38:40.887+0000] {dag.py:3823} INFO - Setting next_dagrun for example_subdag_operator.section-2 to None, run_after=None
[2024-01-30T19:38:40.898+0000] {logging_mixin.py:188} INFO - [2024-01-30T19:38:40.898+0000] {dag.py:3036} INFO - Sync 2 DAGs
[2024-01-30T19:38:40.907+0000] {logging_mixin.py:188} INFO - [2024-01-30T19:38:40.906+0000] {dag.py:3823} INFO - Setting next_dagrun for example_subdag_operator.section-1 to None, run_after=None
[2024-01-30T19:38:40.908+0000] {logging_mixin.py:188} INFO - [2024-01-30T19:38:40.908+0000] {dag.py:3823} INFO - Setting next_dagrun for example_subdag_operator.section-2 to None, run_after=None
[2024-01-30T19:38:40.927+0000] {processor.py:183} INFO - Processing /home/airflow/.local/lib/python3.8/site-packages/airflow/example_dags/example_subdag_operator.py took 0.135 seconds
[2024-01-30T19:39:11.407+0000] {processor.py:161} INFO - Started process (PID=1424) to work on /home/airflow/.local/lib/python3.8/site-packages/airflow/example_dags/example_subdag_operator.py
[2024-01-30T19:39:11.411+0000] {processor.py:830} INFO - Processing file /home/airflow/.local/lib/python3.8/site-packages/airflow/example_dags/example_subdag_operator.py for tasks to queue
[2024-01-30T19:39:11.413+0000] {logging_mixin.py:188} INFO - [2024-01-30T19:39:11.412+0000] {dagbag.py:538} INFO - Filling up the DagBag from /home/airflow/.local/lib/python3.8/site-packages/airflow/example_dags/example_subdag_operator.py
[2024-01-30T19:39:11.458+0000] {processor.py:840} INFO - DAG(s) 'example_subdag_operator.section-1', 'example_subdag_operator.section-2', 'example_subdag_operator' retrieved from /home/airflow/.local/lib/python3.8/site-packages/airflow/example_dags/example_subdag_operator.py
[2024-01-30T19:39:11.487+0000] {logging_mixin.py:188} INFO - [2024-01-30T19:39:11.487+0000] {dag.py:3036} INFO - Sync 3 DAGs
[2024-01-30T19:39:11.526+0000] {logging_mixin.py:188} INFO - [2024-01-30T19:39:11.525+0000] {dag.py:3823} INFO - Setting next_dagrun for example_subdag_operator to 2022-01-01 00:00:00+00:00, run_after=2022-01-01 00:00:00+00:00
[2024-01-30T19:39:11.535+0000] {logging_mixin.py:188} INFO - [2024-01-30T19:39:11.535+0000] {dag.py:3823} INFO - Setting next_dagrun for example_subdag_operator.section-1 to None, run_after=None
[2024-01-30T19:39:11.538+0000] {logging_mixin.py:188} INFO - [2024-01-30T19:39:11.538+0000] {dag.py:3823} INFO - Setting next_dagrun for example_subdag_operator.section-2 to None, run_after=None
[2024-01-30T19:39:11.552+0000] {logging_mixin.py:188} INFO - [2024-01-30T19:39:11.551+0000] {dag.py:3036} INFO - Sync 2 DAGs
[2024-01-30T19:39:11.563+0000] {logging_mixin.py:188} INFO - [2024-01-30T19:39:11.563+0000] {dag.py:3823} INFO - Setting next_dagrun for example_subdag_operator.section-1 to None, run_after=None
[2024-01-30T19:39:11.565+0000] {logging_mixin.py:188} INFO - [2024-01-30T19:39:11.564+0000] {dag.py:3823} INFO - Setting next_dagrun for example_subdag_operator.section-2 to None, run_after=None
[2024-01-30T19:39:11.594+0000] {processor.py:183} INFO - Processing /home/airflow/.local/lib/python3.8/site-packages/airflow/example_dags/example_subdag_operator.py took 0.190 seconds
[2024-01-30T19:39:41.776+0000] {processor.py:161} INFO - Started process (PID=1673) to work on /home/airflow/.local/lib/python3.8/site-packages/airflow/example_dags/example_subdag_operator.py
[2024-01-30T19:39:41.782+0000] {processor.py:830} INFO - Processing file /home/airflow/.local/lib/python3.8/site-packages/airflow/example_dags/example_subdag_operator.py for tasks to queue
[2024-01-30T19:39:41.786+0000] {logging_mixin.py:188} INFO - [2024-01-30T19:39:41.785+0000] {dagbag.py:538} INFO - Filling up the DagBag from /home/airflow/.local/lib/python3.8/site-packages/airflow/example_dags/example_subdag_operator.py
[2024-01-30T19:39:41.851+0000] {processor.py:840} INFO - DAG(s) 'example_subdag_operator.section-1', 'example_subdag_operator.section-2', 'example_subdag_operator' retrieved from /home/airflow/.local/lib/python3.8/site-packages/airflow/example_dags/example_subdag_operator.py
[2024-01-30T19:39:41.896+0000] {logging_mixin.py:188} INFO - [2024-01-30T19:39:41.895+0000] {dag.py:3036} INFO - Sync 3 DAGs
[2024-01-30T19:39:41.968+0000] {logging_mixin.py:188} INFO - [2024-01-30T19:39:41.967+0000] {dag.py:3823} INFO - Setting next_dagrun for example_subdag_operator to 2022-01-01 00:00:00+00:00, run_after=2022-01-01 00:00:00+00:00
[2024-01-30T19:39:41.987+0000] {logging_mixin.py:188} INFO - [2024-01-30T19:39:41.986+0000] {dag.py:3823} INFO - Setting next_dagrun for example_subdag_operator.section-1 to None, run_after=None
[2024-01-30T19:39:42.001+0000] {logging_mixin.py:188} INFO - [2024-01-30T19:39:41.993+0000] {dag.py:3823} INFO - Setting next_dagrun for example_subdag_operator.section-2 to None, run_after=None
[2024-01-30T19:39:42.028+0000] {logging_mixin.py:188} INFO - [2024-01-30T19:39:42.027+0000] {dag.py:3036} INFO - Sync 2 DAGs
[2024-01-30T19:39:42.051+0000] {logging_mixin.py:188} INFO - [2024-01-30T19:39:42.050+0000] {dag.py:3823} INFO - Setting next_dagrun for example_subdag_operator.section-1 to None, run_after=None
[2024-01-30T19:39:42.054+0000] {logging_mixin.py:188} INFO - [2024-01-30T19:39:42.053+0000] {dag.py:3823} INFO - Setting next_dagrun for example_subdag_operator.section-2 to None, run_after=None
[2024-01-30T19:39:42.102+0000] {processor.py:183} INFO - Processing /home/airflow/.local/lib/python3.8/site-packages/airflow/example_dags/example_subdag_operator.py took 0.330 seconds
[2024-01-30T19:40:14.559+0000] {processor.py:161} INFO - Started process (PID=1918) to work on /home/airflow/.local/lib/python3.8/site-packages/airflow/example_dags/example_subdag_operator.py
[2024-01-30T19:40:14.567+0000] {processor.py:830} INFO - Processing file /home/airflow/.local/lib/python3.8/site-packages/airflow/example_dags/example_subdag_operator.py for tasks to queue
[2024-01-30T19:40:14.576+0000] {logging_mixin.py:188} INFO - [2024-01-30T19:40:14.576+0000] {dagbag.py:538} INFO - Filling up the DagBag from /home/airflow/.local/lib/python3.8/site-packages/airflow/example_dags/example_subdag_operator.py
[2024-01-30T19:40:14.674+0000] {processor.py:840} INFO - DAG(s) 'example_subdag_operator.section-1', 'example_subdag_operator.section-2', 'example_subdag_operator' retrieved from /home/airflow/.local/lib/python3.8/site-packages/airflow/example_dags/example_subdag_operator.py
[2024-01-30T19:40:14.737+0000] {logging_mixin.py:188} INFO - [2024-01-30T19:40:14.736+0000] {dag.py:3036} INFO - Sync 3 DAGs
[2024-01-30T19:40:14.918+0000] {logging_mixin.py:188} INFO - [2024-01-30T19:40:14.917+0000] {dag.py:3823} INFO - Setting next_dagrun for example_subdag_operator to 2022-01-01 00:00:00+00:00, run_after=2022-01-01 00:00:00+00:00
[2024-01-30T19:40:14.946+0000] {logging_mixin.py:188} INFO - [2024-01-30T19:40:14.945+0000] {dag.py:3823} INFO - Setting next_dagrun for example_subdag_operator.section-1 to None, run_after=None
[2024-01-30T19:40:14.950+0000] {logging_mixin.py:188} INFO - [2024-01-30T19:40:14.950+0000] {dag.py:3823} INFO - Setting next_dagrun for example_subdag_operator.section-2 to None, run_after=None
[2024-01-30T19:40:15.017+0000] {logging_mixin.py:188} INFO - [2024-01-30T19:40:15.017+0000] {dag.py:3036} INFO - Sync 2 DAGs
[2024-01-30T19:40:15.044+0000] {logging_mixin.py:188} INFO - [2024-01-30T19:40:15.044+0000] {dag.py:3823} INFO - Setting next_dagrun for example_subdag_operator.section-1 to None, run_after=None
[2024-01-30T19:40:15.047+0000] {logging_mixin.py:188} INFO - [2024-01-30T19:40:15.047+0000] {dag.py:3823} INFO - Setting next_dagrun for example_subdag_operator.section-2 to None, run_after=None
[2024-01-30T19:40:15.283+0000] {processor.py:183} INFO - Processing /home/airflow/.local/lib/python3.8/site-packages/airflow/example_dags/example_subdag_operator.py took 0.735 seconds
[2024-01-30T19:40:45.448+0000] {processor.py:161} INFO - Started process (PID=2162) to work on /home/airflow/.local/lib/python3.8/site-packages/airflow/example_dags/example_subdag_operator.py
[2024-01-30T19:40:45.450+0000] {processor.py:830} INFO - Processing file /home/airflow/.local/lib/python3.8/site-packages/airflow/example_dags/example_subdag_operator.py for tasks to queue
[2024-01-30T19:40:45.452+0000] {logging_mixin.py:188} INFO - [2024-01-30T19:40:45.452+0000] {dagbag.py:538} INFO - Filling up the DagBag from /home/airflow/.local/lib/python3.8/site-packages/airflow/example_dags/example_subdag_operator.py
[2024-01-30T19:40:45.495+0000] {processor.py:840} INFO - DAG(s) 'example_subdag_operator.section-1', 'example_subdag_operator.section-2', 'example_subdag_operator' retrieved from /home/airflow/.local/lib/python3.8/site-packages/airflow/example_dags/example_subdag_operator.py
[2024-01-30T19:40:45.525+0000] {logging_mixin.py:188} INFO - [2024-01-30T19:40:45.524+0000] {dag.py:3036} INFO - Sync 3 DAGs
[2024-01-30T19:40:45.562+0000] {logging_mixin.py:188} INFO - [2024-01-30T19:40:45.562+0000] {dag.py:3823} INFO - Setting next_dagrun for example_subdag_operator to 2022-01-01 00:00:00+00:00, run_after=2022-01-01 00:00:00+00:00
[2024-01-30T19:40:45.567+0000] {logging_mixin.py:188} INFO - [2024-01-30T19:40:45.567+0000] {dag.py:3823} INFO - Setting next_dagrun for example_subdag_operator.section-1 to None, run_after=None
[2024-01-30T19:40:45.572+0000] {logging_mixin.py:188} INFO - [2024-01-30T19:40:45.572+0000] {dag.py:3823} INFO - Setting next_dagrun for example_subdag_operator.section-2 to None, run_after=None
[2024-01-30T19:40:45.584+0000] {logging_mixin.py:188} INFO - [2024-01-30T19:40:45.583+0000] {dag.py:3036} INFO - Sync 2 DAGs
[2024-01-30T19:40:45.595+0000] {logging_mixin.py:188} INFO - [2024-01-30T19:40:45.595+0000] {dag.py:3823} INFO - Setting next_dagrun for example_subdag_operator.section-1 to None, run_after=None
[2024-01-30T19:40:45.596+0000] {logging_mixin.py:188} INFO - [2024-01-30T19:40:45.596+0000] {dag.py:3823} INFO - Setting next_dagrun for example_subdag_operator.section-2 to None, run_after=None
[2024-01-30T19:40:45.630+0000] {processor.py:183} INFO - Processing /home/airflow/.local/lib/python3.8/site-packages/airflow/example_dags/example_subdag_operator.py took 0.185 seconds
[2024-01-30T19:41:15.999+0000] {processor.py:161} INFO - Started process (PID=2407) to work on /home/airflow/.local/lib/python3.8/site-packages/airflow/example_dags/example_subdag_operator.py
[2024-01-30T19:41:16.002+0000] {processor.py:830} INFO - Processing file /home/airflow/.local/lib/python3.8/site-packages/airflow/example_dags/example_subdag_operator.py for tasks to queue
[2024-01-30T19:41:16.012+0000] {logging_mixin.py:188} INFO - [2024-01-30T19:41:16.006+0000] {dagbag.py:538} INFO - Filling up the DagBag from /home/airflow/.local/lib/python3.8/site-packages/airflow/example_dags/example_subdag_operator.py
[2024-01-30T19:41:16.122+0000] {processor.py:840} INFO - DAG(s) 'example_subdag_operator.section-1', 'example_subdag_operator.section-2', 'example_subdag_operator' retrieved from /home/airflow/.local/lib/python3.8/site-packages/airflow/example_dags/example_subdag_operator.py
[2024-01-30T19:41:16.181+0000] {logging_mixin.py:188} INFO - [2024-01-30T19:41:16.180+0000] {dag.py:3036} INFO - Sync 3 DAGs
[2024-01-30T19:41:16.257+0000] {logging_mixin.py:188} INFO - [2024-01-30T19:41:16.246+0000] {dag.py:3823} INFO - Setting next_dagrun for example_subdag_operator to 2022-01-01 00:00:00+00:00, run_after=2022-01-01 00:00:00+00:00
[2024-01-30T19:41:16.276+0000] {logging_mixin.py:188} INFO - [2024-01-30T19:41:16.276+0000] {dag.py:3823} INFO - Setting next_dagrun for example_subdag_operator.section-1 to None, run_after=None
[2024-01-30T19:41:16.290+0000] {logging_mixin.py:188} INFO - [2024-01-30T19:41:16.290+0000] {dag.py:3823} INFO - Setting next_dagrun for example_subdag_operator.section-2 to None, run_after=None
[2024-01-30T19:41:16.314+0000] {logging_mixin.py:188} INFO - [2024-01-30T19:41:16.314+0000] {dag.py:3036} INFO - Sync 2 DAGs
[2024-01-30T19:41:16.335+0000] {logging_mixin.py:188} INFO - [2024-01-30T19:41:16.334+0000] {dag.py:3823} INFO - Setting next_dagrun for example_subdag_operator.section-1 to None, run_after=None
[2024-01-30T19:41:16.337+0000] {logging_mixin.py:188} INFO - [2024-01-30T19:41:16.336+0000] {dag.py:3823} INFO - Setting next_dagrun for example_subdag_operator.section-2 to None, run_after=None
[2024-01-30T19:41:16.397+0000] {processor.py:183} INFO - Processing /home/airflow/.local/lib/python3.8/site-packages/airflow/example_dags/example_subdag_operator.py took 0.403 seconds
[2024-01-30T19:41:46.670+0000] {processor.py:161} INFO - Started process (PID=2656) to work on /home/airflow/.local/lib/python3.8/site-packages/airflow/example_dags/example_subdag_operator.py
[2024-01-30T19:41:46.673+0000] {processor.py:830} INFO - Processing file /home/airflow/.local/lib/python3.8/site-packages/airflow/example_dags/example_subdag_operator.py for tasks to queue
[2024-01-30T19:41:46.676+0000] {logging_mixin.py:188} INFO - [2024-01-30T19:41:46.675+0000] {dagbag.py:538} INFO - Filling up the DagBag from /home/airflow/.local/lib/python3.8/site-packages/airflow/example_dags/example_subdag_operator.py
[2024-01-30T19:41:46.710+0000] {processor.py:840} INFO - DAG(s) 'example_subdag_operator.section-1', 'example_subdag_operator.section-2', 'example_subdag_operator' retrieved from /home/airflow/.local/lib/python3.8/site-packages/airflow/example_dags/example_subdag_operator.py
[2024-01-30T19:41:46.738+0000] {logging_mixin.py:188} INFO - [2024-01-30T19:41:46.737+0000] {dag.py:3036} INFO - Sync 3 DAGs
[2024-01-30T19:41:46.768+0000] {logging_mixin.py:188} INFO - [2024-01-30T19:41:46.767+0000] {dag.py:3823} INFO - Setting next_dagrun for example_subdag_operator to 2022-01-01 00:00:00+00:00, run_after=2022-01-01 00:00:00+00:00
[2024-01-30T19:41:46.776+0000] {logging_mixin.py:188} INFO - [2024-01-30T19:41:46.774+0000] {dag.py:3823} INFO - Setting next_dagrun for example_subdag_operator.section-1 to None, run_after=None
[2024-01-30T19:41:46.780+0000] {logging_mixin.py:188} INFO - [2024-01-30T19:41:46.779+0000] {dag.py:3823} INFO - Setting next_dagrun for example_subdag_operator.section-2 to None, run_after=None
[2024-01-30T19:41:46.792+0000] {logging_mixin.py:188} INFO - [2024-01-30T19:41:46.791+0000] {dag.py:3036} INFO - Sync 2 DAGs
[2024-01-30T19:41:46.802+0000] {logging_mixin.py:188} INFO - [2024-01-30T19:41:46.802+0000] {dag.py:3823} INFO - Setting next_dagrun for example_subdag_operator.section-1 to None, run_after=None
[2024-01-30T19:41:46.804+0000] {logging_mixin.py:188} INFO - [2024-01-30T19:41:46.803+0000] {dag.py:3823} INFO - Setting next_dagrun for example_subdag_operator.section-2 to None, run_after=None
[2024-01-30T19:41:46.828+0000] {processor.py:183} INFO - Processing /home/airflow/.local/lib/python3.8/site-packages/airflow/example_dags/example_subdag_operator.py took 0.161 seconds
[2024-01-30T19:42:17.680+0000] {processor.py:161} INFO - Started process (PID=2901) to work on /home/airflow/.local/lib/python3.8/site-packages/airflow/example_dags/example_subdag_operator.py
[2024-01-30T19:42:17.705+0000] {processor.py:830} INFO - Processing file /home/airflow/.local/lib/python3.8/site-packages/airflow/example_dags/example_subdag_operator.py for tasks to queue
[2024-01-30T19:42:17.753+0000] {logging_mixin.py:188} INFO - [2024-01-30T19:42:17.738+0000] {dagbag.py:538} INFO - Filling up the DagBag from /home/airflow/.local/lib/python3.8/site-packages/airflow/example_dags/example_subdag_operator.py
[2024-01-30T19:42:17.925+0000] {processor.py:840} INFO - DAG(s) 'example_subdag_operator.section-1', 'example_subdag_operator.section-2', 'example_subdag_operator' retrieved from /home/airflow/.local/lib/python3.8/site-packages/airflow/example_dags/example_subdag_operator.py
[2024-01-30T19:42:17.970+0000] {logging_mixin.py:188} INFO - [2024-01-30T19:42:17.970+0000] {dag.py:3036} INFO - Sync 3 DAGs
[2024-01-30T19:42:18.032+0000] {logging_mixin.py:188} INFO - [2024-01-30T19:42:18.031+0000] {dag.py:3823} INFO - Setting next_dagrun for example_subdag_operator to 2022-01-01 00:00:00+00:00, run_after=2022-01-01 00:00:00+00:00
[2024-01-30T19:42:18.040+0000] {logging_mixin.py:188} INFO - [2024-01-30T19:42:18.039+0000] {dag.py:3823} INFO - Setting next_dagrun for example_subdag_operator.section-1 to None, run_after=None
[2024-01-30T19:42:18.045+0000] {logging_mixin.py:188} INFO - [2024-01-30T19:42:18.044+0000] {dag.py:3823} INFO - Setting next_dagrun for example_subdag_operator.section-2 to None, run_after=None
[2024-01-30T19:42:18.069+0000] {logging_mixin.py:188} INFO - [2024-01-30T19:42:18.068+0000] {dag.py:3036} INFO - Sync 2 DAGs
[2024-01-30T19:42:18.078+0000] {logging_mixin.py:188} INFO - [2024-01-30T19:42:18.078+0000] {dag.py:3823} INFO - Setting next_dagrun for example_subdag_operator.section-1 to None, run_after=None
[2024-01-30T19:42:18.079+0000] {logging_mixin.py:188} INFO - [2024-01-30T19:42:18.079+0000] {dag.py:3823} INFO - Setting next_dagrun for example_subdag_operator.section-2 to None, run_after=None
[2024-01-30T19:42:18.101+0000] {processor.py:183} INFO - Processing /home/airflow/.local/lib/python3.8/site-packages/airflow/example_dags/example_subdag_operator.py took 0.425 seconds
[2024-01-30T19:43:21.629+0000] {processor.py:161} INFO - Started process (PID=3108) to work on /home/airflow/.local/lib/python3.8/site-packages/airflow/example_dags/example_subdag_operator.py
[2024-01-30T19:43:21.654+0000] {processor.py:830} INFO - Processing file /home/airflow/.local/lib/python3.8/site-packages/airflow/example_dags/example_subdag_operator.py for tasks to queue
[2024-01-30T19:43:21.668+0000] {logging_mixin.py:188} INFO - [2024-01-30T19:43:21.667+0000] {dagbag.py:538} INFO - Filling up the DagBag from /home/airflow/.local/lib/python3.8/site-packages/airflow/example_dags/example_subdag_operator.py
[2024-01-30T19:43:22.023+0000] {processor.py:840} INFO - DAG(s) 'example_subdag_operator.section-1', 'example_subdag_operator.section-2', 'example_subdag_operator' retrieved from /home/airflow/.local/lib/python3.8/site-packages/airflow/example_dags/example_subdag_operator.py
[2024-01-30T19:43:22.128+0000] {logging_mixin.py:188} INFO - [2024-01-30T19:43:22.128+0000] {dag.py:3036} INFO - Sync 3 DAGs
[2024-01-30T19:43:22.368+0000] {logging_mixin.py:188} INFO - [2024-01-30T19:43:22.367+0000] {dag.py:3823} INFO - Setting next_dagrun for example_subdag_operator to 2022-01-01 00:00:00+00:00, run_after=2022-01-01 00:00:00+00:00
[2024-01-30T19:43:22.393+0000] {logging_mixin.py:188} INFO - [2024-01-30T19:43:22.393+0000] {dag.py:3823} INFO - Setting next_dagrun for example_subdag_operator.section-1 to None, run_after=None
[2024-01-30T19:43:22.400+0000] {logging_mixin.py:188} INFO - [2024-01-30T19:43:22.399+0000] {dag.py:3823} INFO - Setting next_dagrun for example_subdag_operator.section-2 to None, run_after=None
[2024-01-30T19:43:22.448+0000] {logging_mixin.py:188} INFO - [2024-01-30T19:43:22.448+0000] {dag.py:3036} INFO - Sync 2 DAGs
[2024-01-30T19:43:22.478+0000] {logging_mixin.py:188} INFO - [2024-01-30T19:43:22.478+0000] {dag.py:3823} INFO - Setting next_dagrun for example_subdag_operator.section-1 to None, run_after=None
[2024-01-30T19:43:22.484+0000] {logging_mixin.py:188} INFO - [2024-01-30T19:43:22.483+0000] {dag.py:3823} INFO - Setting next_dagrun for example_subdag_operator.section-2 to None, run_after=None
[2024-01-30T19:43:22.552+0000] {processor.py:183} INFO - Processing /home/airflow/.local/lib/python3.8/site-packages/airflow/example_dags/example_subdag_operator.py took 1.027 seconds
[2024-01-30T19:44:00.202+0000] {processor.py:161} INFO - Started process (PID=3358) to work on /home/airflow/.local/lib/python3.8/site-packages/airflow/example_dags/example_subdag_operator.py
[2024-01-30T19:44:00.204+0000] {processor.py:830} INFO - Processing file /home/airflow/.local/lib/python3.8/site-packages/airflow/example_dags/example_subdag_operator.py for tasks to queue
[2024-01-30T19:44:00.209+0000] {logging_mixin.py:188} INFO - [2024-01-30T19:44:00.208+0000] {dagbag.py:538} INFO - Filling up the DagBag from /home/airflow/.local/lib/python3.8/site-packages/airflow/example_dags/example_subdag_operator.py
[2024-01-30T19:44:00.273+0000] {processor.py:840} INFO - DAG(s) 'example_subdag_operator.section-1', 'example_subdag_operator.section-2', 'example_subdag_operator' retrieved from /home/airflow/.local/lib/python3.8/site-packages/airflow/example_dags/example_subdag_operator.py
[2024-01-30T19:44:00.313+0000] {logging_mixin.py:188} INFO - [2024-01-30T19:44:00.313+0000] {dag.py:3036} INFO - Sync 3 DAGs
[2024-01-30T19:44:00.353+0000] {logging_mixin.py:188} INFO - [2024-01-30T19:44:00.352+0000] {dag.py:3823} INFO - Setting next_dagrun for example_subdag_operator to 2022-01-01 00:00:00+00:00, run_after=2022-01-01 00:00:00+00:00
[2024-01-30T19:44:00.360+0000] {logging_mixin.py:188} INFO - [2024-01-30T19:44:00.359+0000] {dag.py:3823} INFO - Setting next_dagrun for example_subdag_operator.section-1 to None, run_after=None
[2024-01-30T19:44:00.365+0000] {logging_mixin.py:188} INFO - [2024-01-30T19:44:00.364+0000] {dag.py:3823} INFO - Setting next_dagrun for example_subdag_operator.section-2 to None, run_after=None
[2024-01-30T19:44:00.389+0000] {logging_mixin.py:188} INFO - [2024-01-30T19:44:00.388+0000] {dag.py:3036} INFO - Sync 2 DAGs
[2024-01-30T19:44:00.406+0000] {logging_mixin.py:188} INFO - [2024-01-30T19:44:00.405+0000] {dag.py:3823} INFO - Setting next_dagrun for example_subdag_operator.section-1 to None, run_after=None
[2024-01-30T19:44:00.409+0000] {logging_mixin.py:188} INFO - [2024-01-30T19:44:00.408+0000] {dag.py:3823} INFO - Setting next_dagrun for example_subdag_operator.section-2 to None, run_after=None
[2024-01-30T19:44:00.447+0000] {processor.py:183} INFO - Processing /home/airflow/.local/lib/python3.8/site-packages/airflow/example_dags/example_subdag_operator.py took 0.250 seconds
[2024-01-30T19:44:40.561+0000] {processor.py:161} INFO - Started process (PID=3575) to work on /home/airflow/.local/lib/python3.8/site-packages/airflow/example_dags/example_subdag_operator.py
[2024-01-30T19:44:40.592+0000] {processor.py:830} INFO - Processing file /home/airflow/.local/lib/python3.8/site-packages/airflow/example_dags/example_subdag_operator.py for tasks to queue
[2024-01-30T19:44:40.607+0000] {logging_mixin.py:188} INFO - [2024-01-30T19:44:40.606+0000] {dagbag.py:538} INFO - Filling up the DagBag from /home/airflow/.local/lib/python3.8/site-packages/airflow/example_dags/example_subdag_operator.py
[2024-01-30T19:44:40.888+0000] {processor.py:840} INFO - DAG(s) 'example_subdag_operator.section-1', 'example_subdag_operator.section-2', 'example_subdag_operator' retrieved from /home/airflow/.local/lib/python3.8/site-packages/airflow/example_dags/example_subdag_operator.py
[2024-01-30T19:44:41.064+0000] {logging_mixin.py:188} INFO - [2024-01-30T19:44:41.064+0000] {dag.py:3036} INFO - Sync 3 DAGs
[2024-01-30T19:44:41.384+0000] {logging_mixin.py:188} INFO - [2024-01-30T19:44:41.383+0000] {dag.py:3823} INFO - Setting next_dagrun for example_subdag_operator to 2022-01-01 00:00:00+00:00, run_after=2022-01-01 00:00:00+00:00
[2024-01-30T19:44:41.417+0000] {logging_mixin.py:188} INFO - [2024-01-30T19:44:41.403+0000] {dag.py:3823} INFO - Setting next_dagrun for example_subdag_operator.section-1 to None, run_after=None
[2024-01-30T19:44:41.493+0000] {logging_mixin.py:188} INFO - [2024-01-30T19:44:41.493+0000] {dag.py:3823} INFO - Setting next_dagrun for example_subdag_operator.section-2 to None, run_after=None
[2024-01-30T19:44:41.605+0000] {logging_mixin.py:188} INFO - [2024-01-30T19:44:41.605+0000] {dag.py:3036} INFO - Sync 2 DAGs
[2024-01-30T19:44:41.653+0000] {logging_mixin.py:188} INFO - [2024-01-30T19:44:41.652+0000] {dag.py:3823} INFO - Setting next_dagrun for example_subdag_operator.section-1 to None, run_after=None
[2024-01-30T19:44:41.656+0000] {logging_mixin.py:188} INFO - [2024-01-30T19:44:41.656+0000] {dag.py:3823} INFO - Setting next_dagrun for example_subdag_operator.section-2 to None, run_after=None
[2024-01-30T19:44:42.069+0000] {processor.py:183} INFO - Processing /home/airflow/.local/lib/python3.8/site-packages/airflow/example_dags/example_subdag_operator.py took 1.596 seconds
[2024-01-30T19:45:20.863+0000] {processor.py:161} INFO - Started process (PID=3807) to work on /home/airflow/.local/lib/python3.8/site-packages/airflow/example_dags/example_subdag_operator.py
[2024-01-30T19:45:20.876+0000] {processor.py:830} INFO - Processing file /home/airflow/.local/lib/python3.8/site-packages/airflow/example_dags/example_subdag_operator.py for tasks to queue
[2024-01-30T19:45:20.880+0000] {logging_mixin.py:188} INFO - [2024-01-30T19:45:20.879+0000] {dagbag.py:538} INFO - Filling up the DagBag from /home/airflow/.local/lib/python3.8/site-packages/airflow/example_dags/example_subdag_operator.py
[2024-01-30T19:45:20.981+0000] {processor.py:840} INFO - DAG(s) 'example_subdag_operator.section-1', 'example_subdag_operator.section-2', 'example_subdag_operator' retrieved from /home/airflow/.local/lib/python3.8/site-packages/airflow/example_dags/example_subdag_operator.py
[2024-01-30T19:45:21.253+0000] {logging_mixin.py:188} INFO - [2024-01-30T19:45:21.253+0000] {dag.py:3036} INFO - Sync 3 DAGs
[2024-01-30T19:45:22.048+0000] {logging_mixin.py:188} INFO - [2024-01-30T19:45:22.046+0000] {dag.py:3823} INFO - Setting next_dagrun for example_subdag_operator to 2022-01-01 00:00:00+00:00, run_after=2022-01-01 00:00:00+00:00
[2024-01-30T19:45:22.230+0000] {logging_mixin.py:188} INFO - [2024-01-30T19:45:22.230+0000] {dag.py:3823} INFO - Setting next_dagrun for example_subdag_operator.section-1 to None, run_after=None
[2024-01-30T19:45:22.246+0000] {logging_mixin.py:188} INFO - [2024-01-30T19:45:22.245+0000] {dag.py:3823} INFO - Setting next_dagrun for example_subdag_operator.section-2 to None, run_after=None
[2024-01-30T19:45:22.664+0000] {logging_mixin.py:188} INFO - [2024-01-30T19:45:22.664+0000] {dag.py:3036} INFO - Sync 2 DAGs
[2024-01-30T19:45:22.723+0000] {logging_mixin.py:188} INFO - [2024-01-30T19:45:22.722+0000] {dag.py:3823} INFO - Setting next_dagrun for example_subdag_operator.section-1 to None, run_after=None
[2024-01-30T19:45:22.728+0000] {logging_mixin.py:188} INFO - [2024-01-30T19:45:22.726+0000] {dag.py:3823} INFO - Setting next_dagrun for example_subdag_operator.section-2 to None, run_after=None
[2024-01-30T19:45:22.820+0000] {processor.py:183} INFO - Processing /home/airflow/.local/lib/python3.8/site-packages/airflow/example_dags/example_subdag_operator.py took 1.961 seconds
