[2024-01-30T19:29:11.803+0000] {processor.py:161} INFO - Started process (PID=383) to work on /home/airflow/.local/lib/python3.8/site-packages/airflow/example_dags/example_nested_branch_dag.py
[2024-01-30T19:29:11.808+0000] {processor.py:830} INFO - Processing file /home/airflow/.local/lib/python3.8/site-packages/airflow/example_dags/example_nested_branch_dag.py for tasks to queue
[2024-01-30T19:29:11.820+0000] {logging_mixin.py:188} INFO - [2024-01-30T19:29:11.812+0000] {dagbag.py:538} INFO - Filling up the DagBag from /home/airflow/.local/lib/python3.8/site-packages/airflow/example_dags/example_nested_branch_dag.py
[2024-01-30T19:29:11.864+0000] {processor.py:840} INFO - DAG(s) 'example_nested_branch_dag' retrieved from /home/airflow/.local/lib/python3.8/site-packages/airflow/example_dags/example_nested_branch_dag.py
[2024-01-30T19:29:12.846+0000] {logging_mixin.py:188} INFO - [2024-01-30T19:29:12.845+0000] {override.py:1769} INFO - Created Permission View: can edit on DAG:example_nested_branch_dag
[2024-01-30T19:29:12.915+0000] {logging_mixin.py:188} INFO - [2024-01-30T19:29:12.903+0000] {override.py:1769} INFO - Created Permission View: can read on DAG:example_nested_branch_dag
[2024-01-30T19:29:13.019+0000] {logging_mixin.py:188} INFO - [2024-01-30T19:29:13.019+0000] {override.py:1769} INFO - Created Permission View: can delete on DAG:example_nested_branch_dag
[2024-01-30T19:29:13.022+0000] {logging_mixin.py:188} INFO - [2024-01-30T19:29:13.021+0000] {dag.py:3036} INFO - Sync 1 DAGs
[2024-01-30T19:29:13.057+0000] {logging_mixin.py:188} INFO - [2024-01-30T19:29:13.056+0000] {dag.py:3058} INFO - Creating ORM DAG for example_nested_branch_dag
[2024-01-30T19:29:13.257+0000] {logging_mixin.py:188} INFO - [2024-01-30T19:29:13.252+0000] {dag.py:3823} INFO - Setting next_dagrun for example_nested_branch_dag to 2024-01-29 00:00:00+00:00, run_after=2024-01-30 00:00:00+00:00
[2024-01-30T19:29:13.709+0000] {processor.py:183} INFO - Processing /home/airflow/.local/lib/python3.8/site-packages/airflow/example_dags/example_nested_branch_dag.py took 1.912 seconds
[2024-01-30T19:36:44.495+0000] {processor.py:161} INFO - Started process (PID=340) to work on /home/airflow/.local/lib/python3.8/site-packages/airflow/example_dags/example_nested_branch_dag.py
[2024-01-30T19:36:44.498+0000] {processor.py:830} INFO - Processing file /home/airflow/.local/lib/python3.8/site-packages/airflow/example_dags/example_nested_branch_dag.py for tasks to queue
[2024-01-30T19:36:44.500+0000] {logging_mixin.py:188} INFO - [2024-01-30T19:36:44.499+0000] {dagbag.py:538} INFO - Filling up the DagBag from /home/airflow/.local/lib/python3.8/site-packages/airflow/example_dags/example_nested_branch_dag.py
[2024-01-30T19:36:44.519+0000] {processor.py:840} INFO - DAG(s) 'example_nested_branch_dag' retrieved from /home/airflow/.local/lib/python3.8/site-packages/airflow/example_dags/example_nested_branch_dag.py
[2024-01-30T19:36:44.710+0000] {logging_mixin.py:188} INFO - [2024-01-30T19:36:44.710+0000] {dag.py:3036} INFO - Sync 1 DAGs
[2024-01-30T19:36:44.750+0000] {logging_mixin.py:188} INFO - [2024-01-30T19:36:44.749+0000] {dag.py:3823} INFO - Setting next_dagrun for example_nested_branch_dag to 2024-01-29 00:00:00+00:00, run_after=2024-01-30 00:00:00+00:00
[2024-01-30T19:36:44.793+0000] {processor.py:183} INFO - Processing /home/airflow/.local/lib/python3.8/site-packages/airflow/example_dags/example_nested_branch_dag.py took 0.302 seconds
[2024-01-30T19:37:15.588+0000] {processor.py:161} INFO - Started process (PID=587) to work on /home/airflow/.local/lib/python3.8/site-packages/airflow/example_dags/example_nested_branch_dag.py
[2024-01-30T19:37:15.593+0000] {processor.py:830} INFO - Processing file /home/airflow/.local/lib/python3.8/site-packages/airflow/example_dags/example_nested_branch_dag.py for tasks to queue
[2024-01-30T19:37:15.596+0000] {logging_mixin.py:188} INFO - [2024-01-30T19:37:15.595+0000] {dagbag.py:538} INFO - Filling up the DagBag from /home/airflow/.local/lib/python3.8/site-packages/airflow/example_dags/example_nested_branch_dag.py
[2024-01-30T19:37:15.640+0000] {processor.py:840} INFO - DAG(s) 'example_nested_branch_dag' retrieved from /home/airflow/.local/lib/python3.8/site-packages/airflow/example_dags/example_nested_branch_dag.py
[2024-01-30T19:37:15.734+0000] {logging_mixin.py:188} INFO - [2024-01-30T19:37:15.733+0000] {dag.py:3036} INFO - Sync 1 DAGs
[2024-01-30T19:37:15.817+0000] {logging_mixin.py:188} INFO - [2024-01-30T19:37:15.817+0000] {dag.py:3823} INFO - Setting next_dagrun for example_nested_branch_dag to 2024-01-29 00:00:00+00:00, run_after=2024-01-30 00:00:00+00:00
[2024-01-30T19:37:15.898+0000] {processor.py:183} INFO - Processing /home/airflow/.local/lib/python3.8/site-packages/airflow/example_dags/example_nested_branch_dag.py took 0.318 seconds
[2024-01-30T19:37:46.324+0000] {processor.py:161} INFO - Started process (PID=834) to work on /home/airflow/.local/lib/python3.8/site-packages/airflow/example_dags/example_nested_branch_dag.py
[2024-01-30T19:37:46.424+0000] {processor.py:830} INFO - Processing file /home/airflow/.local/lib/python3.8/site-packages/airflow/example_dags/example_nested_branch_dag.py for tasks to queue
[2024-01-30T19:37:46.436+0000] {logging_mixin.py:188} INFO - [2024-01-30T19:37:46.435+0000] {dagbag.py:538} INFO - Filling up the DagBag from /home/airflow/.local/lib/python3.8/site-packages/airflow/example_dags/example_nested_branch_dag.py
[2024-01-30T19:37:46.496+0000] {processor.py:840} INFO - DAG(s) 'example_nested_branch_dag' retrieved from /home/airflow/.local/lib/python3.8/site-packages/airflow/example_dags/example_nested_branch_dag.py
[2024-01-30T19:37:46.595+0000] {logging_mixin.py:188} INFO - [2024-01-30T19:37:46.594+0000] {dag.py:3036} INFO - Sync 1 DAGs
[2024-01-30T19:37:46.714+0000] {logging_mixin.py:188} INFO - [2024-01-30T19:37:46.714+0000] {dag.py:3823} INFO - Setting next_dagrun for example_nested_branch_dag to 2024-01-29 00:00:00+00:00, run_after=2024-01-30 00:00:00+00:00
[2024-01-30T19:37:46.808+0000] {processor.py:183} INFO - Processing /home/airflow/.local/lib/python3.8/site-packages/airflow/example_dags/example_nested_branch_dag.py took 0.499 seconds
[2024-01-30T19:38:24.776+0000] {processor.py:161} INFO - Started process (PID=1086) to work on /home/airflow/.local/lib/python3.8/site-packages/airflow/example_dags/example_nested_branch_dag.py
[2024-01-30T19:38:24.778+0000] {processor.py:830} INFO - Processing file /home/airflow/.local/lib/python3.8/site-packages/airflow/example_dags/example_nested_branch_dag.py for tasks to queue
[2024-01-30T19:38:24.780+0000] {logging_mixin.py:188} INFO - [2024-01-30T19:38:24.780+0000] {dagbag.py:538} INFO - Filling up the DagBag from /home/airflow/.local/lib/python3.8/site-packages/airflow/example_dags/example_nested_branch_dag.py
[2024-01-30T19:38:24.796+0000] {processor.py:840} INFO - DAG(s) 'example_nested_branch_dag' retrieved from /home/airflow/.local/lib/python3.8/site-packages/airflow/example_dags/example_nested_branch_dag.py
[2024-01-30T19:38:25.026+0000] {logging_mixin.py:188} INFO - [2024-01-30T19:38:25.026+0000] {dag.py:3036} INFO - Sync 1 DAGs
[2024-01-30T19:38:25.062+0000] {logging_mixin.py:188} INFO - [2024-01-30T19:38:25.062+0000] {dag.py:3823} INFO - Setting next_dagrun for example_nested_branch_dag to 2024-01-29 00:00:00+00:00, run_after=2024-01-30 00:00:00+00:00
[2024-01-30T19:38:25.099+0000] {processor.py:183} INFO - Processing /home/airflow/.local/lib/python3.8/site-packages/airflow/example_dags/example_nested_branch_dag.py took 0.328 seconds
[2024-01-30T19:38:55.419+0000] {processor.py:161} INFO - Started process (PID=1334) to work on /home/airflow/.local/lib/python3.8/site-packages/airflow/example_dags/example_nested_branch_dag.py
[2024-01-30T19:38:55.422+0000] {processor.py:830} INFO - Processing file /home/airflow/.local/lib/python3.8/site-packages/airflow/example_dags/example_nested_branch_dag.py for tasks to queue
[2024-01-30T19:38:55.424+0000] {logging_mixin.py:188} INFO - [2024-01-30T19:38:55.423+0000] {dagbag.py:538} INFO - Filling up the DagBag from /home/airflow/.local/lib/python3.8/site-packages/airflow/example_dags/example_nested_branch_dag.py
[2024-01-30T19:38:55.455+0000] {processor.py:840} INFO - DAG(s) 'example_nested_branch_dag' retrieved from /home/airflow/.local/lib/python3.8/site-packages/airflow/example_dags/example_nested_branch_dag.py
[2024-01-30T19:38:55.527+0000] {logging_mixin.py:188} INFO - [2024-01-30T19:38:55.526+0000] {dag.py:3036} INFO - Sync 1 DAGs
[2024-01-30T19:38:55.831+0000] {logging_mixin.py:188} INFO - [2024-01-30T19:38:55.831+0000] {dag.py:3823} INFO - Setting next_dagrun for example_nested_branch_dag to 2024-01-29 00:00:00+00:00, run_after=2024-01-30 00:00:00+00:00
[2024-01-30T19:38:55.915+0000] {processor.py:183} INFO - Processing /home/airflow/.local/lib/python3.8/site-packages/airflow/example_dags/example_nested_branch_dag.py took 0.503 seconds
[2024-01-30T19:39:26.462+0000] {processor.py:161} INFO - Started process (PID=1585) to work on /home/airflow/.local/lib/python3.8/site-packages/airflow/example_dags/example_nested_branch_dag.py
[2024-01-30T19:39:26.466+0000] {processor.py:830} INFO - Processing file /home/airflow/.local/lib/python3.8/site-packages/airflow/example_dags/example_nested_branch_dag.py for tasks to queue
[2024-01-30T19:39:26.469+0000] {logging_mixin.py:188} INFO - [2024-01-30T19:39:26.468+0000] {dagbag.py:538} INFO - Filling up the DagBag from /home/airflow/.local/lib/python3.8/site-packages/airflow/example_dags/example_nested_branch_dag.py
[2024-01-30T19:39:26.488+0000] {processor.py:840} INFO - DAG(s) 'example_nested_branch_dag' retrieved from /home/airflow/.local/lib/python3.8/site-packages/airflow/example_dags/example_nested_branch_dag.py
[2024-01-30T19:39:26.523+0000] {logging_mixin.py:188} INFO - [2024-01-30T19:39:26.522+0000] {dag.py:3036} INFO - Sync 1 DAGs
[2024-01-30T19:39:26.557+0000] {logging_mixin.py:188} INFO - [2024-01-30T19:39:26.557+0000] {dag.py:3823} INFO - Setting next_dagrun for example_nested_branch_dag to 2024-01-29 00:00:00+00:00, run_after=2024-01-30 00:00:00+00:00
[2024-01-30T19:39:26.595+0000] {processor.py:183} INFO - Processing /home/airflow/.local/lib/python3.8/site-packages/airflow/example_dags/example_nested_branch_dag.py took 0.138 seconds
[2024-01-30T19:39:57.357+0000] {processor.py:161} INFO - Started process (PID=1827) to work on /home/airflow/.local/lib/python3.8/site-packages/airflow/example_dags/example_nested_branch_dag.py
[2024-01-30T19:39:57.360+0000] {processor.py:830} INFO - Processing file /home/airflow/.local/lib/python3.8/site-packages/airflow/example_dags/example_nested_branch_dag.py for tasks to queue
[2024-01-30T19:39:57.363+0000] {logging_mixin.py:188} INFO - [2024-01-30T19:39:57.362+0000] {dagbag.py:538} INFO - Filling up the DagBag from /home/airflow/.local/lib/python3.8/site-packages/airflow/example_dags/example_nested_branch_dag.py
[2024-01-30T19:39:57.391+0000] {processor.py:840} INFO - DAG(s) 'example_nested_branch_dag' retrieved from /home/airflow/.local/lib/python3.8/site-packages/airflow/example_dags/example_nested_branch_dag.py
[2024-01-30T19:39:57.458+0000] {logging_mixin.py:188} INFO - [2024-01-30T19:39:57.457+0000] {dag.py:3036} INFO - Sync 1 DAGs
[2024-01-30T19:39:57.533+0000] {logging_mixin.py:188} INFO - [2024-01-30T19:39:57.532+0000] {dag.py:3823} INFO - Setting next_dagrun for example_nested_branch_dag to 2024-01-29 00:00:00+00:00, run_after=2024-01-30 00:00:00+00:00
[2024-01-30T19:39:57.616+0000] {processor.py:183} INFO - Processing /home/airflow/.local/lib/python3.8/site-packages/airflow/example_dags/example_nested_branch_dag.py took 0.265 seconds
[2024-01-30T19:40:30.492+0000] {processor.py:161} INFO - Started process (PID=2082) to work on /home/airflow/.local/lib/python3.8/site-packages/airflow/example_dags/example_nested_branch_dag.py
[2024-01-30T19:40:30.494+0000] {processor.py:830} INFO - Processing file /home/airflow/.local/lib/python3.8/site-packages/airflow/example_dags/example_nested_branch_dag.py for tasks to queue
[2024-01-30T19:40:30.497+0000] {logging_mixin.py:188} INFO - [2024-01-30T19:40:30.496+0000] {dagbag.py:538} INFO - Filling up the DagBag from /home/airflow/.local/lib/python3.8/site-packages/airflow/example_dags/example_nested_branch_dag.py
[2024-01-30T19:40:30.528+0000] {processor.py:840} INFO - DAG(s) 'example_nested_branch_dag' retrieved from /home/airflow/.local/lib/python3.8/site-packages/airflow/example_dags/example_nested_branch_dag.py
[2024-01-30T19:40:30.606+0000] {logging_mixin.py:188} INFO - [2024-01-30T19:40:30.604+0000] {dag.py:3036} INFO - Sync 1 DAGs
[2024-01-30T19:40:30.679+0000] {logging_mixin.py:188} INFO - [2024-01-30T19:40:30.679+0000] {dag.py:3823} INFO - Setting next_dagrun for example_nested_branch_dag to 2024-01-29 00:00:00+00:00, run_after=2024-01-30 00:00:00+00:00
[2024-01-30T19:40:30.751+0000] {processor.py:183} INFO - Processing /home/airflow/.local/lib/python3.8/site-packages/airflow/example_dags/example_nested_branch_dag.py took 0.268 seconds
[2024-01-30T19:41:01.012+0000] {processor.py:161} INFO - Started process (PID=2327) to work on /home/airflow/.local/lib/python3.8/site-packages/airflow/example_dags/example_nested_branch_dag.py
[2024-01-30T19:41:01.019+0000] {processor.py:830} INFO - Processing file /home/airflow/.local/lib/python3.8/site-packages/airflow/example_dags/example_nested_branch_dag.py for tasks to queue
[2024-01-30T19:41:01.025+0000] {logging_mixin.py:188} INFO - [2024-01-30T19:41:01.024+0000] {dagbag.py:538} INFO - Filling up the DagBag from /home/airflow/.local/lib/python3.8/site-packages/airflow/example_dags/example_nested_branch_dag.py
[2024-01-30T19:41:01.040+0000] {processor.py:840} INFO - DAG(s) 'example_nested_branch_dag' retrieved from /home/airflow/.local/lib/python3.8/site-packages/airflow/example_dags/example_nested_branch_dag.py
[2024-01-30T19:41:01.081+0000] {logging_mixin.py:188} INFO - [2024-01-30T19:41:01.081+0000] {dag.py:3036} INFO - Sync 1 DAGs
[2024-01-30T19:41:01.118+0000] {logging_mixin.py:188} INFO - [2024-01-30T19:41:01.118+0000] {dag.py:3823} INFO - Setting next_dagrun for example_nested_branch_dag to 2024-01-29 00:00:00+00:00, run_after=2024-01-30 00:00:00+00:00
[2024-01-30T19:41:01.171+0000] {processor.py:183} INFO - Processing /home/airflow/.local/lib/python3.8/site-packages/airflow/example_dags/example_nested_branch_dag.py took 0.163 seconds
[2024-01-30T19:41:34.169+0000] {processor.py:161} INFO - Started process (PID=2574) to work on /home/airflow/.local/lib/python3.8/site-packages/airflow/example_dags/example_nested_branch_dag.py
[2024-01-30T19:41:34.172+0000] {processor.py:830} INFO - Processing file /home/airflow/.local/lib/python3.8/site-packages/airflow/example_dags/example_nested_branch_dag.py for tasks to queue
[2024-01-30T19:41:34.175+0000] {logging_mixin.py:188} INFO - [2024-01-30T19:41:34.174+0000] {dagbag.py:538} INFO - Filling up the DagBag from /home/airflow/.local/lib/python3.8/site-packages/airflow/example_dags/example_nested_branch_dag.py
[2024-01-30T19:41:34.192+0000] {processor.py:840} INFO - DAG(s) 'example_nested_branch_dag' retrieved from /home/airflow/.local/lib/python3.8/site-packages/airflow/example_dags/example_nested_branch_dag.py
[2024-01-30T19:41:34.242+0000] {logging_mixin.py:188} INFO - [2024-01-30T19:41:34.242+0000] {dag.py:3036} INFO - Sync 1 DAGs
[2024-01-30T19:41:34.359+0000] {logging_mixin.py:188} INFO - [2024-01-30T19:41:34.358+0000] {dag.py:3823} INFO - Setting next_dagrun for example_nested_branch_dag to 2024-01-29 00:00:00+00:00, run_after=2024-01-30 00:00:00+00:00
[2024-01-30T19:41:34.663+0000] {processor.py:183} INFO - Processing /home/airflow/.local/lib/python3.8/site-packages/airflow/example_dags/example_nested_branch_dag.py took 0.501 seconds
[2024-01-30T19:42:04.898+0000] {processor.py:161} INFO - Started process (PID=2815) to work on /home/airflow/.local/lib/python3.8/site-packages/airflow/example_dags/example_nested_branch_dag.py
[2024-01-30T19:42:04.900+0000] {processor.py:830} INFO - Processing file /home/airflow/.local/lib/python3.8/site-packages/airflow/example_dags/example_nested_branch_dag.py for tasks to queue
[2024-01-30T19:42:04.902+0000] {logging_mixin.py:188} INFO - [2024-01-30T19:42:04.902+0000] {dagbag.py:538} INFO - Filling up the DagBag from /home/airflow/.local/lib/python3.8/site-packages/airflow/example_dags/example_nested_branch_dag.py
[2024-01-30T19:42:04.931+0000] {processor.py:840} INFO - DAG(s) 'example_nested_branch_dag' retrieved from /home/airflow/.local/lib/python3.8/site-packages/airflow/example_dags/example_nested_branch_dag.py
[2024-01-30T19:42:04.977+0000] {logging_mixin.py:188} INFO - [2024-01-30T19:42:04.976+0000] {dag.py:3036} INFO - Sync 1 DAGs
[2024-01-30T19:42:05.011+0000] {logging_mixin.py:188} INFO - [2024-01-30T19:42:05.011+0000] {dag.py:3823} INFO - Setting next_dagrun for example_nested_branch_dag to 2024-01-29 00:00:00+00:00, run_after=2024-01-30 00:00:00+00:00
[2024-01-30T19:42:05.048+0000] {processor.py:183} INFO - Processing /home/airflow/.local/lib/python3.8/site-packages/airflow/example_dags/example_nested_branch_dag.py took 0.154 seconds
[2024-01-30T19:43:00.560+0000] {processor.py:161} INFO - Started process (PID=3078) to work on /home/airflow/.local/lib/python3.8/site-packages/airflow/example_dags/example_nested_branch_dag.py
[2024-01-30T19:43:00.608+0000] {processor.py:830} INFO - Processing file /home/airflow/.local/lib/python3.8/site-packages/airflow/example_dags/example_nested_branch_dag.py for tasks to queue
[2024-01-30T19:43:00.645+0000] {logging_mixin.py:188} INFO - [2024-01-30T19:43:00.641+0000] {dagbag.py:538} INFO - Filling up the DagBag from /home/airflow/.local/lib/python3.8/site-packages/airflow/example_dags/example_nested_branch_dag.py
[2024-01-30T19:43:01.575+0000] {processor.py:840} INFO - DAG(s) 'example_nested_branch_dag' retrieved from /home/airflow/.local/lib/python3.8/site-packages/airflow/example_dags/example_nested_branch_dag.py
[2024-01-30T19:43:02.432+0000] {logging_mixin.py:188} INFO - [2024-01-30T19:43:02.426+0000] {dag.py:3036} INFO - Sync 1 DAGs
[2024-01-30T19:43:04.481+0000] {logging_mixin.py:188} INFO - [2024-01-30T19:43:04.480+0000] {dag.py:3823} INFO - Setting next_dagrun for example_nested_branch_dag to 2024-01-29 00:00:00+00:00, run_after=2024-01-30 00:00:00+00:00
[2024-01-30T19:43:05.431+0000] {processor.py:183} INFO - Processing /home/airflow/.local/lib/python3.8/site-packages/airflow/example_dags/example_nested_branch_dag.py took 5.057 seconds
[2024-01-30T19:43:59.125+0000] {processor.py:161} INFO - Started process (PID=3338) to work on /home/airflow/.local/lib/python3.8/site-packages/airflow/example_dags/example_nested_branch_dag.py
[2024-01-30T19:43:59.131+0000] {processor.py:830} INFO - Processing file /home/airflow/.local/lib/python3.8/site-packages/airflow/example_dags/example_nested_branch_dag.py for tasks to queue
[2024-01-30T19:43:59.137+0000] {logging_mixin.py:188} INFO - [2024-01-30T19:43:59.136+0000] {dagbag.py:538} INFO - Filling up the DagBag from /home/airflow/.local/lib/python3.8/site-packages/airflow/example_dags/example_nested_branch_dag.py
[2024-01-30T19:43:59.163+0000] {processor.py:840} INFO - DAG(s) 'example_nested_branch_dag' retrieved from /home/airflow/.local/lib/python3.8/site-packages/airflow/example_dags/example_nested_branch_dag.py
[2024-01-30T19:43:59.228+0000] {logging_mixin.py:188} INFO - [2024-01-30T19:43:59.228+0000] {dag.py:3036} INFO - Sync 1 DAGs
[2024-01-30T19:43:59.298+0000] {logging_mixin.py:188} INFO - [2024-01-30T19:43:59.298+0000] {dag.py:3823} INFO - Setting next_dagrun for example_nested_branch_dag to 2024-01-29 00:00:00+00:00, run_after=2024-01-30 00:00:00+00:00
[2024-01-30T19:43:59.348+0000] {processor.py:183} INFO - Processing /home/airflow/.local/lib/python3.8/site-packages/airflow/example_dags/example_nested_branch_dag.py took 0.229 seconds
[2024-01-30T19:45:01.364+0000] {processor.py:161} INFO - Started process (PID=3689) to work on /home/airflow/.local/lib/python3.8/site-packages/airflow/example_dags/example_nested_branch_dag.py
[2024-01-30T19:45:01.369+0000] {processor.py:830} INFO - Processing file /home/airflow/.local/lib/python3.8/site-packages/airflow/example_dags/example_nested_branch_dag.py for tasks to queue
[2024-01-30T19:45:01.382+0000] {logging_mixin.py:188} INFO - [2024-01-30T19:45:01.382+0000] {dagbag.py:538} INFO - Filling up the DagBag from /home/airflow/.local/lib/python3.8/site-packages/airflow/example_dags/example_nested_branch_dag.py
[2024-01-30T19:45:01.437+0000] {processor.py:840} INFO - DAG(s) 'example_nested_branch_dag' retrieved from /home/airflow/.local/lib/python3.8/site-packages/airflow/example_dags/example_nested_branch_dag.py
[2024-01-30T19:45:01.509+0000] {logging_mixin.py:188} INFO - [2024-01-30T19:45:01.508+0000] {dag.py:3036} INFO - Sync 1 DAGs
[2024-01-30T19:45:01.590+0000] {logging_mixin.py:188} INFO - [2024-01-30T19:45:01.590+0000] {dag.py:3823} INFO - Setting next_dagrun for example_nested_branch_dag to 2024-01-29 00:00:00+00:00, run_after=2024-01-30 00:00:00+00:00
[2024-01-30T19:45:01.689+0000] {processor.py:183} INFO - Processing /home/airflow/.local/lib/python3.8/site-packages/airflow/example_dags/example_nested_branch_dag.py took 0.370 seconds
[2024-01-30T19:45:34.955+0000] {processor.py:161} INFO - Started process (PID=3939) to work on /home/airflow/.local/lib/python3.8/site-packages/airflow/example_dags/example_nested_branch_dag.py
[2024-01-30T19:45:34.957+0000] {processor.py:830} INFO - Processing file /home/airflow/.local/lib/python3.8/site-packages/airflow/example_dags/example_nested_branch_dag.py for tasks to queue
[2024-01-30T19:45:34.959+0000] {logging_mixin.py:188} INFO - [2024-01-30T19:45:34.959+0000] {dagbag.py:538} INFO - Filling up the DagBag from /home/airflow/.local/lib/python3.8/site-packages/airflow/example_dags/example_nested_branch_dag.py
[2024-01-30T19:45:34.986+0000] {processor.py:840} INFO - DAG(s) 'example_nested_branch_dag' retrieved from /home/airflow/.local/lib/python3.8/site-packages/airflow/example_dags/example_nested_branch_dag.py
[2024-01-30T19:45:35.027+0000] {logging_mixin.py:188} INFO - [2024-01-30T19:45:35.027+0000] {dag.py:3036} INFO - Sync 1 DAGs
[2024-01-30T19:45:35.072+0000] {logging_mixin.py:188} INFO - [2024-01-30T19:45:35.072+0000] {dag.py:3823} INFO - Setting next_dagrun for example_nested_branch_dag to 2024-01-29 00:00:00+00:00, run_after=2024-01-30 00:00:00+00:00
[2024-01-30T19:45:35.119+0000] {processor.py:183} INFO - Processing /home/airflow/.local/lib/python3.8/site-packages/airflow/example_dags/example_nested_branch_dag.py took 0.168 seconds
