[2024-01-30T19:29:24.767+0000] {processor.py:161} INFO - Started process (PID=423) to work on /home/airflow/.local/lib/python3.8/site-packages/airflow/example_dags/example_trigger_target_dag.py
[2024-01-30T19:29:24.770+0000] {processor.py:830} INFO - Processing file /home/airflow/.local/lib/python3.8/site-packages/airflow/example_dags/example_trigger_target_dag.py for tasks to queue
[2024-01-30T19:29:24.774+0000] {logging_mixin.py:188} INFO - [2024-01-30T19:29:24.773+0000] {dagbag.py:538} INFO - Filling up the DagBag from /home/airflow/.local/lib/python3.8/site-packages/airflow/example_dags/example_trigger_target_dag.py
[2024-01-30T19:29:24.790+0000] {processor.py:840} INFO - DAG(s) 'example_trigger_target_dag' retrieved from /home/airflow/.local/lib/python3.8/site-packages/airflow/example_dags/example_trigger_target_dag.py
[2024-01-30T19:29:25.061+0000] {logging_mixin.py:188} INFO - [2024-01-30T19:29:25.060+0000] {override.py:1769} INFO - Created Permission View: can edit on DAG:example_trigger_target_dag
[2024-01-30T19:29:25.095+0000] {logging_mixin.py:188} INFO - [2024-01-30T19:29:25.095+0000] {override.py:1769} INFO - Created Permission View: can read on DAG:example_trigger_target_dag
[2024-01-30T19:29:25.122+0000] {logging_mixin.py:188} INFO - [2024-01-30T19:29:25.116+0000] {override.py:1769} INFO - Created Permission View: can delete on DAG:example_trigger_target_dag
[2024-01-30T19:29:25.124+0000] {logging_mixin.py:188} INFO - [2024-01-30T19:29:25.124+0000] {dag.py:3036} INFO - Sync 1 DAGs
[2024-01-30T19:29:25.164+0000] {logging_mixin.py:188} INFO - [2024-01-30T19:29:25.163+0000] {dag.py:3058} INFO - Creating ORM DAG for example_trigger_target_dag
[2024-01-30T19:29:25.166+0000] {logging_mixin.py:188} INFO - [2024-01-30T19:29:25.165+0000] {dag.py:3823} INFO - Setting next_dagrun for example_trigger_target_dag to None, run_after=None
[2024-01-30T19:29:25.226+0000] {processor.py:183} INFO - Processing /home/airflow/.local/lib/python3.8/site-packages/airflow/example_dags/example_trigger_target_dag.py took 0.467 seconds
[2024-01-30T19:36:46.299+0000] {processor.py:161} INFO - Started process (PID=382) to work on /home/airflow/.local/lib/python3.8/site-packages/airflow/example_dags/example_trigger_target_dag.py
[2024-01-30T19:36:46.301+0000] {processor.py:830} INFO - Processing file /home/airflow/.local/lib/python3.8/site-packages/airflow/example_dags/example_trigger_target_dag.py for tasks to queue
[2024-01-30T19:36:46.303+0000] {logging_mixin.py:188} INFO - [2024-01-30T19:36:46.303+0000] {dagbag.py:538} INFO - Filling up the DagBag from /home/airflow/.local/lib/python3.8/site-packages/airflow/example_dags/example_trigger_target_dag.py
[2024-01-30T19:36:46.315+0000] {processor.py:840} INFO - DAG(s) 'example_trigger_target_dag' retrieved from /home/airflow/.local/lib/python3.8/site-packages/airflow/example_dags/example_trigger_target_dag.py
[2024-01-30T19:36:46.536+0000] {logging_mixin.py:188} INFO - [2024-01-30T19:36:46.536+0000] {dag.py:3036} INFO - Sync 1 DAGs
[2024-01-30T19:36:46.578+0000] {logging_mixin.py:188} INFO - [2024-01-30T19:36:46.578+0000] {dag.py:3823} INFO - Setting next_dagrun for example_trigger_target_dag to None, run_after=None
[2024-01-30T19:36:46.641+0000] {processor.py:183} INFO - Processing /home/airflow/.local/lib/python3.8/site-packages/airflow/example_dags/example_trigger_target_dag.py took 0.347 seconds
[2024-01-30T19:37:17.223+0000] {processor.py:161} INFO - Started process (PID=627) to work on /home/airflow/.local/lib/python3.8/site-packages/airflow/example_dags/example_trigger_target_dag.py
[2024-01-30T19:37:17.227+0000] {processor.py:830} INFO - Processing file /home/airflow/.local/lib/python3.8/site-packages/airflow/example_dags/example_trigger_target_dag.py for tasks to queue
[2024-01-30T19:37:17.231+0000] {logging_mixin.py:188} INFO - [2024-01-30T19:37:17.230+0000] {dagbag.py:538} INFO - Filling up the DagBag from /home/airflow/.local/lib/python3.8/site-packages/airflow/example_dags/example_trigger_target_dag.py
[2024-01-30T19:37:17.240+0000] {processor.py:840} INFO - DAG(s) 'example_trigger_target_dag' retrieved from /home/airflow/.local/lib/python3.8/site-packages/airflow/example_dags/example_trigger_target_dag.py
[2024-01-30T19:37:17.271+0000] {logging_mixin.py:188} INFO - [2024-01-30T19:37:17.270+0000] {dag.py:3036} INFO - Sync 1 DAGs
[2024-01-30T19:37:17.295+0000] {logging_mixin.py:188} INFO - [2024-01-30T19:37:17.294+0000] {dag.py:3823} INFO - Setting next_dagrun for example_trigger_target_dag to None, run_after=None
[2024-01-30T19:37:17.335+0000] {processor.py:183} INFO - Processing /home/airflow/.local/lib/python3.8/site-packages/airflow/example_dags/example_trigger_target_dag.py took 0.116 seconds
[2024-01-30T19:37:49.121+0000] {processor.py:161} INFO - Started process (PID=869) to work on /home/airflow/.local/lib/python3.8/site-packages/airflow/example_dags/example_trigger_target_dag.py
[2024-01-30T19:37:49.130+0000] {processor.py:830} INFO - Processing file /home/airflow/.local/lib/python3.8/site-packages/airflow/example_dags/example_trigger_target_dag.py for tasks to queue
[2024-01-30T19:37:49.144+0000] {logging_mixin.py:188} INFO - [2024-01-30T19:37:49.143+0000] {dagbag.py:538} INFO - Filling up the DagBag from /home/airflow/.local/lib/python3.8/site-packages/airflow/example_dags/example_trigger_target_dag.py
[2024-01-30T19:37:49.161+0000] {processor.py:840} INFO - DAG(s) 'example_trigger_target_dag' retrieved from /home/airflow/.local/lib/python3.8/site-packages/airflow/example_dags/example_trigger_target_dag.py
[2024-01-30T19:37:49.198+0000] {logging_mixin.py:188} INFO - [2024-01-30T19:37:49.198+0000] {dag.py:3036} INFO - Sync 1 DAGs
[2024-01-30T19:37:49.233+0000] {logging_mixin.py:188} INFO - [2024-01-30T19:37:49.232+0000] {dag.py:3823} INFO - Setting next_dagrun for example_trigger_target_dag to None, run_after=None
[2024-01-30T19:37:49.294+0000] {processor.py:183} INFO - Processing /home/airflow/.local/lib/python3.8/site-packages/airflow/example_dags/example_trigger_target_dag.py took 0.178 seconds
[2024-01-30T19:38:25.992+0000] {processor.py:161} INFO - Started process (PID=1121) to work on /home/airflow/.local/lib/python3.8/site-packages/airflow/example_dags/example_trigger_target_dag.py
[2024-01-30T19:38:25.995+0000] {processor.py:830} INFO - Processing file /home/airflow/.local/lib/python3.8/site-packages/airflow/example_dags/example_trigger_target_dag.py for tasks to queue
[2024-01-30T19:38:25.998+0000] {logging_mixin.py:188} INFO - [2024-01-30T19:38:25.997+0000] {dagbag.py:538} INFO - Filling up the DagBag from /home/airflow/.local/lib/python3.8/site-packages/airflow/example_dags/example_trigger_target_dag.py
[2024-01-30T19:38:26.010+0000] {processor.py:840} INFO - DAG(s) 'example_trigger_target_dag' retrieved from /home/airflow/.local/lib/python3.8/site-packages/airflow/example_dags/example_trigger_target_dag.py
[2024-01-30T19:38:26.166+0000] {logging_mixin.py:188} INFO - [2024-01-30T19:38:26.165+0000] {dag.py:3036} INFO - Sync 1 DAGs
[2024-01-30T19:38:26.183+0000] {logging_mixin.py:188} INFO - [2024-01-30T19:38:26.183+0000] {dag.py:3823} INFO - Setting next_dagrun for example_trigger_target_dag to None, run_after=None
[2024-01-30T19:38:26.227+0000] {processor.py:183} INFO - Processing /home/airflow/.local/lib/python3.8/site-packages/airflow/example_dags/example_trigger_target_dag.py took 0.240 seconds
[2024-01-30T19:38:56.738+0000] {processor.py:161} INFO - Started process (PID=1369) to work on /home/airflow/.local/lib/python3.8/site-packages/airflow/example_dags/example_trigger_target_dag.py
[2024-01-30T19:38:56.740+0000] {processor.py:830} INFO - Processing file /home/airflow/.local/lib/python3.8/site-packages/airflow/example_dags/example_trigger_target_dag.py for tasks to queue
[2024-01-30T19:38:56.743+0000] {logging_mixin.py:188} INFO - [2024-01-30T19:38:56.742+0000] {dagbag.py:538} INFO - Filling up the DagBag from /home/airflow/.local/lib/python3.8/site-packages/airflow/example_dags/example_trigger_target_dag.py
[2024-01-30T19:38:56.756+0000] {processor.py:840} INFO - DAG(s) 'example_trigger_target_dag' retrieved from /home/airflow/.local/lib/python3.8/site-packages/airflow/example_dags/example_trigger_target_dag.py
[2024-01-30T19:38:56.816+0000] {logging_mixin.py:188} INFO - [2024-01-30T19:38:56.816+0000] {dag.py:3036} INFO - Sync 1 DAGs
[2024-01-30T19:38:56.838+0000] {logging_mixin.py:188} INFO - [2024-01-30T19:38:56.837+0000] {dag.py:3823} INFO - Setting next_dagrun for example_trigger_target_dag to None, run_after=None
[2024-01-30T19:38:56.972+0000] {processor.py:183} INFO - Processing /home/airflow/.local/lib/python3.8/site-packages/airflow/example_dags/example_trigger_target_dag.py took 0.239 seconds
[2024-01-30T19:39:27.403+0000] {processor.py:161} INFO - Started process (PID=1620) to work on /home/airflow/.local/lib/python3.8/site-packages/airflow/example_dags/example_trigger_target_dag.py
[2024-01-30T19:39:27.405+0000] {processor.py:830} INFO - Processing file /home/airflow/.local/lib/python3.8/site-packages/airflow/example_dags/example_trigger_target_dag.py for tasks to queue
[2024-01-30T19:39:27.407+0000] {logging_mixin.py:188} INFO - [2024-01-30T19:39:27.407+0000] {dagbag.py:538} INFO - Filling up the DagBag from /home/airflow/.local/lib/python3.8/site-packages/airflow/example_dags/example_trigger_target_dag.py
[2024-01-30T19:39:27.416+0000] {processor.py:840} INFO - DAG(s) 'example_trigger_target_dag' retrieved from /home/airflow/.local/lib/python3.8/site-packages/airflow/example_dags/example_trigger_target_dag.py
[2024-01-30T19:39:27.448+0000] {logging_mixin.py:188} INFO - [2024-01-30T19:39:27.448+0000] {dag.py:3036} INFO - Sync 1 DAGs
[2024-01-30T19:39:27.472+0000] {logging_mixin.py:188} INFO - [2024-01-30T19:39:27.472+0000] {dag.py:3823} INFO - Setting next_dagrun for example_trigger_target_dag to None, run_after=None
[2024-01-30T19:39:27.520+0000] {processor.py:183} INFO - Processing /home/airflow/.local/lib/python3.8/site-packages/airflow/example_dags/example_trigger_target_dag.py took 0.121 seconds
[2024-01-30T19:40:02.492+0000] {processor.py:161} INFO - Started process (PID=1867) to work on /home/airflow/.local/lib/python3.8/site-packages/airflow/example_dags/example_trigger_target_dag.py
[2024-01-30T19:40:02.494+0000] {processor.py:830} INFO - Processing file /home/airflow/.local/lib/python3.8/site-packages/airflow/example_dags/example_trigger_target_dag.py for tasks to queue
[2024-01-30T19:40:02.497+0000] {logging_mixin.py:188} INFO - [2024-01-30T19:40:02.496+0000] {dagbag.py:538} INFO - Filling up the DagBag from /home/airflow/.local/lib/python3.8/site-packages/airflow/example_dags/example_trigger_target_dag.py
[2024-01-30T19:40:02.517+0000] {processor.py:840} INFO - DAG(s) 'example_trigger_target_dag' retrieved from /home/airflow/.local/lib/python3.8/site-packages/airflow/example_dags/example_trigger_target_dag.py
[2024-01-30T19:40:02.589+0000] {logging_mixin.py:188} INFO - [2024-01-30T19:40:02.589+0000] {dag.py:3036} INFO - Sync 1 DAGs
[2024-01-30T19:40:02.612+0000] {logging_mixin.py:188} INFO - [2024-01-30T19:40:02.611+0000] {dag.py:3823} INFO - Setting next_dagrun for example_trigger_target_dag to None, run_after=None
[2024-01-30T19:40:04.172+0000] {processor.py:183} INFO - Processing /home/airflow/.local/lib/python3.8/site-packages/airflow/example_dags/example_trigger_target_dag.py took 1.685 seconds
[2024-01-30T19:40:35.435+0000] {processor.py:161} INFO - Started process (PID=2117) to work on /home/airflow/.local/lib/python3.8/site-packages/airflow/example_dags/example_trigger_target_dag.py
[2024-01-30T19:40:35.455+0000] {processor.py:830} INFO - Processing file /home/airflow/.local/lib/python3.8/site-packages/airflow/example_dags/example_trigger_target_dag.py for tasks to queue
[2024-01-30T19:40:35.472+0000] {logging_mixin.py:188} INFO - [2024-01-30T19:40:35.472+0000] {dagbag.py:538} INFO - Filling up the DagBag from /home/airflow/.local/lib/python3.8/site-packages/airflow/example_dags/example_trigger_target_dag.py
[2024-01-30T19:40:35.492+0000] {processor.py:840} INFO - DAG(s) 'example_trigger_target_dag' retrieved from /home/airflow/.local/lib/python3.8/site-packages/airflow/example_dags/example_trigger_target_dag.py
[2024-01-30T19:40:35.616+0000] {logging_mixin.py:188} INFO - [2024-01-30T19:40:35.615+0000] {dag.py:3036} INFO - Sync 1 DAGs
[2024-01-30T19:40:35.666+0000] {logging_mixin.py:188} INFO - [2024-01-30T19:40:35.665+0000] {dag.py:3823} INFO - Setting next_dagrun for example_trigger_target_dag to None, run_after=None
[2024-01-30T19:40:35.734+0000] {processor.py:183} INFO - Processing /home/airflow/.local/lib/python3.8/site-packages/airflow/example_dags/example_trigger_target_dag.py took 0.312 seconds
[2024-01-30T19:41:06.513+0000] {processor.py:161} INFO - Started process (PID=2364) to work on /home/airflow/.local/lib/python3.8/site-packages/airflow/example_dags/example_trigger_target_dag.py
[2024-01-30T19:41:06.515+0000] {processor.py:830} INFO - Processing file /home/airflow/.local/lib/python3.8/site-packages/airflow/example_dags/example_trigger_target_dag.py for tasks to queue
[2024-01-30T19:41:06.521+0000] {logging_mixin.py:188} INFO - [2024-01-30T19:41:06.519+0000] {dagbag.py:538} INFO - Filling up the DagBag from /home/airflow/.local/lib/python3.8/site-packages/airflow/example_dags/example_trigger_target_dag.py
[2024-01-30T19:41:06.532+0000] {processor.py:840} INFO - DAG(s) 'example_trigger_target_dag' retrieved from /home/airflow/.local/lib/python3.8/site-packages/airflow/example_dags/example_trigger_target_dag.py
[2024-01-30T19:41:06.584+0000] {logging_mixin.py:188} INFO - [2024-01-30T19:41:06.583+0000] {dag.py:3036} INFO - Sync 1 DAGs
[2024-01-30T19:41:06.613+0000] {logging_mixin.py:188} INFO - [2024-01-30T19:41:06.613+0000] {dag.py:3823} INFO - Setting next_dagrun for example_trigger_target_dag to None, run_after=None
[2024-01-30T19:41:06.671+0000] {processor.py:183} INFO - Processing /home/airflow/.local/lib/python3.8/site-packages/airflow/example_dags/example_trigger_target_dag.py took 0.163 seconds
[2024-01-30T19:41:40.034+0000] {processor.py:161} INFO - Started process (PID=2611) to work on /home/airflow/.local/lib/python3.8/site-packages/airflow/example_dags/example_trigger_target_dag.py
[2024-01-30T19:41:40.038+0000] {processor.py:830} INFO - Processing file /home/airflow/.local/lib/python3.8/site-packages/airflow/example_dags/example_trigger_target_dag.py for tasks to queue
[2024-01-30T19:41:40.050+0000] {logging_mixin.py:188} INFO - [2024-01-30T19:41:40.049+0000] {dagbag.py:538} INFO - Filling up the DagBag from /home/airflow/.local/lib/python3.8/site-packages/airflow/example_dags/example_trigger_target_dag.py
[2024-01-30T19:41:40.074+0000] {processor.py:840} INFO - DAG(s) 'example_trigger_target_dag' retrieved from /home/airflow/.local/lib/python3.8/site-packages/airflow/example_dags/example_trigger_target_dag.py
[2024-01-30T19:41:40.150+0000] {logging_mixin.py:188} INFO - [2024-01-30T19:41:40.149+0000] {dag.py:3036} INFO - Sync 1 DAGs
[2024-01-30T19:41:40.201+0000] {logging_mixin.py:188} INFO - [2024-01-30T19:41:40.200+0000] {dag.py:3823} INFO - Setting next_dagrun for example_trigger_target_dag to None, run_after=None
[2024-01-30T19:41:40.345+0000] {processor.py:183} INFO - Processing /home/airflow/.local/lib/python3.8/site-packages/airflow/example_dags/example_trigger_target_dag.py took 0.340 seconds
[2024-01-30T19:42:14.443+0000] {processor.py:161} INFO - Started process (PID=2856) to work on /home/airflow/.local/lib/python3.8/site-packages/airflow/example_dags/example_trigger_target_dag.py
[2024-01-30T19:42:14.448+0000] {processor.py:830} INFO - Processing file /home/airflow/.local/lib/python3.8/site-packages/airflow/example_dags/example_trigger_target_dag.py for tasks to queue
[2024-01-30T19:42:14.479+0000] {logging_mixin.py:188} INFO - [2024-01-30T19:42:14.479+0000] {dagbag.py:538} INFO - Filling up the DagBag from /home/airflow/.local/lib/python3.8/site-packages/airflow/example_dags/example_trigger_target_dag.py
[2024-01-30T19:42:14.502+0000] {processor.py:840} INFO - DAG(s) 'example_trigger_target_dag' retrieved from /home/airflow/.local/lib/python3.8/site-packages/airflow/example_dags/example_trigger_target_dag.py
[2024-01-30T19:42:14.568+0000] {logging_mixin.py:188} INFO - [2024-01-30T19:42:14.567+0000] {dag.py:3036} INFO - Sync 1 DAGs
[2024-01-30T19:42:14.608+0000] {logging_mixin.py:188} INFO - [2024-01-30T19:42:14.607+0000] {dag.py:3823} INFO - Setting next_dagrun for example_trigger_target_dag to None, run_after=None
[2024-01-30T19:42:14.838+0000] {processor.py:183} INFO - Processing /home/airflow/.local/lib/python3.8/site-packages/airflow/example_dags/example_trigger_target_dag.py took 0.400 seconds
[2024-01-30T19:43:38.228+0000] {processor.py:161} INFO - Started process (PID=3241) to work on /home/airflow/.local/lib/python3.8/site-packages/airflow/example_dags/example_trigger_target_dag.py
[2024-01-30T19:43:38.241+0000] {processor.py:830} INFO - Processing file /home/airflow/.local/lib/python3.8/site-packages/airflow/example_dags/example_trigger_target_dag.py for tasks to queue
[2024-01-30T19:43:38.243+0000] {logging_mixin.py:188} INFO - [2024-01-30T19:43:38.243+0000] {dagbag.py:538} INFO - Filling up the DagBag from /home/airflow/.local/lib/python3.8/site-packages/airflow/example_dags/example_trigger_target_dag.py
[2024-01-30T19:43:38.262+0000] {processor.py:840} INFO - DAG(s) 'example_trigger_target_dag' retrieved from /home/airflow/.local/lib/python3.8/site-packages/airflow/example_dags/example_trigger_target_dag.py
[2024-01-30T19:43:38.916+0000] {logging_mixin.py:188} INFO - [2024-01-30T19:43:38.915+0000] {dag.py:3036} INFO - Sync 1 DAGs
[2024-01-30T19:43:39.263+0000] {logging_mixin.py:188} INFO - [2024-01-30T19:43:39.263+0000] {dag.py:3823} INFO - Setting next_dagrun for example_trigger_target_dag to None, run_after=None
[2024-01-30T19:43:40.072+0000] {processor.py:183} INFO - Processing /home/airflow/.local/lib/python3.8/site-packages/airflow/example_dags/example_trigger_target_dag.py took 1.848 seconds
[2024-01-30T19:44:10.778+0000] {processor.py:161} INFO - Started process (PID=3491) to work on /home/airflow/.local/lib/python3.8/site-packages/airflow/example_dags/example_trigger_target_dag.py
[2024-01-30T19:44:10.812+0000] {processor.py:830} INFO - Processing file /home/airflow/.local/lib/python3.8/site-packages/airflow/example_dags/example_trigger_target_dag.py for tasks to queue
[2024-01-30T19:44:10.829+0000] {logging_mixin.py:188} INFO - [2024-01-30T19:44:10.829+0000] {dagbag.py:538} INFO - Filling up the DagBag from /home/airflow/.local/lib/python3.8/site-packages/airflow/example_dags/example_trigger_target_dag.py
[2024-01-30T19:44:10.958+0000] {processor.py:840} INFO - DAG(s) 'example_trigger_target_dag' retrieved from /home/airflow/.local/lib/python3.8/site-packages/airflow/example_dags/example_trigger_target_dag.py
[2024-01-30T19:44:11.305+0000] {logging_mixin.py:188} INFO - [2024-01-30T19:44:11.301+0000] {dag.py:3036} INFO - Sync 1 DAGs
[2024-01-30T19:44:11.458+0000] {logging_mixin.py:188} INFO - [2024-01-30T19:44:11.457+0000] {dag.py:3823} INFO - Setting next_dagrun for example_trigger_target_dag to None, run_after=None
[2024-01-30T19:44:11.965+0000] {processor.py:183} INFO - Processing /home/airflow/.local/lib/python3.8/site-packages/airflow/example_dags/example_trigger_target_dag.py took 1.299 seconds
[2024-01-30T19:45:18.029+0000] {processor.py:161} INFO - Started process (PID=3767) to work on /home/airflow/.local/lib/python3.8/site-packages/airflow/example_dags/example_trigger_target_dag.py
[2024-01-30T19:45:18.034+0000] {processor.py:830} INFO - Processing file /home/airflow/.local/lib/python3.8/site-packages/airflow/example_dags/example_trigger_target_dag.py for tasks to queue
[2024-01-30T19:45:18.038+0000] {logging_mixin.py:188} INFO - [2024-01-30T19:45:18.037+0000] {dagbag.py:538} INFO - Filling up the DagBag from /home/airflow/.local/lib/python3.8/site-packages/airflow/example_dags/example_trigger_target_dag.py
[2024-01-30T19:45:18.050+0000] {processor.py:840} INFO - DAG(s) 'example_trigger_target_dag' retrieved from /home/airflow/.local/lib/python3.8/site-packages/airflow/example_dags/example_trigger_target_dag.py
[2024-01-30T19:45:18.111+0000] {logging_mixin.py:188} INFO - [2024-01-30T19:45:18.111+0000] {dag.py:3036} INFO - Sync 1 DAGs
[2024-01-30T19:45:18.147+0000] {logging_mixin.py:188} INFO - [2024-01-30T19:45:18.147+0000] {dag.py:3823} INFO - Setting next_dagrun for example_trigger_target_dag to None, run_after=None
[2024-01-30T19:45:18.207+0000] {processor.py:183} INFO - Processing /home/airflow/.local/lib/python3.8/site-packages/airflow/example_dags/example_trigger_target_dag.py took 0.184 seconds
