[2024-01-30T19:28:53.066+0000] {processor.py:161} INFO - Started process (PID=302) to work on /home/airflow/.local/lib/python3.8/site-packages/airflow/example_dags/example_sensor_decorator.py
[2024-01-30T19:28:53.068+0000] {processor.py:830} INFO - Processing file /home/airflow/.local/lib/python3.8/site-packages/airflow/example_dags/example_sensor_decorator.py for tasks to queue
[2024-01-30T19:28:53.081+0000] {logging_mixin.py:188} INFO - [2024-01-30T19:28:53.080+0000] {dagbag.py:538} INFO - Filling up the DagBag from /home/airflow/.local/lib/python3.8/site-packages/airflow/example_dags/example_sensor_decorator.py
[2024-01-30T19:28:53.129+0000] {processor.py:840} INFO - DAG(s) 'example_sensor_decorator' retrieved from /home/airflow/.local/lib/python3.8/site-packages/airflow/example_dags/example_sensor_decorator.py
[2024-01-30T19:28:55.030+0000] {logging_mixin.py:188} INFO - [2024-01-30T19:28:55.028+0000] {override.py:1769} INFO - Created Permission View: can edit on DAG:example_sensor_decorator
[2024-01-30T19:28:55.110+0000] {logging_mixin.py:188} INFO - [2024-01-30T19:28:55.109+0000] {override.py:1769} INFO - Created Permission View: can read on DAG:example_sensor_decorator
[2024-01-30T19:28:55.210+0000] {logging_mixin.py:188} INFO - [2024-01-30T19:28:55.209+0000] {override.py:1769} INFO - Created Permission View: can delete on DAG:example_sensor_decorator
[2024-01-30T19:28:55.216+0000] {logging_mixin.py:188} INFO - [2024-01-30T19:28:55.215+0000] {dag.py:3036} INFO - Sync 1 DAGs
[2024-01-30T19:28:55.401+0000] {logging_mixin.py:188} INFO - [2024-01-30T19:28:55.401+0000] {dag.py:3058} INFO - Creating ORM DAG for example_sensor_decorator
[2024-01-30T19:28:55.404+0000] {logging_mixin.py:188} INFO - [2024-01-30T19:28:55.403+0000] {dag.py:3823} INFO - Setting next_dagrun for example_sensor_decorator to None, run_after=None
[2024-01-30T19:28:55.562+0000] {processor.py:183} INFO - Processing /home/airflow/.local/lib/python3.8/site-packages/airflow/example_dags/example_sensor_decorator.py took 2.503 seconds
[2024-01-30T19:36:41.055+0000] {processor.py:161} INFO - Started process (PID=265) to work on /home/airflow/.local/lib/python3.8/site-packages/airflow/example_dags/example_sensor_decorator.py
[2024-01-30T19:36:41.057+0000] {processor.py:830} INFO - Processing file /home/airflow/.local/lib/python3.8/site-packages/airflow/example_dags/example_sensor_decorator.py for tasks to queue
[2024-01-30T19:36:41.059+0000] {logging_mixin.py:188} INFO - [2024-01-30T19:36:41.059+0000] {dagbag.py:538} INFO - Filling up the DagBag from /home/airflow/.local/lib/python3.8/site-packages/airflow/example_dags/example_sensor_decorator.py
[2024-01-30T19:36:41.072+0000] {processor.py:840} INFO - DAG(s) 'example_sensor_decorator' retrieved from /home/airflow/.local/lib/python3.8/site-packages/airflow/example_dags/example_sensor_decorator.py
[2024-01-30T19:36:41.295+0000] {logging_mixin.py:188} INFO - [2024-01-30T19:36:41.294+0000] {dag.py:3036} INFO - Sync 1 DAGs
[2024-01-30T19:36:41.329+0000] {logging_mixin.py:188} INFO - [2024-01-30T19:36:41.328+0000] {dag.py:3823} INFO - Setting next_dagrun for example_sensor_decorator to None, run_after=None
[2024-01-30T19:36:41.364+0000] {processor.py:183} INFO - Processing /home/airflow/.local/lib/python3.8/site-packages/airflow/example_dags/example_sensor_decorator.py took 0.313 seconds
[2024-01-30T19:37:12.078+0000] {processor.py:161} INFO - Started process (PID=512) to work on /home/airflow/.local/lib/python3.8/site-packages/airflow/example_dags/example_sensor_decorator.py
[2024-01-30T19:37:12.081+0000] {processor.py:830} INFO - Processing file /home/airflow/.local/lib/python3.8/site-packages/airflow/example_dags/example_sensor_decorator.py for tasks to queue
[2024-01-30T19:37:12.083+0000] {logging_mixin.py:188} INFO - [2024-01-30T19:37:12.082+0000] {dagbag.py:538} INFO - Filling up the DagBag from /home/airflow/.local/lib/python3.8/site-packages/airflow/example_dags/example_sensor_decorator.py
[2024-01-30T19:37:12.096+0000] {processor.py:840} INFO - DAG(s) 'example_sensor_decorator' retrieved from /home/airflow/.local/lib/python3.8/site-packages/airflow/example_dags/example_sensor_decorator.py
[2024-01-30T19:37:12.134+0000] {logging_mixin.py:188} INFO - [2024-01-30T19:37:12.133+0000] {dag.py:3036} INFO - Sync 1 DAGs
[2024-01-30T19:37:12.159+0000] {logging_mixin.py:188} INFO - [2024-01-30T19:37:12.159+0000] {dag.py:3823} INFO - Setting next_dagrun for example_sensor_decorator to None, run_after=None
[2024-01-30T19:37:12.204+0000] {processor.py:183} INFO - Processing /home/airflow/.local/lib/python3.8/site-packages/airflow/example_dags/example_sensor_decorator.py took 0.130 seconds
[2024-01-30T19:37:42.277+0000] {processor.py:161} INFO - Started process (PID=759) to work on /home/airflow/.local/lib/python3.8/site-packages/airflow/example_dags/example_sensor_decorator.py
[2024-01-30T19:37:42.279+0000] {processor.py:830} INFO - Processing file /home/airflow/.local/lib/python3.8/site-packages/airflow/example_dags/example_sensor_decorator.py for tasks to queue
[2024-01-30T19:37:42.282+0000] {logging_mixin.py:188} INFO - [2024-01-30T19:37:42.281+0000] {dagbag.py:538} INFO - Filling up the DagBag from /home/airflow/.local/lib/python3.8/site-packages/airflow/example_dags/example_sensor_decorator.py
[2024-01-30T19:37:42.290+0000] {processor.py:840} INFO - DAG(s) 'example_sensor_decorator' retrieved from /home/airflow/.local/lib/python3.8/site-packages/airflow/example_dags/example_sensor_decorator.py
[2024-01-30T19:37:42.308+0000] {logging_mixin.py:188} INFO - [2024-01-30T19:37:42.308+0000] {dag.py:3036} INFO - Sync 1 DAGs
[2024-01-30T19:37:42.327+0000] {logging_mixin.py:188} INFO - [2024-01-30T19:37:42.326+0000] {dag.py:3823} INFO - Setting next_dagrun for example_sensor_decorator to None, run_after=None
[2024-01-30T19:37:42.359+0000] {processor.py:183} INFO - Processing /home/airflow/.local/lib/python3.8/site-packages/airflow/example_dags/example_sensor_decorator.py took 0.086 seconds
[2024-01-30T19:38:19.767+0000] {processor.py:161} INFO - Started process (PID=1005) to work on /home/airflow/.local/lib/python3.8/site-packages/airflow/example_dags/example_sensor_decorator.py
[2024-01-30T19:38:19.770+0000] {processor.py:830} INFO - Processing file /home/airflow/.local/lib/python3.8/site-packages/airflow/example_dags/example_sensor_decorator.py for tasks to queue
[2024-01-30T19:38:19.772+0000] {logging_mixin.py:188} INFO - [2024-01-30T19:38:19.771+0000] {dagbag.py:538} INFO - Filling up the DagBag from /home/airflow/.local/lib/python3.8/site-packages/airflow/example_dags/example_sensor_decorator.py
[2024-01-30T19:38:19.782+0000] {processor.py:840} INFO - DAG(s) 'example_sensor_decorator' retrieved from /home/airflow/.local/lib/python3.8/site-packages/airflow/example_dags/example_sensor_decorator.py
[2024-01-30T19:38:20.052+0000] {logging_mixin.py:188} INFO - [2024-01-30T19:38:20.052+0000] {dag.py:3036} INFO - Sync 1 DAGs
[2024-01-30T19:38:20.077+0000] {logging_mixin.py:188} INFO - [2024-01-30T19:38:20.077+0000] {dag.py:3823} INFO - Setting next_dagrun for example_sensor_decorator to None, run_after=None
[2024-01-30T19:38:20.140+0000] {processor.py:183} INFO - Processing /home/airflow/.local/lib/python3.8/site-packages/airflow/example_dags/example_sensor_decorator.py took 0.378 seconds
[2024-01-30T19:38:50.467+0000] {processor.py:161} INFO - Started process (PID=1259) to work on /home/airflow/.local/lib/python3.8/site-packages/airflow/example_dags/example_sensor_decorator.py
[2024-01-30T19:38:50.470+0000] {processor.py:830} INFO - Processing file /home/airflow/.local/lib/python3.8/site-packages/airflow/example_dags/example_sensor_decorator.py for tasks to queue
[2024-01-30T19:38:50.472+0000] {logging_mixin.py:188} INFO - [2024-01-30T19:38:50.471+0000] {dagbag.py:538} INFO - Filling up the DagBag from /home/airflow/.local/lib/python3.8/site-packages/airflow/example_dags/example_sensor_decorator.py
[2024-01-30T19:38:50.481+0000] {processor.py:840} INFO - DAG(s) 'example_sensor_decorator' retrieved from /home/airflow/.local/lib/python3.8/site-packages/airflow/example_dags/example_sensor_decorator.py
[2024-01-30T19:38:50.514+0000] {logging_mixin.py:188} INFO - [2024-01-30T19:38:50.513+0000] {dag.py:3036} INFO - Sync 1 DAGs
[2024-01-30T19:38:50.538+0000] {logging_mixin.py:188} INFO - [2024-01-30T19:38:50.538+0000] {dag.py:3823} INFO - Setting next_dagrun for example_sensor_decorator to None, run_after=None
[2024-01-30T19:38:50.573+0000] {processor.py:183} INFO - Processing /home/airflow/.local/lib/python3.8/site-packages/airflow/example_dags/example_sensor_decorator.py took 0.113 seconds
[2024-01-30T19:39:20.879+0000] {processor.py:161} INFO - Started process (PID=1510) to work on /home/airflow/.local/lib/python3.8/site-packages/airflow/example_dags/example_sensor_decorator.py
[2024-01-30T19:39:20.881+0000] {processor.py:830} INFO - Processing file /home/airflow/.local/lib/python3.8/site-packages/airflow/example_dags/example_sensor_decorator.py for tasks to queue
[2024-01-30T19:39:20.883+0000] {logging_mixin.py:188} INFO - [2024-01-30T19:39:20.883+0000] {dagbag.py:538} INFO - Filling up the DagBag from /home/airflow/.local/lib/python3.8/site-packages/airflow/example_dags/example_sensor_decorator.py
[2024-01-30T19:39:20.895+0000] {processor.py:840} INFO - DAG(s) 'example_sensor_decorator' retrieved from /home/airflow/.local/lib/python3.8/site-packages/airflow/example_dags/example_sensor_decorator.py
[2024-01-30T19:39:20.937+0000] {logging_mixin.py:188} INFO - [2024-01-30T19:39:20.936+0000] {dag.py:3036} INFO - Sync 1 DAGs
[2024-01-30T19:39:20.961+0000] {logging_mixin.py:188} INFO - [2024-01-30T19:39:20.961+0000] {dag.py:3823} INFO - Setting next_dagrun for example_sensor_decorator to None, run_after=None
[2024-01-30T19:39:21.059+0000] {processor.py:183} INFO - Processing /home/airflow/.local/lib/python3.8/site-packages/airflow/example_dags/example_sensor_decorator.py took 0.185 seconds
[2024-01-30T19:39:51.929+0000] {processor.py:161} INFO - Started process (PID=1757) to work on /home/airflow/.local/lib/python3.8/site-packages/airflow/example_dags/example_sensor_decorator.py
[2024-01-30T19:39:51.933+0000] {processor.py:830} INFO - Processing file /home/airflow/.local/lib/python3.8/site-packages/airflow/example_dags/example_sensor_decorator.py for tasks to queue
[2024-01-30T19:39:51.935+0000] {logging_mixin.py:188} INFO - [2024-01-30T19:39:51.935+0000] {dagbag.py:538} INFO - Filling up the DagBag from /home/airflow/.local/lib/python3.8/site-packages/airflow/example_dags/example_sensor_decorator.py
[2024-01-30T19:39:51.956+0000] {processor.py:840} INFO - DAG(s) 'example_sensor_decorator' retrieved from /home/airflow/.local/lib/python3.8/site-packages/airflow/example_dags/example_sensor_decorator.py
[2024-01-30T19:39:52.010+0000] {logging_mixin.py:188} INFO - [2024-01-30T19:39:52.009+0000] {dag.py:3036} INFO - Sync 1 DAGs
[2024-01-30T19:39:52.064+0000] {logging_mixin.py:188} INFO - [2024-01-30T19:39:52.063+0000] {dag.py:3823} INFO - Setting next_dagrun for example_sensor_decorator to None, run_after=None
[2024-01-30T19:39:52.163+0000] {processor.py:183} INFO - Processing /home/airflow/.local/lib/python3.8/site-packages/airflow/example_dags/example_sensor_decorator.py took 0.248 seconds
[2024-01-30T19:40:22.620+0000] {processor.py:161} INFO - Started process (PID=2007) to work on /home/airflow/.local/lib/python3.8/site-packages/airflow/example_dags/example_sensor_decorator.py
[2024-01-30T19:40:22.623+0000] {processor.py:830} INFO - Processing file /home/airflow/.local/lib/python3.8/site-packages/airflow/example_dags/example_sensor_decorator.py for tasks to queue
[2024-01-30T19:40:22.625+0000] {logging_mixin.py:188} INFO - [2024-01-30T19:40:22.624+0000] {dagbag.py:538} INFO - Filling up the DagBag from /home/airflow/.local/lib/python3.8/site-packages/airflow/example_dags/example_sensor_decorator.py
[2024-01-30T19:40:22.639+0000] {processor.py:840} INFO - DAG(s) 'example_sensor_decorator' retrieved from /home/airflow/.local/lib/python3.8/site-packages/airflow/example_dags/example_sensor_decorator.py
[2024-01-30T19:40:22.680+0000] {logging_mixin.py:188} INFO - [2024-01-30T19:40:22.678+0000] {dag.py:3036} INFO - Sync 1 DAGs
[2024-01-30T19:40:22.704+0000] {logging_mixin.py:188} INFO - [2024-01-30T19:40:22.703+0000] {dag.py:3823} INFO - Setting next_dagrun for example_sensor_decorator to None, run_after=None
[2024-01-30T19:40:22.749+0000] {processor.py:183} INFO - Processing /home/airflow/.local/lib/python3.8/site-packages/airflow/example_dags/example_sensor_decorator.py took 0.133 seconds
[2024-01-30T19:40:55.724+0000] {processor.py:161} INFO - Started process (PID=2254) to work on /home/airflow/.local/lib/python3.8/site-packages/airflow/example_dags/example_sensor_decorator.py
[2024-01-30T19:40:55.733+0000] {processor.py:830} INFO - Processing file /home/airflow/.local/lib/python3.8/site-packages/airflow/example_dags/example_sensor_decorator.py for tasks to queue
[2024-01-30T19:40:55.736+0000] {logging_mixin.py:188} INFO - [2024-01-30T19:40:55.736+0000] {dagbag.py:538} INFO - Filling up the DagBag from /home/airflow/.local/lib/python3.8/site-packages/airflow/example_dags/example_sensor_decorator.py
[2024-01-30T19:40:55.779+0000] {processor.py:840} INFO - DAG(s) 'example_sensor_decorator' retrieved from /home/airflow/.local/lib/python3.8/site-packages/airflow/example_dags/example_sensor_decorator.py
[2024-01-30T19:40:55.861+0000] {logging_mixin.py:188} INFO - [2024-01-30T19:40:55.861+0000] {dag.py:3036} INFO - Sync 1 DAGs
[2024-01-30T19:40:55.906+0000] {logging_mixin.py:188} INFO - [2024-01-30T19:40:55.906+0000] {dag.py:3823} INFO - Setting next_dagrun for example_sensor_decorator to None, run_after=None
[2024-01-30T19:40:55.979+0000] {processor.py:183} INFO - Processing /home/airflow/.local/lib/python3.8/site-packages/airflow/example_dags/example_sensor_decorator.py took 0.265 seconds
[2024-01-30T19:41:27.281+0000] {processor.py:161} INFO - Started process (PID=2498) to work on /home/airflow/.local/lib/python3.8/site-packages/airflow/example_dags/example_sensor_decorator.py
[2024-01-30T19:41:27.293+0000] {processor.py:830} INFO - Processing file /home/airflow/.local/lib/python3.8/site-packages/airflow/example_dags/example_sensor_decorator.py for tasks to queue
[2024-01-30T19:41:27.296+0000] {logging_mixin.py:188} INFO - [2024-01-30T19:41:27.295+0000] {dagbag.py:538} INFO - Filling up the DagBag from /home/airflow/.local/lib/python3.8/site-packages/airflow/example_dags/example_sensor_decorator.py
[2024-01-30T19:41:27.319+0000] {processor.py:840} INFO - DAG(s) 'example_sensor_decorator' retrieved from /home/airflow/.local/lib/python3.8/site-packages/airflow/example_dags/example_sensor_decorator.py
[2024-01-30T19:41:27.430+0000] {logging_mixin.py:188} INFO - [2024-01-30T19:41:27.430+0000] {dag.py:3036} INFO - Sync 1 DAGs
[2024-01-30T19:41:27.484+0000] {logging_mixin.py:188} INFO - [2024-01-30T19:41:27.483+0000] {dag.py:3823} INFO - Setting next_dagrun for example_sensor_decorator to None, run_after=None
[2024-01-30T19:41:27.604+0000] {processor.py:183} INFO - Processing /home/airflow/.local/lib/python3.8/site-packages/airflow/example_dags/example_sensor_decorator.py took 0.331 seconds
[2024-01-30T19:41:58.419+0000] {processor.py:161} INFO - Started process (PID=2742) to work on /home/airflow/.local/lib/python3.8/site-packages/airflow/example_dags/example_sensor_decorator.py
[2024-01-30T19:41:58.422+0000] {processor.py:830} INFO - Processing file /home/airflow/.local/lib/python3.8/site-packages/airflow/example_dags/example_sensor_decorator.py for tasks to queue
[2024-01-30T19:41:58.425+0000] {logging_mixin.py:188} INFO - [2024-01-30T19:41:58.424+0000] {dagbag.py:538} INFO - Filling up the DagBag from /home/airflow/.local/lib/python3.8/site-packages/airflow/example_dags/example_sensor_decorator.py
[2024-01-30T19:41:58.434+0000] {processor.py:840} INFO - DAG(s) 'example_sensor_decorator' retrieved from /home/airflow/.local/lib/python3.8/site-packages/airflow/example_dags/example_sensor_decorator.py
[2024-01-30T19:41:58.477+0000] {logging_mixin.py:188} INFO - [2024-01-30T19:41:58.476+0000] {dag.py:3036} INFO - Sync 1 DAGs
[2024-01-30T19:41:58.507+0000] {logging_mixin.py:188} INFO - [2024-01-30T19:41:58.503+0000] {dag.py:3823} INFO - Setting next_dagrun for example_sensor_decorator to None, run_after=None
[2024-01-30T19:41:58.551+0000] {processor.py:183} INFO - Processing /home/airflow/.local/lib/python3.8/site-packages/airflow/example_dags/example_sensor_decorator.py took 0.137 seconds
[2024-01-30T19:42:28.757+0000] {processor.py:161} INFO - Started process (PID=2989) to work on /home/airflow/.local/lib/python3.8/site-packages/airflow/example_dags/example_sensor_decorator.py
[2024-01-30T19:42:28.766+0000] {processor.py:830} INFO - Processing file /home/airflow/.local/lib/python3.8/site-packages/airflow/example_dags/example_sensor_decorator.py for tasks to queue
[2024-01-30T19:42:28.770+0000] {logging_mixin.py:188} INFO - [2024-01-30T19:42:28.769+0000] {dagbag.py:538} INFO - Filling up the DagBag from /home/airflow/.local/lib/python3.8/site-packages/airflow/example_dags/example_sensor_decorator.py
[2024-01-30T19:42:28.783+0000] {processor.py:840} INFO - DAG(s) 'example_sensor_decorator' retrieved from /home/airflow/.local/lib/python3.8/site-packages/airflow/example_dags/example_sensor_decorator.py
[2024-01-30T19:42:28.842+0000] {logging_mixin.py:188} INFO - [2024-01-30T19:42:28.841+0000] {dag.py:3036} INFO - Sync 1 DAGs
[2024-01-30T19:42:28.866+0000] {logging_mixin.py:188} INFO - [2024-01-30T19:42:28.865+0000] {dag.py:3823} INFO - Setting next_dagrun for example_sensor_decorator to None, run_after=None
[2024-01-30T19:42:28.914+0000] {processor.py:183} INFO - Processing /home/airflow/.local/lib/python3.8/site-packages/airflow/example_dags/example_sensor_decorator.py took 0.161 seconds
[2024-01-30T19:43:31.275+0000] {processor.py:161} INFO - Started process (PID=3196) to work on /home/airflow/.local/lib/python3.8/site-packages/airflow/example_dags/example_sensor_decorator.py
[2024-01-30T19:43:31.289+0000] {processor.py:830} INFO - Processing file /home/airflow/.local/lib/python3.8/site-packages/airflow/example_dags/example_sensor_decorator.py for tasks to queue
[2024-01-30T19:43:31.294+0000] {logging_mixin.py:188} INFO - [2024-01-30T19:43:31.293+0000] {dagbag.py:538} INFO - Filling up the DagBag from /home/airflow/.local/lib/python3.8/site-packages/airflow/example_dags/example_sensor_decorator.py
[2024-01-30T19:43:31.329+0000] {processor.py:840} INFO - DAG(s) 'example_sensor_decorator' retrieved from /home/airflow/.local/lib/python3.8/site-packages/airflow/example_dags/example_sensor_decorator.py
[2024-01-30T19:43:31.402+0000] {logging_mixin.py:188} INFO - [2024-01-30T19:43:31.401+0000] {dag.py:3036} INFO - Sync 1 DAGs
[2024-01-30T19:43:31.464+0000] {logging_mixin.py:188} INFO - [2024-01-30T19:43:31.464+0000] {dag.py:3823} INFO - Setting next_dagrun for example_sensor_decorator to None, run_after=None
[2024-01-30T19:43:31.639+0000] {processor.py:183} INFO - Processing /home/airflow/.local/lib/python3.8/site-packages/airflow/example_dags/example_sensor_decorator.py took 0.377 seconds
[2024-01-30T19:44:04.864+0000] {processor.py:161} INFO - Started process (PID=3448) to work on /home/airflow/.local/lib/python3.8/site-packages/airflow/example_dags/example_sensor_decorator.py
[2024-01-30T19:44:04.875+0000] {processor.py:830} INFO - Processing file /home/airflow/.local/lib/python3.8/site-packages/airflow/example_dags/example_sensor_decorator.py for tasks to queue
[2024-01-30T19:44:04.882+0000] {logging_mixin.py:188} INFO - [2024-01-30T19:44:04.881+0000] {dagbag.py:538} INFO - Filling up the DagBag from /home/airflow/.local/lib/python3.8/site-packages/airflow/example_dags/example_sensor_decorator.py
[2024-01-30T19:44:04.925+0000] {processor.py:840} INFO - DAG(s) 'example_sensor_decorator' retrieved from /home/airflow/.local/lib/python3.8/site-packages/airflow/example_dags/example_sensor_decorator.py
[2024-01-30T19:44:05.053+0000] {logging_mixin.py:188} INFO - [2024-01-30T19:44:05.052+0000] {dag.py:3036} INFO - Sync 1 DAGs
[2024-01-30T19:44:05.126+0000] {logging_mixin.py:188} INFO - [2024-01-30T19:44:05.125+0000] {dag.py:3823} INFO - Setting next_dagrun for example_sensor_decorator to None, run_after=None
[2024-01-30T19:44:05.380+0000] {processor.py:183} INFO - Processing /home/airflow/.local/lib/python3.8/site-packages/airflow/example_dags/example_sensor_decorator.py took 0.522 seconds
[2024-01-30T19:45:05.233+0000] {processor.py:161} INFO - Started process (PID=3714) to work on /home/airflow/.local/lib/python3.8/site-packages/airflow/example_dags/example_sensor_decorator.py
[2024-01-30T19:45:05.243+0000] {processor.py:830} INFO - Processing file /home/airflow/.local/lib/python3.8/site-packages/airflow/example_dags/example_sensor_decorator.py for tasks to queue
[2024-01-30T19:45:05.250+0000] {logging_mixin.py:188} INFO - [2024-01-30T19:45:05.249+0000] {dagbag.py:538} INFO - Filling up the DagBag from /home/airflow/.local/lib/python3.8/site-packages/airflow/example_dags/example_sensor_decorator.py
[2024-01-30T19:45:05.517+0000] {processor.py:840} INFO - DAG(s) 'example_sensor_decorator' retrieved from /home/airflow/.local/lib/python3.8/site-packages/airflow/example_dags/example_sensor_decorator.py
[2024-01-30T19:45:05.814+0000] {logging_mixin.py:188} INFO - [2024-01-30T19:45:05.813+0000] {dag.py:3036} INFO - Sync 1 DAGs
[2024-01-30T19:45:06.017+0000] {logging_mixin.py:188} INFO - [2024-01-30T19:45:06.016+0000] {dag.py:3823} INFO - Setting next_dagrun for example_sensor_decorator to None, run_after=None
[2024-01-30T19:45:06.289+0000] {processor.py:183} INFO - Processing /home/airflow/.local/lib/python3.8/site-packages/airflow/example_dags/example_sensor_decorator.py took 1.138 seconds
[2024-01-30T19:45:37.255+0000] {processor.py:161} INFO - Started process (PID=3961) to work on /home/airflow/.local/lib/python3.8/site-packages/airflow/example_dags/example_sensor_decorator.py
[2024-01-30T19:45:37.265+0000] {processor.py:830} INFO - Processing file /home/airflow/.local/lib/python3.8/site-packages/airflow/example_dags/example_sensor_decorator.py for tasks to queue
[2024-01-30T19:45:37.273+0000] {logging_mixin.py:188} INFO - [2024-01-30T19:45:37.272+0000] {dagbag.py:538} INFO - Filling up the DagBag from /home/airflow/.local/lib/python3.8/site-packages/airflow/example_dags/example_sensor_decorator.py
[2024-01-30T19:45:37.295+0000] {processor.py:840} INFO - DAG(s) 'example_sensor_decorator' retrieved from /home/airflow/.local/lib/python3.8/site-packages/airflow/example_dags/example_sensor_decorator.py
[2024-01-30T19:45:37.399+0000] {logging_mixin.py:188} INFO - [2024-01-30T19:45:37.398+0000] {dag.py:3036} INFO - Sync 1 DAGs
[2024-01-30T19:45:37.477+0000] {logging_mixin.py:188} INFO - [2024-01-30T19:45:37.476+0000] {dag.py:3823} INFO - Setting next_dagrun for example_sensor_decorator to None, run_after=None
[2024-01-30T19:45:37.562+0000] {processor.py:183} INFO - Processing /home/airflow/.local/lib/python3.8/site-packages/airflow/example_dags/example_sensor_decorator.py took 0.312 seconds
