[2024-01-30T19:29:12.763+0000] {processor.py:161} INFO - Started process (PID=388) to work on /home/airflow/.local/lib/python3.8/site-packages/airflow/example_dags/example_task_group.py
[2024-01-30T19:29:12.772+0000] {processor.py:830} INFO - Processing file /home/airflow/.local/lib/python3.8/site-packages/airflow/example_dags/example_task_group.py for tasks to queue
[2024-01-30T19:29:12.776+0000] {logging_mixin.py:188} INFO - [2024-01-30T19:29:12.775+0000] {dagbag.py:538} INFO - Filling up the DagBag from /home/airflow/.local/lib/python3.8/site-packages/airflow/example_dags/example_task_group.py
[2024-01-30T19:29:13.553+0000] {processor.py:840} INFO - DAG(s) 'example_task_group' retrieved from /home/airflow/.local/lib/python3.8/site-packages/airflow/example_dags/example_task_group.py
[2024-01-30T19:29:20.437+0000] {logging_mixin.py:188} INFO - [2024-01-30T19:29:20.424+0000] {override.py:1769} INFO - Created Permission View: can edit on DAG:example_task_group
[2024-01-30T19:29:20.556+0000] {logging_mixin.py:188} INFO - [2024-01-30T19:29:20.554+0000] {override.py:1769} INFO - Created Permission View: can read on DAG:example_task_group
[2024-01-30T19:29:20.591+0000] {logging_mixin.py:188} INFO - [2024-01-30T19:29:20.589+0000] {override.py:1769} INFO - Created Permission View: can delete on DAG:example_task_group
[2024-01-30T19:29:20.594+0000] {logging_mixin.py:188} INFO - [2024-01-30T19:29:20.594+0000] {dag.py:3036} INFO - Sync 1 DAGs
[2024-01-30T19:29:20.767+0000] {logging_mixin.py:188} INFO - [2024-01-30T19:29:20.766+0000] {dag.py:3058} INFO - Creating ORM DAG for example_task_group
[2024-01-30T19:29:20.935+0000] {logging_mixin.py:188} INFO - [2024-01-30T19:29:20.934+0000] {dag.py:3823} INFO - Setting next_dagrun for example_task_group to 2024-01-29 00:00:00+00:00, run_after=2024-01-30 00:00:00+00:00
[2024-01-30T19:29:21.211+0000] {processor.py:183} INFO - Processing /home/airflow/.local/lib/python3.8/site-packages/airflow/example_dags/example_task_group.py took 8.445 seconds
[2024-01-30T19:36:44.635+0000] {processor.py:161} INFO - Started process (PID=345) to work on /home/airflow/.local/lib/python3.8/site-packages/airflow/example_dags/example_task_group.py
[2024-01-30T19:36:44.638+0000] {processor.py:830} INFO - Processing file /home/airflow/.local/lib/python3.8/site-packages/airflow/example_dags/example_task_group.py for tasks to queue
[2024-01-30T19:36:44.640+0000] {logging_mixin.py:188} INFO - [2024-01-30T19:36:44.640+0000] {dagbag.py:538} INFO - Filling up the DagBag from /home/airflow/.local/lib/python3.8/site-packages/airflow/example_dags/example_task_group.py
[2024-01-30T19:36:44.655+0000] {processor.py:840} INFO - DAG(s) 'example_task_group' retrieved from /home/airflow/.local/lib/python3.8/site-packages/airflow/example_dags/example_task_group.py
[2024-01-30T19:36:44.842+0000] {logging_mixin.py:188} INFO - [2024-01-30T19:36:44.840+0000] {dag.py:3036} INFO - Sync 1 DAGs
[2024-01-30T19:36:44.877+0000] {logging_mixin.py:188} INFO - [2024-01-30T19:36:44.877+0000] {dag.py:3823} INFO - Setting next_dagrun for example_task_group to 2024-01-29 00:00:00+00:00, run_after=2024-01-30 00:00:00+00:00
[2024-01-30T19:36:44.917+0000] {processor.py:183} INFO - Processing /home/airflow/.local/lib/python3.8/site-packages/airflow/example_dags/example_task_group.py took 0.285 seconds
[2024-01-30T19:37:16.068+0000] {processor.py:161} INFO - Started process (PID=594) to work on /home/airflow/.local/lib/python3.8/site-packages/airflow/example_dags/example_task_group.py
[2024-01-30T19:37:16.071+0000] {processor.py:830} INFO - Processing file /home/airflow/.local/lib/python3.8/site-packages/airflow/example_dags/example_task_group.py for tasks to queue
[2024-01-30T19:37:16.074+0000] {logging_mixin.py:188} INFO - [2024-01-30T19:37:16.073+0000] {dagbag.py:538} INFO - Filling up the DagBag from /home/airflow/.local/lib/python3.8/site-packages/airflow/example_dags/example_task_group.py
[2024-01-30T19:37:16.084+0000] {processor.py:840} INFO - DAG(s) 'example_task_group' retrieved from /home/airflow/.local/lib/python3.8/site-packages/airflow/example_dags/example_task_group.py
[2024-01-30T19:37:16.121+0000] {logging_mixin.py:188} INFO - [2024-01-30T19:37:16.121+0000] {dag.py:3036} INFO - Sync 1 DAGs
[2024-01-30T19:37:16.157+0000] {logging_mixin.py:188} INFO - [2024-01-30T19:37:16.157+0000] {dag.py:3823} INFO - Setting next_dagrun for example_task_group to 2024-01-29 00:00:00+00:00, run_after=2024-01-30 00:00:00+00:00
[2024-01-30T19:37:16.197+0000] {processor.py:183} INFO - Processing /home/airflow/.local/lib/python3.8/site-packages/airflow/example_dags/example_task_group.py took 0.133 seconds
[2024-01-30T19:37:46.913+0000] {processor.py:161} INFO - Started process (PID=839) to work on /home/airflow/.local/lib/python3.8/site-packages/airflow/example_dags/example_task_group.py
[2024-01-30T19:37:46.940+0000] {processor.py:830} INFO - Processing file /home/airflow/.local/lib/python3.8/site-packages/airflow/example_dags/example_task_group.py for tasks to queue
[2024-01-30T19:37:46.982+0000] {logging_mixin.py:188} INFO - [2024-01-30T19:37:46.981+0000] {dagbag.py:538} INFO - Filling up the DagBag from /home/airflow/.local/lib/python3.8/site-packages/airflow/example_dags/example_task_group.py
[2024-01-30T19:37:47.009+0000] {processor.py:840} INFO - DAG(s) 'example_task_group' retrieved from /home/airflow/.local/lib/python3.8/site-packages/airflow/example_dags/example_task_group.py
[2024-01-30T19:37:47.124+0000] {logging_mixin.py:188} INFO - [2024-01-30T19:37:47.116+0000] {dag.py:3036} INFO - Sync 1 DAGs
[2024-01-30T19:37:48.107+0000] {logging_mixin.py:188} INFO - [2024-01-30T19:37:48.107+0000] {dag.py:3823} INFO - Setting next_dagrun for example_task_group to 2024-01-29 00:00:00+00:00, run_after=2024-01-30 00:00:00+00:00
[2024-01-30T19:37:48.209+0000] {processor.py:183} INFO - Processing /home/airflow/.local/lib/python3.8/site-packages/airflow/example_dags/example_task_group.py took 1.301 seconds
[2024-01-30T19:38:24.877+0000] {processor.py:161} INFO - Started process (PID=1091) to work on /home/airflow/.local/lib/python3.8/site-packages/airflow/example_dags/example_task_group.py
[2024-01-30T19:38:24.880+0000] {processor.py:830} INFO - Processing file /home/airflow/.local/lib/python3.8/site-packages/airflow/example_dags/example_task_group.py for tasks to queue
[2024-01-30T19:38:24.882+0000] {logging_mixin.py:188} INFO - [2024-01-30T19:38:24.881+0000] {dagbag.py:538} INFO - Filling up the DagBag from /home/airflow/.local/lib/python3.8/site-packages/airflow/example_dags/example_task_group.py
[2024-01-30T19:38:24.895+0000] {processor.py:840} INFO - DAG(s) 'example_task_group' retrieved from /home/airflow/.local/lib/python3.8/site-packages/airflow/example_dags/example_task_group.py
[2024-01-30T19:38:25.092+0000] {logging_mixin.py:188} INFO - [2024-01-30T19:38:25.092+0000] {dag.py:3036} INFO - Sync 1 DAGs
[2024-01-30T19:38:25.128+0000] {logging_mixin.py:188} INFO - [2024-01-30T19:38:25.127+0000] {dag.py:3823} INFO - Setting next_dagrun for example_task_group to 2024-01-29 00:00:00+00:00, run_after=2024-01-30 00:00:00+00:00
[2024-01-30T19:38:25.179+0000] {processor.py:183} INFO - Processing /home/airflow/.local/lib/python3.8/site-packages/airflow/example_dags/example_task_group.py took 0.306 seconds
[2024-01-30T19:38:55.940+0000] {processor.py:161} INFO - Started process (PID=1339) to work on /home/airflow/.local/lib/python3.8/site-packages/airflow/example_dags/example_task_group.py
[2024-01-30T19:38:55.942+0000] {processor.py:830} INFO - Processing file /home/airflow/.local/lib/python3.8/site-packages/airflow/example_dags/example_task_group.py for tasks to queue
[2024-01-30T19:38:55.945+0000] {logging_mixin.py:188} INFO - [2024-01-30T19:38:55.945+0000] {dagbag.py:538} INFO - Filling up the DagBag from /home/airflow/.local/lib/python3.8/site-packages/airflow/example_dags/example_task_group.py
[2024-01-30T19:38:55.963+0000] {processor.py:840} INFO - DAG(s) 'example_task_group' retrieved from /home/airflow/.local/lib/python3.8/site-packages/airflow/example_dags/example_task_group.py
[2024-01-30T19:38:56.038+0000] {logging_mixin.py:188} INFO - [2024-01-30T19:38:56.038+0000] {dag.py:3036} INFO - Sync 1 DAGs
[2024-01-30T19:38:56.092+0000] {logging_mixin.py:188} INFO - [2024-01-30T19:38:56.092+0000] {dag.py:3823} INFO - Setting next_dagrun for example_task_group to 2024-01-29 00:00:00+00:00, run_after=2024-01-30 00:00:00+00:00
[2024-01-30T19:38:56.132+0000] {processor.py:183} INFO - Processing /home/airflow/.local/lib/python3.8/site-packages/airflow/example_dags/example_task_group.py took 0.216 seconds
[2024-01-30T19:39:26.670+0000] {processor.py:161} INFO - Started process (PID=1592) to work on /home/airflow/.local/lib/python3.8/site-packages/airflow/example_dags/example_task_group.py
[2024-01-30T19:39:26.672+0000] {processor.py:830} INFO - Processing file /home/airflow/.local/lib/python3.8/site-packages/airflow/example_dags/example_task_group.py for tasks to queue
[2024-01-30T19:39:26.674+0000] {logging_mixin.py:188} INFO - [2024-01-30T19:39:26.673+0000] {dagbag.py:538} INFO - Filling up the DagBag from /home/airflow/.local/lib/python3.8/site-packages/airflow/example_dags/example_task_group.py
[2024-01-30T19:39:26.683+0000] {processor.py:840} INFO - DAG(s) 'example_task_group' retrieved from /home/airflow/.local/lib/python3.8/site-packages/airflow/example_dags/example_task_group.py
[2024-01-30T19:39:26.716+0000] {logging_mixin.py:188} INFO - [2024-01-30T19:39:26.715+0000] {dag.py:3036} INFO - Sync 1 DAGs
[2024-01-30T19:39:26.746+0000] {logging_mixin.py:188} INFO - [2024-01-30T19:39:26.746+0000] {dag.py:3823} INFO - Setting next_dagrun for example_task_group to 2024-01-29 00:00:00+00:00, run_after=2024-01-30 00:00:00+00:00
[2024-01-30T19:39:26.784+0000] {processor.py:183} INFO - Processing /home/airflow/.local/lib/python3.8/site-packages/airflow/example_dags/example_task_group.py took 0.117 seconds
[2024-01-30T19:39:57.739+0000] {processor.py:161} INFO - Started process (PID=1837) to work on /home/airflow/.local/lib/python3.8/site-packages/airflow/example_dags/example_task_group.py
[2024-01-30T19:39:57.742+0000] {processor.py:830} INFO - Processing file /home/airflow/.local/lib/python3.8/site-packages/airflow/example_dags/example_task_group.py for tasks to queue
[2024-01-30T19:39:57.744+0000] {logging_mixin.py:188} INFO - [2024-01-30T19:39:57.743+0000] {dagbag.py:538} INFO - Filling up the DagBag from /home/airflow/.local/lib/python3.8/site-packages/airflow/example_dags/example_task_group.py
[2024-01-30T19:39:57.760+0000] {processor.py:840} INFO - DAG(s) 'example_task_group' retrieved from /home/airflow/.local/lib/python3.8/site-packages/airflow/example_dags/example_task_group.py
[2024-01-30T19:39:57.833+0000] {logging_mixin.py:188} INFO - [2024-01-30T19:39:57.832+0000] {dag.py:3036} INFO - Sync 1 DAGs
[2024-01-30T19:39:57.893+0000] {logging_mixin.py:188} INFO - [2024-01-30T19:39:57.892+0000] {dag.py:3823} INFO - Setting next_dagrun for example_task_group to 2024-01-29 00:00:00+00:00, run_after=2024-01-30 00:00:00+00:00
[2024-01-30T19:39:57.946+0000] {processor.py:183} INFO - Processing /home/airflow/.local/lib/python3.8/site-packages/airflow/example_dags/example_task_group.py took 0.212 seconds
[2024-01-30T19:40:30.989+0000] {processor.py:161} INFO - Started process (PID=2087) to work on /home/airflow/.local/lib/python3.8/site-packages/airflow/example_dags/example_task_group.py
[2024-01-30T19:40:30.996+0000] {processor.py:830} INFO - Processing file /home/airflow/.local/lib/python3.8/site-packages/airflow/example_dags/example_task_group.py for tasks to queue
[2024-01-30T19:40:30.998+0000] {logging_mixin.py:188} INFO - [2024-01-30T19:40:30.998+0000] {dagbag.py:538} INFO - Filling up the DagBag from /home/airflow/.local/lib/python3.8/site-packages/airflow/example_dags/example_task_group.py
[2024-01-30T19:40:31.020+0000] {processor.py:840} INFO - DAG(s) 'example_task_group' retrieved from /home/airflow/.local/lib/python3.8/site-packages/airflow/example_dags/example_task_group.py
[2024-01-30T19:40:31.083+0000] {logging_mixin.py:188} INFO - [2024-01-30T19:40:31.082+0000] {dag.py:3036} INFO - Sync 1 DAGs
[2024-01-30T19:40:31.141+0000] {logging_mixin.py:188} INFO - [2024-01-30T19:40:31.140+0000] {dag.py:3823} INFO - Setting next_dagrun for example_task_group to 2024-01-29 00:00:00+00:00, run_after=2024-01-30 00:00:00+00:00
[2024-01-30T19:40:31.214+0000] {processor.py:183} INFO - Processing /home/airflow/.local/lib/python3.8/site-packages/airflow/example_dags/example_task_group.py took 0.232 seconds
[2024-01-30T19:41:01.633+0000] {processor.py:161} INFO - Started process (PID=2339) to work on /home/airflow/.local/lib/python3.8/site-packages/airflow/example_dags/example_task_group.py
[2024-01-30T19:41:01.636+0000] {processor.py:830} INFO - Processing file /home/airflow/.local/lib/python3.8/site-packages/airflow/example_dags/example_task_group.py for tasks to queue
[2024-01-30T19:41:01.642+0000] {logging_mixin.py:188} INFO - [2024-01-30T19:41:01.642+0000] {dagbag.py:538} INFO - Filling up the DagBag from /home/airflow/.local/lib/python3.8/site-packages/airflow/example_dags/example_task_group.py
[2024-01-30T19:41:01.658+0000] {processor.py:840} INFO - DAG(s) 'example_task_group' retrieved from /home/airflow/.local/lib/python3.8/site-packages/airflow/example_dags/example_task_group.py
[2024-01-30T19:41:01.725+0000] {logging_mixin.py:188} INFO - [2024-01-30T19:41:01.722+0000] {dag.py:3036} INFO - Sync 1 DAGs
[2024-01-30T19:41:01.768+0000] {logging_mixin.py:188} INFO - [2024-01-30T19:41:01.768+0000] {dag.py:3823} INFO - Setting next_dagrun for example_task_group to 2024-01-29 00:00:00+00:00, run_after=2024-01-30 00:00:00+00:00
[2024-01-30T19:41:01.806+0000] {processor.py:183} INFO - Processing /home/airflow/.local/lib/python3.8/site-packages/airflow/example_dags/example_task_group.py took 0.178 seconds
[2024-01-30T19:41:34.779+0000] {processor.py:161} INFO - Started process (PID=2579) to work on /home/airflow/.local/lib/python3.8/site-packages/airflow/example_dags/example_task_group.py
[2024-01-30T19:41:34.854+0000] {processor.py:830} INFO - Processing file /home/airflow/.local/lib/python3.8/site-packages/airflow/example_dags/example_task_group.py for tasks to queue
[2024-01-30T19:41:34.879+0000] {logging_mixin.py:188} INFO - [2024-01-30T19:41:34.869+0000] {dagbag.py:538} INFO - Filling up the DagBag from /home/airflow/.local/lib/python3.8/site-packages/airflow/example_dags/example_task_group.py
[2024-01-30T19:41:35.015+0000] {processor.py:840} INFO - DAG(s) 'example_task_group' retrieved from /home/airflow/.local/lib/python3.8/site-packages/airflow/example_dags/example_task_group.py
[2024-01-30T19:41:35.689+0000] {logging_mixin.py:188} INFO - [2024-01-30T19:41:35.688+0000] {dag.py:3036} INFO - Sync 1 DAGs
[2024-01-30T19:41:36.771+0000] {logging_mixin.py:188} INFO - [2024-01-30T19:41:36.770+0000] {dag.py:3823} INFO - Setting next_dagrun for example_task_group to 2024-01-29 00:00:00+00:00, run_after=2024-01-30 00:00:00+00:00
[2024-01-30T19:41:37.592+0000] {processor.py:183} INFO - Processing /home/airflow/.local/lib/python3.8/site-packages/airflow/example_dags/example_task_group.py took 2.834 seconds
[2024-01-30T19:42:08.036+0000] {processor.py:161} INFO - Started process (PID=2822) to work on /home/airflow/.local/lib/python3.8/site-packages/airflow/example_dags/example_task_group.py
[2024-01-30T19:42:08.040+0000] {processor.py:830} INFO - Processing file /home/airflow/.local/lib/python3.8/site-packages/airflow/example_dags/example_task_group.py for tasks to queue
[2024-01-30T19:42:08.042+0000] {logging_mixin.py:188} INFO - [2024-01-30T19:42:08.042+0000] {dagbag.py:538} INFO - Filling up the DagBag from /home/airflow/.local/lib/python3.8/site-packages/airflow/example_dags/example_task_group.py
[2024-01-30T19:42:08.052+0000] {processor.py:840} INFO - DAG(s) 'example_task_group' retrieved from /home/airflow/.local/lib/python3.8/site-packages/airflow/example_dags/example_task_group.py
[2024-01-30T19:42:08.091+0000] {logging_mixin.py:188} INFO - [2024-01-30T19:42:08.091+0000] {dag.py:3036} INFO - Sync 1 DAGs
[2024-01-30T19:42:08.133+0000] {logging_mixin.py:188} INFO - [2024-01-30T19:42:08.132+0000] {dag.py:3823} INFO - Setting next_dagrun for example_task_group to 2024-01-29 00:00:00+00:00, run_after=2024-01-30 00:00:00+00:00
[2024-01-30T19:42:08.175+0000] {processor.py:183} INFO - Processing /home/airflow/.local/lib/python3.8/site-packages/airflow/example_dags/example_task_group.py took 0.143 seconds
[2024-01-30T19:43:31.862+0000] {processor.py:161} INFO - Started process (PID=3206) to work on /home/airflow/.local/lib/python3.8/site-packages/airflow/example_dags/example_task_group.py
[2024-01-30T19:43:31.879+0000] {processor.py:830} INFO - Processing file /home/airflow/.local/lib/python3.8/site-packages/airflow/example_dags/example_task_group.py for tasks to queue
[2024-01-30T19:43:31.883+0000] {logging_mixin.py:188} INFO - [2024-01-30T19:43:31.882+0000] {dagbag.py:538} INFO - Filling up the DagBag from /home/airflow/.local/lib/python3.8/site-packages/airflow/example_dags/example_task_group.py
[2024-01-30T19:43:32.022+0000] {processor.py:840} INFO - DAG(s) 'example_task_group' retrieved from /home/airflow/.local/lib/python3.8/site-packages/airflow/example_dags/example_task_group.py
[2024-01-30T19:43:32.099+0000] {logging_mixin.py:188} INFO - [2024-01-30T19:43:32.099+0000] {dag.py:3036} INFO - Sync 1 DAGs
[2024-01-30T19:43:32.186+0000] {logging_mixin.py:188} INFO - [2024-01-30T19:43:32.186+0000] {dag.py:3823} INFO - Setting next_dagrun for example_task_group to 2024-01-29 00:00:00+00:00, run_after=2024-01-30 00:00:00+00:00
[2024-01-30T19:43:32.505+0000] {processor.py:183} INFO - Processing /home/airflow/.local/lib/python3.8/site-packages/airflow/example_dags/example_task_group.py took 0.683 seconds
[2024-01-30T19:44:05.738+0000] {processor.py:161} INFO - Started process (PID=3461) to work on /home/airflow/.local/lib/python3.8/site-packages/airflow/example_dags/example_task_group.py
[2024-01-30T19:44:05.758+0000] {processor.py:830} INFO - Processing file /home/airflow/.local/lib/python3.8/site-packages/airflow/example_dags/example_task_group.py for tasks to queue
[2024-01-30T19:44:05.766+0000] {logging_mixin.py:188} INFO - [2024-01-30T19:44:05.766+0000] {dagbag.py:538} INFO - Filling up the DagBag from /home/airflow/.local/lib/python3.8/site-packages/airflow/example_dags/example_task_group.py
[2024-01-30T19:44:05.817+0000] {processor.py:840} INFO - DAG(s) 'example_task_group' retrieved from /home/airflow/.local/lib/python3.8/site-packages/airflow/example_dags/example_task_group.py
[2024-01-30T19:44:05.892+0000] {logging_mixin.py:188} INFO - [2024-01-30T19:44:05.892+0000] {dag.py:3036} INFO - Sync 1 DAGs
[2024-01-30T19:44:06.099+0000] {logging_mixin.py:188} INFO - [2024-01-30T19:44:06.098+0000] {dag.py:3823} INFO - Setting next_dagrun for example_task_group to 2024-01-29 00:00:00+00:00, run_after=2024-01-30 00:00:00+00:00
[2024-01-30T19:44:06.296+0000] {processor.py:183} INFO - Processing /home/airflow/.local/lib/python3.8/site-packages/airflow/example_dags/example_task_group.py took 0.567 seconds
[2024-01-30T19:45:08.076+0000] {processor.py:161} INFO - Started process (PID=3724) to work on /home/airflow/.local/lib/python3.8/site-packages/airflow/example_dags/example_task_group.py
[2024-01-30T19:45:08.088+0000] {processor.py:830} INFO - Processing file /home/airflow/.local/lib/python3.8/site-packages/airflow/example_dags/example_task_group.py for tasks to queue
[2024-01-30T19:45:08.104+0000] {logging_mixin.py:188} INFO - [2024-01-30T19:45:08.104+0000] {dagbag.py:538} INFO - Filling up the DagBag from /home/airflow/.local/lib/python3.8/site-packages/airflow/example_dags/example_task_group.py
[2024-01-30T19:45:08.162+0000] {processor.py:840} INFO - DAG(s) 'example_task_group' retrieved from /home/airflow/.local/lib/python3.8/site-packages/airflow/example_dags/example_task_group.py
[2024-01-30T19:45:08.363+0000] {logging_mixin.py:188} INFO - [2024-01-30T19:45:08.363+0000] {dag.py:3036} INFO - Sync 1 DAGs
[2024-01-30T19:45:08.809+0000] {logging_mixin.py:188} INFO - [2024-01-30T19:45:08.808+0000] {dag.py:3823} INFO - Setting next_dagrun for example_task_group to 2024-01-29 00:00:00+00:00, run_after=2024-01-30 00:00:00+00:00
[2024-01-30T19:45:08.907+0000] {processor.py:183} INFO - Processing /home/airflow/.local/lib/python3.8/site-packages/airflow/example_dags/example_task_group.py took 0.836 seconds
[2024-01-30T19:45:39.674+0000] {processor.py:161} INFO - Started process (PID=3971) to work on /home/airflow/.local/lib/python3.8/site-packages/airflow/example_dags/example_task_group.py
[2024-01-30T19:45:39.679+0000] {processor.py:830} INFO - Processing file /home/airflow/.local/lib/python3.8/site-packages/airflow/example_dags/example_task_group.py for tasks to queue
[2024-01-30T19:45:39.681+0000] {logging_mixin.py:188} INFO - [2024-01-30T19:45:39.681+0000] {dagbag.py:538} INFO - Filling up the DagBag from /home/airflow/.local/lib/python3.8/site-packages/airflow/example_dags/example_task_group.py
[2024-01-30T19:45:39.709+0000] {processor.py:840} INFO - DAG(s) 'example_task_group' retrieved from /home/airflow/.local/lib/python3.8/site-packages/airflow/example_dags/example_task_group.py
[2024-01-30T19:45:39.807+0000] {logging_mixin.py:188} INFO - [2024-01-30T19:45:39.806+0000] {dag.py:3036} INFO - Sync 1 DAGs
[2024-01-30T19:45:39.876+0000] {logging_mixin.py:188} INFO - [2024-01-30T19:45:39.875+0000] {dag.py:3823} INFO - Setting next_dagrun for example_task_group to 2024-01-29 00:00:00+00:00, run_after=2024-01-30 00:00:00+00:00
[2024-01-30T19:45:39.929+0000] {processor.py:183} INFO - Processing /home/airflow/.local/lib/python3.8/site-packages/airflow/example_dags/example_task_group.py took 0.259 seconds
