[2024-01-30T19:29:01.562+0000] {processor.py:161} INFO - Started process (PID=333) to work on /home/airflow/.local/lib/python3.8/site-packages/airflow/example_dags/example_latest_only.py
[2024-01-30T19:29:01.570+0000] {processor.py:830} INFO - Processing file /home/airflow/.local/lib/python3.8/site-packages/airflow/example_dags/example_latest_only.py for tasks to queue
[2024-01-30T19:29:01.587+0000] {logging_mixin.py:188} INFO - [2024-01-30T19:29:01.586+0000] {dagbag.py:538} INFO - Filling up the DagBag from /home/airflow/.local/lib/python3.8/site-packages/airflow/example_dags/example_latest_only.py
[2024-01-30T19:29:01.609+0000] {processor.py:840} INFO - DAG(s) 'latest_only' retrieved from /home/airflow/.local/lib/python3.8/site-packages/airflow/example_dags/example_latest_only.py
[2024-01-30T19:29:06.749+0000] {logging_mixin.py:188} INFO - [2024-01-30T19:29:06.747+0000] {override.py:1769} INFO - Created Permission View: can edit on DAG:latest_only
[2024-01-30T19:29:06.818+0000] {logging_mixin.py:188} INFO - [2024-01-30T19:29:06.818+0000] {override.py:1769} INFO - Created Permission View: can read on DAG:latest_only
[2024-01-30T19:29:06.862+0000] {logging_mixin.py:188} INFO - [2024-01-30T19:29:06.862+0000] {override.py:1769} INFO - Created Permission View: can delete on DAG:latest_only
[2024-01-30T19:29:06.867+0000] {logging_mixin.py:188} INFO - [2024-01-30T19:29:06.867+0000] {dag.py:3036} INFO - Sync 1 DAGs
[2024-01-30T19:29:07.086+0000] {logging_mixin.py:188} INFO - [2024-01-30T19:29:07.085+0000] {dag.py:3058} INFO - Creating ORM DAG for latest_only
[2024-01-30T19:29:07.200+0000] {logging_mixin.py:188} INFO - [2024-01-30T19:29:07.199+0000] {dag.py:3823} INFO - Setting next_dagrun for latest_only to 2024-01-30 12:00:00+00:00, run_after=2024-01-30 16:00:00+00:00
[2024-01-30T19:29:07.489+0000] {processor.py:183} INFO - Processing /home/airflow/.local/lib/python3.8/site-packages/airflow/example_dags/example_latest_only.py took 5.977 seconds
[2024-01-30T19:36:41.907+0000] {processor.py:161} INFO - Started process (PID=290) to work on /home/airflow/.local/lib/python3.8/site-packages/airflow/example_dags/example_latest_only.py
[2024-01-30T19:36:41.910+0000] {processor.py:830} INFO - Processing file /home/airflow/.local/lib/python3.8/site-packages/airflow/example_dags/example_latest_only.py for tasks to queue
[2024-01-30T19:36:41.912+0000] {logging_mixin.py:188} INFO - [2024-01-30T19:36:41.911+0000] {dagbag.py:538} INFO - Filling up the DagBag from /home/airflow/.local/lib/python3.8/site-packages/airflow/example_dags/example_latest_only.py
[2024-01-30T19:36:41.925+0000] {processor.py:840} INFO - DAG(s) 'latest_only' retrieved from /home/airflow/.local/lib/python3.8/site-packages/airflow/example_dags/example_latest_only.py
[2024-01-30T19:36:42.100+0000] {logging_mixin.py:188} INFO - [2024-01-30T19:36:42.100+0000] {dag.py:3036} INFO - Sync 1 DAGs
[2024-01-30T19:36:42.142+0000] {logging_mixin.py:188} INFO - [2024-01-30T19:36:42.142+0000] {dag.py:3823} INFO - Setting next_dagrun for latest_only to 2024-01-30 12:00:00+00:00, run_after=2024-01-30 16:00:00+00:00
[2024-01-30T19:36:42.188+0000] {processor.py:183} INFO - Processing /home/airflow/.local/lib/python3.8/site-packages/airflow/example_dags/example_latest_only.py took 0.285 seconds
[2024-01-30T19:37:12.572+0000] {processor.py:161} INFO - Started process (PID=537) to work on /home/airflow/.local/lib/python3.8/site-packages/airflow/example_dags/example_latest_only.py
[2024-01-30T19:37:12.574+0000] {processor.py:830} INFO - Processing file /home/airflow/.local/lib/python3.8/site-packages/airflow/example_dags/example_latest_only.py for tasks to queue
[2024-01-30T19:37:12.577+0000] {logging_mixin.py:188} INFO - [2024-01-30T19:37:12.576+0000] {dagbag.py:538} INFO - Filling up the DagBag from /home/airflow/.local/lib/python3.8/site-packages/airflow/example_dags/example_latest_only.py
[2024-01-30T19:37:12.587+0000] {processor.py:840} INFO - DAG(s) 'latest_only' retrieved from /home/airflow/.local/lib/python3.8/site-packages/airflow/example_dags/example_latest_only.py
[2024-01-30T19:37:12.631+0000] {logging_mixin.py:188} INFO - [2024-01-30T19:37:12.631+0000] {dag.py:3036} INFO - Sync 1 DAGs
[2024-01-30T19:37:12.665+0000] {logging_mixin.py:188} INFO - [2024-01-30T19:37:12.664+0000] {dag.py:3823} INFO - Setting next_dagrun for latest_only to 2024-01-30 12:00:00+00:00, run_after=2024-01-30 16:00:00+00:00
[2024-01-30T19:37:12.708+0000] {processor.py:183} INFO - Processing /home/airflow/.local/lib/python3.8/site-packages/airflow/example_dags/example_latest_only.py took 0.143 seconds
[2024-01-30T19:37:42.959+0000] {processor.py:161} INFO - Started process (PID=786) to work on /home/airflow/.local/lib/python3.8/site-packages/airflow/example_dags/example_latest_only.py
[2024-01-30T19:37:42.961+0000] {processor.py:830} INFO - Processing file /home/airflow/.local/lib/python3.8/site-packages/airflow/example_dags/example_latest_only.py for tasks to queue
[2024-01-30T19:37:42.963+0000] {logging_mixin.py:188} INFO - [2024-01-30T19:37:42.962+0000] {dagbag.py:538} INFO - Filling up the DagBag from /home/airflow/.local/lib/python3.8/site-packages/airflow/example_dags/example_latest_only.py
[2024-01-30T19:37:42.972+0000] {processor.py:840} INFO - DAG(s) 'latest_only' retrieved from /home/airflow/.local/lib/python3.8/site-packages/airflow/example_dags/example_latest_only.py
[2024-01-30T19:37:42.994+0000] {logging_mixin.py:188} INFO - [2024-01-30T19:37:42.993+0000] {dag.py:3036} INFO - Sync 1 DAGs
[2024-01-30T19:37:43.029+0000] {logging_mixin.py:188} INFO - [2024-01-30T19:37:43.028+0000] {dag.py:3823} INFO - Setting next_dagrun for latest_only to 2024-01-30 12:00:00+00:00, run_after=2024-01-30 16:00:00+00:00
[2024-01-30T19:37:43.065+0000] {processor.py:183} INFO - Processing /home/airflow/.local/lib/python3.8/site-packages/airflow/example_dags/example_latest_only.py took 0.110 seconds
[2024-01-30T19:38:22.292+0000] {processor.py:161} INFO - Started process (PID=1038) to work on /home/airflow/.local/lib/python3.8/site-packages/airflow/example_dags/example_latest_only.py
[2024-01-30T19:38:22.302+0000] {processor.py:830} INFO - Processing file /home/airflow/.local/lib/python3.8/site-packages/airflow/example_dags/example_latest_only.py for tasks to queue
[2024-01-30T19:38:22.306+0000] {logging_mixin.py:188} INFO - [2024-01-30T19:38:22.306+0000] {dagbag.py:538} INFO - Filling up the DagBag from /home/airflow/.local/lib/python3.8/site-packages/airflow/example_dags/example_latest_only.py
[2024-01-30T19:38:22.315+0000] {processor.py:840} INFO - DAG(s) 'latest_only' retrieved from /home/airflow/.local/lib/python3.8/site-packages/airflow/example_dags/example_latest_only.py
[2024-01-30T19:38:22.556+0000] {logging_mixin.py:188} INFO - [2024-01-30T19:38:22.556+0000] {dag.py:3036} INFO - Sync 1 DAGs
[2024-01-30T19:38:22.604+0000] {logging_mixin.py:188} INFO - [2024-01-30T19:38:22.604+0000] {dag.py:3823} INFO - Setting next_dagrun for latest_only to 2024-01-30 12:00:00+00:00, run_after=2024-01-30 16:00:00+00:00
[2024-01-30T19:38:22.662+0000] {processor.py:183} INFO - Processing /home/airflow/.local/lib/python3.8/site-packages/airflow/example_dags/example_latest_only.py took 0.375 seconds
[2024-01-30T19:38:52.948+0000] {processor.py:161} INFO - Started process (PID=1284) to work on /home/airflow/.local/lib/python3.8/site-packages/airflow/example_dags/example_latest_only.py
[2024-01-30T19:38:52.951+0000] {processor.py:830} INFO - Processing file /home/airflow/.local/lib/python3.8/site-packages/airflow/example_dags/example_latest_only.py for tasks to queue
[2024-01-30T19:38:52.954+0000] {logging_mixin.py:188} INFO - [2024-01-30T19:38:52.953+0000] {dagbag.py:538} INFO - Filling up the DagBag from /home/airflow/.local/lib/python3.8/site-packages/airflow/example_dags/example_latest_only.py
[2024-01-30T19:38:52.963+0000] {processor.py:840} INFO - DAG(s) 'latest_only' retrieved from /home/airflow/.local/lib/python3.8/site-packages/airflow/example_dags/example_latest_only.py
[2024-01-30T19:38:53.002+0000] {logging_mixin.py:188} INFO - [2024-01-30T19:38:53.001+0000] {dag.py:3036} INFO - Sync 1 DAGs
[2024-01-30T19:38:53.034+0000] {logging_mixin.py:188} INFO - [2024-01-30T19:38:53.034+0000] {dag.py:3823} INFO - Setting next_dagrun for latest_only to 2024-01-30 12:00:00+00:00, run_after=2024-01-30 16:00:00+00:00
[2024-01-30T19:38:53.072+0000] {processor.py:183} INFO - Processing /home/airflow/.local/lib/python3.8/site-packages/airflow/example_dags/example_latest_only.py took 0.128 seconds
[2024-01-30T19:39:23.522+0000] {processor.py:161} INFO - Started process (PID=1535) to work on /home/airflow/.local/lib/python3.8/site-packages/airflow/example_dags/example_latest_only.py
[2024-01-30T19:39:23.525+0000] {processor.py:830} INFO - Processing file /home/airflow/.local/lib/python3.8/site-packages/airflow/example_dags/example_latest_only.py for tasks to queue
[2024-01-30T19:39:23.528+0000] {logging_mixin.py:188} INFO - [2024-01-30T19:39:23.527+0000] {dagbag.py:538} INFO - Filling up the DagBag from /home/airflow/.local/lib/python3.8/site-packages/airflow/example_dags/example_latest_only.py
[2024-01-30T19:39:23.542+0000] {processor.py:840} INFO - DAG(s) 'latest_only' retrieved from /home/airflow/.local/lib/python3.8/site-packages/airflow/example_dags/example_latest_only.py
[2024-01-30T19:39:23.612+0000] {logging_mixin.py:188} INFO - [2024-01-30T19:39:23.611+0000] {dag.py:3036} INFO - Sync 1 DAGs
[2024-01-30T19:39:23.664+0000] {logging_mixin.py:188} INFO - [2024-01-30T19:39:23.663+0000] {dag.py:3823} INFO - Setting next_dagrun for latest_only to 2024-01-30 12:00:00+00:00, run_after=2024-01-30 16:00:00+00:00
[2024-01-30T19:39:23.713+0000] {processor.py:183} INFO - Processing /home/airflow/.local/lib/python3.8/site-packages/airflow/example_dags/example_latest_only.py took 0.196 seconds
[2024-01-30T19:39:54.388+0000] {processor.py:161} INFO - Started process (PID=1782) to work on /home/airflow/.local/lib/python3.8/site-packages/airflow/example_dags/example_latest_only.py
[2024-01-30T19:39:54.397+0000] {processor.py:830} INFO - Processing file /home/airflow/.local/lib/python3.8/site-packages/airflow/example_dags/example_latest_only.py for tasks to queue
[2024-01-30T19:39:54.400+0000] {logging_mixin.py:188} INFO - [2024-01-30T19:39:54.399+0000] {dagbag.py:538} INFO - Filling up the DagBag from /home/airflow/.local/lib/python3.8/site-packages/airflow/example_dags/example_latest_only.py
[2024-01-30T19:39:54.412+0000] {processor.py:840} INFO - DAG(s) 'latest_only' retrieved from /home/airflow/.local/lib/python3.8/site-packages/airflow/example_dags/example_latest_only.py
[2024-01-30T19:39:54.468+0000] {logging_mixin.py:188} INFO - [2024-01-30T19:39:54.468+0000] {dag.py:3036} INFO - Sync 1 DAGs
[2024-01-30T19:39:54.532+0000] {logging_mixin.py:188} INFO - [2024-01-30T19:39:54.532+0000] {dag.py:3823} INFO - Setting next_dagrun for latest_only to 2024-01-30 12:00:00+00:00, run_after=2024-01-30 16:00:00+00:00
[2024-01-30T19:39:54.593+0000] {processor.py:183} INFO - Processing /home/airflow/.local/lib/python3.8/site-packages/airflow/example_dags/example_latest_only.py took 0.211 seconds
[2024-01-30T19:40:25.585+0000] {processor.py:161} INFO - Started process (PID=2030) to work on /home/airflow/.local/lib/python3.8/site-packages/airflow/example_dags/example_latest_only.py
[2024-01-30T19:40:25.597+0000] {processor.py:830} INFO - Processing file /home/airflow/.local/lib/python3.8/site-packages/airflow/example_dags/example_latest_only.py for tasks to queue
[2024-01-30T19:40:25.603+0000] {logging_mixin.py:188} INFO - [2024-01-30T19:40:25.602+0000] {dagbag.py:538} INFO - Filling up the DagBag from /home/airflow/.local/lib/python3.8/site-packages/airflow/example_dags/example_latest_only.py
[2024-01-30T19:40:25.623+0000] {processor.py:840} INFO - DAG(s) 'latest_only' retrieved from /home/airflow/.local/lib/python3.8/site-packages/airflow/example_dags/example_latest_only.py
[2024-01-30T19:40:25.708+0000] {logging_mixin.py:188} INFO - [2024-01-30T19:40:25.707+0000] {dag.py:3036} INFO - Sync 1 DAGs
[2024-01-30T19:40:25.793+0000] {logging_mixin.py:188} INFO - [2024-01-30T19:40:25.792+0000] {dag.py:3823} INFO - Setting next_dagrun for latest_only to 2024-01-30 12:00:00+00:00, run_after=2024-01-30 16:00:00+00:00
[2024-01-30T19:40:25.918+0000] {processor.py:183} INFO - Processing /home/airflow/.local/lib/python3.8/site-packages/airflow/example_dags/example_latest_only.py took 0.348 seconds
[2024-01-30T19:40:56.932+0000] {processor.py:161} INFO - Started process (PID=2279) to work on /home/airflow/.local/lib/python3.8/site-packages/airflow/example_dags/example_latest_only.py
[2024-01-30T19:40:56.953+0000] {processor.py:830} INFO - Processing file /home/airflow/.local/lib/python3.8/site-packages/airflow/example_dags/example_latest_only.py for tasks to queue
[2024-01-30T19:40:56.968+0000] {logging_mixin.py:188} INFO - [2024-01-30T19:40:56.968+0000] {dagbag.py:538} INFO - Filling up the DagBag from /home/airflow/.local/lib/python3.8/site-packages/airflow/example_dags/example_latest_only.py
[2024-01-30T19:40:57.049+0000] {processor.py:840} INFO - DAG(s) 'latest_only' retrieved from /home/airflow/.local/lib/python3.8/site-packages/airflow/example_dags/example_latest_only.py
[2024-01-30T19:40:57.129+0000] {logging_mixin.py:188} INFO - [2024-01-30T19:40:57.129+0000] {dag.py:3036} INFO - Sync 1 DAGs
[2024-01-30T19:40:57.250+0000] {logging_mixin.py:188} INFO - [2024-01-30T19:40:57.249+0000] {dag.py:3823} INFO - Setting next_dagrun for latest_only to 2024-01-30 12:00:00+00:00, run_after=2024-01-30 16:00:00+00:00
[2024-01-30T19:40:57.369+0000] {processor.py:183} INFO - Processing /home/airflow/.local/lib/python3.8/site-packages/airflow/example_dags/example_latest_only.py took 0.449 seconds
[2024-01-30T19:41:30.177+0000] {processor.py:161} INFO - Started process (PID=2524) to work on /home/airflow/.local/lib/python3.8/site-packages/airflow/example_dags/example_latest_only.py
[2024-01-30T19:41:30.188+0000] {processor.py:830} INFO - Processing file /home/airflow/.local/lib/python3.8/site-packages/airflow/example_dags/example_latest_only.py for tasks to queue
[2024-01-30T19:41:30.191+0000] {logging_mixin.py:188} INFO - [2024-01-30T19:41:30.190+0000] {dagbag.py:538} INFO - Filling up the DagBag from /home/airflow/.local/lib/python3.8/site-packages/airflow/example_dags/example_latest_only.py
[2024-01-30T19:41:30.209+0000] {processor.py:840} INFO - DAG(s) 'latest_only' retrieved from /home/airflow/.local/lib/python3.8/site-packages/airflow/example_dags/example_latest_only.py
[2024-01-30T19:41:30.265+0000] {logging_mixin.py:188} INFO - [2024-01-30T19:41:30.264+0000] {dag.py:3036} INFO - Sync 1 DAGs
[2024-01-30T19:41:30.340+0000] {logging_mixin.py:188} INFO - [2024-01-30T19:41:30.340+0000] {dag.py:3823} INFO - Setting next_dagrun for latest_only to 2024-01-30 12:00:00+00:00, run_after=2024-01-30 16:00:00+00:00
[2024-01-30T19:41:30.401+0000] {processor.py:183} INFO - Processing /home/airflow/.local/lib/python3.8/site-packages/airflow/example_dags/example_latest_only.py took 0.228 seconds
[2024-01-30T19:42:00.723+0000] {processor.py:161} INFO - Started process (PID=2767) to work on /home/airflow/.local/lib/python3.8/site-packages/airflow/example_dags/example_latest_only.py
[2024-01-30T19:42:00.728+0000] {processor.py:830} INFO - Processing file /home/airflow/.local/lib/python3.8/site-packages/airflow/example_dags/example_latest_only.py for tasks to queue
[2024-01-30T19:42:00.730+0000] {logging_mixin.py:188} INFO - [2024-01-30T19:42:00.730+0000] {dagbag.py:538} INFO - Filling up the DagBag from /home/airflow/.local/lib/python3.8/site-packages/airflow/example_dags/example_latest_only.py
[2024-01-30T19:42:00.745+0000] {processor.py:840} INFO - DAG(s) 'latest_only' retrieved from /home/airflow/.local/lib/python3.8/site-packages/airflow/example_dags/example_latest_only.py
[2024-01-30T19:42:00.787+0000] {logging_mixin.py:188} INFO - [2024-01-30T19:42:00.785+0000] {dag.py:3036} INFO - Sync 1 DAGs
[2024-01-30T19:42:00.860+0000] {logging_mixin.py:188} INFO - [2024-01-30T19:42:00.859+0000] {dag.py:3823} INFO - Setting next_dagrun for latest_only to 2024-01-30 12:00:00+00:00, run_after=2024-01-30 16:00:00+00:00
[2024-01-30T19:42:00.959+0000] {processor.py:183} INFO - Processing /home/airflow/.local/lib/python3.8/site-packages/airflow/example_dags/example_latest_only.py took 0.243 seconds
[2024-01-30T19:42:32.897+0000] {processor.py:161} INFO - Started process (PID=3017) to work on /home/airflow/.local/lib/python3.8/site-packages/airflow/example_dags/example_latest_only.py
[2024-01-30T19:42:32.906+0000] {processor.py:830} INFO - Processing file /home/airflow/.local/lib/python3.8/site-packages/airflow/example_dags/example_latest_only.py for tasks to queue
[2024-01-30T19:42:32.914+0000] {logging_mixin.py:188} INFO - [2024-01-30T19:42:32.913+0000] {dagbag.py:538} INFO - Filling up the DagBag from /home/airflow/.local/lib/python3.8/site-packages/airflow/example_dags/example_latest_only.py
[2024-01-30T19:42:33.005+0000] {processor.py:840} INFO - DAG(s) 'latest_only' retrieved from /home/airflow/.local/lib/python3.8/site-packages/airflow/example_dags/example_latest_only.py
[2024-01-30T19:42:33.151+0000] {logging_mixin.py:188} INFO - [2024-01-30T19:42:33.150+0000] {dag.py:3036} INFO - Sync 1 DAGs
[2024-01-30T19:42:33.948+0000] {logging_mixin.py:188} INFO - [2024-01-30T19:42:33.948+0000] {dag.py:3823} INFO - Setting next_dagrun for latest_only to 2024-01-30 12:00:00+00:00, run_after=2024-01-30 16:00:00+00:00
[2024-01-30T19:42:34.073+0000] {processor.py:183} INFO - Processing /home/airflow/.local/lib/python3.8/site-packages/airflow/example_dags/example_latest_only.py took 1.242 seconds
[2024-01-30T19:43:52.618+0000] {processor.py:161} INFO - Started process (PID=3288) to work on /home/airflow/.local/lib/python3.8/site-packages/airflow/example_dags/example_latest_only.py
[2024-01-30T19:43:52.634+0000] {processor.py:830} INFO - Processing file /home/airflow/.local/lib/python3.8/site-packages/airflow/example_dags/example_latest_only.py for tasks to queue
[2024-01-30T19:43:52.638+0000] {logging_mixin.py:188} INFO - [2024-01-30T19:43:52.637+0000] {dagbag.py:538} INFO - Filling up the DagBag from /home/airflow/.local/lib/python3.8/site-packages/airflow/example_dags/example_latest_only.py
[2024-01-30T19:43:52.663+0000] {processor.py:840} INFO - DAG(s) 'latest_only' retrieved from /home/airflow/.local/lib/python3.8/site-packages/airflow/example_dags/example_latest_only.py
[2024-01-30T19:43:52.832+0000] {logging_mixin.py:188} INFO - [2024-01-30T19:43:52.831+0000] {dag.py:3036} INFO - Sync 1 DAGs
[2024-01-30T19:43:53.019+0000] {logging_mixin.py:188} INFO - [2024-01-30T19:43:53.018+0000] {dag.py:3823} INFO - Setting next_dagrun for latest_only to 2024-01-30 12:00:00+00:00, run_after=2024-01-30 16:00:00+00:00
[2024-01-30T19:43:53.229+0000] {processor.py:183} INFO - Processing /home/airflow/.local/lib/python3.8/site-packages/airflow/example_dags/example_latest_only.py took 0.646 seconds
[2024-01-30T19:44:33.099+0000] {processor.py:161} INFO - Started process (PID=3541) to work on /home/airflow/.local/lib/python3.8/site-packages/airflow/example_dags/example_latest_only.py
[2024-01-30T19:44:33.118+0000] {processor.py:830} INFO - Processing file /home/airflow/.local/lib/python3.8/site-packages/airflow/example_dags/example_latest_only.py for tasks to queue
[2024-01-30T19:44:33.122+0000] {logging_mixin.py:188} INFO - [2024-01-30T19:44:33.121+0000] {dagbag.py:538} INFO - Filling up the DagBag from /home/airflow/.local/lib/python3.8/site-packages/airflow/example_dags/example_latest_only.py
[2024-01-30T19:44:33.191+0000] {processor.py:840} INFO - DAG(s) 'latest_only' retrieved from /home/airflow/.local/lib/python3.8/site-packages/airflow/example_dags/example_latest_only.py
[2024-01-30T19:44:33.309+0000] {logging_mixin.py:188} INFO - [2024-01-30T19:44:33.309+0000] {dag.py:3036} INFO - Sync 1 DAGs
[2024-01-30T19:44:33.398+0000] {logging_mixin.py:188} INFO - [2024-01-30T19:44:33.397+0000] {dag.py:3823} INFO - Setting next_dagrun for latest_only to 2024-01-30 12:00:00+00:00, run_after=2024-01-30 16:00:00+00:00
[2024-01-30T19:44:33.535+0000] {processor.py:183} INFO - Processing /home/airflow/.local/lib/python3.8/site-packages/airflow/example_dags/example_latest_only.py took 0.493 seconds
[2024-01-30T19:45:32.087+0000] {processor.py:161} INFO - Started process (PID=3856) to work on /home/airflow/.local/lib/python3.8/site-packages/airflow/example_dags/example_latest_only.py
[2024-01-30T19:45:32.089+0000] {processor.py:830} INFO - Processing file /home/airflow/.local/lib/python3.8/site-packages/airflow/example_dags/example_latest_only.py for tasks to queue
[2024-01-30T19:45:32.092+0000] {logging_mixin.py:188} INFO - [2024-01-30T19:45:32.091+0000] {dagbag.py:538} INFO - Filling up the DagBag from /home/airflow/.local/lib/python3.8/site-packages/airflow/example_dags/example_latest_only.py
[2024-01-30T19:45:32.105+0000] {processor.py:840} INFO - DAG(s) 'latest_only' retrieved from /home/airflow/.local/lib/python3.8/site-packages/airflow/example_dags/example_latest_only.py
[2024-01-30T19:45:32.173+0000] {logging_mixin.py:188} INFO - [2024-01-30T19:45:32.172+0000] {dag.py:3036} INFO - Sync 1 DAGs
[2024-01-30T19:45:32.235+0000] {logging_mixin.py:188} INFO - [2024-01-30T19:45:32.235+0000] {dag.py:3823} INFO - Setting next_dagrun for latest_only to 2024-01-30 12:00:00+00:00, run_after=2024-01-30 16:00:00+00:00
[2024-01-30T19:45:32.283+0000] {processor.py:183} INFO - Processing /home/airflow/.local/lib/python3.8/site-packages/airflow/example_dags/example_latest_only.py took 0.200 seconds
