[2024-01-30T19:28:45.806+0000] {processor.py:161} INFO - Started process (PID=282) to work on /home/airflow/.local/lib/python3.8/site-packages/airflow/example_dags/example_setup_teardown_taskflow.py
[2024-01-30T19:28:45.828+0000] {processor.py:830} INFO - Processing file /home/airflow/.local/lib/python3.8/site-packages/airflow/example_dags/example_setup_teardown_taskflow.py for tasks to queue
[2024-01-30T19:28:45.845+0000] {logging_mixin.py:188} INFO - [2024-01-30T19:28:45.843+0000] {dagbag.py:538} INFO - Filling up the DagBag from /home/airflow/.local/lib/python3.8/site-packages/airflow/example_dags/example_setup_teardown_taskflow.py
[2024-01-30T19:28:45.969+0000] {processor.py:840} INFO - DAG(s) 'example_setup_teardown_taskflow' retrieved from /home/airflow/.local/lib/python3.8/site-packages/airflow/example_dags/example_setup_teardown_taskflow.py
[2024-01-30T19:28:47.505+0000] {logging_mixin.py:188} INFO - [2024-01-30T19:28:47.477+0000] {override.py:1769} INFO - Created Permission View: can edit on DAG:example_setup_teardown_taskflow
[2024-01-30T19:28:47.661+0000] {logging_mixin.py:188} INFO - [2024-01-30T19:28:47.660+0000] {override.py:1769} INFO - Created Permission View: can read on DAG:example_setup_teardown_taskflow
[2024-01-30T19:28:47.744+0000] {logging_mixin.py:188} INFO - [2024-01-30T19:28:47.743+0000] {override.py:1769} INFO - Created Permission View: can delete on DAG:example_setup_teardown_taskflow
[2024-01-30T19:28:47.762+0000] {logging_mixin.py:188} INFO - [2024-01-30T19:28:47.762+0000] {dag.py:3036} INFO - Sync 1 DAGs
[2024-01-30T19:28:47.867+0000] {logging_mixin.py:188} INFO - [2024-01-30T19:28:47.859+0000] {dag.py:3058} INFO - Creating ORM DAG for example_setup_teardown_taskflow
[2024-01-30T19:28:48.109+0000] {logging_mixin.py:188} INFO - [2024-01-30T19:28:48.108+0000] {dag.py:3823} INFO - Setting next_dagrun for example_setup_teardown_taskflow to 2024-01-29 00:00:00+00:00, run_after=2024-01-30 00:00:00+00:00
[2024-01-30T19:28:48.472+0000] {processor.py:183} INFO - Processing /home/airflow/.local/lib/python3.8/site-packages/airflow/example_dags/example_setup_teardown_taskflow.py took 2.675 seconds
[2024-01-30T19:36:40.132+0000] {processor.py:161} INFO - Started process (PID=245) to work on /home/airflow/.local/lib/python3.8/site-packages/airflow/example_dags/example_setup_teardown_taskflow.py
[2024-01-30T19:36:40.135+0000] {processor.py:830} INFO - Processing file /home/airflow/.local/lib/python3.8/site-packages/airflow/example_dags/example_setup_teardown_taskflow.py for tasks to queue
[2024-01-30T19:36:40.137+0000] {logging_mixin.py:188} INFO - [2024-01-30T19:36:40.137+0000] {dagbag.py:538} INFO - Filling up the DagBag from /home/airflow/.local/lib/python3.8/site-packages/airflow/example_dags/example_setup_teardown_taskflow.py
[2024-01-30T19:36:40.155+0000] {processor.py:840} INFO - DAG(s) 'example_setup_teardown_taskflow' retrieved from /home/airflow/.local/lib/python3.8/site-packages/airflow/example_dags/example_setup_teardown_taskflow.py
[2024-01-30T19:36:40.381+0000] {logging_mixin.py:188} INFO - [2024-01-30T19:36:40.380+0000] {dag.py:3036} INFO - Sync 1 DAGs
[2024-01-30T19:36:40.417+0000] {logging_mixin.py:188} INFO - [2024-01-30T19:36:40.417+0000] {dag.py:3823} INFO - Setting next_dagrun for example_setup_teardown_taskflow to 2024-01-29 00:00:00+00:00, run_after=2024-01-30 00:00:00+00:00
[2024-01-30T19:36:40.460+0000] {processor.py:183} INFO - Processing /home/airflow/.local/lib/python3.8/site-packages/airflow/example_dags/example_setup_teardown_taskflow.py took 0.332 seconds
[2024-01-30T19:37:10.661+0000] {processor.py:161} INFO - Started process (PID=492) to work on /home/airflow/.local/lib/python3.8/site-packages/airflow/example_dags/example_setup_teardown_taskflow.py
[2024-01-30T19:37:10.664+0000] {processor.py:830} INFO - Processing file /home/airflow/.local/lib/python3.8/site-packages/airflow/example_dags/example_setup_teardown_taskflow.py for tasks to queue
[2024-01-30T19:37:10.667+0000] {logging_mixin.py:188} INFO - [2024-01-30T19:37:10.666+0000] {dagbag.py:538} INFO - Filling up the DagBag from /home/airflow/.local/lib/python3.8/site-packages/airflow/example_dags/example_setup_teardown_taskflow.py
[2024-01-30T19:37:10.692+0000] {processor.py:840} INFO - DAG(s) 'example_setup_teardown_taskflow' retrieved from /home/airflow/.local/lib/python3.8/site-packages/airflow/example_dags/example_setup_teardown_taskflow.py
[2024-01-30T19:37:10.725+0000] {logging_mixin.py:188} INFO - [2024-01-30T19:37:10.725+0000] {dag.py:3036} INFO - Sync 1 DAGs
[2024-01-30T19:37:10.770+0000] {logging_mixin.py:188} INFO - [2024-01-30T19:37:10.770+0000] {dag.py:3823} INFO - Setting next_dagrun for example_setup_teardown_taskflow to 2024-01-29 00:00:00+00:00, run_after=2024-01-30 00:00:00+00:00
[2024-01-30T19:37:10.812+0000] {processor.py:183} INFO - Processing /home/airflow/.local/lib/python3.8/site-packages/airflow/example_dags/example_setup_teardown_taskflow.py took 0.156 seconds
[2024-01-30T19:37:40.975+0000] {processor.py:161} INFO - Started process (PID=741) to work on /home/airflow/.local/lib/python3.8/site-packages/airflow/example_dags/example_setup_teardown_taskflow.py
[2024-01-30T19:37:40.977+0000] {processor.py:830} INFO - Processing file /home/airflow/.local/lib/python3.8/site-packages/airflow/example_dags/example_setup_teardown_taskflow.py for tasks to queue
[2024-01-30T19:37:40.979+0000] {logging_mixin.py:188} INFO - [2024-01-30T19:37:40.979+0000] {dagbag.py:538} INFO - Filling up the DagBag from /home/airflow/.local/lib/python3.8/site-packages/airflow/example_dags/example_setup_teardown_taskflow.py
[2024-01-30T19:37:40.997+0000] {processor.py:840} INFO - DAG(s) 'example_setup_teardown_taskflow' retrieved from /home/airflow/.local/lib/python3.8/site-packages/airflow/example_dags/example_setup_teardown_taskflow.py
[2024-01-30T19:37:41.016+0000] {logging_mixin.py:188} INFO - [2024-01-30T19:37:41.016+0000] {dag.py:3036} INFO - Sync 1 DAGs
[2024-01-30T19:37:41.046+0000] {logging_mixin.py:188} INFO - [2024-01-30T19:37:41.046+0000] {dag.py:3823} INFO - Setting next_dagrun for example_setup_teardown_taskflow to 2024-01-29 00:00:00+00:00, run_after=2024-01-30 00:00:00+00:00
[2024-01-30T19:37:41.085+0000] {processor.py:183} INFO - Processing /home/airflow/.local/lib/python3.8/site-packages/airflow/example_dags/example_setup_teardown_taskflow.py took 0.113 seconds
[2024-01-30T19:38:18.203+0000] {processor.py:161} INFO - Started process (PID=985) to work on /home/airflow/.local/lib/python3.8/site-packages/airflow/example_dags/example_setup_teardown_taskflow.py
[2024-01-30T19:38:18.211+0000] {processor.py:830} INFO - Processing file /home/airflow/.local/lib/python3.8/site-packages/airflow/example_dags/example_setup_teardown_taskflow.py for tasks to queue
[2024-01-30T19:38:18.215+0000] {logging_mixin.py:188} INFO - [2024-01-30T19:38:18.214+0000] {dagbag.py:538} INFO - Filling up the DagBag from /home/airflow/.local/lib/python3.8/site-packages/airflow/example_dags/example_setup_teardown_taskflow.py
[2024-01-30T19:38:18.240+0000] {processor.py:840} INFO - DAG(s) 'example_setup_teardown_taskflow' retrieved from /home/airflow/.local/lib/python3.8/site-packages/airflow/example_dags/example_setup_teardown_taskflow.py
[2024-01-30T19:38:18.600+0000] {logging_mixin.py:188} INFO - [2024-01-30T19:38:18.600+0000] {dag.py:3036} INFO - Sync 1 DAGs
[2024-01-30T19:38:18.689+0000] {logging_mixin.py:188} INFO - [2024-01-30T19:38:18.689+0000] {dag.py:3823} INFO - Setting next_dagrun for example_setup_teardown_taskflow to 2024-01-29 00:00:00+00:00, run_after=2024-01-30 00:00:00+00:00
[2024-01-30T19:38:18.759+0000] {processor.py:183} INFO - Processing /home/airflow/.local/lib/python3.8/site-packages/airflow/example_dags/example_setup_teardown_taskflow.py took 0.561 seconds
[2024-01-30T19:38:49.127+0000] {processor.py:161} INFO - Started process (PID=1234) to work on /home/airflow/.local/lib/python3.8/site-packages/airflow/example_dags/example_setup_teardown_taskflow.py
[2024-01-30T19:38:49.129+0000] {processor.py:830} INFO - Processing file /home/airflow/.local/lib/python3.8/site-packages/airflow/example_dags/example_setup_teardown_taskflow.py for tasks to queue
[2024-01-30T19:38:49.131+0000] {logging_mixin.py:188} INFO - [2024-01-30T19:38:49.130+0000] {dagbag.py:538} INFO - Filling up the DagBag from /home/airflow/.local/lib/python3.8/site-packages/airflow/example_dags/example_setup_teardown_taskflow.py
[2024-01-30T19:38:49.143+0000] {processor.py:840} INFO - DAG(s) 'example_setup_teardown_taskflow' retrieved from /home/airflow/.local/lib/python3.8/site-packages/airflow/example_dags/example_setup_teardown_taskflow.py
[2024-01-30T19:38:49.173+0000] {logging_mixin.py:188} INFO - [2024-01-30T19:38:49.173+0000] {dag.py:3036} INFO - Sync 1 DAGs
[2024-01-30T19:38:49.206+0000] {logging_mixin.py:188} INFO - [2024-01-30T19:38:49.206+0000] {dag.py:3823} INFO - Setting next_dagrun for example_setup_teardown_taskflow to 2024-01-29 00:00:00+00:00, run_after=2024-01-30 00:00:00+00:00
[2024-01-30T19:38:49.243+0000] {processor.py:183} INFO - Processing /home/airflow/.local/lib/python3.8/site-packages/airflow/example_dags/example_setup_teardown_taskflow.py took 0.119 seconds
[2024-01-30T19:39:20.249+0000] {processor.py:161} INFO - Started process (PID=1492) to work on /home/airflow/.local/lib/python3.8/site-packages/airflow/example_dags/example_setup_teardown_taskflow.py
[2024-01-30T19:39:20.251+0000] {processor.py:830} INFO - Processing file /home/airflow/.local/lib/python3.8/site-packages/airflow/example_dags/example_setup_teardown_taskflow.py for tasks to queue
[2024-01-30T19:39:20.253+0000] {logging_mixin.py:188} INFO - [2024-01-30T19:39:20.253+0000] {dagbag.py:538} INFO - Filling up the DagBag from /home/airflow/.local/lib/python3.8/site-packages/airflow/example_dags/example_setup_teardown_taskflow.py
[2024-01-30T19:39:20.269+0000] {processor.py:840} INFO - DAG(s) 'example_setup_teardown_taskflow' retrieved from /home/airflow/.local/lib/python3.8/site-packages/airflow/example_dags/example_setup_teardown_taskflow.py
[2024-01-30T19:39:20.317+0000] {logging_mixin.py:188} INFO - [2024-01-30T19:39:20.316+0000] {dag.py:3036} INFO - Sync 1 DAGs
[2024-01-30T19:39:20.389+0000] {logging_mixin.py:188} INFO - [2024-01-30T19:39:20.388+0000] {dag.py:3823} INFO - Setting next_dagrun for example_setup_teardown_taskflow to 2024-01-29 00:00:00+00:00, run_after=2024-01-30 00:00:00+00:00
[2024-01-30T19:39:20.450+0000] {processor.py:183} INFO - Processing /home/airflow/.local/lib/python3.8/site-packages/airflow/example_dags/example_setup_teardown_taskflow.py took 0.208 seconds
[2024-01-30T19:39:51.098+0000] {processor.py:161} INFO - Started process (PID=1739) to work on /home/airflow/.local/lib/python3.8/site-packages/airflow/example_dags/example_setup_teardown_taskflow.py
[2024-01-30T19:39:51.101+0000] {processor.py:830} INFO - Processing file /home/airflow/.local/lib/python3.8/site-packages/airflow/example_dags/example_setup_teardown_taskflow.py for tasks to queue
[2024-01-30T19:39:51.104+0000] {logging_mixin.py:188} INFO - [2024-01-30T19:39:51.103+0000] {dagbag.py:538} INFO - Filling up the DagBag from /home/airflow/.local/lib/python3.8/site-packages/airflow/example_dags/example_setup_teardown_taskflow.py
[2024-01-30T19:39:51.129+0000] {processor.py:840} INFO - DAG(s) 'example_setup_teardown_taskflow' retrieved from /home/airflow/.local/lib/python3.8/site-packages/airflow/example_dags/example_setup_teardown_taskflow.py
[2024-01-30T19:39:51.193+0000] {logging_mixin.py:188} INFO - [2024-01-30T19:39:51.192+0000] {dag.py:3036} INFO - Sync 1 DAGs
[2024-01-30T19:39:51.254+0000] {logging_mixin.py:188} INFO - [2024-01-30T19:39:51.253+0000] {dag.py:3823} INFO - Setting next_dagrun for example_setup_teardown_taskflow to 2024-01-29 00:00:00+00:00, run_after=2024-01-30 00:00:00+00:00
[2024-01-30T19:39:51.319+0000] {processor.py:183} INFO - Processing /home/airflow/.local/lib/python3.8/site-packages/airflow/example_dags/example_setup_teardown_taskflow.py took 0.229 seconds
[2024-01-30T19:40:21.887+0000] {processor.py:161} INFO - Started process (PID=1987) to work on /home/airflow/.local/lib/python3.8/site-packages/airflow/example_dags/example_setup_teardown_taskflow.py
[2024-01-30T19:40:21.891+0000] {processor.py:830} INFO - Processing file /home/airflow/.local/lib/python3.8/site-packages/airflow/example_dags/example_setup_teardown_taskflow.py for tasks to queue
[2024-01-30T19:40:21.902+0000] {logging_mixin.py:188} INFO - [2024-01-30T19:40:21.901+0000] {dagbag.py:538} INFO - Filling up the DagBag from /home/airflow/.local/lib/python3.8/site-packages/airflow/example_dags/example_setup_teardown_taskflow.py
[2024-01-30T19:40:21.924+0000] {processor.py:840} INFO - DAG(s) 'example_setup_teardown_taskflow' retrieved from /home/airflow/.local/lib/python3.8/site-packages/airflow/example_dags/example_setup_teardown_taskflow.py
[2024-01-30T19:40:21.984+0000] {logging_mixin.py:188} INFO - [2024-01-30T19:40:21.982+0000] {dag.py:3036} INFO - Sync 1 DAGs
[2024-01-30T19:40:22.046+0000] {logging_mixin.py:188} INFO - [2024-01-30T19:40:22.045+0000] {dag.py:3823} INFO - Setting next_dagrun for example_setup_teardown_taskflow to 2024-01-29 00:00:00+00:00, run_after=2024-01-30 00:00:00+00:00
[2024-01-30T19:40:22.107+0000] {processor.py:183} INFO - Processing /home/airflow/.local/lib/python3.8/site-packages/airflow/example_dags/example_setup_teardown_taskflow.py took 0.226 seconds
[2024-01-30T19:40:54.706+0000] {processor.py:161} INFO - Started process (PID=2232) to work on /home/airflow/.local/lib/python3.8/site-packages/airflow/example_dags/example_setup_teardown_taskflow.py
[2024-01-30T19:40:54.710+0000] {processor.py:830} INFO - Processing file /home/airflow/.local/lib/python3.8/site-packages/airflow/example_dags/example_setup_teardown_taskflow.py for tasks to queue
[2024-01-30T19:40:54.716+0000] {logging_mixin.py:188} INFO - [2024-01-30T19:40:54.715+0000] {dagbag.py:538} INFO - Filling up the DagBag from /home/airflow/.local/lib/python3.8/site-packages/airflow/example_dags/example_setup_teardown_taskflow.py
[2024-01-30T19:40:54.745+0000] {processor.py:840} INFO - DAG(s) 'example_setup_teardown_taskflow' retrieved from /home/airflow/.local/lib/python3.8/site-packages/airflow/example_dags/example_setup_teardown_taskflow.py
[2024-01-30T19:40:54.838+0000] {logging_mixin.py:188} INFO - [2024-01-30T19:40:54.837+0000] {dag.py:3036} INFO - Sync 1 DAGs
[2024-01-30T19:40:54.933+0000] {logging_mixin.py:188} INFO - [2024-01-30T19:40:54.932+0000] {dag.py:3823} INFO - Setting next_dagrun for example_setup_teardown_taskflow to 2024-01-29 00:00:00+00:00, run_after=2024-01-30 00:00:00+00:00
[2024-01-30T19:40:55.006+0000] {processor.py:183} INFO - Processing /home/airflow/.local/lib/python3.8/site-packages/airflow/example_dags/example_setup_teardown_taskflow.py took 0.305 seconds
[2024-01-30T19:41:25.333+0000] {processor.py:161} INFO - Started process (PID=2473) to work on /home/airflow/.local/lib/python3.8/site-packages/airflow/example_dags/example_setup_teardown_taskflow.py
[2024-01-30T19:41:25.344+0000] {processor.py:830} INFO - Processing file /home/airflow/.local/lib/python3.8/site-packages/airflow/example_dags/example_setup_teardown_taskflow.py for tasks to queue
[2024-01-30T19:41:25.351+0000] {logging_mixin.py:188} INFO - [2024-01-30T19:41:25.351+0000] {dagbag.py:538} INFO - Filling up the DagBag from /home/airflow/.local/lib/python3.8/site-packages/airflow/example_dags/example_setup_teardown_taskflow.py
[2024-01-30T19:41:25.383+0000] {processor.py:840} INFO - DAG(s) 'example_setup_teardown_taskflow' retrieved from /home/airflow/.local/lib/python3.8/site-packages/airflow/example_dags/example_setup_teardown_taskflow.py
[2024-01-30T19:41:25.443+0000] {logging_mixin.py:188} INFO - [2024-01-30T19:41:25.442+0000] {dag.py:3036} INFO - Sync 1 DAGs
[2024-01-30T19:41:25.502+0000] {logging_mixin.py:188} INFO - [2024-01-30T19:41:25.502+0000] {dag.py:3823} INFO - Setting next_dagrun for example_setup_teardown_taskflow to 2024-01-29 00:00:00+00:00, run_after=2024-01-30 00:00:00+00:00
[2024-01-30T19:41:25.580+0000] {processor.py:183} INFO - Processing /home/airflow/.local/lib/python3.8/site-packages/airflow/example_dags/example_setup_teardown_taskflow.py took 0.252 seconds
[2024-01-30T19:41:56.003+0000] {processor.py:161} INFO - Started process (PID=2722) to work on /home/airflow/.local/lib/python3.8/site-packages/airflow/example_dags/example_setup_teardown_taskflow.py
[2024-01-30T19:41:56.007+0000] {processor.py:830} INFO - Processing file /home/airflow/.local/lib/python3.8/site-packages/airflow/example_dags/example_setup_teardown_taskflow.py for tasks to queue
[2024-01-30T19:41:56.008+0000] {logging_mixin.py:188} INFO - [2024-01-30T19:41:56.008+0000] {dagbag.py:538} INFO - Filling up the DagBag from /home/airflow/.local/lib/python3.8/site-packages/airflow/example_dags/example_setup_teardown_taskflow.py
[2024-01-30T19:41:56.025+0000] {processor.py:840} INFO - DAG(s) 'example_setup_teardown_taskflow' retrieved from /home/airflow/.local/lib/python3.8/site-packages/airflow/example_dags/example_setup_teardown_taskflow.py
[2024-01-30T19:41:56.057+0000] {logging_mixin.py:188} INFO - [2024-01-30T19:41:56.056+0000] {dag.py:3036} INFO - Sync 1 DAGs
[2024-01-30T19:41:56.091+0000] {logging_mixin.py:188} INFO - [2024-01-30T19:41:56.090+0000] {dag.py:3823} INFO - Setting next_dagrun for example_setup_teardown_taskflow to 2024-01-29 00:00:00+00:00, run_after=2024-01-30 00:00:00+00:00
[2024-01-30T19:41:56.129+0000] {processor.py:183} INFO - Processing /home/airflow/.local/lib/python3.8/site-packages/airflow/example_dags/example_setup_teardown_taskflow.py took 0.131 seconds
[2024-01-30T19:42:26.321+0000] {processor.py:161} INFO - Started process (PID=2969) to work on /home/airflow/.local/lib/python3.8/site-packages/airflow/example_dags/example_setup_teardown_taskflow.py
[2024-01-30T19:42:26.324+0000] {processor.py:830} INFO - Processing file /home/airflow/.local/lib/python3.8/site-packages/airflow/example_dags/example_setup_teardown_taskflow.py for tasks to queue
[2024-01-30T19:42:26.325+0000] {logging_mixin.py:188} INFO - [2024-01-30T19:42:26.325+0000] {dagbag.py:538} INFO - Filling up the DagBag from /home/airflow/.local/lib/python3.8/site-packages/airflow/example_dags/example_setup_teardown_taskflow.py
[2024-01-30T19:42:26.342+0000] {processor.py:840} INFO - DAG(s) 'example_setup_teardown_taskflow' retrieved from /home/airflow/.local/lib/python3.8/site-packages/airflow/example_dags/example_setup_teardown_taskflow.py
[2024-01-30T19:42:26.380+0000] {logging_mixin.py:188} INFO - [2024-01-30T19:42:26.379+0000] {dag.py:3036} INFO - Sync 1 DAGs
[2024-01-30T19:42:26.422+0000] {logging_mixin.py:188} INFO - [2024-01-30T19:42:26.422+0000] {dag.py:3823} INFO - Setting next_dagrun for example_setup_teardown_taskflow to 2024-01-29 00:00:00+00:00, run_after=2024-01-30 00:00:00+00:00
[2024-01-30T19:42:26.472+0000] {processor.py:183} INFO - Processing /home/airflow/.local/lib/python3.8/site-packages/airflow/example_dags/example_setup_teardown_taskflow.py took 0.154 seconds
[2024-01-30T19:43:29.578+0000] {processor.py:161} INFO - Started process (PID=3178) to work on /home/airflow/.local/lib/python3.8/site-packages/airflow/example_dags/example_setup_teardown_taskflow.py
[2024-01-30T19:43:29.598+0000] {processor.py:830} INFO - Processing file /home/airflow/.local/lib/python3.8/site-packages/airflow/example_dags/example_setup_teardown_taskflow.py for tasks to queue
[2024-01-30T19:43:29.601+0000] {logging_mixin.py:188} INFO - [2024-01-30T19:43:29.600+0000] {dagbag.py:538} INFO - Filling up the DagBag from /home/airflow/.local/lib/python3.8/site-packages/airflow/example_dags/example_setup_teardown_taskflow.py
[2024-01-30T19:43:29.678+0000] {processor.py:840} INFO - DAG(s) 'example_setup_teardown_taskflow' retrieved from /home/airflow/.local/lib/python3.8/site-packages/airflow/example_dags/example_setup_teardown_taskflow.py
[2024-01-30T19:43:29.756+0000] {logging_mixin.py:188} INFO - [2024-01-30T19:43:29.756+0000] {dag.py:3036} INFO - Sync 1 DAGs
[2024-01-30T19:43:29.844+0000] {logging_mixin.py:188} INFO - [2024-01-30T19:43:29.844+0000] {dag.py:3823} INFO - Setting next_dagrun for example_setup_teardown_taskflow to 2024-01-29 00:00:00+00:00, run_after=2024-01-30 00:00:00+00:00
[2024-01-30T19:43:30.027+0000] {processor.py:183} INFO - Processing /home/airflow/.local/lib/python3.8/site-packages/airflow/example_dags/example_setup_teardown_taskflow.py took 0.454 seconds
[2024-01-30T19:44:03.019+0000] {processor.py:161} INFO - Started process (PID=3420) to work on /home/airflow/.local/lib/python3.8/site-packages/airflow/example_dags/example_setup_teardown_taskflow.py
[2024-01-30T19:44:03.028+0000] {processor.py:830} INFO - Processing file /home/airflow/.local/lib/python3.8/site-packages/airflow/example_dags/example_setup_teardown_taskflow.py for tasks to queue
[2024-01-30T19:44:03.040+0000] {logging_mixin.py:188} INFO - [2024-01-30T19:44:03.039+0000] {dagbag.py:538} INFO - Filling up the DagBag from /home/airflow/.local/lib/python3.8/site-packages/airflow/example_dags/example_setup_teardown_taskflow.py
[2024-01-30T19:44:03.093+0000] {processor.py:840} INFO - DAG(s) 'example_setup_teardown_taskflow' retrieved from /home/airflow/.local/lib/python3.8/site-packages/airflow/example_dags/example_setup_teardown_taskflow.py
[2024-01-30T19:44:03.211+0000] {logging_mixin.py:188} INFO - [2024-01-30T19:44:03.210+0000] {dag.py:3036} INFO - Sync 1 DAGs
[2024-01-30T19:44:03.351+0000] {logging_mixin.py:188} INFO - [2024-01-30T19:44:03.351+0000] {dag.py:3823} INFO - Setting next_dagrun for example_setup_teardown_taskflow to 2024-01-29 00:00:00+00:00, run_after=2024-01-30 00:00:00+00:00
[2024-01-30T19:44:03.448+0000] {processor.py:183} INFO - Processing /home/airflow/.local/lib/python3.8/site-packages/airflow/example_dags/example_setup_teardown_taskflow.py took 0.436 seconds
[2024-01-30T19:44:56.901+0000] {processor.py:161} INFO - Started process (PID=3644) to work on /home/airflow/.local/lib/python3.8/site-packages/airflow/example_dags/example_setup_teardown_taskflow.py
[2024-01-30T19:44:56.916+0000] {processor.py:830} INFO - Processing file /home/airflow/.local/lib/python3.8/site-packages/airflow/example_dags/example_setup_teardown_taskflow.py for tasks to queue
[2024-01-30T19:44:56.932+0000] {logging_mixin.py:188} INFO - [2024-01-30T19:44:56.931+0000] {dagbag.py:538} INFO - Filling up the DagBag from /home/airflow/.local/lib/python3.8/site-packages/airflow/example_dags/example_setup_teardown_taskflow.py
[2024-01-30T19:44:57.030+0000] {processor.py:840} INFO - DAG(s) 'example_setup_teardown_taskflow' retrieved from /home/airflow/.local/lib/python3.8/site-packages/airflow/example_dags/example_setup_teardown_taskflow.py
[2024-01-30T19:44:57.162+0000] {logging_mixin.py:188} INFO - [2024-01-30T19:44:57.161+0000] {dag.py:3036} INFO - Sync 1 DAGs
[2024-01-30T19:44:57.534+0000] {logging_mixin.py:188} INFO - [2024-01-30T19:44:57.533+0000] {dag.py:3823} INFO - Setting next_dagrun for example_setup_teardown_taskflow to 2024-01-29 00:00:00+00:00, run_after=2024-01-30 00:00:00+00:00
[2024-01-30T19:44:57.752+0000] {processor.py:183} INFO - Processing /home/airflow/.local/lib/python3.8/site-packages/airflow/example_dags/example_setup_teardown_taskflow.py took 0.867 seconds
[2024-01-30T19:45:33.251+0000] {processor.py:161} INFO - Started process (PID=3894) to work on /home/airflow/.local/lib/python3.8/site-packages/airflow/example_dags/example_setup_teardown_taskflow.py
[2024-01-30T19:45:33.254+0000] {processor.py:830} INFO - Processing file /home/airflow/.local/lib/python3.8/site-packages/airflow/example_dags/example_setup_teardown_taskflow.py for tasks to queue
[2024-01-30T19:45:33.258+0000] {logging_mixin.py:188} INFO - [2024-01-30T19:45:33.257+0000] {dagbag.py:538} INFO - Filling up the DagBag from /home/airflow/.local/lib/python3.8/site-packages/airflow/example_dags/example_setup_teardown_taskflow.py
[2024-01-30T19:45:33.282+0000] {processor.py:840} INFO - DAG(s) 'example_setup_teardown_taskflow' retrieved from /home/airflow/.local/lib/python3.8/site-packages/airflow/example_dags/example_setup_teardown_taskflow.py
[2024-01-30T19:45:33.360+0000] {logging_mixin.py:188} INFO - [2024-01-30T19:45:33.359+0000] {dag.py:3036} INFO - Sync 1 DAGs
[2024-01-30T19:45:33.419+0000] {logging_mixin.py:188} INFO - [2024-01-30T19:45:33.419+0000] {dag.py:3823} INFO - Setting next_dagrun for example_setup_teardown_taskflow to 2024-01-29 00:00:00+00:00, run_after=2024-01-30 00:00:00+00:00
[2024-01-30T19:45:33.517+0000] {processor.py:183} INFO - Processing /home/airflow/.local/lib/python3.8/site-packages/airflow/example_dags/example_setup_teardown_taskflow.py took 0.270 seconds
