[2024-01-30T19:28:36.790+0000] {processor.py:161} INFO - Started process (PID=267) to work on /home/airflow/.local/lib/python3.8/site-packages/airflow/example_dags/example_setup_teardown.py
[2024-01-30T19:28:36.795+0000] {processor.py:830} INFO - Processing file /home/airflow/.local/lib/python3.8/site-packages/airflow/example_dags/example_setup_teardown.py for tasks to queue
[2024-01-30T19:28:36.798+0000] {logging_mixin.py:188} INFO - [2024-01-30T19:28:36.797+0000] {dagbag.py:538} INFO - Filling up the DagBag from /home/airflow/.local/lib/python3.8/site-packages/airflow/example_dags/example_setup_teardown.py
[2024-01-30T19:28:36.850+0000] {processor.py:840} INFO - DAG(s) 'example_setup_teardown' retrieved from /home/airflow/.local/lib/python3.8/site-packages/airflow/example_dags/example_setup_teardown.py
[2024-01-30T19:28:43.826+0000] {logging_mixin.py:188} INFO - [2024-01-30T19:28:43.824+0000] {override.py:1769} INFO - Created Permission View: can edit on DAG:example_setup_teardown
[2024-01-30T19:28:43.932+0000] {logging_mixin.py:188} INFO - [2024-01-30T19:28:43.932+0000] {override.py:1769} INFO - Created Permission View: can read on DAG:example_setup_teardown
[2024-01-30T19:28:43.991+0000] {logging_mixin.py:188} INFO - [2024-01-30T19:28:43.990+0000] {override.py:1769} INFO - Created Permission View: can delete on DAG:example_setup_teardown
[2024-01-30T19:28:43.998+0000] {logging_mixin.py:188} INFO - [2024-01-30T19:28:43.997+0000] {dag.py:3036} INFO - Sync 1 DAGs
[2024-01-30T19:28:44.042+0000] {logging_mixin.py:188} INFO - [2024-01-30T19:28:44.041+0000] {dag.py:3058} INFO - Creating ORM DAG for example_setup_teardown
[2024-01-30T19:28:44.095+0000] {logging_mixin.py:188} INFO - [2024-01-30T19:28:44.094+0000] {dag.py:3823} INFO - Setting next_dagrun for example_setup_teardown to 2024-01-29 00:00:00+00:00, run_after=2024-01-30 00:00:00+00:00
[2024-01-30T19:28:44.182+0000] {processor.py:183} INFO - Processing /home/airflow/.local/lib/python3.8/site-packages/airflow/example_dags/example_setup_teardown.py took 7.675 seconds
[2024-01-30T19:36:39.229+0000] {processor.py:161} INFO - Started process (PID=230) to work on /home/airflow/.local/lib/python3.8/site-packages/airflow/example_dags/example_setup_teardown.py
[2024-01-30T19:36:39.231+0000] {processor.py:830} INFO - Processing file /home/airflow/.local/lib/python3.8/site-packages/airflow/example_dags/example_setup_teardown.py for tasks to queue
[2024-01-30T19:36:39.233+0000] {logging_mixin.py:188} INFO - [2024-01-30T19:36:39.232+0000] {dagbag.py:538} INFO - Filling up the DagBag from /home/airflow/.local/lib/python3.8/site-packages/airflow/example_dags/example_setup_teardown.py
[2024-01-30T19:36:39.264+0000] {processor.py:840} INFO - DAG(s) 'example_setup_teardown' retrieved from /home/airflow/.local/lib/python3.8/site-packages/airflow/example_dags/example_setup_teardown.py
[2024-01-30T19:36:39.584+0000] {logging_mixin.py:188} INFO - [2024-01-30T19:36:39.584+0000] {dag.py:3036} INFO - Sync 1 DAGs
[2024-01-30T19:36:39.637+0000] {logging_mixin.py:188} INFO - [2024-01-30T19:36:39.636+0000] {dag.py:3823} INFO - Setting next_dagrun for example_setup_teardown to 2024-01-29 00:00:00+00:00, run_after=2024-01-30 00:00:00+00:00
[2024-01-30T19:36:39.724+0000] {processor.py:183} INFO - Processing /home/airflow/.local/lib/python3.8/site-packages/airflow/example_dags/example_setup_teardown.py took 0.499 seconds
[2024-01-30T19:37:10.319+0000] {processor.py:161} INFO - Started process (PID=477) to work on /home/airflow/.local/lib/python3.8/site-packages/airflow/example_dags/example_setup_teardown.py
[2024-01-30T19:37:10.321+0000] {processor.py:830} INFO - Processing file /home/airflow/.local/lib/python3.8/site-packages/airflow/example_dags/example_setup_teardown.py for tasks to queue
[2024-01-30T19:37:10.326+0000] {logging_mixin.py:188} INFO - [2024-01-30T19:37:10.325+0000] {dagbag.py:538} INFO - Filling up the DagBag from /home/airflow/.local/lib/python3.8/site-packages/airflow/example_dags/example_setup_teardown.py
[2024-01-30T19:37:10.338+0000] {processor.py:840} INFO - DAG(s) 'example_setup_teardown' retrieved from /home/airflow/.local/lib/python3.8/site-packages/airflow/example_dags/example_setup_teardown.py
[2024-01-30T19:37:10.396+0000] {logging_mixin.py:188} INFO - [2024-01-30T19:37:10.395+0000] {dag.py:3036} INFO - Sync 1 DAGs
[2024-01-30T19:37:10.438+0000] {logging_mixin.py:188} INFO - [2024-01-30T19:37:10.438+0000] {dag.py:3823} INFO - Setting next_dagrun for example_setup_teardown to 2024-01-29 00:00:00+00:00, run_after=2024-01-30 00:00:00+00:00
[2024-01-30T19:37:10.499+0000] {processor.py:183} INFO - Processing /home/airflow/.local/lib/python3.8/site-packages/airflow/example_dags/example_setup_teardown.py took 0.185 seconds
[2024-01-30T19:37:40.658+0000] {processor.py:161} INFO - Started process (PID=726) to work on /home/airflow/.local/lib/python3.8/site-packages/airflow/example_dags/example_setup_teardown.py
[2024-01-30T19:37:40.661+0000] {processor.py:830} INFO - Processing file /home/airflow/.local/lib/python3.8/site-packages/airflow/example_dags/example_setup_teardown.py for tasks to queue
[2024-01-30T19:37:40.663+0000] {logging_mixin.py:188} INFO - [2024-01-30T19:37:40.663+0000] {dagbag.py:538} INFO - Filling up the DagBag from /home/airflow/.local/lib/python3.8/site-packages/airflow/example_dags/example_setup_teardown.py
[2024-01-30T19:37:40.674+0000] {processor.py:840} INFO - DAG(s) 'example_setup_teardown' retrieved from /home/airflow/.local/lib/python3.8/site-packages/airflow/example_dags/example_setup_teardown.py
[2024-01-30T19:37:40.691+0000] {logging_mixin.py:188} INFO - [2024-01-30T19:37:40.690+0000] {dag.py:3036} INFO - Sync 1 DAGs
[2024-01-30T19:37:40.724+0000] {logging_mixin.py:188} INFO - [2024-01-30T19:37:40.724+0000] {dag.py:3823} INFO - Setting next_dagrun for example_setup_teardown to 2024-01-29 00:00:00+00:00, run_after=2024-01-30 00:00:00+00:00
[2024-01-30T19:37:40.758+0000] {processor.py:183} INFO - Processing /home/airflow/.local/lib/python3.8/site-packages/airflow/example_dags/example_setup_teardown.py took 0.104 seconds
[2024-01-30T19:38:17.122+0000] {processor.py:161} INFO - Started process (PID=970) to work on /home/airflow/.local/lib/python3.8/site-packages/airflow/example_dags/example_setup_teardown.py
[2024-01-30T19:38:17.126+0000] {processor.py:830} INFO - Processing file /home/airflow/.local/lib/python3.8/site-packages/airflow/example_dags/example_setup_teardown.py for tasks to queue
[2024-01-30T19:38:17.137+0000] {logging_mixin.py:188} INFO - [2024-01-30T19:38:17.136+0000] {dagbag.py:538} INFO - Filling up the DagBag from /home/airflow/.local/lib/python3.8/site-packages/airflow/example_dags/example_setup_teardown.py
[2024-01-30T19:38:17.179+0000] {processor.py:840} INFO - DAG(s) 'example_setup_teardown' retrieved from /home/airflow/.local/lib/python3.8/site-packages/airflow/example_dags/example_setup_teardown.py
[2024-01-30T19:38:17.663+0000] {logging_mixin.py:188} INFO - [2024-01-30T19:38:17.662+0000] {dag.py:3036} INFO - Sync 1 DAGs
[2024-01-30T19:38:17.934+0000] {logging_mixin.py:188} INFO - [2024-01-30T19:38:17.933+0000] {dag.py:3823} INFO - Setting next_dagrun for example_setup_teardown to 2024-01-29 00:00:00+00:00, run_after=2024-01-30 00:00:00+00:00
[2024-01-30T19:38:18.049+0000] {processor.py:183} INFO - Processing /home/airflow/.local/lib/python3.8/site-packages/airflow/example_dags/example_setup_teardown.py took 0.953 seconds
[2024-01-30T19:38:48.794+0000] {processor.py:161} INFO - Started process (PID=1219) to work on /home/airflow/.local/lib/python3.8/site-packages/airflow/example_dags/example_setup_teardown.py
[2024-01-30T19:38:48.797+0000] {processor.py:830} INFO - Processing file /home/airflow/.local/lib/python3.8/site-packages/airflow/example_dags/example_setup_teardown.py for tasks to queue
[2024-01-30T19:38:48.800+0000] {logging_mixin.py:188} INFO - [2024-01-30T19:38:48.799+0000] {dagbag.py:538} INFO - Filling up the DagBag from /home/airflow/.local/lib/python3.8/site-packages/airflow/example_dags/example_setup_teardown.py
[2024-01-30T19:38:48.808+0000] {processor.py:840} INFO - DAG(s) 'example_setup_teardown' retrieved from /home/airflow/.local/lib/python3.8/site-packages/airflow/example_dags/example_setup_teardown.py
[2024-01-30T19:38:48.835+0000] {logging_mixin.py:188} INFO - [2024-01-30T19:38:48.835+0000] {dag.py:3036} INFO - Sync 1 DAGs
[2024-01-30T19:38:48.865+0000] {logging_mixin.py:188} INFO - [2024-01-30T19:38:48.865+0000] {dag.py:3823} INFO - Setting next_dagrun for example_setup_teardown to 2024-01-29 00:00:00+00:00, run_after=2024-01-30 00:00:00+00:00
[2024-01-30T19:38:48.907+0000] {processor.py:183} INFO - Processing /home/airflow/.local/lib/python3.8/site-packages/airflow/example_dags/example_setup_teardown.py took 0.116 seconds
[2024-01-30T19:39:19.896+0000] {processor.py:161} INFO - Started process (PID=1471) to work on /home/airflow/.local/lib/python3.8/site-packages/airflow/example_dags/example_setup_teardown.py
[2024-01-30T19:39:19.898+0000] {processor.py:830} INFO - Processing file /home/airflow/.local/lib/python3.8/site-packages/airflow/example_dags/example_setup_teardown.py for tasks to queue
[2024-01-30T19:39:19.900+0000] {logging_mixin.py:188} INFO - [2024-01-30T19:39:19.899+0000] {dagbag.py:538} INFO - Filling up the DagBag from /home/airflow/.local/lib/python3.8/site-packages/airflow/example_dags/example_setup_teardown.py
[2024-01-30T19:39:19.906+0000] {processor.py:840} INFO - DAG(s) 'example_setup_teardown' retrieved from /home/airflow/.local/lib/python3.8/site-packages/airflow/example_dags/example_setup_teardown.py
[2024-01-30T19:39:19.936+0000] {logging_mixin.py:188} INFO - [2024-01-30T19:39:19.936+0000] {dag.py:3036} INFO - Sync 1 DAGs
[2024-01-30T19:39:19.968+0000] {logging_mixin.py:188} INFO - [2024-01-30T19:39:19.968+0000] {dag.py:3823} INFO - Setting next_dagrun for example_setup_teardown to 2024-01-29 00:00:00+00:00, run_after=2024-01-30 00:00:00+00:00
[2024-01-30T19:39:20.000+0000] {processor.py:183} INFO - Processing /home/airflow/.local/lib/python3.8/site-packages/airflow/example_dags/example_setup_teardown.py took 0.106 seconds
[2024-01-30T19:39:50.546+0000] {processor.py:161} INFO - Started process (PID=1724) to work on /home/airflow/.local/lib/python3.8/site-packages/airflow/example_dags/example_setup_teardown.py
[2024-01-30T19:39:50.549+0000] {processor.py:830} INFO - Processing file /home/airflow/.local/lib/python3.8/site-packages/airflow/example_dags/example_setup_teardown.py for tasks to queue
[2024-01-30T19:39:50.553+0000] {logging_mixin.py:188} INFO - [2024-01-30T19:39:50.551+0000] {dagbag.py:538} INFO - Filling up the DagBag from /home/airflow/.local/lib/python3.8/site-packages/airflow/example_dags/example_setup_teardown.py
[2024-01-30T19:39:50.584+0000] {processor.py:840} INFO - DAG(s) 'example_setup_teardown' retrieved from /home/airflow/.local/lib/python3.8/site-packages/airflow/example_dags/example_setup_teardown.py
[2024-01-30T19:39:50.649+0000] {logging_mixin.py:188} INFO - [2024-01-30T19:39:50.649+0000] {dag.py:3036} INFO - Sync 1 DAGs
[2024-01-30T19:39:50.698+0000] {logging_mixin.py:188} INFO - [2024-01-30T19:39:50.698+0000] {dag.py:3823} INFO - Setting next_dagrun for example_setup_teardown to 2024-01-29 00:00:00+00:00, run_after=2024-01-30 00:00:00+00:00
[2024-01-30T19:39:50.747+0000] {processor.py:183} INFO - Processing /home/airflow/.local/lib/python3.8/site-packages/airflow/example_dags/example_setup_teardown.py took 0.205 seconds
[2024-01-30T19:40:21.238+0000] {processor.py:161} INFO - Started process (PID=1972) to work on /home/airflow/.local/lib/python3.8/site-packages/airflow/example_dags/example_setup_teardown.py
[2024-01-30T19:40:21.242+0000] {processor.py:830} INFO - Processing file /home/airflow/.local/lib/python3.8/site-packages/airflow/example_dags/example_setup_teardown.py for tasks to queue
[2024-01-30T19:40:21.245+0000] {logging_mixin.py:188} INFO - [2024-01-30T19:40:21.244+0000] {dagbag.py:538} INFO - Filling up the DagBag from /home/airflow/.local/lib/python3.8/site-packages/airflow/example_dags/example_setup_teardown.py
[2024-01-30T19:40:21.275+0000] {processor.py:840} INFO - DAG(s) 'example_setup_teardown' retrieved from /home/airflow/.local/lib/python3.8/site-packages/airflow/example_dags/example_setup_teardown.py
[2024-01-30T19:40:21.319+0000] {logging_mixin.py:188} INFO - [2024-01-30T19:40:21.318+0000] {dag.py:3036} INFO - Sync 1 DAGs
[2024-01-30T19:40:21.375+0000] {logging_mixin.py:188} INFO - [2024-01-30T19:40:21.374+0000] {dag.py:3823} INFO - Setting next_dagrun for example_setup_teardown to 2024-01-29 00:00:00+00:00, run_after=2024-01-30 00:00:00+00:00
[2024-01-30T19:40:21.442+0000] {processor.py:183} INFO - Processing /home/airflow/.local/lib/python3.8/site-packages/airflow/example_dags/example_setup_teardown.py took 0.215 seconds
[2024-01-30T19:40:53.815+0000] {processor.py:161} INFO - Started process (PID=2217) to work on /home/airflow/.local/lib/python3.8/site-packages/airflow/example_dags/example_setup_teardown.py
[2024-01-30T19:40:53.822+0000] {processor.py:830} INFO - Processing file /home/airflow/.local/lib/python3.8/site-packages/airflow/example_dags/example_setup_teardown.py for tasks to queue
[2024-01-30T19:40:53.824+0000] {logging_mixin.py:188} INFO - [2024-01-30T19:40:53.824+0000] {dagbag.py:538} INFO - Filling up the DagBag from /home/airflow/.local/lib/python3.8/site-packages/airflow/example_dags/example_setup_teardown.py
[2024-01-30T19:40:53.848+0000] {processor.py:840} INFO - DAG(s) 'example_setup_teardown' retrieved from /home/airflow/.local/lib/python3.8/site-packages/airflow/example_dags/example_setup_teardown.py
[2024-01-30T19:40:53.887+0000] {logging_mixin.py:188} INFO - [2024-01-30T19:40:53.886+0000] {dag.py:3036} INFO - Sync 1 DAGs
[2024-01-30T19:40:53.925+0000] {logging_mixin.py:188} INFO - [2024-01-30T19:40:53.925+0000] {dag.py:3823} INFO - Setting next_dagrun for example_setup_teardown to 2024-01-29 00:00:00+00:00, run_after=2024-01-30 00:00:00+00:00
[2024-01-30T19:40:53.980+0000] {processor.py:183} INFO - Processing /home/airflow/.local/lib/python3.8/site-packages/airflow/example_dags/example_setup_teardown.py took 0.175 seconds
[2024-01-30T19:41:24.866+0000] {processor.py:161} INFO - Started process (PID=2458) to work on /home/airflow/.local/lib/python3.8/site-packages/airflow/example_dags/example_setup_teardown.py
[2024-01-30T19:41:24.877+0000] {processor.py:830} INFO - Processing file /home/airflow/.local/lib/python3.8/site-packages/airflow/example_dags/example_setup_teardown.py for tasks to queue
[2024-01-30T19:41:24.880+0000] {logging_mixin.py:188} INFO - [2024-01-30T19:41:24.879+0000] {dagbag.py:538} INFO - Filling up the DagBag from /home/airflow/.local/lib/python3.8/site-packages/airflow/example_dags/example_setup_teardown.py
[2024-01-30T19:41:24.902+0000] {processor.py:840} INFO - DAG(s) 'example_setup_teardown' retrieved from /home/airflow/.local/lib/python3.8/site-packages/airflow/example_dags/example_setup_teardown.py
[2024-01-30T19:41:24.989+0000] {logging_mixin.py:188} INFO - [2024-01-30T19:41:24.989+0000] {dag.py:3036} INFO - Sync 1 DAGs
[2024-01-30T19:41:25.070+0000] {logging_mixin.py:188} INFO - [2024-01-30T19:41:25.070+0000] {dag.py:3823} INFO - Setting next_dagrun for example_setup_teardown to 2024-01-29 00:00:00+00:00, run_after=2024-01-30 00:00:00+00:00
[2024-01-30T19:41:25.136+0000] {processor.py:183} INFO - Processing /home/airflow/.local/lib/python3.8/site-packages/airflow/example_dags/example_setup_teardown.py took 0.274 seconds
[2024-01-30T19:41:55.518+0000] {processor.py:161} INFO - Started process (PID=2707) to work on /home/airflow/.local/lib/python3.8/site-packages/airflow/example_dags/example_setup_teardown.py
[2024-01-30T19:41:55.526+0000] {processor.py:830} INFO - Processing file /home/airflow/.local/lib/python3.8/site-packages/airflow/example_dags/example_setup_teardown.py for tasks to queue
[2024-01-30T19:41:55.528+0000] {logging_mixin.py:188} INFO - [2024-01-30T19:41:55.528+0000] {dagbag.py:538} INFO - Filling up the DagBag from /home/airflow/.local/lib/python3.8/site-packages/airflow/example_dags/example_setup_teardown.py
[2024-01-30T19:41:55.541+0000] {processor.py:840} INFO - DAG(s) 'example_setup_teardown' retrieved from /home/airflow/.local/lib/python3.8/site-packages/airflow/example_dags/example_setup_teardown.py
[2024-01-30T19:41:55.577+0000] {logging_mixin.py:188} INFO - [2024-01-30T19:41:55.577+0000] {dag.py:3036} INFO - Sync 1 DAGs
[2024-01-30T19:41:55.616+0000] {logging_mixin.py:188} INFO - [2024-01-30T19:41:55.616+0000] {dag.py:3823} INFO - Setting next_dagrun for example_setup_teardown to 2024-01-29 00:00:00+00:00, run_after=2024-01-30 00:00:00+00:00
[2024-01-30T19:41:55.655+0000] {processor.py:183} INFO - Processing /home/airflow/.local/lib/python3.8/site-packages/airflow/example_dags/example_setup_teardown.py took 0.143 seconds
[2024-01-30T19:42:25.851+0000] {processor.py:161} INFO - Started process (PID=2954) to work on /home/airflow/.local/lib/python3.8/site-packages/airflow/example_dags/example_setup_teardown.py
[2024-01-30T19:42:25.854+0000] {processor.py:830} INFO - Processing file /home/airflow/.local/lib/python3.8/site-packages/airflow/example_dags/example_setup_teardown.py for tasks to queue
[2024-01-30T19:42:25.858+0000] {logging_mixin.py:188} INFO - [2024-01-30T19:42:25.857+0000] {dagbag.py:538} INFO - Filling up the DagBag from /home/airflow/.local/lib/python3.8/site-packages/airflow/example_dags/example_setup_teardown.py
[2024-01-30T19:42:25.872+0000] {processor.py:840} INFO - DAG(s) 'example_setup_teardown' retrieved from /home/airflow/.local/lib/python3.8/site-packages/airflow/example_dags/example_setup_teardown.py
[2024-01-30T19:42:25.908+0000] {logging_mixin.py:188} INFO - [2024-01-30T19:42:25.907+0000] {dag.py:3036} INFO - Sync 1 DAGs
[2024-01-30T19:42:25.945+0000] {logging_mixin.py:188} INFO - [2024-01-30T19:42:25.945+0000] {dag.py:3823} INFO - Setting next_dagrun for example_setup_teardown to 2024-01-29 00:00:00+00:00, run_after=2024-01-30 00:00:00+00:00
[2024-01-30T19:42:25.978+0000] {processor.py:183} INFO - Processing /home/airflow/.local/lib/python3.8/site-packages/airflow/example_dags/example_setup_teardown.py took 0.130 seconds
[2024-01-30T19:43:27.879+0000] {processor.py:161} INFO - Started process (PID=3154) to work on /home/airflow/.local/lib/python3.8/site-packages/airflow/example_dags/example_setup_teardown.py
[2024-01-30T19:43:27.891+0000] {processor.py:830} INFO - Processing file /home/airflow/.local/lib/python3.8/site-packages/airflow/example_dags/example_setup_teardown.py for tasks to queue
[2024-01-30T19:43:27.893+0000] {logging_mixin.py:188} INFO - [2024-01-30T19:43:27.893+0000] {dagbag.py:538} INFO - Filling up the DagBag from /home/airflow/.local/lib/python3.8/site-packages/airflow/example_dags/example_setup_teardown.py
[2024-01-30T19:43:27.919+0000] {processor.py:840} INFO - DAG(s) 'example_setup_teardown' retrieved from /home/airflow/.local/lib/python3.8/site-packages/airflow/example_dags/example_setup_teardown.py
[2024-01-30T19:43:27.995+0000] {logging_mixin.py:188} INFO - [2024-01-30T19:43:27.993+0000] {dag.py:3036} INFO - Sync 1 DAGs
[2024-01-30T19:43:28.275+0000] {logging_mixin.py:188} INFO - [2024-01-30T19:43:28.273+0000] {dag.py:3823} INFO - Setting next_dagrun for example_setup_teardown to 2024-01-29 00:00:00+00:00, run_after=2024-01-30 00:00:00+00:00
[2024-01-30T19:43:28.367+0000] {processor.py:183} INFO - Processing /home/airflow/.local/lib/python3.8/site-packages/airflow/example_dags/example_setup_teardown.py took 0.494 seconds
[2024-01-30T19:44:02.340+0000] {processor.py:161} INFO - Started process (PID=3404) to work on /home/airflow/.local/lib/python3.8/site-packages/airflow/example_dags/example_setup_teardown.py
[2024-01-30T19:44:02.342+0000] {processor.py:830} INFO - Processing file /home/airflow/.local/lib/python3.8/site-packages/airflow/example_dags/example_setup_teardown.py for tasks to queue
[2024-01-30T19:44:02.345+0000] {logging_mixin.py:188} INFO - [2024-01-30T19:44:02.344+0000] {dagbag.py:538} INFO - Filling up the DagBag from /home/airflow/.local/lib/python3.8/site-packages/airflow/example_dags/example_setup_teardown.py
[2024-01-30T19:44:02.363+0000] {processor.py:840} INFO - DAG(s) 'example_setup_teardown' retrieved from /home/airflow/.local/lib/python3.8/site-packages/airflow/example_dags/example_setup_teardown.py
[2024-01-30T19:44:02.459+0000] {logging_mixin.py:188} INFO - [2024-01-30T19:44:02.459+0000] {dag.py:3036} INFO - Sync 1 DAGs
[2024-01-30T19:44:02.543+0000] {logging_mixin.py:188} INFO - [2024-01-30T19:44:02.542+0000] {dag.py:3823} INFO - Setting next_dagrun for example_setup_teardown to 2024-01-29 00:00:00+00:00, run_after=2024-01-30 00:00:00+00:00
[2024-01-30T19:44:02.603+0000] {processor.py:183} INFO - Processing /home/airflow/.local/lib/python3.8/site-packages/airflow/example_dags/example_setup_teardown.py took 0.268 seconds
[2024-01-30T19:44:55.832+0000] {processor.py:161} INFO - Started process (PID=3628) to work on /home/airflow/.local/lib/python3.8/site-packages/airflow/example_dags/example_setup_teardown.py
[2024-01-30T19:44:55.845+0000] {processor.py:830} INFO - Processing file /home/airflow/.local/lib/python3.8/site-packages/airflow/example_dags/example_setup_teardown.py for tasks to queue
[2024-01-30T19:44:55.847+0000] {logging_mixin.py:188} INFO - [2024-01-30T19:44:55.846+0000] {dagbag.py:538} INFO - Filling up the DagBag from /home/airflow/.local/lib/python3.8/site-packages/airflow/example_dags/example_setup_teardown.py
[2024-01-30T19:44:55.901+0000] {processor.py:840} INFO - DAG(s) 'example_setup_teardown' retrieved from /home/airflow/.local/lib/python3.8/site-packages/airflow/example_dags/example_setup_teardown.py
[2024-01-30T19:44:56.072+0000] {logging_mixin.py:188} INFO - [2024-01-30T19:44:56.072+0000] {dag.py:3036} INFO - Sync 1 DAGs
[2024-01-30T19:44:56.190+0000] {logging_mixin.py:188} INFO - [2024-01-30T19:44:56.189+0000] {dag.py:3823} INFO - Setting next_dagrun for example_setup_teardown to 2024-01-29 00:00:00+00:00, run_after=2024-01-30 00:00:00+00:00
[2024-01-30T19:44:56.325+0000] {processor.py:183} INFO - Processing /home/airflow/.local/lib/python3.8/site-packages/airflow/example_dags/example_setup_teardown.py took 0.502 seconds
[2024-01-30T19:45:32.974+0000] {processor.py:161} INFO - Started process (PID=3881) to work on /home/airflow/.local/lib/python3.8/site-packages/airflow/example_dags/example_setup_teardown.py
[2024-01-30T19:45:32.977+0000] {processor.py:830} INFO - Processing file /home/airflow/.local/lib/python3.8/site-packages/airflow/example_dags/example_setup_teardown.py for tasks to queue
[2024-01-30T19:45:32.980+0000] {logging_mixin.py:188} INFO - [2024-01-30T19:45:32.979+0000] {dagbag.py:538} INFO - Filling up the DagBag from /home/airflow/.local/lib/python3.8/site-packages/airflow/example_dags/example_setup_teardown.py
[2024-01-30T19:45:32.990+0000] {processor.py:840} INFO - DAG(s) 'example_setup_teardown' retrieved from /home/airflow/.local/lib/python3.8/site-packages/airflow/example_dags/example_setup_teardown.py
[2024-01-30T19:45:33.043+0000] {logging_mixin.py:188} INFO - [2024-01-30T19:45:33.042+0000] {dag.py:3036} INFO - Sync 1 DAGs
[2024-01-30T19:45:33.095+0000] {logging_mixin.py:188} INFO - [2024-01-30T19:45:33.093+0000] {dag.py:3823} INFO - Setting next_dagrun for example_setup_teardown to 2024-01-29 00:00:00+00:00, run_after=2024-01-30 00:00:00+00:00
[2024-01-30T19:45:33.159+0000] {processor.py:183} INFO - Processing /home/airflow/.local/lib/python3.8/site-packages/airflow/example_dags/example_setup_teardown.py took 0.188 seconds
