[2024-01-30T19:27:51.974+0000] {processor.py:161} INFO - Started process (PID=210) to work on /home/airflow/.local/lib/python3.8/site-packages/airflow/example_dags/example_task_group_decorator.py
[2024-01-30T19:27:51.980+0000] {processor.py:830} INFO - Processing file /home/airflow/.local/lib/python3.8/site-packages/airflow/example_dags/example_task_group_decorator.py for tasks to queue
[2024-01-30T19:27:51.993+0000] {logging_mixin.py:188} INFO - [2024-01-30T19:27:51.985+0000] {dagbag.py:538} INFO - Filling up the DagBag from /home/airflow/.local/lib/python3.8/site-packages/airflow/example_dags/example_task_group_decorator.py
[2024-01-30T19:27:52.203+0000] {processor.py:840} INFO - DAG(s) 'example_task_group_decorator' retrieved from /home/airflow/.local/lib/python3.8/site-packages/airflow/example_dags/example_task_group_decorator.py
[2024-01-30T19:27:54.098+0000] {logging_mixin.py:188} INFO - [2024-01-30T19:27:54.096+0000] {override.py:1769} INFO - Created Permission View: can edit on DAG:example_task_group_decorator
[2024-01-30T19:27:54.459+0000] {logging_mixin.py:188} INFO - [2024-01-30T19:27:54.458+0000] {override.py:1769} INFO - Created Permission View: can read on DAG:example_task_group_decorator
[2024-01-30T19:27:54.575+0000] {logging_mixin.py:188} INFO - [2024-01-30T19:27:54.568+0000] {override.py:1769} INFO - Created Permission View: can delete on DAG:example_task_group_decorator
[2024-01-30T19:27:54.603+0000] {logging_mixin.py:188} INFO - [2024-01-30T19:27:54.602+0000] {dag.py:3036} INFO - Sync 1 DAGs
[2024-01-30T19:27:54.784+0000] {logging_mixin.py:188} INFO - [2024-01-30T19:27:54.771+0000] {dag.py:3058} INFO - Creating ORM DAG for example_task_group_decorator
[2024-01-30T19:27:55.158+0000] {logging_mixin.py:188} INFO - [2024-01-30T19:27:55.156+0000] {dag.py:3823} INFO - Setting next_dagrun for example_task_group_decorator to 2024-01-29 00:00:00+00:00, run_after=2024-01-30 00:00:00+00:00
[2024-01-30T19:27:55.487+0000] {processor.py:183} INFO - Processing /home/airflow/.local/lib/python3.8/site-packages/airflow/example_dags/example_task_group_decorator.py took 3.541 seconds
[2024-01-30T19:29:27.236+0000] {processor.py:161} INFO - Started process (PID=463) to work on /home/airflow/.local/lib/python3.8/site-packages/airflow/example_dags/example_task_group_decorator.py
[2024-01-30T19:29:27.243+0000] {processor.py:830} INFO - Processing file /home/airflow/.local/lib/python3.8/site-packages/airflow/example_dags/example_task_group_decorator.py for tasks to queue
[2024-01-30T19:29:27.248+0000] {logging_mixin.py:188} INFO - [2024-01-30T19:29:27.247+0000] {dagbag.py:538} INFO - Filling up the DagBag from /home/airflow/.local/lib/python3.8/site-packages/airflow/example_dags/example_task_group_decorator.py
[2024-01-30T19:29:27.319+0000] {processor.py:840} INFO - DAG(s) 'example_task_group_decorator' retrieved from /home/airflow/.local/lib/python3.8/site-packages/airflow/example_dags/example_task_group_decorator.py
[2024-01-30T19:29:27.405+0000] {logging_mixin.py:188} INFO - [2024-01-30T19:29:27.404+0000] {dag.py:3036} INFO - Sync 1 DAGs
[2024-01-30T19:29:27.626+0000] {logging_mixin.py:188} INFO - [2024-01-30T19:29:27.625+0000] {dag.py:3823} INFO - Setting next_dagrun for example_task_group_decorator to 2024-01-29 00:00:00+00:00, run_after=2024-01-30 00:00:00+00:00
[2024-01-30T19:29:27.730+0000] {processor.py:183} INFO - Processing /home/airflow/.local/lib/python3.8/site-packages/airflow/example_dags/example_task_group_decorator.py took 0.501 seconds
[2024-01-30T19:31:47.308+0000] {processor.py:161} INFO - Started process (PID=188) to work on /home/airflow/.local/lib/python3.8/site-packages/airflow/example_dags/example_task_group_decorator.py
[2024-01-30T19:31:47.312+0000] {processor.py:830} INFO - Processing file /home/airflow/.local/lib/python3.8/site-packages/airflow/example_dags/example_task_group_decorator.py for tasks to queue
[2024-01-30T19:31:47.314+0000] {logging_mixin.py:188} INFO - [2024-01-30T19:31:47.314+0000] {dagbag.py:538} INFO - Filling up the DagBag from /home/airflow/.local/lib/python3.8/site-packages/airflow/example_dags/example_task_group_decorator.py
[2024-01-30T19:31:47.355+0000] {processor.py:840} INFO - DAG(s) 'example_task_group_decorator' retrieved from /home/airflow/.local/lib/python3.8/site-packages/airflow/example_dags/example_task_group_decorator.py
[2024-01-30T19:31:47.567+0000] {logging_mixin.py:188} INFO - [2024-01-30T19:31:47.566+0000] {dag.py:3036} INFO - Sync 1 DAGs
[2024-01-30T19:31:47.609+0000] {logging_mixin.py:188} INFO - [2024-01-30T19:31:47.609+0000] {dag.py:3823} INFO - Setting next_dagrun for example_task_group_decorator to 2024-01-29 00:00:00+00:00, run_after=2024-01-30 00:00:00+00:00
[2024-01-30T19:31:47.690+0000] {processor.py:183} INFO - Processing /home/airflow/.local/lib/python3.8/site-packages/airflow/example_dags/example_task_group_decorator.py took 0.386 seconds
[2024-01-30T19:36:36.676+0000] {processor.py:161} INFO - Started process (PID=182) to work on /home/airflow/.local/lib/python3.8/site-packages/airflow/example_dags/example_task_group_decorator.py
[2024-01-30T19:36:36.679+0000] {processor.py:830} INFO - Processing file /home/airflow/.local/lib/python3.8/site-packages/airflow/example_dags/example_task_group_decorator.py for tasks to queue
[2024-01-30T19:36:36.681+0000] {logging_mixin.py:188} INFO - [2024-01-30T19:36:36.680+0000] {dagbag.py:538} INFO - Filling up the DagBag from /home/airflow/.local/lib/python3.8/site-packages/airflow/example_dags/example_task_group_decorator.py
[2024-01-30T19:36:36.710+0000] {processor.py:840} INFO - DAG(s) 'example_task_group_decorator' retrieved from /home/airflow/.local/lib/python3.8/site-packages/airflow/example_dags/example_task_group_decorator.py
[2024-01-30T19:36:36.883+0000] {logging_mixin.py:188} INFO - [2024-01-30T19:36:36.883+0000] {dag.py:3036} INFO - Sync 1 DAGs
[2024-01-30T19:36:36.915+0000] {logging_mixin.py:188} INFO - [2024-01-30T19:36:36.914+0000] {dag.py:3823} INFO - Setting next_dagrun for example_task_group_decorator to 2024-01-29 00:00:00+00:00, run_after=2024-01-30 00:00:00+00:00
[2024-01-30T19:36:36.952+0000] {processor.py:183} INFO - Processing /home/airflow/.local/lib/python3.8/site-packages/airflow/example_dags/example_task_group_decorator.py took 0.279 seconds
[2024-01-30T19:37:07.385+0000] {processor.py:161} INFO - Started process (PID=427) to work on /home/airflow/.local/lib/python3.8/site-packages/airflow/example_dags/example_task_group_decorator.py
[2024-01-30T19:37:07.389+0000] {processor.py:830} INFO - Processing file /home/airflow/.local/lib/python3.8/site-packages/airflow/example_dags/example_task_group_decorator.py for tasks to queue
[2024-01-30T19:37:07.391+0000] {logging_mixin.py:188} INFO - [2024-01-30T19:37:07.390+0000] {dagbag.py:538} INFO - Filling up the DagBag from /home/airflow/.local/lib/python3.8/site-packages/airflow/example_dags/example_task_group_decorator.py
[2024-01-30T19:37:07.414+0000] {processor.py:840} INFO - DAG(s) 'example_task_group_decorator' retrieved from /home/airflow/.local/lib/python3.8/site-packages/airflow/example_dags/example_task_group_decorator.py
[2024-01-30T19:37:07.454+0000] {logging_mixin.py:188} INFO - [2024-01-30T19:37:07.453+0000] {dag.py:3036} INFO - Sync 1 DAGs
[2024-01-30T19:37:07.488+0000] {logging_mixin.py:188} INFO - [2024-01-30T19:37:07.488+0000] {dag.py:3823} INFO - Setting next_dagrun for example_task_group_decorator to 2024-01-29 00:00:00+00:00, run_after=2024-01-30 00:00:00+00:00
[2024-01-30T19:37:07.522+0000] {processor.py:183} INFO - Processing /home/airflow/.local/lib/python3.8/site-packages/airflow/example_dags/example_task_group_decorator.py took 0.142 seconds
[2024-01-30T19:37:38.398+0000] {processor.py:161} INFO - Started process (PID=676) to work on /home/airflow/.local/lib/python3.8/site-packages/airflow/example_dags/example_task_group_decorator.py
[2024-01-30T19:37:38.400+0000] {processor.py:830} INFO - Processing file /home/airflow/.local/lib/python3.8/site-packages/airflow/example_dags/example_task_group_decorator.py for tasks to queue
[2024-01-30T19:37:38.401+0000] {logging_mixin.py:188} INFO - [2024-01-30T19:37:38.401+0000] {dagbag.py:538} INFO - Filling up the DagBag from /home/airflow/.local/lib/python3.8/site-packages/airflow/example_dags/example_task_group_decorator.py
[2024-01-30T19:37:38.424+0000] {processor.py:840} INFO - DAG(s) 'example_task_group_decorator' retrieved from /home/airflow/.local/lib/python3.8/site-packages/airflow/example_dags/example_task_group_decorator.py
[2024-01-30T19:37:38.440+0000] {logging_mixin.py:188} INFO - [2024-01-30T19:37:38.439+0000] {dag.py:3036} INFO - Sync 1 DAGs
[2024-01-30T19:37:38.497+0000] {logging_mixin.py:188} INFO - [2024-01-30T19:37:38.495+0000] {dag.py:3823} INFO - Setting next_dagrun for example_task_group_decorator to 2024-01-29 00:00:00+00:00, run_after=2024-01-30 00:00:00+00:00
[2024-01-30T19:37:38.541+0000] {processor.py:183} INFO - Processing /home/airflow/.local/lib/python3.8/site-packages/airflow/example_dags/example_task_group_decorator.py took 0.147 seconds
[2024-01-30T19:38:09.286+0000] {processor.py:161} INFO - Started process (PID=922) to work on /home/airflow/.local/lib/python3.8/site-packages/airflow/example_dags/example_task_group_decorator.py
[2024-01-30T19:38:09.291+0000] {processor.py:830} INFO - Processing file /home/airflow/.local/lib/python3.8/site-packages/airflow/example_dags/example_task_group_decorator.py for tasks to queue
[2024-01-30T19:38:09.293+0000] {logging_mixin.py:188} INFO - [2024-01-30T19:38:09.293+0000] {dagbag.py:538} INFO - Filling up the DagBag from /home/airflow/.local/lib/python3.8/site-packages/airflow/example_dags/example_task_group_decorator.py
[2024-01-30T19:38:09.322+0000] {processor.py:840} INFO - DAG(s) 'example_task_group_decorator' retrieved from /home/airflow/.local/lib/python3.8/site-packages/airflow/example_dags/example_task_group_decorator.py
[2024-01-30T19:38:09.592+0000] {logging_mixin.py:188} INFO - [2024-01-30T19:38:09.592+0000] {dag.py:3036} INFO - Sync 1 DAGs
[2024-01-30T19:38:09.634+0000] {logging_mixin.py:188} INFO - [2024-01-30T19:38:09.634+0000] {dag.py:3823} INFO - Setting next_dagrun for example_task_group_decorator to 2024-01-29 00:00:00+00:00, run_after=2024-01-30 00:00:00+00:00
[2024-01-30T19:38:09.702+0000] {processor.py:183} INFO - Processing /home/airflow/.local/lib/python3.8/site-packages/airflow/example_dags/example_task_group_decorator.py took 0.420 seconds
[2024-01-30T19:38:39.792+0000] {processor.py:161} INFO - Started process (PID=1169) to work on /home/airflow/.local/lib/python3.8/site-packages/airflow/example_dags/example_task_group_decorator.py
[2024-01-30T19:38:39.793+0000] {processor.py:830} INFO - Processing file /home/airflow/.local/lib/python3.8/site-packages/airflow/example_dags/example_task_group_decorator.py for tasks to queue
[2024-01-30T19:38:39.795+0000] {logging_mixin.py:188} INFO - [2024-01-30T19:38:39.795+0000] {dagbag.py:538} INFO - Filling up the DagBag from /home/airflow/.local/lib/python3.8/site-packages/airflow/example_dags/example_task_group_decorator.py
[2024-01-30T19:38:39.814+0000] {processor.py:840} INFO - DAG(s) 'example_task_group_decorator' retrieved from /home/airflow/.local/lib/python3.8/site-packages/airflow/example_dags/example_task_group_decorator.py
[2024-01-30T19:38:39.849+0000] {logging_mixin.py:188} INFO - [2024-01-30T19:38:39.849+0000] {dag.py:3036} INFO - Sync 1 DAGs
[2024-01-30T19:38:39.882+0000] {logging_mixin.py:188} INFO - [2024-01-30T19:38:39.881+0000] {dag.py:3823} INFO - Setting next_dagrun for example_task_group_decorator to 2024-01-29 00:00:00+00:00, run_after=2024-01-30 00:00:00+00:00
[2024-01-30T19:38:39.912+0000] {processor.py:183} INFO - Processing /home/airflow/.local/lib/python3.8/site-packages/airflow/example_dags/example_task_group_decorator.py took 0.124 seconds
[2024-01-30T19:39:10.380+0000] {processor.py:161} INFO - Started process (PID=1419) to work on /home/airflow/.local/lib/python3.8/site-packages/airflow/example_dags/example_task_group_decorator.py
[2024-01-30T19:39:10.384+0000] {processor.py:830} INFO - Processing file /home/airflow/.local/lib/python3.8/site-packages/airflow/example_dags/example_task_group_decorator.py for tasks to queue
[2024-01-30T19:39:10.386+0000] {logging_mixin.py:188} INFO - [2024-01-30T19:39:10.385+0000] {dagbag.py:538} INFO - Filling up the DagBag from /home/airflow/.local/lib/python3.8/site-packages/airflow/example_dags/example_task_group_decorator.py
[2024-01-30T19:39:10.404+0000] {processor.py:840} INFO - DAG(s) 'example_task_group_decorator' retrieved from /home/airflow/.local/lib/python3.8/site-packages/airflow/example_dags/example_task_group_decorator.py
[2024-01-30T19:39:10.437+0000] {logging_mixin.py:188} INFO - [2024-01-30T19:39:10.436+0000] {dag.py:3036} INFO - Sync 1 DAGs
[2024-01-30T19:39:10.468+0000] {logging_mixin.py:188} INFO - [2024-01-30T19:39:10.468+0000] {dag.py:3823} INFO - Setting next_dagrun for example_task_group_decorator to 2024-01-29 00:00:00+00:00, run_after=2024-01-30 00:00:00+00:00
[2024-01-30T19:39:10.500+0000] {processor.py:183} INFO - Processing /home/airflow/.local/lib/python3.8/site-packages/airflow/example_dags/example_task_group_decorator.py took 0.125 seconds
[2024-01-30T19:39:41.420+0000] {processor.py:161} INFO - Started process (PID=1667) to work on /home/airflow/.local/lib/python3.8/site-packages/airflow/example_dags/example_task_group_decorator.py
[2024-01-30T19:39:41.422+0000] {processor.py:830} INFO - Processing file /home/airflow/.local/lib/python3.8/site-packages/airflow/example_dags/example_task_group_decorator.py for tasks to queue
[2024-01-30T19:39:41.424+0000] {logging_mixin.py:188} INFO - [2024-01-30T19:39:41.424+0000] {dagbag.py:538} INFO - Filling up the DagBag from /home/airflow/.local/lib/python3.8/site-packages/airflow/example_dags/example_task_group_decorator.py
[2024-01-30T19:39:41.474+0000] {processor.py:840} INFO - DAG(s) 'example_task_group_decorator' retrieved from /home/airflow/.local/lib/python3.8/site-packages/airflow/example_dags/example_task_group_decorator.py
[2024-01-30T19:39:41.535+0000] {logging_mixin.py:188} INFO - [2024-01-30T19:39:41.535+0000] {dag.py:3036} INFO - Sync 1 DAGs
[2024-01-30T19:39:41.596+0000] {logging_mixin.py:188} INFO - [2024-01-30T19:39:41.596+0000] {dag.py:3823} INFO - Setting next_dagrun for example_task_group_decorator to 2024-01-29 00:00:00+00:00, run_after=2024-01-30 00:00:00+00:00
[2024-01-30T19:39:41.660+0000] {processor.py:183} INFO - Processing /home/airflow/.local/lib/python3.8/site-packages/airflow/example_dags/example_task_group_decorator.py took 0.244 seconds
[2024-01-30T19:40:13.481+0000] {processor.py:161} INFO - Started process (PID=1913) to work on /home/airflow/.local/lib/python3.8/site-packages/airflow/example_dags/example_task_group_decorator.py
[2024-01-30T19:40:13.487+0000] {processor.py:830} INFO - Processing file /home/airflow/.local/lib/python3.8/site-packages/airflow/example_dags/example_task_group_decorator.py for tasks to queue
[2024-01-30T19:40:13.495+0000] {logging_mixin.py:188} INFO - [2024-01-30T19:40:13.494+0000] {dagbag.py:538} INFO - Filling up the DagBag from /home/airflow/.local/lib/python3.8/site-packages/airflow/example_dags/example_task_group_decorator.py
[2024-01-30T19:40:13.638+0000] {processor.py:840} INFO - DAG(s) 'example_task_group_decorator' retrieved from /home/airflow/.local/lib/python3.8/site-packages/airflow/example_dags/example_task_group_decorator.py
[2024-01-30T19:40:13.853+0000] {logging_mixin.py:188} INFO - [2024-01-30T19:40:13.844+0000] {dag.py:3036} INFO - Sync 1 DAGs
[2024-01-30T19:40:14.170+0000] {logging_mixin.py:188} INFO - [2024-01-30T19:40:14.169+0000] {dag.py:3823} INFO - Setting next_dagrun for example_task_group_decorator to 2024-01-29 00:00:00+00:00, run_after=2024-01-30 00:00:00+00:00
[2024-01-30T19:40:14.448+0000] {processor.py:183} INFO - Processing /home/airflow/.local/lib/python3.8/site-packages/airflow/example_dags/example_task_group_decorator.py took 0.972 seconds
[2024-01-30T19:40:45.177+0000] {processor.py:161} INFO - Started process (PID=2157) to work on /home/airflow/.local/lib/python3.8/site-packages/airflow/example_dags/example_task_group_decorator.py
[2024-01-30T19:40:45.179+0000] {processor.py:830} INFO - Processing file /home/airflow/.local/lib/python3.8/site-packages/airflow/example_dags/example_task_group_decorator.py for tasks to queue
[2024-01-30T19:40:45.181+0000] {logging_mixin.py:188} INFO - [2024-01-30T19:40:45.180+0000] {dagbag.py:538} INFO - Filling up the DagBag from /home/airflow/.local/lib/python3.8/site-packages/airflow/example_dags/example_task_group_decorator.py
[2024-01-30T19:40:45.209+0000] {processor.py:840} INFO - DAG(s) 'example_task_group_decorator' retrieved from /home/airflow/.local/lib/python3.8/site-packages/airflow/example_dags/example_task_group_decorator.py
[2024-01-30T19:40:45.254+0000] {logging_mixin.py:188} INFO - [2024-01-30T19:40:45.253+0000] {dag.py:3036} INFO - Sync 1 DAGs
[2024-01-30T19:40:45.298+0000] {logging_mixin.py:188} INFO - [2024-01-30T19:40:45.297+0000] {dag.py:3823} INFO - Setting next_dagrun for example_task_group_decorator to 2024-01-29 00:00:00+00:00, run_after=2024-01-30 00:00:00+00:00
[2024-01-30T19:40:45.359+0000] {processor.py:183} INFO - Processing /home/airflow/.local/lib/python3.8/site-packages/airflow/example_dags/example_task_group_decorator.py took 0.186 seconds
[2024-01-30T19:41:16.014+0000] {processor.py:161} INFO - Started process (PID=2404) to work on /home/airflow/.local/lib/python3.8/site-packages/airflow/example_dags/example_task_group_decorator.py
[2024-01-30T19:41:16.018+0000] {processor.py:830} INFO - Processing file /home/airflow/.local/lib/python3.8/site-packages/airflow/example_dags/example_task_group_decorator.py for tasks to queue
[2024-01-30T19:41:16.029+0000] {logging_mixin.py:188} INFO - [2024-01-30T19:41:16.028+0000] {dagbag.py:538} INFO - Filling up the DagBag from /home/airflow/.local/lib/python3.8/site-packages/airflow/example_dags/example_task_group_decorator.py
[2024-01-30T19:41:16.097+0000] {processor.py:840} INFO - DAG(s) 'example_task_group_decorator' retrieved from /home/airflow/.local/lib/python3.8/site-packages/airflow/example_dags/example_task_group_decorator.py
[2024-01-30T19:41:16.189+0000] {logging_mixin.py:188} INFO - [2024-01-30T19:41:16.189+0000] {dag.py:3036} INFO - Sync 1 DAGs
[2024-01-30T19:41:16.274+0000] {logging_mixin.py:188} INFO - [2024-01-30T19:41:16.274+0000] {dag.py:3823} INFO - Setting next_dagrun for example_task_group_decorator to 2024-01-29 00:00:00+00:00, run_after=2024-01-30 00:00:00+00:00
[2024-01-30T19:41:16.348+0000] {processor.py:183} INFO - Processing /home/airflow/.local/lib/python3.8/site-packages/airflow/example_dags/example_task_group_decorator.py took 0.338 seconds
[2024-01-30T19:41:46.458+0000] {processor.py:161} INFO - Started process (PID=2651) to work on /home/airflow/.local/lib/python3.8/site-packages/airflow/example_dags/example_task_group_decorator.py
[2024-01-30T19:41:46.460+0000] {processor.py:830} INFO - Processing file /home/airflow/.local/lib/python3.8/site-packages/airflow/example_dags/example_task_group_decorator.py for tasks to queue
[2024-01-30T19:41:46.463+0000] {logging_mixin.py:188} INFO - [2024-01-30T19:41:46.462+0000] {dagbag.py:538} INFO - Filling up the DagBag from /home/airflow/.local/lib/python3.8/site-packages/airflow/example_dags/example_task_group_decorator.py
[2024-01-30T19:41:46.483+0000] {processor.py:840} INFO - DAG(s) 'example_task_group_decorator' retrieved from /home/airflow/.local/lib/python3.8/site-packages/airflow/example_dags/example_task_group_decorator.py
[2024-01-30T19:41:46.517+0000] {logging_mixin.py:188} INFO - [2024-01-30T19:41:46.517+0000] {dag.py:3036} INFO - Sync 1 DAGs
[2024-01-30T19:41:46.551+0000] {logging_mixin.py:188} INFO - [2024-01-30T19:41:46.550+0000] {dag.py:3823} INFO - Setting next_dagrun for example_task_group_decorator to 2024-01-29 00:00:00+00:00, run_after=2024-01-30 00:00:00+00:00
[2024-01-30T19:41:46.590+0000] {processor.py:183} INFO - Processing /home/airflow/.local/lib/python3.8/site-packages/airflow/example_dags/example_task_group_decorator.py took 0.135 seconds
[2024-01-30T19:42:16.825+0000] {processor.py:161} INFO - Started process (PID=2896) to work on /home/airflow/.local/lib/python3.8/site-packages/airflow/example_dags/example_task_group_decorator.py
[2024-01-30T19:42:16.838+0000] {processor.py:830} INFO - Processing file /home/airflow/.local/lib/python3.8/site-packages/airflow/example_dags/example_task_group_decorator.py for tasks to queue
[2024-01-30T19:42:16.840+0000] {logging_mixin.py:188} INFO - [2024-01-30T19:42:16.840+0000] {dagbag.py:538} INFO - Filling up the DagBag from /home/airflow/.local/lib/python3.8/site-packages/airflow/example_dags/example_task_group_decorator.py
[2024-01-30T19:42:16.904+0000] {processor.py:840} INFO - DAG(s) 'example_task_group_decorator' retrieved from /home/airflow/.local/lib/python3.8/site-packages/airflow/example_dags/example_task_group_decorator.py
[2024-01-30T19:42:17.036+0000] {logging_mixin.py:188} INFO - [2024-01-30T19:42:17.036+0000] {dag.py:3036} INFO - Sync 1 DAGs
[2024-01-30T19:42:17.229+0000] {logging_mixin.py:188} INFO - [2024-01-30T19:42:17.225+0000] {dag.py:3823} INFO - Setting next_dagrun for example_task_group_decorator to 2024-01-29 00:00:00+00:00, run_after=2024-01-30 00:00:00+00:00
[2024-01-30T19:42:17.395+0000] {processor.py:183} INFO - Processing /home/airflow/.local/lib/python3.8/site-packages/airflow/example_dags/example_task_group_decorator.py took 0.575 seconds
[2024-01-30T19:43:21.624+0000] {processor.py:161} INFO - Started process (PID=3105) to work on /home/airflow/.local/lib/python3.8/site-packages/airflow/example_dags/example_task_group_decorator.py
[2024-01-30T19:43:21.657+0000] {processor.py:830} INFO - Processing file /home/airflow/.local/lib/python3.8/site-packages/airflow/example_dags/example_task_group_decorator.py for tasks to queue
[2024-01-30T19:43:21.671+0000] {logging_mixin.py:188} INFO - [2024-01-30T19:43:21.670+0000] {dagbag.py:538} INFO - Filling up the DagBag from /home/airflow/.local/lib/python3.8/site-packages/airflow/example_dags/example_task_group_decorator.py
[2024-01-30T19:43:21.864+0000] {processor.py:840} INFO - DAG(s) 'example_task_group_decorator' retrieved from /home/airflow/.local/lib/python3.8/site-packages/airflow/example_dags/example_task_group_decorator.py
[2024-01-30T19:43:22.287+0000] {logging_mixin.py:188} INFO - [2024-01-30T19:43:22.286+0000] {dag.py:3036} INFO - Sync 1 DAGs
[2024-01-30T19:43:22.601+0000] {logging_mixin.py:188} INFO - [2024-01-30T19:43:22.597+0000] {dag.py:3823} INFO - Setting next_dagrun for example_task_group_decorator to 2024-01-29 00:00:00+00:00, run_after=2024-01-30 00:00:00+00:00
[2024-01-30T19:43:22.762+0000] {processor.py:183} INFO - Processing /home/airflow/.local/lib/python3.8/site-packages/airflow/example_dags/example_task_group_decorator.py took 1.196 seconds
[2024-01-30T19:43:59.973+0000] {processor.py:161} INFO - Started process (PID=3353) to work on /home/airflow/.local/lib/python3.8/site-packages/airflow/example_dags/example_task_group_decorator.py
[2024-01-30T19:43:59.975+0000] {processor.py:830} INFO - Processing file /home/airflow/.local/lib/python3.8/site-packages/airflow/example_dags/example_task_group_decorator.py for tasks to queue
[2024-01-30T19:43:59.977+0000] {logging_mixin.py:188} INFO - [2024-01-30T19:43:59.976+0000] {dagbag.py:538} INFO - Filling up the DagBag from /home/airflow/.local/lib/python3.8/site-packages/airflow/example_dags/example_task_group_decorator.py
[2024-01-30T19:44:00.008+0000] {processor.py:840} INFO - DAG(s) 'example_task_group_decorator' retrieved from /home/airflow/.local/lib/python3.8/site-packages/airflow/example_dags/example_task_group_decorator.py
[2024-01-30T19:44:00.053+0000] {logging_mixin.py:188} INFO - [2024-01-30T19:44:00.053+0000] {dag.py:3036} INFO - Sync 1 DAGs
[2024-01-30T19:44:00.094+0000] {logging_mixin.py:188} INFO - [2024-01-30T19:44:00.094+0000] {dag.py:3823} INFO - Setting next_dagrun for example_task_group_decorator to 2024-01-29 00:00:00+00:00, run_after=2024-01-30 00:00:00+00:00
[2024-01-30T19:44:00.138+0000] {processor.py:183} INFO - Processing /home/airflow/.local/lib/python3.8/site-packages/airflow/example_dags/example_task_group_decorator.py took 0.170 seconds
[2024-01-30T19:44:35.390+0000] {processor.py:161} INFO - Started process (PID=3561) to work on /home/airflow/.local/lib/python3.8/site-packages/airflow/example_dags/example_task_group_decorator.py
[2024-01-30T19:44:35.638+0000] {processor.py:830} INFO - Processing file /home/airflow/.local/lib/python3.8/site-packages/airflow/example_dags/example_task_group_decorator.py for tasks to queue
[2024-01-30T19:44:35.768+0000] {logging_mixin.py:188} INFO - [2024-01-30T19:44:35.715+0000] {dagbag.py:538} INFO - Filling up the DagBag from /home/airflow/.local/lib/python3.8/site-packages/airflow/example_dags/example_task_group_decorator.py
[2024-01-30T19:44:36.460+0000] {processor.py:840} INFO - DAG(s) 'example_task_group_decorator' retrieved from /home/airflow/.local/lib/python3.8/site-packages/airflow/example_dags/example_task_group_decorator.py
[2024-01-30T19:44:38.070+0000] {logging_mixin.py:188} INFO - [2024-01-30T19:44:38.069+0000] {dag.py:3036} INFO - Sync 1 DAGs
[2024-01-30T19:44:39.276+0000] {logging_mixin.py:188} INFO - [2024-01-30T19:44:39.274+0000] {dag.py:3823} INFO - Setting next_dagrun for example_task_group_decorator to 2024-01-29 00:00:00+00:00, run_after=2024-01-30 00:00:00+00:00
[2024-01-30T19:44:39.965+0000] {processor.py:183} INFO - Processing /home/airflow/.local/lib/python3.8/site-packages/airflow/example_dags/example_task_group_decorator.py took 4.716 seconds
[2024-01-30T19:45:20.278+0000] {processor.py:161} INFO - Started process (PID=3802) to work on /home/airflow/.local/lib/python3.8/site-packages/airflow/example_dags/example_task_group_decorator.py
[2024-01-30T19:45:20.281+0000] {processor.py:830} INFO - Processing file /home/airflow/.local/lib/python3.8/site-packages/airflow/example_dags/example_task_group_decorator.py for tasks to queue
[2024-01-30T19:45:20.293+0000] {logging_mixin.py:188} INFO - [2024-01-30T19:45:20.292+0000] {dagbag.py:538} INFO - Filling up the DagBag from /home/airflow/.local/lib/python3.8/site-packages/airflow/example_dags/example_task_group_decorator.py
[2024-01-30T19:45:20.350+0000] {processor.py:840} INFO - DAG(s) 'example_task_group_decorator' retrieved from /home/airflow/.local/lib/python3.8/site-packages/airflow/example_dags/example_task_group_decorator.py
[2024-01-30T19:45:20.455+0000] {logging_mixin.py:188} INFO - [2024-01-30T19:45:20.455+0000] {dag.py:3036} INFO - Sync 1 DAGs
[2024-01-30T19:45:20.571+0000] {logging_mixin.py:188} INFO - [2024-01-30T19:45:20.571+0000] {dag.py:3823} INFO - Setting next_dagrun for example_task_group_decorator to 2024-01-29 00:00:00+00:00, run_after=2024-01-30 00:00:00+00:00
[2024-01-30T19:45:20.750+0000] {processor.py:183} INFO - Processing /home/airflow/.local/lib/python3.8/site-packages/airflow/example_dags/example_task_group_decorator.py took 0.479 seconds
