[2024-01-30T19:29:23.133+0000] {processor.py:161} INFO - Started process (PID=408) to work on /home/airflow/.local/lib/python3.8/site-packages/airflow/example_dags/example_complex.py
[2024-01-30T19:29:23.164+0000] {processor.py:830} INFO - Processing file /home/airflow/.local/lib/python3.8/site-packages/airflow/example_dags/example_complex.py for tasks to queue
[2024-01-30T19:29:23.166+0000] {logging_mixin.py:188} INFO - [2024-01-30T19:29:23.165+0000] {dagbag.py:538} INFO - Filling up the DagBag from /home/airflow/.local/lib/python3.8/site-packages/airflow/example_dags/example_complex.py
[2024-01-30T19:29:23.297+0000] {processor.py:840} INFO - DAG(s) 'example_complex' retrieved from /home/airflow/.local/lib/python3.8/site-packages/airflow/example_dags/example_complex.py
[2024-01-30T19:29:23.730+0000] {logging_mixin.py:188} INFO - [2024-01-30T19:29:23.729+0000] {override.py:1769} INFO - Created Permission View: can edit on DAG:example_complex
[2024-01-30T19:29:23.765+0000] {logging_mixin.py:188} INFO - [2024-01-30T19:29:23.764+0000] {override.py:1769} INFO - Created Permission View: can read on DAG:example_complex
[2024-01-30T19:29:23.795+0000] {logging_mixin.py:188} INFO - [2024-01-30T19:29:23.794+0000] {override.py:1769} INFO - Created Permission View: can delete on DAG:example_complex
[2024-01-30T19:29:23.797+0000] {logging_mixin.py:188} INFO - [2024-01-30T19:29:23.796+0000] {dag.py:3036} INFO - Sync 1 DAGs
[2024-01-30T19:29:23.914+0000] {logging_mixin.py:188} INFO - [2024-01-30T19:29:23.914+0000] {dag.py:3058} INFO - Creating ORM DAG for example_complex
[2024-01-30T19:29:23.919+0000] {logging_mixin.py:188} INFO - [2024-01-30T19:29:23.919+0000] {dag.py:3823} INFO - Setting next_dagrun for example_complex to None, run_after=None
[2024-01-30T19:29:24.046+0000] {processor.py:183} INFO - Processing /home/airflow/.local/lib/python3.8/site-packages/airflow/example_dags/example_complex.py took 1.051 seconds
[2024-01-30T19:36:45.310+0000] {processor.py:161} INFO - Started process (PID=365) to work on /home/airflow/.local/lib/python3.8/site-packages/airflow/example_dags/example_complex.py
[2024-01-30T19:36:45.311+0000] {processor.py:830} INFO - Processing file /home/airflow/.local/lib/python3.8/site-packages/airflow/example_dags/example_complex.py for tasks to queue
[2024-01-30T19:36:45.313+0000] {logging_mixin.py:188} INFO - [2024-01-30T19:36:45.312+0000] {dagbag.py:538} INFO - Filling up the DagBag from /home/airflow/.local/lib/python3.8/site-packages/airflow/example_dags/example_complex.py
[2024-01-30T19:36:45.334+0000] {processor.py:840} INFO - DAG(s) 'example_complex' retrieved from /home/airflow/.local/lib/python3.8/site-packages/airflow/example_dags/example_complex.py
[2024-01-30T19:36:45.510+0000] {logging_mixin.py:188} INFO - [2024-01-30T19:36:45.509+0000] {dag.py:3036} INFO - Sync 1 DAGs
[2024-01-30T19:36:45.530+0000] {logging_mixin.py:188} INFO - [2024-01-30T19:36:45.530+0000] {dag.py:3823} INFO - Setting next_dagrun for example_complex to None, run_after=None
[2024-01-30T19:36:45.567+0000] {processor.py:183} INFO - Processing /home/airflow/.local/lib/python3.8/site-packages/airflow/example_dags/example_complex.py took 0.264 seconds
[2024-01-30T19:37:16.509+0000] {processor.py:161} INFO - Started process (PID=612) to work on /home/airflow/.local/lib/python3.8/site-packages/airflow/example_dags/example_complex.py
[2024-01-30T19:37:16.512+0000] {processor.py:830} INFO - Processing file /home/airflow/.local/lib/python3.8/site-packages/airflow/example_dags/example_complex.py for tasks to queue
[2024-01-30T19:37:16.514+0000] {logging_mixin.py:188} INFO - [2024-01-30T19:37:16.514+0000] {dagbag.py:538} INFO - Filling up the DagBag from /home/airflow/.local/lib/python3.8/site-packages/airflow/example_dags/example_complex.py
[2024-01-30T19:37:16.537+0000] {processor.py:840} INFO - DAG(s) 'example_complex' retrieved from /home/airflow/.local/lib/python3.8/site-packages/airflow/example_dags/example_complex.py
[2024-01-30T19:37:16.615+0000] {logging_mixin.py:188} INFO - [2024-01-30T19:37:16.615+0000] {dag.py:3036} INFO - Sync 1 DAGs
[2024-01-30T19:37:16.665+0000] {logging_mixin.py:188} INFO - [2024-01-30T19:37:16.664+0000] {dag.py:3823} INFO - Setting next_dagrun for example_complex to None, run_after=None
[2024-01-30T19:37:16.713+0000] {processor.py:183} INFO - Processing /home/airflow/.local/lib/python3.8/site-packages/airflow/example_dags/example_complex.py took 0.209 seconds
[2024-01-30T19:37:48.506+0000] {processor.py:161} INFO - Started process (PID=854) to work on /home/airflow/.local/lib/python3.8/site-packages/airflow/example_dags/example_complex.py
[2024-01-30T19:37:48.510+0000] {processor.py:830} INFO - Processing file /home/airflow/.local/lib/python3.8/site-packages/airflow/example_dags/example_complex.py for tasks to queue
[2024-01-30T19:37:48.518+0000] {logging_mixin.py:188} INFO - [2024-01-30T19:37:48.518+0000] {dagbag.py:538} INFO - Filling up the DagBag from /home/airflow/.local/lib/python3.8/site-packages/airflow/example_dags/example_complex.py
[2024-01-30T19:37:48.569+0000] {processor.py:840} INFO - DAG(s) 'example_complex' retrieved from /home/airflow/.local/lib/python3.8/site-packages/airflow/example_dags/example_complex.py
[2024-01-30T19:37:48.614+0000] {logging_mixin.py:188} INFO - [2024-01-30T19:37:48.613+0000] {dag.py:3036} INFO - Sync 1 DAGs
[2024-01-30T19:37:48.660+0000] {logging_mixin.py:188} INFO - [2024-01-30T19:37:48.660+0000] {dag.py:3823} INFO - Setting next_dagrun for example_complex to None, run_after=None
[2024-01-30T19:37:48.739+0000] {processor.py:183} INFO - Processing /home/airflow/.local/lib/python3.8/site-packages/airflow/example_dags/example_complex.py took 0.238 seconds
[2024-01-30T19:38:25.513+0000] {processor.py:161} INFO - Started process (PID=1106) to work on /home/airflow/.local/lib/python3.8/site-packages/airflow/example_dags/example_complex.py
[2024-01-30T19:38:25.515+0000] {processor.py:830} INFO - Processing file /home/airflow/.local/lib/python3.8/site-packages/airflow/example_dags/example_complex.py for tasks to queue
[2024-01-30T19:38:25.517+0000] {logging_mixin.py:188} INFO - [2024-01-30T19:38:25.517+0000] {dagbag.py:538} INFO - Filling up the DagBag from /home/airflow/.local/lib/python3.8/site-packages/airflow/example_dags/example_complex.py
[2024-01-30T19:38:25.532+0000] {processor.py:840} INFO - DAG(s) 'example_complex' retrieved from /home/airflow/.local/lib/python3.8/site-packages/airflow/example_dags/example_complex.py
[2024-01-30T19:38:25.777+0000] {logging_mixin.py:188} INFO - [2024-01-30T19:38:25.776+0000] {dag.py:3036} INFO - Sync 1 DAGs
[2024-01-30T19:38:25.810+0000] {logging_mixin.py:188} INFO - [2024-01-30T19:38:25.810+0000] {dag.py:3823} INFO - Setting next_dagrun for example_complex to None, run_after=None
[2024-01-30T19:38:25.848+0000] {processor.py:183} INFO - Processing /home/airflow/.local/lib/python3.8/site-packages/airflow/example_dags/example_complex.py took 0.339 seconds
[2024-01-30T19:38:56.260+0000] {processor.py:161} INFO - Started process (PID=1352) to work on /home/airflow/.local/lib/python3.8/site-packages/airflow/example_dags/example_complex.py
[2024-01-30T19:38:56.264+0000] {processor.py:830} INFO - Processing file /home/airflow/.local/lib/python3.8/site-packages/airflow/example_dags/example_complex.py for tasks to queue
[2024-01-30T19:38:56.267+0000] {logging_mixin.py:188} INFO - [2024-01-30T19:38:56.266+0000] {dagbag.py:538} INFO - Filling up the DagBag from /home/airflow/.local/lib/python3.8/site-packages/airflow/example_dags/example_complex.py
[2024-01-30T19:38:56.289+0000] {processor.py:840} INFO - DAG(s) 'example_complex' retrieved from /home/airflow/.local/lib/python3.8/site-packages/airflow/example_dags/example_complex.py
[2024-01-30T19:38:56.354+0000] {logging_mixin.py:188} INFO - [2024-01-30T19:38:56.354+0000] {dag.py:3036} INFO - Sync 1 DAGs
[2024-01-30T19:38:56.376+0000] {logging_mixin.py:188} INFO - [2024-01-30T19:38:56.376+0000] {dag.py:3823} INFO - Setting next_dagrun for example_complex to None, run_after=None
[2024-01-30T19:38:56.426+0000] {processor.py:183} INFO - Processing /home/airflow/.local/lib/python3.8/site-packages/airflow/example_dags/example_complex.py took 0.170 seconds
[2024-01-30T19:39:27.021+0000] {processor.py:161} INFO - Started process (PID=1605) to work on /home/airflow/.local/lib/python3.8/site-packages/airflow/example_dags/example_complex.py
[2024-01-30T19:39:27.023+0000] {processor.py:830} INFO - Processing file /home/airflow/.local/lib/python3.8/site-packages/airflow/example_dags/example_complex.py for tasks to queue
[2024-01-30T19:39:27.026+0000] {logging_mixin.py:188} INFO - [2024-01-30T19:39:27.025+0000] {dagbag.py:538} INFO - Filling up the DagBag from /home/airflow/.local/lib/python3.8/site-packages/airflow/example_dags/example_complex.py
[2024-01-30T19:39:27.045+0000] {processor.py:840} INFO - DAG(s) 'example_complex' retrieved from /home/airflow/.local/lib/python3.8/site-packages/airflow/example_dags/example_complex.py
[2024-01-30T19:39:27.094+0000] {logging_mixin.py:188} INFO - [2024-01-30T19:39:27.093+0000] {dag.py:3036} INFO - Sync 1 DAGs
[2024-01-30T19:39:27.111+0000] {logging_mixin.py:188} INFO - [2024-01-30T19:39:27.111+0000] {dag.py:3823} INFO - Setting next_dagrun for example_complex to None, run_after=None
[2024-01-30T19:39:27.144+0000] {processor.py:183} INFO - Processing /home/airflow/.local/lib/python3.8/site-packages/airflow/example_dags/example_complex.py took 0.128 seconds
[2024-01-30T19:39:58.310+0000] {processor.py:161} INFO - Started process (PID=1852) to work on /home/airflow/.local/lib/python3.8/site-packages/airflow/example_dags/example_complex.py
[2024-01-30T19:39:58.313+0000] {processor.py:830} INFO - Processing file /home/airflow/.local/lib/python3.8/site-packages/airflow/example_dags/example_complex.py for tasks to queue
[2024-01-30T19:39:58.316+0000] {logging_mixin.py:188} INFO - [2024-01-30T19:39:58.315+0000] {dagbag.py:538} INFO - Filling up the DagBag from /home/airflow/.local/lib/python3.8/site-packages/airflow/example_dags/example_complex.py
[2024-01-30T19:39:58.347+0000] {processor.py:840} INFO - DAG(s) 'example_complex' retrieved from /home/airflow/.local/lib/python3.8/site-packages/airflow/example_dags/example_complex.py
[2024-01-30T19:39:58.423+0000] {logging_mixin.py:188} INFO - [2024-01-30T19:39:58.423+0000] {dag.py:3036} INFO - Sync 1 DAGs
[2024-01-30T19:39:58.454+0000] {logging_mixin.py:188} INFO - [2024-01-30T19:39:58.454+0000] {dag.py:3823} INFO - Setting next_dagrun for example_complex to None, run_after=None
[2024-01-30T19:39:58.546+0000] {processor.py:183} INFO - Processing /home/airflow/.local/lib/python3.8/site-packages/airflow/example_dags/example_complex.py took 0.241 seconds
[2024-01-30T19:40:31.575+0000] {processor.py:161} INFO - Started process (PID=2100) to work on /home/airflow/.local/lib/python3.8/site-packages/airflow/example_dags/example_complex.py
[2024-01-30T19:40:31.578+0000] {processor.py:830} INFO - Processing file /home/airflow/.local/lib/python3.8/site-packages/airflow/example_dags/example_complex.py for tasks to queue
[2024-01-30T19:40:31.586+0000] {logging_mixin.py:188} INFO - [2024-01-30T19:40:31.586+0000] {dagbag.py:538} INFO - Filling up the DagBag from /home/airflow/.local/lib/python3.8/site-packages/airflow/example_dags/example_complex.py
[2024-01-30T19:40:31.654+0000] {processor.py:840} INFO - DAG(s) 'example_complex' retrieved from /home/airflow/.local/lib/python3.8/site-packages/airflow/example_dags/example_complex.py
[2024-01-30T19:40:31.813+0000] {logging_mixin.py:188} INFO - [2024-01-30T19:40:31.813+0000] {dag.py:3036} INFO - Sync 1 DAGs
[2024-01-30T19:40:31.854+0000] {logging_mixin.py:188} INFO - [2024-01-30T19:40:31.854+0000] {dag.py:3823} INFO - Setting next_dagrun for example_complex to None, run_after=None
[2024-01-30T19:40:31.913+0000] {processor.py:183} INFO - Processing /home/airflow/.local/lib/python3.8/site-packages/airflow/example_dags/example_complex.py took 0.350 seconds
[2024-01-30T19:41:02.156+0000] {processor.py:161} INFO - Started process (PID=2349) to work on /home/airflow/.local/lib/python3.8/site-packages/airflow/example_dags/example_complex.py
[2024-01-30T19:41:02.161+0000] {processor.py:830} INFO - Processing file /home/airflow/.local/lib/python3.8/site-packages/airflow/example_dags/example_complex.py for tasks to queue
[2024-01-30T19:41:02.163+0000] {logging_mixin.py:188} INFO - [2024-01-30T19:41:02.163+0000] {dagbag.py:538} INFO - Filling up the DagBag from /home/airflow/.local/lib/python3.8/site-packages/airflow/example_dags/example_complex.py
[2024-01-30T19:41:02.191+0000] {processor.py:840} INFO - DAG(s) 'example_complex' retrieved from /home/airflow/.local/lib/python3.8/site-packages/airflow/example_dags/example_complex.py
[2024-01-30T19:41:02.265+0000] {logging_mixin.py:188} INFO - [2024-01-30T19:41:02.265+0000] {dag.py:3036} INFO - Sync 1 DAGs
[2024-01-30T19:41:02.290+0000] {logging_mixin.py:188} INFO - [2024-01-30T19:41:02.288+0000] {dag.py:3823} INFO - Setting next_dagrun for example_complex to None, run_after=None
[2024-01-30T19:41:02.340+0000] {processor.py:183} INFO - Processing /home/airflow/.local/lib/python3.8/site-packages/airflow/example_dags/example_complex.py took 0.188 seconds
[2024-01-30T19:41:38.077+0000] {processor.py:161} INFO - Started process (PID=2594) to work on /home/airflow/.local/lib/python3.8/site-packages/airflow/example_dags/example_complex.py
[2024-01-30T19:41:38.081+0000] {processor.py:830} INFO - Processing file /home/airflow/.local/lib/python3.8/site-packages/airflow/example_dags/example_complex.py for tasks to queue
[2024-01-30T19:41:38.084+0000] {logging_mixin.py:188} INFO - [2024-01-30T19:41:38.083+0000] {dagbag.py:538} INFO - Filling up the DagBag from /home/airflow/.local/lib/python3.8/site-packages/airflow/example_dags/example_complex.py
[2024-01-30T19:41:38.160+0000] {processor.py:840} INFO - DAG(s) 'example_complex' retrieved from /home/airflow/.local/lib/python3.8/site-packages/airflow/example_dags/example_complex.py
[2024-01-30T19:41:38.284+0000] {logging_mixin.py:188} INFO - [2024-01-30T19:41:38.283+0000] {dag.py:3036} INFO - Sync 1 DAGs
[2024-01-30T19:41:38.360+0000] {logging_mixin.py:188} INFO - [2024-01-30T19:41:38.360+0000] {dag.py:3823} INFO - Setting next_dagrun for example_complex to None, run_after=None
[2024-01-30T19:41:38.533+0000] {processor.py:183} INFO - Processing /home/airflow/.local/lib/python3.8/site-packages/airflow/example_dags/example_complex.py took 0.462 seconds
[2024-01-30T19:42:09.004+0000] {processor.py:161} INFO - Started process (PID=2841) to work on /home/airflow/.local/lib/python3.8/site-packages/airflow/example_dags/example_complex.py
[2024-01-30T19:42:09.008+0000] {processor.py:830} INFO - Processing file /home/airflow/.local/lib/python3.8/site-packages/airflow/example_dags/example_complex.py for tasks to queue
[2024-01-30T19:42:09.011+0000] {logging_mixin.py:188} INFO - [2024-01-30T19:42:09.010+0000] {dagbag.py:538} INFO - Filling up the DagBag from /home/airflow/.local/lib/python3.8/site-packages/airflow/example_dags/example_complex.py
[2024-01-30T19:42:09.031+0000] {processor.py:840} INFO - DAG(s) 'example_complex' retrieved from /home/airflow/.local/lib/python3.8/site-packages/airflow/example_dags/example_complex.py
[2024-01-30T19:42:09.161+0000] {logging_mixin.py:188} INFO - [2024-01-30T19:42:09.160+0000] {dag.py:3036} INFO - Sync 1 DAGs
[2024-01-30T19:42:09.246+0000] {logging_mixin.py:188} INFO - [2024-01-30T19:42:09.246+0000] {dag.py:3823} INFO - Setting next_dagrun for example_complex to None, run_after=None
[2024-01-30T19:42:09.487+0000] {processor.py:183} INFO - Processing /home/airflow/.local/lib/python3.8/site-packages/airflow/example_dags/example_complex.py took 0.502 seconds
[2024-01-30T19:43:34.562+0000] {processor.py:161} INFO - Started process (PID=3226) to work on /home/airflow/.local/lib/python3.8/site-packages/airflow/example_dags/example_complex.py
[2024-01-30T19:43:34.571+0000] {processor.py:830} INFO - Processing file /home/airflow/.local/lib/python3.8/site-packages/airflow/example_dags/example_complex.py for tasks to queue
[2024-01-30T19:43:34.574+0000] {logging_mixin.py:188} INFO - [2024-01-30T19:43:34.573+0000] {dagbag.py:538} INFO - Filling up the DagBag from /home/airflow/.local/lib/python3.8/site-packages/airflow/example_dags/example_complex.py
[2024-01-30T19:43:34.654+0000] {processor.py:840} INFO - DAG(s) 'example_complex' retrieved from /home/airflow/.local/lib/python3.8/site-packages/airflow/example_dags/example_complex.py
[2024-01-30T19:43:35.042+0000] {logging_mixin.py:188} INFO - [2024-01-30T19:43:35.042+0000] {dag.py:3036} INFO - Sync 1 DAGs
[2024-01-30T19:43:35.735+0000] {logging_mixin.py:188} INFO - [2024-01-30T19:43:35.734+0000] {dag.py:3823} INFO - Setting next_dagrun for example_complex to None, run_after=None
[2024-01-30T19:43:36.556+0000] {processor.py:183} INFO - Processing /home/airflow/.local/lib/python3.8/site-packages/airflow/example_dags/example_complex.py took 2.017 seconds
[2024-01-30T19:44:07.537+0000] {processor.py:161} INFO - Started process (PID=3476) to work on /home/airflow/.local/lib/python3.8/site-packages/airflow/example_dags/example_complex.py
[2024-01-30T19:44:07.544+0000] {processor.py:830} INFO - Processing file /home/airflow/.local/lib/python3.8/site-packages/airflow/example_dags/example_complex.py for tasks to queue
[2024-01-30T19:44:07.552+0000] {logging_mixin.py:188} INFO - [2024-01-30T19:44:07.552+0000] {dagbag.py:538} INFO - Filling up the DagBag from /home/airflow/.local/lib/python3.8/site-packages/airflow/example_dags/example_complex.py
[2024-01-30T19:44:07.670+0000] {processor.py:840} INFO - DAG(s) 'example_complex' retrieved from /home/airflow/.local/lib/python3.8/site-packages/airflow/example_dags/example_complex.py
[2024-01-30T19:44:08.019+0000] {logging_mixin.py:188} INFO - [2024-01-30T19:44:08.019+0000] {dag.py:3036} INFO - Sync 1 DAGs
[2024-01-30T19:44:08.107+0000] {logging_mixin.py:188} INFO - [2024-01-30T19:44:08.106+0000] {dag.py:3823} INFO - Setting next_dagrun for example_complex to None, run_after=None
[2024-01-30T19:44:08.264+0000] {processor.py:183} INFO - Processing /home/airflow/.local/lib/python3.8/site-packages/airflow/example_dags/example_complex.py took 0.825 seconds
[2024-01-30T19:45:16.988+0000] {processor.py:161} INFO - Started process (PID=3752) to work on /home/airflow/.local/lib/python3.8/site-packages/airflow/example_dags/example_complex.py
[2024-01-30T19:45:16.990+0000] {processor.py:830} INFO - Processing file /home/airflow/.local/lib/python3.8/site-packages/airflow/example_dags/example_complex.py for tasks to queue
[2024-01-30T19:45:17.000+0000] {logging_mixin.py:188} INFO - [2024-01-30T19:45:16.999+0000] {dagbag.py:538} INFO - Filling up the DagBag from /home/airflow/.local/lib/python3.8/site-packages/airflow/example_dags/example_complex.py
[2024-01-30T19:45:17.041+0000] {processor.py:840} INFO - DAG(s) 'example_complex' retrieved from /home/airflow/.local/lib/python3.8/site-packages/airflow/example_dags/example_complex.py
[2024-01-30T19:45:17.135+0000] {logging_mixin.py:188} INFO - [2024-01-30T19:45:17.135+0000] {dag.py:3036} INFO - Sync 1 DAGs
[2024-01-30T19:45:17.185+0000] {logging_mixin.py:188} INFO - [2024-01-30T19:45:17.185+0000] {dag.py:3823} INFO - Setting next_dagrun for example_complex to None, run_after=None
[2024-01-30T19:45:17.276+0000] {processor.py:183} INFO - Processing /home/airflow/.local/lib/python3.8/site-packages/airflow/example_dags/example_complex.py took 0.294 seconds
