[2024-01-30T19:28:33.155+0000] {processor.py:161} INFO - Started process (PID=262) to work on /home/airflow/.local/lib/python3.8/site-packages/airflow/example_dags/example_sla_dag.py
[2024-01-30T19:28:33.259+0000] {processor.py:830} INFO - Processing file /home/airflow/.local/lib/python3.8/site-packages/airflow/example_dags/example_sla_dag.py for tasks to queue
[2024-01-30T19:28:33.312+0000] {logging_mixin.py:188} INFO - [2024-01-30T19:28:33.286+0000] {dagbag.py:538} INFO - Filling up the DagBag from /home/airflow/.local/lib/python3.8/site-packages/airflow/example_dags/example_sla_dag.py
[2024-01-30T19:28:33.725+0000] {processor.py:840} INFO - DAG(s) 'example_sla_dag' retrieved from /home/airflow/.local/lib/python3.8/site-packages/airflow/example_dags/example_sla_dag.py
[2024-01-30T19:28:36.408+0000] {logging_mixin.py:188} INFO - [2024-01-30T19:28:36.407+0000] {override.py:1769} INFO - Created Permission View: can edit on DAG:example_sla_dag
[2024-01-30T19:28:36.524+0000] {logging_mixin.py:188} INFO - [2024-01-30T19:28:36.515+0000] {override.py:1769} INFO - Created Permission View: can read on DAG:example_sla_dag
[2024-01-30T19:28:36.742+0000] {logging_mixin.py:188} INFO - [2024-01-30T19:28:36.718+0000] {override.py:1769} INFO - Created Permission View: can delete on DAG:example_sla_dag
[2024-01-30T19:28:36.781+0000] {logging_mixin.py:188} INFO - [2024-01-30T19:28:36.766+0000] {dag.py:3036} INFO - Sync 1 DAGs
[2024-01-30T19:28:37.232+0000] {logging_mixin.py:188} INFO - [2024-01-30T19:28:37.232+0000] {dag.py:3058} INFO - Creating ORM DAG for example_sla_dag
[2024-01-30T19:28:38.069+0000] {logging_mixin.py:188} INFO - [2024-01-30T19:28:38.067+0000] {dag.py:3823} INFO - Setting next_dagrun for example_sla_dag to 2024-01-30 19:26:00+00:00, run_after=2024-01-30 19:28:00+00:00
[2024-01-30T19:28:41.947+0000] {processor.py:183} INFO - Processing /home/airflow/.local/lib/python3.8/site-packages/airflow/example_dags/example_sla_dag.py took 9.170 seconds
[2024-01-30T19:36:39.028+0000] {processor.py:161} INFO - Started process (PID=225) to work on /home/airflow/.local/lib/python3.8/site-packages/airflow/example_dags/example_sla_dag.py
[2024-01-30T19:36:39.032+0000] {processor.py:830} INFO - Processing file /home/airflow/.local/lib/python3.8/site-packages/airflow/example_dags/example_sla_dag.py for tasks to queue
[2024-01-30T19:36:39.037+0000] {logging_mixin.py:188} INFO - [2024-01-30T19:36:39.034+0000] {dagbag.py:538} INFO - Filling up the DagBag from /home/airflow/.local/lib/python3.8/site-packages/airflow/example_dags/example_sla_dag.py
[2024-01-30T19:36:39.055+0000] {processor.py:840} INFO - DAG(s) 'example_sla_dag' retrieved from /home/airflow/.local/lib/python3.8/site-packages/airflow/example_dags/example_sla_dag.py
[2024-01-30T19:36:39.243+0000] {logging_mixin.py:188} INFO - [2024-01-30T19:36:39.242+0000] {dag.py:3036} INFO - Sync 1 DAGs
[2024-01-30T19:36:39.313+0000] {logging_mixin.py:188} INFO - [2024-01-30T19:36:39.313+0000] {dag.py:3823} INFO - Setting next_dagrun for example_sla_dag to 2024-01-30 19:34:00+00:00, run_after=2024-01-30 19:36:00+00:00
[2024-01-30T19:36:39.377+0000] {processor.py:183} INFO - Processing /home/airflow/.local/lib/python3.8/site-packages/airflow/example_dags/example_sla_dag.py took 0.353 seconds
[2024-01-30T19:37:10.157+0000] {processor.py:161} INFO - Started process (PID=472) to work on /home/airflow/.local/lib/python3.8/site-packages/airflow/example_dags/example_sla_dag.py
[2024-01-30T19:37:10.160+0000] {processor.py:830} INFO - Processing file /home/airflow/.local/lib/python3.8/site-packages/airflow/example_dags/example_sla_dag.py for tasks to queue
[2024-01-30T19:37:10.162+0000] {logging_mixin.py:188} INFO - [2024-01-30T19:37:10.162+0000] {dagbag.py:538} INFO - Filling up the DagBag from /home/airflow/.local/lib/python3.8/site-packages/airflow/example_dags/example_sla_dag.py
[2024-01-30T19:37:10.180+0000] {processor.py:840} INFO - DAG(s) 'example_sla_dag' retrieved from /home/airflow/.local/lib/python3.8/site-packages/airflow/example_dags/example_sla_dag.py
[2024-01-30T19:37:10.214+0000] {logging_mixin.py:188} INFO - [2024-01-30T19:37:10.213+0000] {dag.py:3036} INFO - Sync 1 DAGs
[2024-01-30T19:37:10.272+0000] {logging_mixin.py:188} INFO - [2024-01-30T19:37:10.271+0000] {dag.py:3823} INFO - Setting next_dagrun for example_sla_dag to 2024-01-30 19:34:00+00:00, run_after=2024-01-30 19:36:00+00:00
[2024-01-30T19:37:10.326+0000] {processor.py:183} INFO - Processing /home/airflow/.local/lib/python3.8/site-packages/airflow/example_dags/example_sla_dag.py took 0.175 seconds
[2024-01-30T19:37:40.507+0000] {processor.py:161} INFO - Started process (PID=721) to work on /home/airflow/.local/lib/python3.8/site-packages/airflow/example_dags/example_sla_dag.py
[2024-01-30T19:37:40.509+0000] {processor.py:830} INFO - Processing file /home/airflow/.local/lib/python3.8/site-packages/airflow/example_dags/example_sla_dag.py for tasks to queue
[2024-01-30T19:37:40.510+0000] {logging_mixin.py:188} INFO - [2024-01-30T19:37:40.510+0000] {dagbag.py:538} INFO - Filling up the DagBag from /home/airflow/.local/lib/python3.8/site-packages/airflow/example_dags/example_sla_dag.py
[2024-01-30T19:37:40.520+0000] {processor.py:840} INFO - DAG(s) 'example_sla_dag' retrieved from /home/airflow/.local/lib/python3.8/site-packages/airflow/example_dags/example_sla_dag.py
[2024-01-30T19:37:40.538+0000] {logging_mixin.py:188} INFO - [2024-01-30T19:37:40.537+0000] {dag.py:3036} INFO - Sync 1 DAGs
[2024-01-30T19:37:40.570+0000] {logging_mixin.py:188} INFO - [2024-01-30T19:37:40.570+0000] {dag.py:3823} INFO - Setting next_dagrun for example_sla_dag to 2024-01-30 19:34:00+00:00, run_after=2024-01-30 19:36:00+00:00
[2024-01-30T19:37:40.603+0000] {processor.py:183} INFO - Processing /home/airflow/.local/lib/python3.8/site-packages/airflow/example_dags/example_sla_dag.py took 0.098 seconds
[2024-01-30T19:38:14.912+0000] {processor.py:161} INFO - Started process (PID=965) to work on /home/airflow/.local/lib/python3.8/site-packages/airflow/example_dags/example_sla_dag.py
[2024-01-30T19:38:14.914+0000] {processor.py:830} INFO - Processing file /home/airflow/.local/lib/python3.8/site-packages/airflow/example_dags/example_sla_dag.py for tasks to queue
[2024-01-30T19:38:14.917+0000] {logging_mixin.py:188} INFO - [2024-01-30T19:38:14.916+0000] {dagbag.py:538} INFO - Filling up the DagBag from /home/airflow/.local/lib/python3.8/site-packages/airflow/example_dags/example_sla_dag.py
[2024-01-30T19:38:14.932+0000] {processor.py:840} INFO - DAG(s) 'example_sla_dag' retrieved from /home/airflow/.local/lib/python3.8/site-packages/airflow/example_dags/example_sla_dag.py
[2024-01-30T19:38:16.020+0000] {logging_mixin.py:188} INFO - [2024-01-30T19:38:16.018+0000] {dag.py:3036} INFO - Sync 1 DAGs
[2024-01-30T19:38:16.803+0000] {logging_mixin.py:188} INFO - [2024-01-30T19:38:16.801+0000] {dag.py:3823} INFO - Setting next_dagrun for example_sla_dag to 2024-01-30 19:36:00+00:00, run_after=2024-01-30 19:38:00+00:00
[2024-01-30T19:38:16.970+0000] {processor.py:183} INFO - Processing /home/airflow/.local/lib/python3.8/site-packages/airflow/example_dags/example_sla_dag.py took 2.060 seconds
[2024-01-30T19:38:47.570+0000] {processor.py:161} INFO - Started process (PID=1212) to work on /home/airflow/.local/lib/python3.8/site-packages/airflow/example_dags/example_sla_dag.py
[2024-01-30T19:38:47.575+0000] {processor.py:830} INFO - Processing file /home/airflow/.local/lib/python3.8/site-packages/airflow/example_dags/example_sla_dag.py for tasks to queue
[2024-01-30T19:38:47.589+0000] {logging_mixin.py:188} INFO - [2024-01-30T19:38:47.587+0000] {dagbag.py:538} INFO - Filling up the DagBag from /home/airflow/.local/lib/python3.8/site-packages/airflow/example_dags/example_sla_dag.py
[2024-01-30T19:38:47.636+0000] {processor.py:840} INFO - DAG(s) 'example_sla_dag' retrieved from /home/airflow/.local/lib/python3.8/site-packages/airflow/example_dags/example_sla_dag.py
[2024-01-30T19:38:47.672+0000] {logging_mixin.py:188} INFO - [2024-01-30T19:38:47.672+0000] {dag.py:3036} INFO - Sync 1 DAGs
[2024-01-30T19:38:47.714+0000] {logging_mixin.py:188} INFO - [2024-01-30T19:38:47.714+0000] {dag.py:3823} INFO - Setting next_dagrun for example_sla_dag to 2024-01-30 19:36:00+00:00, run_after=2024-01-30 19:38:00+00:00
[2024-01-30T19:38:47.759+0000] {processor.py:183} INFO - Processing /home/airflow/.local/lib/python3.8/site-packages/airflow/example_dags/example_sla_dag.py took 0.208 seconds
[2024-01-30T19:39:18.529+0000] {processor.py:161} INFO - Started process (PID=1464) to work on /home/airflow/.local/lib/python3.8/site-packages/airflow/example_dags/example_sla_dag.py
[2024-01-30T19:39:18.534+0000] {processor.py:830} INFO - Processing file /home/airflow/.local/lib/python3.8/site-packages/airflow/example_dags/example_sla_dag.py for tasks to queue
[2024-01-30T19:39:18.538+0000] {logging_mixin.py:188} INFO - [2024-01-30T19:39:18.537+0000] {dagbag.py:538} INFO - Filling up the DagBag from /home/airflow/.local/lib/python3.8/site-packages/airflow/example_dags/example_sla_dag.py
[2024-01-30T19:39:18.564+0000] {processor.py:840} INFO - DAG(s) 'example_sla_dag' retrieved from /home/airflow/.local/lib/python3.8/site-packages/airflow/example_dags/example_sla_dag.py
[2024-01-30T19:39:18.624+0000] {logging_mixin.py:188} INFO - [2024-01-30T19:39:18.624+0000] {dag.py:3036} INFO - Sync 1 DAGs
[2024-01-30T19:39:18.708+0000] {logging_mixin.py:188} INFO - [2024-01-30T19:39:18.708+0000] {dag.py:3823} INFO - Setting next_dagrun for example_sla_dag to 2024-01-30 19:36:00+00:00, run_after=2024-01-30 19:38:00+00:00
[2024-01-30T19:39:18.817+0000] {processor.py:183} INFO - Processing /home/airflow/.local/lib/python3.8/site-packages/airflow/example_dags/example_sla_dag.py took 0.293 seconds
[2024-01-30T19:39:49.171+0000] {processor.py:161} INFO - Started process (PID=1711) to work on /home/airflow/.local/lib/python3.8/site-packages/airflow/example_dags/example_sla_dag.py
[2024-01-30T19:39:49.173+0000] {processor.py:830} INFO - Processing file /home/airflow/.local/lib/python3.8/site-packages/airflow/example_dags/example_sla_dag.py for tasks to queue
[2024-01-30T19:39:49.177+0000] {logging_mixin.py:188} INFO - [2024-01-30T19:39:49.175+0000] {dagbag.py:538} INFO - Filling up the DagBag from /home/airflow/.local/lib/python3.8/site-packages/airflow/example_dags/example_sla_dag.py
[2024-01-30T19:39:49.207+0000] {processor.py:840} INFO - DAG(s) 'example_sla_dag' retrieved from /home/airflow/.local/lib/python3.8/site-packages/airflow/example_dags/example_sla_dag.py
[2024-01-30T19:39:49.271+0000] {logging_mixin.py:188} INFO - [2024-01-30T19:39:49.270+0000] {dag.py:3036} INFO - Sync 1 DAGs
[2024-01-30T19:39:49.357+0000] {logging_mixin.py:188} INFO - [2024-01-30T19:39:49.352+0000] {dag.py:3823} INFO - Setting next_dagrun for example_sla_dag to 2024-01-30 19:36:00+00:00, run_after=2024-01-30 19:38:00+00:00
[2024-01-30T19:39:49.439+0000] {processor.py:183} INFO - Processing /home/airflow/.local/lib/python3.8/site-packages/airflow/example_dags/example_sla_dag.py took 0.281 seconds
[2024-01-30T19:40:20.032+0000] {processor.py:161} INFO - Started process (PID=1958) to work on /home/airflow/.local/lib/python3.8/site-packages/airflow/example_dags/example_sla_dag.py
[2024-01-30T19:40:20.037+0000] {processor.py:830} INFO - Processing file /home/airflow/.local/lib/python3.8/site-packages/airflow/example_dags/example_sla_dag.py for tasks to queue
[2024-01-30T19:40:20.043+0000] {logging_mixin.py:188} INFO - [2024-01-30T19:40:20.042+0000] {dagbag.py:538} INFO - Filling up the DagBag from /home/airflow/.local/lib/python3.8/site-packages/airflow/example_dags/example_sla_dag.py
[2024-01-30T19:40:20.085+0000] {processor.py:840} INFO - DAG(s) 'example_sla_dag' retrieved from /home/airflow/.local/lib/python3.8/site-packages/airflow/example_dags/example_sla_dag.py
[2024-01-30T19:40:20.134+0000] {logging_mixin.py:188} INFO - [2024-01-30T19:40:20.134+0000] {dag.py:3036} INFO - Sync 1 DAGs
[2024-01-30T19:40:20.202+0000] {logging_mixin.py:188} INFO - [2024-01-30T19:40:20.201+0000] {dag.py:3823} INFO - Setting next_dagrun for example_sla_dag to 2024-01-30 19:38:00+00:00, run_after=2024-01-30 19:40:00+00:00
[2024-01-30T19:40:20.249+0000] {processor.py:183} INFO - Processing /home/airflow/.local/lib/python3.8/site-packages/airflow/example_dags/example_sla_dag.py took 0.227 seconds
[2024-01-30T19:40:53.526+0000] {processor.py:161} INFO - Started process (PID=2211) to work on /home/airflow/.local/lib/python3.8/site-packages/airflow/example_dags/example_sla_dag.py
[2024-01-30T19:40:53.530+0000] {processor.py:830} INFO - Processing file /home/airflow/.local/lib/python3.8/site-packages/airflow/example_dags/example_sla_dag.py for tasks to queue
[2024-01-30T19:40:53.532+0000] {logging_mixin.py:188} INFO - [2024-01-30T19:40:53.531+0000] {dagbag.py:538} INFO - Filling up the DagBag from /home/airflow/.local/lib/python3.8/site-packages/airflow/example_dags/example_sla_dag.py
[2024-01-30T19:40:53.556+0000] {processor.py:840} INFO - DAG(s) 'example_sla_dag' retrieved from /home/airflow/.local/lib/python3.8/site-packages/airflow/example_dags/example_sla_dag.py
[2024-01-30T19:40:53.600+0000] {logging_mixin.py:188} INFO - [2024-01-30T19:40:53.599+0000] {dag.py:3036} INFO - Sync 1 DAGs
[2024-01-30T19:40:53.651+0000] {logging_mixin.py:188} INFO - [2024-01-30T19:40:53.650+0000] {dag.py:3823} INFO - Setting next_dagrun for example_sla_dag to 2024-01-30 19:38:00+00:00, run_after=2024-01-30 19:40:00+00:00
[2024-01-30T19:40:53.723+0000] {processor.py:183} INFO - Processing /home/airflow/.local/lib/python3.8/site-packages/airflow/example_dags/example_sla_dag.py took 0.201 seconds
[2024-01-30T19:41:24.546+0000] {processor.py:161} INFO - Started process (PID=2452) to work on /home/airflow/.local/lib/python3.8/site-packages/airflow/example_dags/example_sla_dag.py
[2024-01-30T19:41:24.551+0000] {processor.py:830} INFO - Processing file /home/airflow/.local/lib/python3.8/site-packages/airflow/example_dags/example_sla_dag.py for tasks to queue
[2024-01-30T19:41:24.556+0000] {logging_mixin.py:188} INFO - [2024-01-30T19:41:24.555+0000] {dagbag.py:538} INFO - Filling up the DagBag from /home/airflow/.local/lib/python3.8/site-packages/airflow/example_dags/example_sla_dag.py
[2024-01-30T19:41:24.593+0000] {processor.py:840} INFO - DAG(s) 'example_sla_dag' retrieved from /home/airflow/.local/lib/python3.8/site-packages/airflow/example_dags/example_sla_dag.py
[2024-01-30T19:41:24.649+0000] {logging_mixin.py:188} INFO - [2024-01-30T19:41:24.648+0000] {dag.py:3036} INFO - Sync 1 DAGs
[2024-01-30T19:41:24.727+0000] {logging_mixin.py:188} INFO - [2024-01-30T19:41:24.727+0000] {dag.py:3823} INFO - Setting next_dagrun for example_sla_dag to 2024-01-30 19:38:00+00:00, run_after=2024-01-30 19:40:00+00:00
[2024-01-30T19:41:24.789+0000] {processor.py:183} INFO - Processing /home/airflow/.local/lib/python3.8/site-packages/airflow/example_dags/example_sla_dag.py took 0.284 seconds
[2024-01-30T19:41:55.230+0000] {processor.py:161} INFO - Started process (PID=2698) to work on /home/airflow/.local/lib/python3.8/site-packages/airflow/example_dags/example_sla_dag.py
[2024-01-30T19:41:55.232+0000] {processor.py:830} INFO - Processing file /home/airflow/.local/lib/python3.8/site-packages/airflow/example_dags/example_sla_dag.py for tasks to queue
[2024-01-30T19:41:55.235+0000] {logging_mixin.py:188} INFO - [2024-01-30T19:41:55.235+0000] {dagbag.py:538} INFO - Filling up the DagBag from /home/airflow/.local/lib/python3.8/site-packages/airflow/example_dags/example_sla_dag.py
[2024-01-30T19:41:55.252+0000] {processor.py:840} INFO - DAG(s) 'example_sla_dag' retrieved from /home/airflow/.local/lib/python3.8/site-packages/airflow/example_dags/example_sla_dag.py
[2024-01-30T19:41:55.315+0000] {logging_mixin.py:188} INFO - [2024-01-30T19:41:55.314+0000] {dag.py:3036} INFO - Sync 1 DAGs
[2024-01-30T19:41:55.375+0000] {logging_mixin.py:188} INFO - [2024-01-30T19:41:55.375+0000] {dag.py:3823} INFO - Setting next_dagrun for example_sla_dag to 2024-01-30 19:38:00+00:00, run_after=2024-01-30 19:40:00+00:00
[2024-01-30T19:41:55.416+0000] {processor.py:183} INFO - Processing /home/airflow/.local/lib/python3.8/site-packages/airflow/example_dags/example_sla_dag.py took 0.191 seconds
[2024-01-30T19:42:25.579+0000] {processor.py:161} INFO - Started process (PID=2947) to work on /home/airflow/.local/lib/python3.8/site-packages/airflow/example_dags/example_sla_dag.py
[2024-01-30T19:42:25.585+0000] {processor.py:830} INFO - Processing file /home/airflow/.local/lib/python3.8/site-packages/airflow/example_dags/example_sla_dag.py for tasks to queue
[2024-01-30T19:42:25.594+0000] {logging_mixin.py:188} INFO - [2024-01-30T19:42:25.588+0000] {dagbag.py:538} INFO - Filling up the DagBag from /home/airflow/.local/lib/python3.8/site-packages/airflow/example_dags/example_sla_dag.py
[2024-01-30T19:42:25.616+0000] {processor.py:840} INFO - DAG(s) 'example_sla_dag' retrieved from /home/airflow/.local/lib/python3.8/site-packages/airflow/example_dags/example_sla_dag.py
[2024-01-30T19:42:25.672+0000] {logging_mixin.py:188} INFO - [2024-01-30T19:42:25.672+0000] {dag.py:3036} INFO - Sync 1 DAGs
[2024-01-30T19:42:25.711+0000] {logging_mixin.py:188} INFO - [2024-01-30T19:42:25.711+0000] {dag.py:3823} INFO - Setting next_dagrun for example_sla_dag to 2024-01-30 19:40:00+00:00, run_after=2024-01-30 19:42:00+00:00
[2024-01-30T19:42:25.766+0000] {processor.py:183} INFO - Processing /home/airflow/.local/lib/python3.8/site-packages/airflow/example_dags/example_sla_dag.py took 0.192 seconds
[2024-01-30T19:43:27.215+0000] {processor.py:161} INFO - Started process (PID=3149) to work on /home/airflow/.local/lib/python3.8/site-packages/airflow/example_dags/example_sla_dag.py
[2024-01-30T19:43:27.217+0000] {processor.py:830} INFO - Processing file /home/airflow/.local/lib/python3.8/site-packages/airflow/example_dags/example_sla_dag.py for tasks to queue
[2024-01-30T19:43:27.221+0000] {logging_mixin.py:188} INFO - [2024-01-30T19:43:27.221+0000] {dagbag.py:538} INFO - Filling up the DagBag from /home/airflow/.local/lib/python3.8/site-packages/airflow/example_dags/example_sla_dag.py
[2024-01-30T19:43:27.264+0000] {processor.py:840} INFO - DAG(s) 'example_sla_dag' retrieved from /home/airflow/.local/lib/python3.8/site-packages/airflow/example_dags/example_sla_dag.py
[2024-01-30T19:43:27.322+0000] {logging_mixin.py:188} INFO - [2024-01-30T19:43:27.322+0000] {dag.py:3036} INFO - Sync 1 DAGs
[2024-01-30T19:43:27.594+0000] {logging_mixin.py:188} INFO - [2024-01-30T19:43:27.594+0000] {dag.py:3823} INFO - Setting next_dagrun for example_sla_dag to 2024-01-30 19:40:00+00:00, run_after=2024-01-30 19:42:00+00:00
[2024-01-30T19:43:27.741+0000] {processor.py:183} INFO - Processing /home/airflow/.local/lib/python3.8/site-packages/airflow/example_dags/example_sla_dag.py took 0.532 seconds
[2024-01-30T19:44:02.247+0000] {processor.py:161} INFO - Started process (PID=3399) to work on /home/airflow/.local/lib/python3.8/site-packages/airflow/example_dags/example_sla_dag.py
[2024-01-30T19:44:02.252+0000] {processor.py:830} INFO - Processing file /home/airflow/.local/lib/python3.8/site-packages/airflow/example_dags/example_sla_dag.py for tasks to queue
[2024-01-30T19:44:02.255+0000] {logging_mixin.py:188} INFO - [2024-01-30T19:44:02.254+0000] {dagbag.py:538} INFO - Filling up the DagBag from /home/airflow/.local/lib/python3.8/site-packages/airflow/example_dags/example_sla_dag.py
[2024-01-30T19:44:02.280+0000] {processor.py:840} INFO - DAG(s) 'example_sla_dag' retrieved from /home/airflow/.local/lib/python3.8/site-packages/airflow/example_dags/example_sla_dag.py
[2024-01-30T19:44:02.331+0000] {logging_mixin.py:188} INFO - [2024-01-30T19:44:02.330+0000] {dag.py:3036} INFO - Sync 1 DAGs
[2024-01-30T19:44:02.388+0000] {logging_mixin.py:188} INFO - [2024-01-30T19:44:02.388+0000] {dag.py:3823} INFO - Setting next_dagrun for example_sla_dag to 2024-01-30 19:42:00+00:00, run_after=2024-01-30 19:44:00+00:00
[2024-01-30T19:44:02.445+0000] {processor.py:183} INFO - Processing /home/airflow/.local/lib/python3.8/site-packages/airflow/example_dags/example_sla_dag.py took 0.206 seconds
[2024-01-30T19:44:54.095+0000] {processor.py:161} INFO - Started process (PID=3623) to work on /home/airflow/.local/lib/python3.8/site-packages/airflow/example_dags/example_sla_dag.py
[2024-01-30T19:44:54.159+0000] {processor.py:830} INFO - Processing file /home/airflow/.local/lib/python3.8/site-packages/airflow/example_dags/example_sla_dag.py for tasks to queue
[2024-01-30T19:44:54.326+0000] {logging_mixin.py:188} INFO - [2024-01-30T19:44:54.310+0000] {dagbag.py:538} INFO - Filling up the DagBag from /home/airflow/.local/lib/python3.8/site-packages/airflow/example_dags/example_sla_dag.py
[2024-01-30T19:44:54.863+0000] {processor.py:840} INFO - DAG(s) 'example_sla_dag' retrieved from /home/airflow/.local/lib/python3.8/site-packages/airflow/example_dags/example_sla_dag.py
[2024-01-30T19:44:55.262+0000] {logging_mixin.py:188} INFO - [2024-01-30T19:44:55.261+0000] {dag.py:3036} INFO - Sync 1 DAGs
[2024-01-30T19:44:55.519+0000] {logging_mixin.py:188} INFO - [2024-01-30T19:44:55.519+0000] {dag.py:3823} INFO - Setting next_dagrun for example_sla_dag to 2024-01-30 19:42:00+00:00, run_after=2024-01-30 19:44:00+00:00
[2024-01-30T19:44:55.690+0000] {processor.py:183} INFO - Processing /home/airflow/.local/lib/python3.8/site-packages/airflow/example_dags/example_sla_dag.py took 1.599 seconds
[2024-01-30T19:45:32.697+0000] {processor.py:161} INFO - Started process (PID=3876) to work on /home/airflow/.local/lib/python3.8/site-packages/airflow/example_dags/example_sla_dag.py
[2024-01-30T19:45:32.700+0000] {processor.py:830} INFO - Processing file /home/airflow/.local/lib/python3.8/site-packages/airflow/example_dags/example_sla_dag.py for tasks to queue
[2024-01-30T19:45:32.702+0000] {logging_mixin.py:188} INFO - [2024-01-30T19:45:32.702+0000] {dagbag.py:538} INFO - Filling up the DagBag from /home/airflow/.local/lib/python3.8/site-packages/airflow/example_dags/example_sla_dag.py
[2024-01-30T19:45:32.718+0000] {processor.py:840} INFO - DAG(s) 'example_sla_dag' retrieved from /home/airflow/.local/lib/python3.8/site-packages/airflow/example_dags/example_sla_dag.py
[2024-01-30T19:45:32.758+0000] {logging_mixin.py:188} INFO - [2024-01-30T19:45:32.758+0000] {dag.py:3036} INFO - Sync 1 DAGs
[2024-01-30T19:45:32.810+0000] {logging_mixin.py:188} INFO - [2024-01-30T19:45:32.810+0000] {dag.py:3823} INFO - Setting next_dagrun for example_sla_dag to 2024-01-30 19:42:00+00:00, run_after=2024-01-30 19:44:00+00:00
[2024-01-30T19:45:32.846+0000] {processor.py:183} INFO - Processing /home/airflow/.local/lib/python3.8/site-packages/airflow/example_dags/example_sla_dag.py took 0.153 seconds
