[2024-01-30T19:29:07.791+0000] {processor.py:161} INFO - Started process (PID=343) to work on /home/airflow/.local/lib/python3.8/site-packages/airflow/example_dags/example_kubernetes_executor.py
[2024-01-30T19:29:07.799+0000] {processor.py:830} INFO - Processing file /home/airflow/.local/lib/python3.8/site-packages/airflow/example_dags/example_kubernetes_executor.py for tasks to queue
[2024-01-30T19:29:07.804+0000] {logging_mixin.py:188} INFO - [2024-01-30T19:29:07.802+0000] {dagbag.py:538} INFO - Filling up the DagBag from /home/airflow/.local/lib/python3.8/site-packages/airflow/example_dags/example_kubernetes_executor.py
[2024-01-30T19:29:07.902+0000] {processor.py:840} INFO - DAG(s) 'example_kubernetes_executor' retrieved from /home/airflow/.local/lib/python3.8/site-packages/airflow/example_dags/example_kubernetes_executor.py
[2024-01-30T19:29:08.319+0000] {logging_mixin.py:188} INFO - [2024-01-30T19:29:08.317+0000] {override.py:1769} INFO - Created Permission View: can edit on DAG:example_kubernetes_executor
[2024-01-30T19:29:08.359+0000] {logging_mixin.py:188} INFO - [2024-01-30T19:29:08.358+0000] {override.py:1769} INFO - Created Permission View: can read on DAG:example_kubernetes_executor
[2024-01-30T19:29:08.399+0000] {logging_mixin.py:188} INFO - [2024-01-30T19:29:08.398+0000] {override.py:1769} INFO - Created Permission View: can delete on DAG:example_kubernetes_executor
[2024-01-30T19:29:08.403+0000] {logging_mixin.py:188} INFO - [2024-01-30T19:29:08.403+0000] {dag.py:3036} INFO - Sync 1 DAGs
[2024-01-30T19:29:08.465+0000] {logging_mixin.py:188} INFO - [2024-01-30T19:29:08.464+0000] {dag.py:3058} INFO - Creating ORM DAG for example_kubernetes_executor
[2024-01-30T19:29:08.473+0000] {logging_mixin.py:188} INFO - [2024-01-30T19:29:08.472+0000] {dag.py:3823} INFO - Setting next_dagrun for example_kubernetes_executor to None, run_after=None
[2024-01-30T19:29:08.545+0000] {processor.py:183} INFO - Processing /home/airflow/.local/lib/python3.8/site-packages/airflow/example_dags/example_kubernetes_executor.py took 0.802 seconds
[2024-01-30T19:36:42.251+0000] {processor.py:161} INFO - Started process (PID=300) to work on /home/airflow/.local/lib/python3.8/site-packages/airflow/example_dags/example_kubernetes_executor.py
[2024-01-30T19:36:42.255+0000] {processor.py:830} INFO - Processing file /home/airflow/.local/lib/python3.8/site-packages/airflow/example_dags/example_kubernetes_executor.py for tasks to queue
[2024-01-30T19:36:42.258+0000] {logging_mixin.py:188} INFO - [2024-01-30T19:36:42.257+0000] {dagbag.py:538} INFO - Filling up the DagBag from /home/airflow/.local/lib/python3.8/site-packages/airflow/example_dags/example_kubernetes_executor.py
[2024-01-30T19:36:42.302+0000] {processor.py:840} INFO - DAG(s) 'example_kubernetes_executor' retrieved from /home/airflow/.local/lib/python3.8/site-packages/airflow/example_dags/example_kubernetes_executor.py
[2024-01-30T19:36:42.606+0000] {logging_mixin.py:188} INFO - [2024-01-30T19:36:42.605+0000] {dag.py:3036} INFO - Sync 1 DAGs
[2024-01-30T19:36:42.633+0000] {logging_mixin.py:188} INFO - [2024-01-30T19:36:42.632+0000] {dag.py:3823} INFO - Setting next_dagrun for example_kubernetes_executor to None, run_after=None
[2024-01-30T19:36:42.710+0000] {processor.py:183} INFO - Processing /home/airflow/.local/lib/python3.8/site-packages/airflow/example_dags/example_kubernetes_executor.py took 0.469 seconds
[2024-01-30T19:37:13.016+0000] {processor.py:161} INFO - Started process (PID=549) to work on /home/airflow/.local/lib/python3.8/site-packages/airflow/example_dags/example_kubernetes_executor.py
[2024-01-30T19:37:13.020+0000] {processor.py:830} INFO - Processing file /home/airflow/.local/lib/python3.8/site-packages/airflow/example_dags/example_kubernetes_executor.py for tasks to queue
[2024-01-30T19:37:13.024+0000] {logging_mixin.py:188} INFO - [2024-01-30T19:37:13.023+0000] {dagbag.py:538} INFO - Filling up the DagBag from /home/airflow/.local/lib/python3.8/site-packages/airflow/example_dags/example_kubernetes_executor.py
[2024-01-30T19:37:13.046+0000] {processor.py:840} INFO - DAG(s) 'example_kubernetes_executor' retrieved from /home/airflow/.local/lib/python3.8/site-packages/airflow/example_dags/example_kubernetes_executor.py
[2024-01-30T19:37:13.122+0000] {logging_mixin.py:188} INFO - [2024-01-30T19:37:13.122+0000] {dag.py:3036} INFO - Sync 1 DAGs
[2024-01-30T19:37:13.154+0000] {logging_mixin.py:188} INFO - [2024-01-30T19:37:13.154+0000] {dag.py:3823} INFO - Setting next_dagrun for example_kubernetes_executor to None, run_after=None
[2024-01-30T19:37:13.207+0000] {processor.py:183} INFO - Processing /home/airflow/.local/lib/python3.8/site-packages/airflow/example_dags/example_kubernetes_executor.py took 0.195 seconds
[2024-01-30T19:37:44.138+0000] {processor.py:161} INFO - Started process (PID=796) to work on /home/airflow/.local/lib/python3.8/site-packages/airflow/example_dags/example_kubernetes_executor.py
[2024-01-30T19:37:44.140+0000] {processor.py:830} INFO - Processing file /home/airflow/.local/lib/python3.8/site-packages/airflow/example_dags/example_kubernetes_executor.py for tasks to queue
[2024-01-30T19:37:44.141+0000] {logging_mixin.py:188} INFO - [2024-01-30T19:37:44.141+0000] {dagbag.py:538} INFO - Filling up the DagBag from /home/airflow/.local/lib/python3.8/site-packages/airflow/example_dags/example_kubernetes_executor.py
[2024-01-30T19:37:44.156+0000] {processor.py:840} INFO - DAG(s) 'example_kubernetes_executor' retrieved from /home/airflow/.local/lib/python3.8/site-packages/airflow/example_dags/example_kubernetes_executor.py
[2024-01-30T19:37:44.171+0000] {logging_mixin.py:188} INFO - [2024-01-30T19:37:44.170+0000] {dag.py:3036} INFO - Sync 1 DAGs
[2024-01-30T19:37:44.189+0000] {logging_mixin.py:188} INFO - [2024-01-30T19:37:44.189+0000] {dag.py:3823} INFO - Setting next_dagrun for example_kubernetes_executor to None, run_after=None
[2024-01-30T19:37:44.223+0000] {processor.py:183} INFO - Processing /home/airflow/.local/lib/python3.8/site-packages/airflow/example_dags/example_kubernetes_executor.py took 0.087 seconds
[2024-01-30T19:38:23.050+0000] {processor.py:161} INFO - Started process (PID=1048) to work on /home/airflow/.local/lib/python3.8/site-packages/airflow/example_dags/example_kubernetes_executor.py
[2024-01-30T19:38:23.056+0000] {processor.py:830} INFO - Processing file /home/airflow/.local/lib/python3.8/site-packages/airflow/example_dags/example_kubernetes_executor.py for tasks to queue
[2024-01-30T19:38:23.058+0000] {logging_mixin.py:188} INFO - [2024-01-30T19:38:23.058+0000] {dagbag.py:538} INFO - Filling up the DagBag from /home/airflow/.local/lib/python3.8/site-packages/airflow/example_dags/example_kubernetes_executor.py
[2024-01-30T19:38:23.080+0000] {processor.py:840} INFO - DAG(s) 'example_kubernetes_executor' retrieved from /home/airflow/.local/lib/python3.8/site-packages/airflow/example_dags/example_kubernetes_executor.py
[2024-01-30T19:38:23.379+0000] {logging_mixin.py:188} INFO - [2024-01-30T19:38:23.378+0000] {dag.py:3036} INFO - Sync 1 DAGs
[2024-01-30T19:38:23.398+0000] {logging_mixin.py:188} INFO - [2024-01-30T19:38:23.398+0000] {dag.py:3823} INFO - Setting next_dagrun for example_kubernetes_executor to None, run_after=None
[2024-01-30T19:38:23.440+0000] {processor.py:183} INFO - Processing /home/airflow/.local/lib/python3.8/site-packages/airflow/example_dags/example_kubernetes_executor.py took 0.394 seconds
[2024-01-30T19:38:54.142+0000] {processor.py:161} INFO - Started process (PID=1296) to work on /home/airflow/.local/lib/python3.8/site-packages/airflow/example_dags/example_kubernetes_executor.py
[2024-01-30T19:38:54.145+0000] {processor.py:830} INFO - Processing file /home/airflow/.local/lib/python3.8/site-packages/airflow/example_dags/example_kubernetes_executor.py for tasks to queue
[2024-01-30T19:38:54.147+0000] {logging_mixin.py:188} INFO - [2024-01-30T19:38:54.147+0000] {dagbag.py:538} INFO - Filling up the DagBag from /home/airflow/.local/lib/python3.8/site-packages/airflow/example_dags/example_kubernetes_executor.py
[2024-01-30T19:38:54.166+0000] {processor.py:840} INFO - DAG(s) 'example_kubernetes_executor' retrieved from /home/airflow/.local/lib/python3.8/site-packages/airflow/example_dags/example_kubernetes_executor.py
[2024-01-30T19:38:54.242+0000] {logging_mixin.py:188} INFO - [2024-01-30T19:38:54.242+0000] {dag.py:3036} INFO - Sync 1 DAGs
[2024-01-30T19:38:54.262+0000] {logging_mixin.py:188} INFO - [2024-01-30T19:38:54.262+0000] {dag.py:3823} INFO - Setting next_dagrun for example_kubernetes_executor to None, run_after=None
[2024-01-30T19:38:54.386+0000] {processor.py:183} INFO - Processing /home/airflow/.local/lib/python3.8/site-packages/airflow/example_dags/example_kubernetes_executor.py took 0.249 seconds
[2024-01-30T19:39:24.889+0000] {processor.py:161} INFO - Started process (PID=1547) to work on /home/airflow/.local/lib/python3.8/site-packages/airflow/example_dags/example_kubernetes_executor.py
[2024-01-30T19:39:24.897+0000] {processor.py:830} INFO - Processing file /home/airflow/.local/lib/python3.8/site-packages/airflow/example_dags/example_kubernetes_executor.py for tasks to queue
[2024-01-30T19:39:24.900+0000] {logging_mixin.py:188} INFO - [2024-01-30T19:39:24.899+0000] {dagbag.py:538} INFO - Filling up the DagBag from /home/airflow/.local/lib/python3.8/site-packages/airflow/example_dags/example_kubernetes_executor.py
[2024-01-30T19:39:24.939+0000] {processor.py:840} INFO - DAG(s) 'example_kubernetes_executor' retrieved from /home/airflow/.local/lib/python3.8/site-packages/airflow/example_dags/example_kubernetes_executor.py
[2024-01-30T19:39:25.086+0000] {logging_mixin.py:188} INFO - [2024-01-30T19:39:25.086+0000] {dag.py:3036} INFO - Sync 1 DAGs
[2024-01-30T19:39:25.115+0000] {logging_mixin.py:188} INFO - [2024-01-30T19:39:25.114+0000] {dag.py:3823} INFO - Setting next_dagrun for example_kubernetes_executor to None, run_after=None
[2024-01-30T19:39:25.326+0000] {processor.py:183} INFO - Processing /home/airflow/.local/lib/python3.8/site-packages/airflow/example_dags/example_kubernetes_executor.py took 0.450 seconds
[2024-01-30T19:39:55.717+0000] {processor.py:161} INFO - Started process (PID=1794) to work on /home/airflow/.local/lib/python3.8/site-packages/airflow/example_dags/example_kubernetes_executor.py
[2024-01-30T19:39:55.723+0000] {processor.py:830} INFO - Processing file /home/airflow/.local/lib/python3.8/site-packages/airflow/example_dags/example_kubernetes_executor.py for tasks to queue
[2024-01-30T19:39:55.727+0000] {logging_mixin.py:188} INFO - [2024-01-30T19:39:55.727+0000] {dagbag.py:538} INFO - Filling up the DagBag from /home/airflow/.local/lib/python3.8/site-packages/airflow/example_dags/example_kubernetes_executor.py
[2024-01-30T19:39:55.785+0000] {processor.py:840} INFO - DAG(s) 'example_kubernetes_executor' retrieved from /home/airflow/.local/lib/python3.8/site-packages/airflow/example_dags/example_kubernetes_executor.py
[2024-01-30T19:39:56.199+0000] {logging_mixin.py:188} INFO - [2024-01-30T19:39:56.198+0000] {dag.py:3036} INFO - Sync 1 DAGs
[2024-01-30T19:39:56.233+0000] {logging_mixin.py:188} INFO - [2024-01-30T19:39:56.232+0000] {dag.py:3823} INFO - Setting next_dagrun for example_kubernetes_executor to None, run_after=None
[2024-01-30T19:39:56.289+0000] {processor.py:183} INFO - Processing /home/airflow/.local/lib/python3.8/site-packages/airflow/example_dags/example_kubernetes_executor.py took 0.577 seconds
[2024-01-30T19:40:27.150+0000] {processor.py:161} INFO - Started process (PID=2042) to work on /home/airflow/.local/lib/python3.8/site-packages/airflow/example_dags/example_kubernetes_executor.py
[2024-01-30T19:40:27.154+0000] {processor.py:830} INFO - Processing file /home/airflow/.local/lib/python3.8/site-packages/airflow/example_dags/example_kubernetes_executor.py for tasks to queue
[2024-01-30T19:40:27.164+0000] {logging_mixin.py:188} INFO - [2024-01-30T19:40:27.163+0000] {dagbag.py:538} INFO - Filling up the DagBag from /home/airflow/.local/lib/python3.8/site-packages/airflow/example_dags/example_kubernetes_executor.py
[2024-01-30T19:40:27.246+0000] {processor.py:840} INFO - DAG(s) 'example_kubernetes_executor' retrieved from /home/airflow/.local/lib/python3.8/site-packages/airflow/example_dags/example_kubernetes_executor.py
[2024-01-30T19:40:27.755+0000] {logging_mixin.py:188} INFO - [2024-01-30T19:40:27.755+0000] {dag.py:3036} INFO - Sync 1 DAGs
[2024-01-30T19:40:27.811+0000] {logging_mixin.py:188} INFO - [2024-01-30T19:40:27.811+0000] {dag.py:3823} INFO - Setting next_dagrun for example_kubernetes_executor to None, run_after=None
[2024-01-30T19:40:27.939+0000] {processor.py:183} INFO - Processing /home/airflow/.local/lib/python3.8/site-packages/airflow/example_dags/example_kubernetes_executor.py took 0.795 seconds
[2024-01-30T19:40:58.485+0000] {processor.py:161} INFO - Started process (PID=2289) to work on /home/airflow/.local/lib/python3.8/site-packages/airflow/example_dags/example_kubernetes_executor.py
[2024-01-30T19:40:58.488+0000] {processor.py:830} INFO - Processing file /home/airflow/.local/lib/python3.8/site-packages/airflow/example_dags/example_kubernetes_executor.py for tasks to queue
[2024-01-30T19:40:58.499+0000] {logging_mixin.py:188} INFO - [2024-01-30T19:40:58.498+0000] {dagbag.py:538} INFO - Filling up the DagBag from /home/airflow/.local/lib/python3.8/site-packages/airflow/example_dags/example_kubernetes_executor.py
[2024-01-30T19:40:58.548+0000] {processor.py:840} INFO - DAG(s) 'example_kubernetes_executor' retrieved from /home/airflow/.local/lib/python3.8/site-packages/airflow/example_dags/example_kubernetes_executor.py
[2024-01-30T19:40:58.693+0000] {logging_mixin.py:188} INFO - [2024-01-30T19:40:58.693+0000] {dag.py:3036} INFO - Sync 1 DAGs
[2024-01-30T19:40:58.743+0000] {logging_mixin.py:188} INFO - [2024-01-30T19:40:58.743+0000] {dag.py:3823} INFO - Setting next_dagrun for example_kubernetes_executor to None, run_after=None
[2024-01-30T19:40:58.821+0000] {processor.py:183} INFO - Processing /home/airflow/.local/lib/python3.8/site-packages/airflow/example_dags/example_kubernetes_executor.py took 0.350 seconds
[2024-01-30T19:41:30.829+0000] {processor.py:161} INFO - Started process (PID=2534) to work on /home/airflow/.local/lib/python3.8/site-packages/airflow/example_dags/example_kubernetes_executor.py
[2024-01-30T19:41:30.834+0000] {processor.py:830} INFO - Processing file /home/airflow/.local/lib/python3.8/site-packages/airflow/example_dags/example_kubernetes_executor.py for tasks to queue
[2024-01-30T19:41:30.837+0000] {logging_mixin.py:188} INFO - [2024-01-30T19:41:30.836+0000] {dagbag.py:538} INFO - Filling up the DagBag from /home/airflow/.local/lib/python3.8/site-packages/airflow/example_dags/example_kubernetes_executor.py
[2024-01-30T19:41:30.875+0000] {processor.py:840} INFO - DAG(s) 'example_kubernetes_executor' retrieved from /home/airflow/.local/lib/python3.8/site-packages/airflow/example_dags/example_kubernetes_executor.py
[2024-01-30T19:41:30.977+0000] {logging_mixin.py:188} INFO - [2024-01-30T19:41:30.976+0000] {dag.py:3036} INFO - Sync 1 DAGs
[2024-01-30T19:41:31.022+0000] {logging_mixin.py:188} INFO - [2024-01-30T19:41:31.021+0000] {dag.py:3823} INFO - Setting next_dagrun for example_kubernetes_executor to None, run_after=None
[2024-01-30T19:41:31.093+0000] {processor.py:183} INFO - Processing /home/airflow/.local/lib/python3.8/site-packages/airflow/example_dags/example_kubernetes_executor.py took 0.270 seconds
[2024-01-30T19:42:01.809+0000] {processor.py:161} INFO - Started process (PID=2775) to work on /home/airflow/.local/lib/python3.8/site-packages/airflow/example_dags/example_kubernetes_executor.py
[2024-01-30T19:42:01.813+0000] {processor.py:830} INFO - Processing file /home/airflow/.local/lib/python3.8/site-packages/airflow/example_dags/example_kubernetes_executor.py for tasks to queue
[2024-01-30T19:42:01.815+0000] {logging_mixin.py:188} INFO - [2024-01-30T19:42:01.814+0000] {dagbag.py:538} INFO - Filling up the DagBag from /home/airflow/.local/lib/python3.8/site-packages/airflow/example_dags/example_kubernetes_executor.py
[2024-01-30T19:42:01.861+0000] {processor.py:840} INFO - DAG(s) 'example_kubernetes_executor' retrieved from /home/airflow/.local/lib/python3.8/site-packages/airflow/example_dags/example_kubernetes_executor.py
[2024-01-30T19:42:02.031+0000] {logging_mixin.py:188} INFO - [2024-01-30T19:42:02.030+0000] {dag.py:3036} INFO - Sync 1 DAGs
[2024-01-30T19:42:02.114+0000] {logging_mixin.py:188} INFO - [2024-01-30T19:42:02.114+0000] {dag.py:3823} INFO - Setting next_dagrun for example_kubernetes_executor to None, run_after=None
[2024-01-30T19:42:02.200+0000] {processor.py:183} INFO - Processing /home/airflow/.local/lib/python3.8/site-packages/airflow/example_dags/example_kubernetes_executor.py took 0.396 seconds
[2024-01-30T19:42:35.906+0000] {processor.py:161} INFO - Started process (PID=3027) to work on /home/airflow/.local/lib/python3.8/site-packages/airflow/example_dags/example_kubernetes_executor.py
[2024-01-30T19:42:35.927+0000] {processor.py:830} INFO - Processing file /home/airflow/.local/lib/python3.8/site-packages/airflow/example_dags/example_kubernetes_executor.py for tasks to queue
[2024-01-30T19:42:36.148+0000] {logging_mixin.py:188} INFO - [2024-01-30T19:42:36.033+0000] {dagbag.py:538} INFO - Filling up the DagBag from /home/airflow/.local/lib/python3.8/site-packages/airflow/example_dags/example_kubernetes_executor.py
[2024-01-30T19:42:36.394+0000] {processor.py:840} INFO - DAG(s) 'example_kubernetes_executor' retrieved from /home/airflow/.local/lib/python3.8/site-packages/airflow/example_dags/example_kubernetes_executor.py
[2024-01-30T19:42:39.064+0000] {logging_mixin.py:188} INFO - [2024-01-30T19:42:39.063+0000] {dag.py:3036} INFO - Sync 1 DAGs
[2024-01-30T19:42:40.567+0000] {logging_mixin.py:188} INFO - [2024-01-30T19:42:40.567+0000] {dag.py:3823} INFO - Setting next_dagrun for example_kubernetes_executor to None, run_after=None
[2024-01-30T19:42:41.273+0000] {processor.py:183} INFO - Processing /home/airflow/.local/lib/python3.8/site-packages/airflow/example_dags/example_kubernetes_executor.py took 5.920 seconds
[2024-01-30T19:43:54.391+0000] {processor.py:161} INFO - Started process (PID=3298) to work on /home/airflow/.local/lib/python3.8/site-packages/airflow/example_dags/example_kubernetes_executor.py
[2024-01-30T19:43:54.394+0000] {processor.py:830} INFO - Processing file /home/airflow/.local/lib/python3.8/site-packages/airflow/example_dags/example_kubernetes_executor.py for tasks to queue
[2024-01-30T19:43:54.406+0000] {logging_mixin.py:188} INFO - [2024-01-30T19:43:54.405+0000] {dagbag.py:538} INFO - Filling up the DagBag from /home/airflow/.local/lib/python3.8/site-packages/airflow/example_dags/example_kubernetes_executor.py
[2024-01-30T19:43:54.464+0000] {processor.py:840} INFO - DAG(s) 'example_kubernetes_executor' retrieved from /home/airflow/.local/lib/python3.8/site-packages/airflow/example_dags/example_kubernetes_executor.py
[2024-01-30T19:43:54.763+0000] {logging_mixin.py:188} INFO - [2024-01-30T19:43:54.762+0000] {dag.py:3036} INFO - Sync 1 DAGs
[2024-01-30T19:43:54.787+0000] {logging_mixin.py:188} INFO - [2024-01-30T19:43:54.787+0000] {dag.py:3823} INFO - Setting next_dagrun for example_kubernetes_executor to None, run_after=None
[2024-01-30T19:43:56.739+0000] {processor.py:183} INFO - Processing /home/airflow/.local/lib/python3.8/site-packages/airflow/example_dags/example_kubernetes_executor.py took 2.353 seconds
[2024-01-30T19:44:57.989+0000] {processor.py:161} INFO - Started process (PID=3650) to work on /home/airflow/.local/lib/python3.8/site-packages/airflow/example_dags/example_kubernetes_executor.py
[2024-01-30T19:44:57.991+0000] {processor.py:830} INFO - Processing file /home/airflow/.local/lib/python3.8/site-packages/airflow/example_dags/example_kubernetes_executor.py for tasks to queue
[2024-01-30T19:44:58.040+0000] {logging_mixin.py:188} INFO - [2024-01-30T19:44:58.040+0000] {dagbag.py:538} INFO - Filling up the DagBag from /home/airflow/.local/lib/python3.8/site-packages/airflow/example_dags/example_kubernetes_executor.py
[2024-01-30T19:44:58.245+0000] {processor.py:840} INFO - DAG(s) 'example_kubernetes_executor' retrieved from /home/airflow/.local/lib/python3.8/site-packages/airflow/example_dags/example_kubernetes_executor.py
[2024-01-30T19:44:58.772+0000] {logging_mixin.py:188} INFO - [2024-01-30T19:44:58.771+0000] {dag.py:3036} INFO - Sync 1 DAGs
[2024-01-30T19:44:58.923+0000] {logging_mixin.py:188} INFO - [2024-01-30T19:44:58.923+0000] {dag.py:3823} INFO - Setting next_dagrun for example_kubernetes_executor to None, run_after=None
[2024-01-30T19:44:59.077+0000] {processor.py:183} INFO - Processing /home/airflow/.local/lib/python3.8/site-packages/airflow/example_dags/example_kubernetes_executor.py took 1.102 seconds
[2024-01-30T19:45:33.624+0000] {processor.py:161} INFO - Started process (PID=3901) to work on /home/airflow/.local/lib/python3.8/site-packages/airflow/example_dags/example_kubernetes_executor.py
[2024-01-30T19:45:33.627+0000] {processor.py:830} INFO - Processing file /home/airflow/.local/lib/python3.8/site-packages/airflow/example_dags/example_kubernetes_executor.py for tasks to queue
[2024-01-30T19:45:33.639+0000] {logging_mixin.py:188} INFO - [2024-01-30T19:45:33.638+0000] {dagbag.py:538} INFO - Filling up the DagBag from /home/airflow/.local/lib/python3.8/site-packages/airflow/example_dags/example_kubernetes_executor.py
[2024-01-30T19:45:33.686+0000] {processor.py:840} INFO - DAG(s) 'example_kubernetes_executor' retrieved from /home/airflow/.local/lib/python3.8/site-packages/airflow/example_dags/example_kubernetes_executor.py
[2024-01-30T19:45:33.788+0000] {logging_mixin.py:188} INFO - [2024-01-30T19:45:33.787+0000] {dag.py:3036} INFO - Sync 1 DAGs
[2024-01-30T19:45:33.822+0000] {logging_mixin.py:188} INFO - [2024-01-30T19:45:33.822+0000] {dag.py:3823} INFO - Setting next_dagrun for example_kubernetes_executor to None, run_after=None
[2024-01-30T19:45:33.895+0000] {processor.py:183} INFO - Processing /home/airflow/.local/lib/python3.8/site-packages/airflow/example_dags/example_kubernetes_executor.py took 0.276 seconds
