[2024-01-30T19:28:30.605+0000] {processor.py:161} INFO - Started process (PID=257) to work on /home/airflow/.local/lib/python3.8/site-packages/airflow/example_dags/example_local_kubernetes_executor.py
[2024-01-30T19:28:30.641+0000] {processor.py:830} INFO - Processing file /home/airflow/.local/lib/python3.8/site-packages/airflow/example_dags/example_local_kubernetes_executor.py for tasks to queue
[2024-01-30T19:28:30.658+0000] {logging_mixin.py:188} INFO - [2024-01-30T19:28:30.658+0000] {dagbag.py:538} INFO - Filling up the DagBag from /home/airflow/.local/lib/python3.8/site-packages/airflow/example_dags/example_local_kubernetes_executor.py
[2024-01-30T19:28:31.908+0000] {processor.py:840} INFO - DAG(s) 'example_local_kubernetes_executor' retrieved from /home/airflow/.local/lib/python3.8/site-packages/airflow/example_dags/example_local_kubernetes_executor.py
[2024-01-30T19:28:35.132+0000] {logging_mixin.py:188} INFO - [2024-01-30T19:28:35.130+0000] {override.py:1769} INFO - Created Permission View: can edit on DAG:example_local_kubernetes_executor
[2024-01-30T19:28:35.188+0000] {logging_mixin.py:188} INFO - [2024-01-30T19:28:35.187+0000] {override.py:1769} INFO - Created Permission View: can read on DAG:example_local_kubernetes_executor
[2024-01-30T19:28:35.224+0000] {logging_mixin.py:188} INFO - [2024-01-30T19:28:35.220+0000] {override.py:1769} INFO - Created Permission View: can delete on DAG:example_local_kubernetes_executor
[2024-01-30T19:28:35.230+0000] {logging_mixin.py:188} INFO - [2024-01-30T19:28:35.229+0000] {dag.py:3036} INFO - Sync 1 DAGs
[2024-01-30T19:28:35.508+0000] {logging_mixin.py:188} INFO - [2024-01-30T19:28:35.504+0000] {dag.py:3058} INFO - Creating ORM DAG for example_local_kubernetes_executor
[2024-01-30T19:28:35.518+0000] {logging_mixin.py:188} INFO - [2024-01-30T19:28:35.517+0000] {dag.py:3823} INFO - Setting next_dagrun for example_local_kubernetes_executor to None, run_after=None
[2024-01-30T19:28:35.833+0000] {processor.py:183} INFO - Processing /home/airflow/.local/lib/python3.8/site-packages/airflow/example_dags/example_local_kubernetes_executor.py took 5.237 seconds
[2024-01-30T19:31:51.926+0000] {processor.py:161} INFO - Started process (PID=226) to work on /home/airflow/.local/lib/python3.8/site-packages/airflow/example_dags/example_local_kubernetes_executor.py
[2024-01-30T19:31:51.940+0000] {processor.py:830} INFO - Processing file /home/airflow/.local/lib/python3.8/site-packages/airflow/example_dags/example_local_kubernetes_executor.py for tasks to queue
[2024-01-30T19:31:51.957+0000] {logging_mixin.py:188} INFO - [2024-01-30T19:31:51.953+0000] {dagbag.py:538} INFO - Filling up the DagBag from /home/airflow/.local/lib/python3.8/site-packages/airflow/example_dags/example_local_kubernetes_executor.py
[2024-01-30T19:31:52.076+0000] {processor.py:840} INFO - DAG(s) 'example_local_kubernetes_executor' retrieved from /home/airflow/.local/lib/python3.8/site-packages/airflow/example_dags/example_local_kubernetes_executor.py
[2024-01-30T19:36:38.864+0000] {processor.py:161} INFO - Started process (PID=220) to work on /home/airflow/.local/lib/python3.8/site-packages/airflow/example_dags/example_local_kubernetes_executor.py
[2024-01-30T19:36:38.867+0000] {processor.py:830} INFO - Processing file /home/airflow/.local/lib/python3.8/site-packages/airflow/example_dags/example_local_kubernetes_executor.py for tasks to queue
[2024-01-30T19:36:38.870+0000] {logging_mixin.py:188} INFO - [2024-01-30T19:36:38.869+0000] {dagbag.py:538} INFO - Filling up the DagBag from /home/airflow/.local/lib/python3.8/site-packages/airflow/example_dags/example_local_kubernetes_executor.py
[2024-01-30T19:36:38.881+0000] {processor.py:840} INFO - DAG(s) 'example_local_kubernetes_executor' retrieved from /home/airflow/.local/lib/python3.8/site-packages/airflow/example_dags/example_local_kubernetes_executor.py
[2024-01-30T19:36:39.116+0000] {logging_mixin.py:188} INFO - [2024-01-30T19:36:39.116+0000] {dag.py:3036} INFO - Sync 1 DAGs
[2024-01-30T19:36:39.137+0000] {logging_mixin.py:188} INFO - [2024-01-30T19:36:39.137+0000] {dag.py:3823} INFO - Setting next_dagrun for example_local_kubernetes_executor to None, run_after=None
[2024-01-30T19:36:39.175+0000] {processor.py:183} INFO - Processing /home/airflow/.local/lib/python3.8/site-packages/airflow/example_dags/example_local_kubernetes_executor.py took 0.315 seconds
[2024-01-30T19:37:10.079+0000] {processor.py:161} INFO - Started process (PID=467) to work on /home/airflow/.local/lib/python3.8/site-packages/airflow/example_dags/example_local_kubernetes_executor.py
[2024-01-30T19:37:10.082+0000] {processor.py:830} INFO - Processing file /home/airflow/.local/lib/python3.8/site-packages/airflow/example_dags/example_local_kubernetes_executor.py for tasks to queue
[2024-01-30T19:37:10.086+0000] {logging_mixin.py:188} INFO - [2024-01-30T19:37:10.085+0000] {dagbag.py:538} INFO - Filling up the DagBag from /home/airflow/.local/lib/python3.8/site-packages/airflow/example_dags/example_local_kubernetes_executor.py
[2024-01-30T19:37:10.099+0000] {processor.py:840} INFO - DAG(s) 'example_local_kubernetes_executor' retrieved from /home/airflow/.local/lib/python3.8/site-packages/airflow/example_dags/example_local_kubernetes_executor.py
[2024-01-30T19:37:10.171+0000] {logging_mixin.py:188} INFO - [2024-01-30T19:37:10.170+0000] {dag.py:3036} INFO - Sync 1 DAGs
[2024-01-30T19:37:10.197+0000] {logging_mixin.py:188} INFO - [2024-01-30T19:37:10.197+0000] {dag.py:3823} INFO - Setting next_dagrun for example_local_kubernetes_executor to None, run_after=None
[2024-01-30T19:37:10.246+0000] {processor.py:183} INFO - Processing /home/airflow/.local/lib/python3.8/site-packages/airflow/example_dags/example_local_kubernetes_executor.py took 0.174 seconds
[2024-01-30T19:37:40.374+0000] {processor.py:161} INFO - Started process (PID=716) to work on /home/airflow/.local/lib/python3.8/site-packages/airflow/example_dags/example_local_kubernetes_executor.py
[2024-01-30T19:37:40.377+0000] {processor.py:830} INFO - Processing file /home/airflow/.local/lib/python3.8/site-packages/airflow/example_dags/example_local_kubernetes_executor.py for tasks to queue
[2024-01-30T19:37:40.379+0000] {logging_mixin.py:188} INFO - [2024-01-30T19:37:40.379+0000] {dagbag.py:538} INFO - Filling up the DagBag from /home/airflow/.local/lib/python3.8/site-packages/airflow/example_dags/example_local_kubernetes_executor.py
[2024-01-30T19:37:40.389+0000] {processor.py:840} INFO - DAG(s) 'example_local_kubernetes_executor' retrieved from /home/airflow/.local/lib/python3.8/site-packages/airflow/example_dags/example_local_kubernetes_executor.py
[2024-01-30T19:37:40.406+0000] {logging_mixin.py:188} INFO - [2024-01-30T19:37:40.406+0000] {dag.py:3036} INFO - Sync 1 DAGs
[2024-01-30T19:37:40.423+0000] {logging_mixin.py:188} INFO - [2024-01-30T19:37:40.423+0000] {dag.py:3823} INFO - Setting next_dagrun for example_local_kubernetes_executor to None, run_after=None
[2024-01-30T19:37:40.454+0000] {processor.py:183} INFO - Processing /home/airflow/.local/lib/python3.8/site-packages/airflow/example_dags/example_local_kubernetes_executor.py took 0.084 seconds
[2024-01-30T19:38:14.722+0000] {processor.py:161} INFO - Started process (PID=960) to work on /home/airflow/.local/lib/python3.8/site-packages/airflow/example_dags/example_local_kubernetes_executor.py
[2024-01-30T19:38:14.729+0000] {processor.py:830} INFO - Processing file /home/airflow/.local/lib/python3.8/site-packages/airflow/example_dags/example_local_kubernetes_executor.py for tasks to queue
[2024-01-30T19:38:14.733+0000] {logging_mixin.py:188} INFO - [2024-01-30T19:38:14.732+0000] {dagbag.py:538} INFO - Filling up the DagBag from /home/airflow/.local/lib/python3.8/site-packages/airflow/example_dags/example_local_kubernetes_executor.py
[2024-01-30T19:38:14.761+0000] {processor.py:840} INFO - DAG(s) 'example_local_kubernetes_executor' retrieved from /home/airflow/.local/lib/python3.8/site-packages/airflow/example_dags/example_local_kubernetes_executor.py
[2024-01-30T19:38:15.978+0000] {logging_mixin.py:188} INFO - [2024-01-30T19:38:15.977+0000] {dag.py:3036} INFO - Sync 1 DAGs
[2024-01-30T19:38:16.489+0000] {logging_mixin.py:188} INFO - [2024-01-30T19:38:16.488+0000] {dag.py:3823} INFO - Setting next_dagrun for example_local_kubernetes_executor to None, run_after=None
[2024-01-30T19:38:16.887+0000] {processor.py:183} INFO - Processing /home/airflow/.local/lib/python3.8/site-packages/airflow/example_dags/example_local_kubernetes_executor.py took 2.168 seconds
[2024-01-30T19:38:47.553+0000] {processor.py:161} INFO - Started process (PID=1209) to work on /home/airflow/.local/lib/python3.8/site-packages/airflow/example_dags/example_local_kubernetes_executor.py
[2024-01-30T19:38:47.555+0000] {processor.py:830} INFO - Processing file /home/airflow/.local/lib/python3.8/site-packages/airflow/example_dags/example_local_kubernetes_executor.py for tasks to queue
[2024-01-30T19:38:47.557+0000] {logging_mixin.py:188} INFO - [2024-01-30T19:38:47.557+0000] {dagbag.py:538} INFO - Filling up the DagBag from /home/airflow/.local/lib/python3.8/site-packages/airflow/example_dags/example_local_kubernetes_executor.py
[2024-01-30T19:38:47.578+0000] {processor.py:840} INFO - DAG(s) 'example_local_kubernetes_executor' retrieved from /home/airflow/.local/lib/python3.8/site-packages/airflow/example_dags/example_local_kubernetes_executor.py
[2024-01-30T19:38:47.653+0000] {logging_mixin.py:188} INFO - [2024-01-30T19:38:47.653+0000] {dag.py:3036} INFO - Sync 1 DAGs
[2024-01-30T19:38:47.685+0000] {logging_mixin.py:188} INFO - [2024-01-30T19:38:47.684+0000] {dag.py:3823} INFO - Setting next_dagrun for example_local_kubernetes_executor to None, run_after=None
[2024-01-30T19:38:47.731+0000] {processor.py:183} INFO - Processing /home/airflow/.local/lib/python3.8/site-packages/airflow/example_dags/example_local_kubernetes_executor.py took 0.185 seconds
[2024-01-30T19:39:18.529+0000] {processor.py:161} INFO - Started process (PID=1461) to work on /home/airflow/.local/lib/python3.8/site-packages/airflow/example_dags/example_local_kubernetes_executor.py
[2024-01-30T19:39:18.535+0000] {processor.py:830} INFO - Processing file /home/airflow/.local/lib/python3.8/site-packages/airflow/example_dags/example_local_kubernetes_executor.py for tasks to queue
[2024-01-30T19:39:18.546+0000] {logging_mixin.py:188} INFO - [2024-01-30T19:39:18.545+0000] {dagbag.py:538} INFO - Filling up the DagBag from /home/airflow/.local/lib/python3.8/site-packages/airflow/example_dags/example_local_kubernetes_executor.py
[2024-01-30T19:39:18.585+0000] {processor.py:840} INFO - DAG(s) 'example_local_kubernetes_executor' retrieved from /home/airflow/.local/lib/python3.8/site-packages/airflow/example_dags/example_local_kubernetes_executor.py
[2024-01-30T19:39:18.716+0000] {logging_mixin.py:188} INFO - [2024-01-30T19:39:18.715+0000] {dag.py:3036} INFO - Sync 1 DAGs
[2024-01-30T19:39:18.776+0000] {logging_mixin.py:188} INFO - [2024-01-30T19:39:18.775+0000] {dag.py:3823} INFO - Setting next_dagrun for example_local_kubernetes_executor to None, run_after=None
[2024-01-30T19:39:18.836+0000] {processor.py:183} INFO - Processing /home/airflow/.local/lib/python3.8/site-packages/airflow/example_dags/example_local_kubernetes_executor.py took 0.314 seconds
[2024-01-30T19:39:49.166+0000] {processor.py:161} INFO - Started process (PID=1708) to work on /home/airflow/.local/lib/python3.8/site-packages/airflow/example_dags/example_local_kubernetes_executor.py
[2024-01-30T19:39:49.169+0000] {processor.py:830} INFO - Processing file /home/airflow/.local/lib/python3.8/site-packages/airflow/example_dags/example_local_kubernetes_executor.py for tasks to queue
[2024-01-30T19:39:49.171+0000] {logging_mixin.py:188} INFO - [2024-01-30T19:39:49.171+0000] {dagbag.py:538} INFO - Filling up the DagBag from /home/airflow/.local/lib/python3.8/site-packages/airflow/example_dags/example_local_kubernetes_executor.py
[2024-01-30T19:39:49.233+0000] {processor.py:840} INFO - DAG(s) 'example_local_kubernetes_executor' retrieved from /home/airflow/.local/lib/python3.8/site-packages/airflow/example_dags/example_local_kubernetes_executor.py
[2024-01-30T19:39:49.389+0000] {logging_mixin.py:188} INFO - [2024-01-30T19:39:49.388+0000] {dag.py:3036} INFO - Sync 1 DAGs
[2024-01-30T19:39:49.445+0000] {logging_mixin.py:188} INFO - [2024-01-30T19:39:49.445+0000] {dag.py:3823} INFO - Setting next_dagrun for example_local_kubernetes_executor to None, run_after=None
[2024-01-30T19:39:49.532+0000] {processor.py:183} INFO - Processing /home/airflow/.local/lib/python3.8/site-packages/airflow/example_dags/example_local_kubernetes_executor.py took 0.374 seconds
[2024-01-30T19:40:19.711+0000] {processor.py:161} INFO - Started process (PID=1953) to work on /home/airflow/.local/lib/python3.8/site-packages/airflow/example_dags/example_local_kubernetes_executor.py
[2024-01-30T19:40:19.719+0000] {processor.py:830} INFO - Processing file /home/airflow/.local/lib/python3.8/site-packages/airflow/example_dags/example_local_kubernetes_executor.py for tasks to queue
[2024-01-30T19:40:19.724+0000] {logging_mixin.py:188} INFO - [2024-01-30T19:40:19.723+0000] {dagbag.py:538} INFO - Filling up the DagBag from /home/airflow/.local/lib/python3.8/site-packages/airflow/example_dags/example_local_kubernetes_executor.py
[2024-01-30T19:40:19.772+0000] {processor.py:840} INFO - DAG(s) 'example_local_kubernetes_executor' retrieved from /home/airflow/.local/lib/python3.8/site-packages/airflow/example_dags/example_local_kubernetes_executor.py
[2024-01-30T19:40:19.916+0000] {logging_mixin.py:188} INFO - [2024-01-30T19:40:19.915+0000] {dag.py:3036} INFO - Sync 1 DAGs
[2024-01-30T19:40:19.961+0000] {logging_mixin.py:188} INFO - [2024-01-30T19:40:19.959+0000] {dag.py:3823} INFO - Setting next_dagrun for example_local_kubernetes_executor to None, run_after=None
[2024-01-30T19:40:20.023+0000] {processor.py:183} INFO - Processing /home/airflow/.local/lib/python3.8/site-packages/airflow/example_dags/example_local_kubernetes_executor.py took 0.317 seconds
[2024-01-30T19:40:53.064+0000] {processor.py:161} INFO - Started process (PID=2206) to work on /home/airflow/.local/lib/python3.8/site-packages/airflow/example_dags/example_local_kubernetes_executor.py
[2024-01-30T19:40:53.071+0000] {processor.py:830} INFO - Processing file /home/airflow/.local/lib/python3.8/site-packages/airflow/example_dags/example_local_kubernetes_executor.py for tasks to queue
[2024-01-30T19:40:53.074+0000] {logging_mixin.py:188} INFO - [2024-01-30T19:40:53.073+0000] {dagbag.py:538} INFO - Filling up the DagBag from /home/airflow/.local/lib/python3.8/site-packages/airflow/example_dags/example_local_kubernetes_executor.py
[2024-01-30T19:40:53.149+0000] {processor.py:840} INFO - DAG(s) 'example_local_kubernetes_executor' retrieved from /home/airflow/.local/lib/python3.8/site-packages/airflow/example_dags/example_local_kubernetes_executor.py
[2024-01-30T19:40:53.317+0000] {logging_mixin.py:188} INFO - [2024-01-30T19:40:53.317+0000] {dag.py:3036} INFO - Sync 1 DAGs
[2024-01-30T19:40:53.367+0000] {logging_mixin.py:188} INFO - [2024-01-30T19:40:53.366+0000] {dag.py:3823} INFO - Setting next_dagrun for example_local_kubernetes_executor to None, run_after=None
[2024-01-30T19:40:53.424+0000] {processor.py:183} INFO - Processing /home/airflow/.local/lib/python3.8/site-packages/airflow/example_dags/example_local_kubernetes_executor.py took 0.423 seconds
[2024-01-30T19:41:24.529+0000] {processor.py:161} INFO - Started process (PID=2450) to work on /home/airflow/.local/lib/python3.8/site-packages/airflow/example_dags/example_local_kubernetes_executor.py
[2024-01-30T19:41:24.552+0000] {processor.py:830} INFO - Processing file /home/airflow/.local/lib/python3.8/site-packages/airflow/example_dags/example_local_kubernetes_executor.py for tasks to queue
[2024-01-30T19:41:24.568+0000] {logging_mixin.py:188} INFO - [2024-01-30T19:41:24.557+0000] {dagbag.py:538} INFO - Filling up the DagBag from /home/airflow/.local/lib/python3.8/site-packages/airflow/example_dags/example_local_kubernetes_executor.py
[2024-01-30T19:41:24.623+0000] {processor.py:840} INFO - DAG(s) 'example_local_kubernetes_executor' retrieved from /home/airflow/.local/lib/python3.8/site-packages/airflow/example_dags/example_local_kubernetes_executor.py
[2024-01-30T19:41:24.772+0000] {logging_mixin.py:188} INFO - [2024-01-30T19:41:24.771+0000] {dag.py:3036} INFO - Sync 1 DAGs
[2024-01-30T19:41:24.812+0000] {logging_mixin.py:188} INFO - [2024-01-30T19:41:24.811+0000] {dag.py:3823} INFO - Setting next_dagrun for example_local_kubernetes_executor to None, run_after=None
[2024-01-30T19:41:24.922+0000] {processor.py:183} INFO - Processing /home/airflow/.local/lib/python3.8/site-packages/airflow/example_dags/example_local_kubernetes_executor.py took 0.400 seconds
[2024-01-30T19:41:55.231+0000] {processor.py:161} INFO - Started process (PID=2697) to work on /home/airflow/.local/lib/python3.8/site-packages/airflow/example_dags/example_local_kubernetes_executor.py
[2024-01-30T19:41:55.236+0000] {processor.py:830} INFO - Processing file /home/airflow/.local/lib/python3.8/site-packages/airflow/example_dags/example_local_kubernetes_executor.py for tasks to queue
[2024-01-30T19:41:55.238+0000] {logging_mixin.py:188} INFO - [2024-01-30T19:41:55.237+0000] {dagbag.py:538} INFO - Filling up the DagBag from /home/airflow/.local/lib/python3.8/site-packages/airflow/example_dags/example_local_kubernetes_executor.py
[2024-01-30T19:41:55.252+0000] {processor.py:840} INFO - DAG(s) 'example_local_kubernetes_executor' retrieved from /home/airflow/.local/lib/python3.8/site-packages/airflow/example_dags/example_local_kubernetes_executor.py
[2024-01-30T19:41:55.331+0000] {logging_mixin.py:188} INFO - [2024-01-30T19:41:55.330+0000] {dag.py:3036} INFO - Sync 1 DAGs
[2024-01-30T19:41:55.356+0000] {logging_mixin.py:188} INFO - [2024-01-30T19:41:55.355+0000] {dag.py:3823} INFO - Setting next_dagrun for example_local_kubernetes_executor to None, run_after=None
[2024-01-30T19:41:55.413+0000] {processor.py:183} INFO - Processing /home/airflow/.local/lib/python3.8/site-packages/airflow/example_dags/example_local_kubernetes_executor.py took 0.188 seconds
[2024-01-30T19:42:25.581+0000] {processor.py:161} INFO - Started process (PID=2944) to work on /home/airflow/.local/lib/python3.8/site-packages/airflow/example_dags/example_local_kubernetes_executor.py
[2024-01-30T19:42:25.593+0000] {processor.py:830} INFO - Processing file /home/airflow/.local/lib/python3.8/site-packages/airflow/example_dags/example_local_kubernetes_executor.py for tasks to queue
[2024-01-30T19:42:25.596+0000] {logging_mixin.py:188} INFO - [2024-01-30T19:42:25.595+0000] {dagbag.py:538} INFO - Filling up the DagBag from /home/airflow/.local/lib/python3.8/site-packages/airflow/example_dags/example_local_kubernetes_executor.py
[2024-01-30T19:42:25.615+0000] {processor.py:840} INFO - DAG(s) 'example_local_kubernetes_executor' retrieved from /home/airflow/.local/lib/python3.8/site-packages/airflow/example_dags/example_local_kubernetes_executor.py
[2024-01-30T19:42:25.683+0000] {logging_mixin.py:188} INFO - [2024-01-30T19:42:25.683+0000] {dag.py:3036} INFO - Sync 1 DAGs
[2024-01-30T19:42:25.704+0000] {logging_mixin.py:188} INFO - [2024-01-30T19:42:25.704+0000] {dag.py:3823} INFO - Setting next_dagrun for example_local_kubernetes_executor to None, run_after=None
[2024-01-30T19:42:25.764+0000] {processor.py:183} INFO - Processing /home/airflow/.local/lib/python3.8/site-packages/airflow/example_dags/example_local_kubernetes_executor.py took 0.188 seconds
[2024-01-30T19:43:26.802+0000] {processor.py:161} INFO - Started process (PID=3144) to work on /home/airflow/.local/lib/python3.8/site-packages/airflow/example_dags/example_local_kubernetes_executor.py
[2024-01-30T19:43:26.810+0000] {processor.py:830} INFO - Processing file /home/airflow/.local/lib/python3.8/site-packages/airflow/example_dags/example_local_kubernetes_executor.py for tasks to queue
[2024-01-30T19:43:26.813+0000] {logging_mixin.py:188} INFO - [2024-01-30T19:43:26.813+0000] {dagbag.py:538} INFO - Filling up the DagBag from /home/airflow/.local/lib/python3.8/site-packages/airflow/example_dags/example_local_kubernetes_executor.py
[2024-01-30T19:43:27.307+0000] {processor.py:840} INFO - DAG(s) 'example_local_kubernetes_executor' retrieved from /home/airflow/.local/lib/python3.8/site-packages/airflow/example_dags/example_local_kubernetes_executor.py
[2024-01-30T19:43:28.014+0000] {logging_mixin.py:188} INFO - [2024-01-30T19:43:28.013+0000] {dag.py:3036} INFO - Sync 1 DAGs
[2024-01-30T19:43:28.183+0000] {logging_mixin.py:188} INFO - [2024-01-30T19:43:28.181+0000] {dag.py:3823} INFO - Setting next_dagrun for example_local_kubernetes_executor to None, run_after=None
[2024-01-30T19:43:28.269+0000] {processor.py:183} INFO - Processing /home/airflow/.local/lib/python3.8/site-packages/airflow/example_dags/example_local_kubernetes_executor.py took 1.510 seconds
[2024-01-30T19:44:02.013+0000] {processor.py:161} INFO - Started process (PID=3394) to work on /home/airflow/.local/lib/python3.8/site-packages/airflow/example_dags/example_local_kubernetes_executor.py
[2024-01-30T19:44:02.017+0000] {processor.py:830} INFO - Processing file /home/airflow/.local/lib/python3.8/site-packages/airflow/example_dags/example_local_kubernetes_executor.py for tasks to queue
[2024-01-30T19:44:02.021+0000] {logging_mixin.py:188} INFO - [2024-01-30T19:44:02.020+0000] {dagbag.py:538} INFO - Filling up the DagBag from /home/airflow/.local/lib/python3.8/site-packages/airflow/example_dags/example_local_kubernetes_executor.py
[2024-01-30T19:44:02.041+0000] {processor.py:840} INFO - DAG(s) 'example_local_kubernetes_executor' retrieved from /home/airflow/.local/lib/python3.8/site-packages/airflow/example_dags/example_local_kubernetes_executor.py
[2024-01-30T19:44:02.128+0000] {logging_mixin.py:188} INFO - [2024-01-30T19:44:02.127+0000] {dag.py:3036} INFO - Sync 1 DAGs
[2024-01-30T19:44:02.161+0000] {logging_mixin.py:188} INFO - [2024-01-30T19:44:02.160+0000] {dag.py:3823} INFO - Setting next_dagrun for example_local_kubernetes_executor to None, run_after=None
[2024-01-30T19:44:02.222+0000] {processor.py:183} INFO - Processing /home/airflow/.local/lib/python3.8/site-packages/airflow/example_dags/example_local_kubernetes_executor.py took 0.215 seconds
[2024-01-30T19:44:49.923+0000] {processor.py:161} INFO - Started process (PID=3618) to work on /home/airflow/.local/lib/python3.8/site-packages/airflow/example_dags/example_local_kubernetes_executor.py
[2024-01-30T19:44:49.946+0000] {processor.py:830} INFO - Processing file /home/airflow/.local/lib/python3.8/site-packages/airflow/example_dags/example_local_kubernetes_executor.py for tasks to queue
[2024-01-30T19:44:49.962+0000] {logging_mixin.py:188} INFO - [2024-01-30T19:44:49.961+0000] {dagbag.py:538} INFO - Filling up the DagBag from /home/airflow/.local/lib/python3.8/site-packages/airflow/example_dags/example_local_kubernetes_executor.py
[2024-01-30T19:44:50.421+0000] {processor.py:840} INFO - DAG(s) 'example_local_kubernetes_executor' retrieved from /home/airflow/.local/lib/python3.8/site-packages/airflow/example_dags/example_local_kubernetes_executor.py
[2024-01-30T19:44:55.218+0000] {logging_mixin.py:188} INFO - [2024-01-30T19:44:55.211+0000] {dag.py:3036} INFO - Sync 1 DAGs
[2024-01-30T19:44:55.342+0000] {logging_mixin.py:188} INFO - [2024-01-30T19:44:55.342+0000] {dag.py:3823} INFO - Setting next_dagrun for example_local_kubernetes_executor to None, run_after=None
[2024-01-30T19:44:55.537+0000] {processor.py:183} INFO - Processing /home/airflow/.local/lib/python3.8/site-packages/airflow/example_dags/example_local_kubernetes_executor.py took 5.651 seconds
[2024-01-30T19:45:32.428+0000] {processor.py:161} INFO - Started process (PID=3869) to work on /home/airflow/.local/lib/python3.8/site-packages/airflow/example_dags/example_local_kubernetes_executor.py
[2024-01-30T19:45:32.430+0000] {processor.py:830} INFO - Processing file /home/airflow/.local/lib/python3.8/site-packages/airflow/example_dags/example_local_kubernetes_executor.py for tasks to queue
[2024-01-30T19:45:32.437+0000] {logging_mixin.py:188} INFO - [2024-01-30T19:45:32.436+0000] {dagbag.py:538} INFO - Filling up the DagBag from /home/airflow/.local/lib/python3.8/site-packages/airflow/example_dags/example_local_kubernetes_executor.py
[2024-01-30T19:45:32.450+0000] {processor.py:840} INFO - DAG(s) 'example_local_kubernetes_executor' retrieved from /home/airflow/.local/lib/python3.8/site-packages/airflow/example_dags/example_local_kubernetes_executor.py
[2024-01-30T19:45:32.544+0000] {logging_mixin.py:188} INFO - [2024-01-30T19:45:32.542+0000] {dag.py:3036} INFO - Sync 1 DAGs
[2024-01-30T19:45:32.568+0000] {logging_mixin.py:188} INFO - [2024-01-30T19:45:32.568+0000] {dag.py:3823} INFO - Setting next_dagrun for example_local_kubernetes_executor to None, run_after=None
[2024-01-30T19:45:32.613+0000] {processor.py:183} INFO - Processing /home/airflow/.local/lib/python3.8/site-packages/airflow/example_dags/example_local_kubernetes_executor.py took 0.191 seconds
