[2024-01-30T19:28:01.346+0000] {processor.py:161} INFO - Started process (PID=225) to work on /home/airflow/.local/lib/python3.8/site-packages/airflow/example_dags/example_python_operator.py
[2024-01-30T19:28:01.543+0000] {processor.py:830} INFO - Processing file /home/airflow/.local/lib/python3.8/site-packages/airflow/example_dags/example_python_operator.py for tasks to queue
[2024-01-30T19:28:01.841+0000] {logging_mixin.py:188} INFO - [2024-01-30T19:28:01.765+0000] {dagbag.py:538} INFO - Filling up the DagBag from /home/airflow/.local/lib/python3.8/site-packages/airflow/example_dags/example_python_operator.py
[2024-01-30T19:28:02.703+0000] {processor.py:840} INFO - DAG(s) 'example_python_operator' retrieved from /home/airflow/.local/lib/python3.8/site-packages/airflow/example_dags/example_python_operator.py
[2024-01-30T19:28:08.727+0000] {logging_mixin.py:188} INFO - [2024-01-30T19:28:08.722+0000] {override.py:1769} INFO - Created Permission View: can edit on DAG:example_python_operator
[2024-01-30T19:28:08.947+0000] {logging_mixin.py:188} INFO - [2024-01-30T19:28:08.946+0000] {override.py:1769} INFO - Created Permission View: can read on DAG:example_python_operator
[2024-01-30T19:28:09.137+0000] {logging_mixin.py:188} INFO - [2024-01-30T19:28:09.134+0000] {override.py:1769} INFO - Created Permission View: can delete on DAG:example_python_operator
[2024-01-30T19:28:09.153+0000] {logging_mixin.py:188} INFO - [2024-01-30T19:28:09.151+0000] {dag.py:3036} INFO - Sync 1 DAGs
[2024-01-30T19:28:09.524+0000] {logging_mixin.py:188} INFO - [2024-01-30T19:28:09.524+0000] {dag.py:3058} INFO - Creating ORM DAG for example_python_operator
[2024-01-30T19:28:09.531+0000] {logging_mixin.py:188} INFO - [2024-01-30T19:28:09.530+0000] {dag.py:3823} INFO - Setting next_dagrun for example_python_operator to None, run_after=None
[2024-01-30T19:28:09.890+0000] {processor.py:183} INFO - Processing /home/airflow/.local/lib/python3.8/site-packages/airflow/example_dags/example_python_operator.py took 9.162 seconds
[2024-01-30T19:31:48.377+0000] {processor.py:161} INFO - Started process (PID=201) to work on /home/airflow/.local/lib/python3.8/site-packages/airflow/example_dags/example_python_operator.py
[2024-01-30T19:31:48.380+0000] {processor.py:830} INFO - Processing file /home/airflow/.local/lib/python3.8/site-packages/airflow/example_dags/example_python_operator.py for tasks to queue
[2024-01-30T19:31:48.389+0000] {logging_mixin.py:188} INFO - [2024-01-30T19:31:48.388+0000] {dagbag.py:538} INFO - Filling up the DagBag from /home/airflow/.local/lib/python3.8/site-packages/airflow/example_dags/example_python_operator.py
[2024-01-30T19:31:48.417+0000] {processor.py:840} INFO - DAG(s) 'example_python_operator' retrieved from /home/airflow/.local/lib/python3.8/site-packages/airflow/example_dags/example_python_operator.py
[2024-01-30T19:31:49.492+0000] {logging_mixin.py:188} INFO - [2024-01-30T19:31:49.492+0000] {dag.py:3036} INFO - Sync 1 DAGs
[2024-01-30T19:31:49.516+0000] {logging_mixin.py:188} INFO - [2024-01-30T19:31:49.516+0000] {dag.py:3823} INFO - Setting next_dagrun for example_python_operator to None, run_after=None
[2024-01-30T19:31:49.598+0000] {processor.py:183} INFO - Processing /home/airflow/.local/lib/python3.8/site-packages/airflow/example_dags/example_python_operator.py took 1.225 seconds
[2024-01-30T19:36:37.571+0000] {processor.py:161} INFO - Started process (PID=195) to work on /home/airflow/.local/lib/python3.8/site-packages/airflow/example_dags/example_python_operator.py
[2024-01-30T19:36:37.585+0000] {processor.py:830} INFO - Processing file /home/airflow/.local/lib/python3.8/site-packages/airflow/example_dags/example_python_operator.py for tasks to queue
[2024-01-30T19:36:37.590+0000] {logging_mixin.py:188} INFO - [2024-01-30T19:36:37.589+0000] {dagbag.py:538} INFO - Filling up the DagBag from /home/airflow/.local/lib/python3.8/site-packages/airflow/example_dags/example_python_operator.py
[2024-01-30T19:36:37.629+0000] {processor.py:840} INFO - DAG(s) 'example_python_operator' retrieved from /home/airflow/.local/lib/python3.8/site-packages/airflow/example_dags/example_python_operator.py
[2024-01-30T19:36:37.920+0000] {logging_mixin.py:188} INFO - [2024-01-30T19:36:37.920+0000] {dag.py:3036} INFO - Sync 1 DAGs
[2024-01-30T19:36:37.938+0000] {logging_mixin.py:188} INFO - [2024-01-30T19:36:37.938+0000] {dag.py:3823} INFO - Setting next_dagrun for example_python_operator to None, run_after=None
[2024-01-30T19:36:37.995+0000] {processor.py:183} INFO - Processing /home/airflow/.local/lib/python3.8/site-packages/airflow/example_dags/example_python_operator.py took 0.428 seconds
[2024-01-30T19:37:08.626+0000] {processor.py:161} INFO - Started process (PID=442) to work on /home/airflow/.local/lib/python3.8/site-packages/airflow/example_dags/example_python_operator.py
[2024-01-30T19:37:08.629+0000] {processor.py:830} INFO - Processing file /home/airflow/.local/lib/python3.8/site-packages/airflow/example_dags/example_python_operator.py for tasks to queue
[2024-01-30T19:37:08.631+0000] {logging_mixin.py:188} INFO - [2024-01-30T19:37:08.630+0000] {dagbag.py:538} INFO - Filling up the DagBag from /home/airflow/.local/lib/python3.8/site-packages/airflow/example_dags/example_python_operator.py
[2024-01-30T19:37:08.650+0000] {processor.py:840} INFO - DAG(s) 'example_python_operator' retrieved from /home/airflow/.local/lib/python3.8/site-packages/airflow/example_dags/example_python_operator.py
[2024-01-30T19:37:08.706+0000] {logging_mixin.py:188} INFO - [2024-01-30T19:37:08.705+0000] {dag.py:3036} INFO - Sync 1 DAGs
[2024-01-30T19:37:08.738+0000] {logging_mixin.py:188} INFO - [2024-01-30T19:37:08.737+0000] {dag.py:3823} INFO - Setting next_dagrun for example_python_operator to None, run_after=None
[2024-01-30T19:37:08.802+0000] {processor.py:183} INFO - Processing /home/airflow/.local/lib/python3.8/site-packages/airflow/example_dags/example_python_operator.py took 0.188 seconds
[2024-01-30T19:37:39.621+0000] {processor.py:161} INFO - Started process (PID=689) to work on /home/airflow/.local/lib/python3.8/site-packages/airflow/example_dags/example_python_operator.py
[2024-01-30T19:37:39.624+0000] {processor.py:830} INFO - Processing file /home/airflow/.local/lib/python3.8/site-packages/airflow/example_dags/example_python_operator.py for tasks to queue
[2024-01-30T19:37:39.627+0000] {logging_mixin.py:188} INFO - [2024-01-30T19:37:39.626+0000] {dagbag.py:538} INFO - Filling up the DagBag from /home/airflow/.local/lib/python3.8/site-packages/airflow/example_dags/example_python_operator.py
[2024-01-30T19:37:39.644+0000] {processor.py:840} INFO - DAG(s) 'example_python_operator' retrieved from /home/airflow/.local/lib/python3.8/site-packages/airflow/example_dags/example_python_operator.py
[2024-01-30T19:37:39.666+0000] {logging_mixin.py:188} INFO - [2024-01-30T19:37:39.666+0000] {dag.py:3036} INFO - Sync 1 DAGs
[2024-01-30T19:37:39.687+0000] {logging_mixin.py:188} INFO - [2024-01-30T19:37:39.686+0000] {dag.py:3823} INFO - Setting next_dagrun for example_python_operator to None, run_after=None
[2024-01-30T19:37:39.730+0000] {processor.py:183} INFO - Processing /home/airflow/.local/lib/python3.8/site-packages/airflow/example_dags/example_python_operator.py took 0.112 seconds
[2024-01-30T19:38:11.039+0000] {processor.py:161} INFO - Started process (PID=935) to work on /home/airflow/.local/lib/python3.8/site-packages/airflow/example_dags/example_python_operator.py
[2024-01-30T19:38:11.070+0000] {processor.py:830} INFO - Processing file /home/airflow/.local/lib/python3.8/site-packages/airflow/example_dags/example_python_operator.py for tasks to queue
[2024-01-30T19:38:11.083+0000] {logging_mixin.py:188} INFO - [2024-01-30T19:38:11.082+0000] {dagbag.py:538} INFO - Filling up the DagBag from /home/airflow/.local/lib/python3.8/site-packages/airflow/example_dags/example_python_operator.py
[2024-01-30T19:38:11.121+0000] {processor.py:840} INFO - DAG(s) 'example_python_operator' retrieved from /home/airflow/.local/lib/python3.8/site-packages/airflow/example_dags/example_python_operator.py
[2024-01-30T19:38:11.613+0000] {logging_mixin.py:188} INFO - [2024-01-30T19:38:11.612+0000] {dag.py:3036} INFO - Sync 1 DAGs
[2024-01-30T19:38:11.657+0000] {logging_mixin.py:188} INFO - [2024-01-30T19:38:11.657+0000] {dag.py:3823} INFO - Setting next_dagrun for example_python_operator to None, run_after=None
[2024-01-30T19:38:12.156+0000] {processor.py:183} INFO - Processing /home/airflow/.local/lib/python3.8/site-packages/airflow/example_dags/example_python_operator.py took 1.123 seconds
[2024-01-30T19:38:42.984+0000] {processor.py:161} INFO - Started process (PID=1182) to work on /home/airflow/.local/lib/python3.8/site-packages/airflow/example_dags/example_python_operator.py
[2024-01-30T19:38:42.986+0000] {processor.py:830} INFO - Processing file /home/airflow/.local/lib/python3.8/site-packages/airflow/example_dags/example_python_operator.py for tasks to queue
[2024-01-30T19:38:42.987+0000] {logging_mixin.py:188} INFO - [2024-01-30T19:38:42.986+0000] {dagbag.py:538} INFO - Filling up the DagBag from /home/airflow/.local/lib/python3.8/site-packages/airflow/example_dags/example_python_operator.py
[2024-01-30T19:38:42.999+0000] {processor.py:840} INFO - DAG(s) 'example_python_operator' retrieved from /home/airflow/.local/lib/python3.8/site-packages/airflow/example_dags/example_python_operator.py
[2024-01-30T19:38:43.032+0000] {logging_mixin.py:188} INFO - [2024-01-30T19:38:43.032+0000] {dag.py:3036} INFO - Sync 1 DAGs
[2024-01-30T19:38:43.054+0000] {logging_mixin.py:188} INFO - [2024-01-30T19:38:43.054+0000] {dag.py:3823} INFO - Setting next_dagrun for example_python_operator to None, run_after=None
[2024-01-30T19:38:43.097+0000] {processor.py:183} INFO - Processing /home/airflow/.local/lib/python3.8/site-packages/airflow/example_dags/example_python_operator.py took 0.116 seconds
[2024-01-30T19:39:13.612+0000] {processor.py:161} INFO - Started process (PID=1434) to work on /home/airflow/.local/lib/python3.8/site-packages/airflow/example_dags/example_python_operator.py
[2024-01-30T19:39:13.615+0000] {processor.py:830} INFO - Processing file /home/airflow/.local/lib/python3.8/site-packages/airflow/example_dags/example_python_operator.py for tasks to queue
[2024-01-30T19:39:13.617+0000] {logging_mixin.py:188} INFO - [2024-01-30T19:39:13.616+0000] {dagbag.py:538} INFO - Filling up the DagBag from /home/airflow/.local/lib/python3.8/site-packages/airflow/example_dags/example_python_operator.py
[2024-01-30T19:39:13.636+0000] {processor.py:840} INFO - DAG(s) 'example_python_operator' retrieved from /home/airflow/.local/lib/python3.8/site-packages/airflow/example_dags/example_python_operator.py
[2024-01-30T19:39:13.684+0000] {logging_mixin.py:188} INFO - [2024-01-30T19:39:13.683+0000] {dag.py:3036} INFO - Sync 1 DAGs
[2024-01-30T19:39:13.850+0000] {logging_mixin.py:188} INFO - [2024-01-30T19:39:13.850+0000] {dag.py:3823} INFO - Setting next_dagrun for example_python_operator to None, run_after=None
[2024-01-30T19:39:13.942+0000] {processor.py:183} INFO - Processing /home/airflow/.local/lib/python3.8/site-packages/airflow/example_dags/example_python_operator.py took 0.334 seconds
[2024-01-30T19:39:44.215+0000] {processor.py:161} INFO - Started process (PID=1681) to work on /home/airflow/.local/lib/python3.8/site-packages/airflow/example_dags/example_python_operator.py
[2024-01-30T19:39:44.217+0000] {processor.py:830} INFO - Processing file /home/airflow/.local/lib/python3.8/site-packages/airflow/example_dags/example_python_operator.py for tasks to queue
[2024-01-30T19:39:44.219+0000] {logging_mixin.py:188} INFO - [2024-01-30T19:39:44.218+0000] {dagbag.py:538} INFO - Filling up the DagBag from /home/airflow/.local/lib/python3.8/site-packages/airflow/example_dags/example_python_operator.py
[2024-01-30T19:39:44.239+0000] {processor.py:840} INFO - DAG(s) 'example_python_operator' retrieved from /home/airflow/.local/lib/python3.8/site-packages/airflow/example_dags/example_python_operator.py
[2024-01-30T19:39:44.286+0000] {logging_mixin.py:188} INFO - [2024-01-30T19:39:44.286+0000] {dag.py:3036} INFO - Sync 1 DAGs
[2024-01-30T19:39:44.325+0000] {logging_mixin.py:188} INFO - [2024-01-30T19:39:44.325+0000] {dag.py:3823} INFO - Setting next_dagrun for example_python_operator to None, run_after=None
[2024-01-30T19:39:44.388+0000] {processor.py:183} INFO - Processing /home/airflow/.local/lib/python3.8/site-packages/airflow/example_dags/example_python_operator.py took 0.179 seconds
[2024-01-30T19:40:17.675+0000] {processor.py:161} INFO - Started process (PID=1928) to work on /home/airflow/.local/lib/python3.8/site-packages/airflow/example_dags/example_python_operator.py
[2024-01-30T19:40:17.701+0000] {processor.py:830} INFO - Processing file /home/airflow/.local/lib/python3.8/site-packages/airflow/example_dags/example_python_operator.py for tasks to queue
[2024-01-30T19:40:17.715+0000] {logging_mixin.py:188} INFO - [2024-01-30T19:40:17.711+0000] {dagbag.py:538} INFO - Filling up the DagBag from /home/airflow/.local/lib/python3.8/site-packages/airflow/example_dags/example_python_operator.py
[2024-01-30T19:40:17.878+0000] {processor.py:840} INFO - DAG(s) 'example_python_operator' retrieved from /home/airflow/.local/lib/python3.8/site-packages/airflow/example_dags/example_python_operator.py
[2024-01-30T19:40:18.326+0000] {logging_mixin.py:188} INFO - [2024-01-30T19:40:18.325+0000] {dag.py:3036} INFO - Sync 1 DAGs
[2024-01-30T19:40:18.585+0000] {logging_mixin.py:188} INFO - [2024-01-30T19:40:18.583+0000] {dag.py:3823} INFO - Setting next_dagrun for example_python_operator to None, run_after=None
[2024-01-30T19:40:18.714+0000] {processor.py:183} INFO - Processing /home/airflow/.local/lib/python3.8/site-packages/airflow/example_dags/example_python_operator.py took 1.128 seconds
[2024-01-30T19:40:49.920+0000] {processor.py:161} INFO - Started process (PID=2172) to work on /home/airflow/.local/lib/python3.8/site-packages/airflow/example_dags/example_python_operator.py
[2024-01-30T19:40:49.923+0000] {processor.py:830} INFO - Processing file /home/airflow/.local/lib/python3.8/site-packages/airflow/example_dags/example_python_operator.py for tasks to queue
[2024-01-30T19:40:49.926+0000] {logging_mixin.py:188} INFO - [2024-01-30T19:40:49.925+0000] {dagbag.py:538} INFO - Filling up the DagBag from /home/airflow/.local/lib/python3.8/site-packages/airflow/example_dags/example_python_operator.py
[2024-01-30T19:40:49.954+0000] {processor.py:840} INFO - DAG(s) 'example_python_operator' retrieved from /home/airflow/.local/lib/python3.8/site-packages/airflow/example_dags/example_python_operator.py
[2024-01-30T19:40:50.019+0000] {logging_mixin.py:188} INFO - [2024-01-30T19:40:50.018+0000] {dag.py:3036} INFO - Sync 1 DAGs
[2024-01-30T19:40:50.057+0000] {logging_mixin.py:188} INFO - [2024-01-30T19:40:50.057+0000] {dag.py:3823} INFO - Setting next_dagrun for example_python_operator to None, run_after=None
[2024-01-30T19:40:50.239+0000] {processor.py:183} INFO - Processing /home/airflow/.local/lib/python3.8/site-packages/airflow/example_dags/example_python_operator.py took 0.324 seconds
[2024-01-30T19:41:20.863+0000] {processor.py:161} INFO - Started process (PID=2419) to work on /home/airflow/.local/lib/python3.8/site-packages/airflow/example_dags/example_python_operator.py
[2024-01-30T19:41:20.867+0000] {processor.py:830} INFO - Processing file /home/airflow/.local/lib/python3.8/site-packages/airflow/example_dags/example_python_operator.py for tasks to queue
[2024-01-30T19:41:20.877+0000] {logging_mixin.py:188} INFO - [2024-01-30T19:41:20.876+0000] {dagbag.py:538} INFO - Filling up the DagBag from /home/airflow/.local/lib/python3.8/site-packages/airflow/example_dags/example_python_operator.py
[2024-01-30T19:41:20.906+0000] {processor.py:840} INFO - DAG(s) 'example_python_operator' retrieved from /home/airflow/.local/lib/python3.8/site-packages/airflow/example_dags/example_python_operator.py
[2024-01-30T19:41:21.045+0000] {logging_mixin.py:188} INFO - [2024-01-30T19:41:21.044+0000] {dag.py:3036} INFO - Sync 1 DAGs
[2024-01-30T19:41:21.105+0000] {logging_mixin.py:188} INFO - [2024-01-30T19:41:21.105+0000] {dag.py:3823} INFO - Setting next_dagrun for example_python_operator to None, run_after=None
[2024-01-30T19:41:21.180+0000] {processor.py:183} INFO - Processing /home/airflow/.local/lib/python3.8/site-packages/airflow/example_dags/example_python_operator.py took 0.332 seconds
[2024-01-30T19:41:51.728+0000] {processor.py:161} INFO - Started process (PID=2666) to work on /home/airflow/.local/lib/python3.8/site-packages/airflow/example_dags/example_python_operator.py
[2024-01-30T19:41:51.731+0000] {processor.py:830} INFO - Processing file /home/airflow/.local/lib/python3.8/site-packages/airflow/example_dags/example_python_operator.py for tasks to queue
[2024-01-30T19:41:51.734+0000] {logging_mixin.py:188} INFO - [2024-01-30T19:41:51.733+0000] {dagbag.py:538} INFO - Filling up the DagBag from /home/airflow/.local/lib/python3.8/site-packages/airflow/example_dags/example_python_operator.py
[2024-01-30T19:41:51.760+0000] {processor.py:840} INFO - DAG(s) 'example_python_operator' retrieved from /home/airflow/.local/lib/python3.8/site-packages/airflow/example_dags/example_python_operator.py
[2024-01-30T19:41:51.808+0000] {logging_mixin.py:188} INFO - [2024-01-30T19:41:51.807+0000] {dag.py:3036} INFO - Sync 1 DAGs
[2024-01-30T19:41:51.831+0000] {logging_mixin.py:188} INFO - [2024-01-30T19:41:51.830+0000] {dag.py:3823} INFO - Setting next_dagrun for example_python_operator to None, run_after=None
[2024-01-30T19:41:51.875+0000] {processor.py:183} INFO - Processing /home/airflow/.local/lib/python3.8/site-packages/airflow/example_dags/example_python_operator.py took 0.154 seconds
[2024-01-30T19:42:22.193+0000] {processor.py:161} INFO - Started process (PID=2913) to work on /home/airflow/.local/lib/python3.8/site-packages/airflow/example_dags/example_python_operator.py
[2024-01-30T19:42:22.195+0000] {processor.py:830} INFO - Processing file /home/airflow/.local/lib/python3.8/site-packages/airflow/example_dags/example_python_operator.py for tasks to queue
[2024-01-30T19:42:22.197+0000] {logging_mixin.py:188} INFO - [2024-01-30T19:42:22.197+0000] {dagbag.py:538} INFO - Filling up the DagBag from /home/airflow/.local/lib/python3.8/site-packages/airflow/example_dags/example_python_operator.py
[2024-01-30T19:42:22.211+0000] {processor.py:840} INFO - DAG(s) 'example_python_operator' retrieved from /home/airflow/.local/lib/python3.8/site-packages/airflow/example_dags/example_python_operator.py
[2024-01-30T19:42:22.242+0000] {logging_mixin.py:188} INFO - [2024-01-30T19:42:22.242+0000] {dag.py:3036} INFO - Sync 1 DAGs
[2024-01-30T19:42:22.259+0000] {logging_mixin.py:188} INFO - [2024-01-30T19:42:22.259+0000] {dag.py:3823} INFO - Setting next_dagrun for example_python_operator to None, run_after=None
[2024-01-30T19:42:22.295+0000] {processor.py:183} INFO - Processing /home/airflow/.local/lib/python3.8/site-packages/airflow/example_dags/example_python_operator.py took 0.106 seconds
[2024-01-30T19:43:23.063+0000] {processor.py:161} INFO - Started process (PID=3119) to work on /home/airflow/.local/lib/python3.8/site-packages/airflow/example_dags/example_python_operator.py
[2024-01-30T19:43:23.071+0000] {processor.py:830} INFO - Processing file /home/airflow/.local/lib/python3.8/site-packages/airflow/example_dags/example_python_operator.py for tasks to queue
[2024-01-30T19:43:23.074+0000] {logging_mixin.py:188} INFO - [2024-01-30T19:43:23.073+0000] {dagbag.py:538} INFO - Filling up the DagBag from /home/airflow/.local/lib/python3.8/site-packages/airflow/example_dags/example_python_operator.py
[2024-01-30T19:43:23.164+0000] {processor.py:840} INFO - DAG(s) 'example_python_operator' retrieved from /home/airflow/.local/lib/python3.8/site-packages/airflow/example_dags/example_python_operator.py
[2024-01-30T19:43:23.557+0000] {logging_mixin.py:188} INFO - [2024-01-30T19:43:23.554+0000] {dag.py:3036} INFO - Sync 1 DAGs
[2024-01-30T19:43:24.882+0000] {logging_mixin.py:188} INFO - [2024-01-30T19:43:24.881+0000] {dag.py:3823} INFO - Setting next_dagrun for example_python_operator to None, run_after=None
[2024-01-30T19:43:25.081+0000] {processor.py:183} INFO - Processing /home/airflow/.local/lib/python3.8/site-packages/airflow/example_dags/example_python_operator.py took 2.027 seconds
[2024-01-30T19:44:00.780+0000] {processor.py:161} INFO - Started process (PID=3368) to work on /home/airflow/.local/lib/python3.8/site-packages/airflow/example_dags/example_python_operator.py
[2024-01-30T19:44:00.784+0000] {processor.py:830} INFO - Processing file /home/airflow/.local/lib/python3.8/site-packages/airflow/example_dags/example_python_operator.py for tasks to queue
[2024-01-30T19:44:00.787+0000] {logging_mixin.py:188} INFO - [2024-01-30T19:44:00.786+0000] {dagbag.py:538} INFO - Filling up the DagBag from /home/airflow/.local/lib/python3.8/site-packages/airflow/example_dags/example_python_operator.py
[2024-01-30T19:44:00.807+0000] {processor.py:840} INFO - DAG(s) 'example_python_operator' retrieved from /home/airflow/.local/lib/python3.8/site-packages/airflow/example_dags/example_python_operator.py
[2024-01-30T19:44:00.872+0000] {logging_mixin.py:188} INFO - [2024-01-30T19:44:00.872+0000] {dag.py:3036} INFO - Sync 1 DAGs
[2024-01-30T19:44:00.912+0000] {logging_mixin.py:188} INFO - [2024-01-30T19:44:00.912+0000] {dag.py:3823} INFO - Setting next_dagrun for example_python_operator to None, run_after=None
[2024-01-30T19:44:01.009+0000] {processor.py:183} INFO - Processing /home/airflow/.local/lib/python3.8/site-packages/airflow/example_dags/example_python_operator.py took 0.233 seconds
[2024-01-30T19:44:44.638+0000] {processor.py:161} INFO - Started process (PID=3588) to work on /home/airflow/.local/lib/python3.8/site-packages/airflow/example_dags/example_python_operator.py
[2024-01-30T19:44:44.672+0000] {processor.py:830} INFO - Processing file /home/airflow/.local/lib/python3.8/site-packages/airflow/example_dags/example_python_operator.py for tasks to queue
[2024-01-30T19:44:44.682+0000] {logging_mixin.py:188} INFO - [2024-01-30T19:44:44.681+0000] {dagbag.py:538} INFO - Filling up the DagBag from /home/airflow/.local/lib/python3.8/site-packages/airflow/example_dags/example_python_operator.py
[2024-01-30T19:44:44.761+0000] {processor.py:840} INFO - DAG(s) 'example_python_operator' retrieved from /home/airflow/.local/lib/python3.8/site-packages/airflow/example_dags/example_python_operator.py
[2024-01-30T19:44:44.975+0000] {logging_mixin.py:188} INFO - [2024-01-30T19:44:44.974+0000] {dag.py:3036} INFO - Sync 1 DAGs
[2024-01-30T19:44:45.042+0000] {logging_mixin.py:188} INFO - [2024-01-30T19:44:45.042+0000] {dag.py:3823} INFO - Setting next_dagrun for example_python_operator to None, run_after=None
[2024-01-30T19:44:45.144+0000] {processor.py:183} INFO - Processing /home/airflow/.local/lib/python3.8/site-packages/airflow/example_dags/example_python_operator.py took 0.541 seconds
[2024-01-30T19:45:23.489+0000] {processor.py:161} INFO - Started process (PID=3817) to work on /home/airflow/.local/lib/python3.8/site-packages/airflow/example_dags/example_python_operator.py
[2024-01-30T19:45:23.497+0000] {processor.py:830} INFO - Processing file /home/airflow/.local/lib/python3.8/site-packages/airflow/example_dags/example_python_operator.py for tasks to queue
[2024-01-30T19:45:23.500+0000] {logging_mixin.py:188} INFO - [2024-01-30T19:45:23.500+0000] {dagbag.py:538} INFO - Filling up the DagBag from /home/airflow/.local/lib/python3.8/site-packages/airflow/example_dags/example_python_operator.py
[2024-01-30T19:45:23.531+0000] {processor.py:840} INFO - DAG(s) 'example_python_operator' retrieved from /home/airflow/.local/lib/python3.8/site-packages/airflow/example_dags/example_python_operator.py
[2024-01-30T19:45:23.962+0000] {logging_mixin.py:188} INFO - [2024-01-30T19:45:23.962+0000] {dag.py:3036} INFO - Sync 1 DAGs
[2024-01-30T19:45:24.040+0000] {logging_mixin.py:188} INFO - [2024-01-30T19:45:24.040+0000] {dag.py:3823} INFO - Setting next_dagrun for example_python_operator to None, run_after=None
[2024-01-30T19:45:24.335+0000] {processor.py:183} INFO - Processing /home/airflow/.local/lib/python3.8/site-packages/airflow/example_dags/example_python_operator.py took 0.851 seconds
