[2024-01-30T19:29:09.415+0000] {processor.py:161} INFO - Started process (PID=363) to work on /home/airflow/.local/lib/python3.8/site-packages/airflow/example_dags/example_xcomargs.py
[2024-01-30T19:29:09.417+0000] {processor.py:830} INFO - Processing file /home/airflow/.local/lib/python3.8/site-packages/airflow/example_dags/example_xcomargs.py for tasks to queue
[2024-01-30T19:29:09.419+0000] {logging_mixin.py:188} INFO - [2024-01-30T19:29:09.418+0000] {dagbag.py:538} INFO - Filling up the DagBag from /home/airflow/.local/lib/python3.8/site-packages/airflow/example_dags/example_xcomargs.py
[2024-01-30T19:29:09.447+0000] {processor.py:840} INFO - DAG(s) 'example_xcom_args_with_operators', 'example_xcom_args' retrieved from /home/airflow/.local/lib/python3.8/site-packages/airflow/example_dags/example_xcomargs.py
[2024-01-30T19:29:09.879+0000] {logging_mixin.py:188} INFO - [2024-01-30T19:29:09.878+0000] {override.py:1769} INFO - Created Permission View: can edit on DAG:example_xcom_args_with_operators
[2024-01-30T19:29:09.909+0000] {logging_mixin.py:188} INFO - [2024-01-30T19:29:09.908+0000] {override.py:1769} INFO - Created Permission View: can read on DAG:example_xcom_args_with_operators
[2024-01-30T19:29:09.937+0000] {logging_mixin.py:188} INFO - [2024-01-30T19:29:09.936+0000] {override.py:1769} INFO - Created Permission View: can delete on DAG:example_xcom_args_with_operators
[2024-01-30T19:29:09.969+0000] {logging_mixin.py:188} INFO - [2024-01-30T19:29:09.968+0000] {override.py:1769} INFO - Created Permission View: can edit on DAG:example_xcom_args
[2024-01-30T19:29:09.986+0000] {logging_mixin.py:188} INFO - [2024-01-30T19:29:09.985+0000] {override.py:1769} INFO - Created Permission View: can read on DAG:example_xcom_args
[2024-01-30T19:29:10.009+0000] {logging_mixin.py:188} INFO - [2024-01-30T19:29:10.008+0000] {override.py:1769} INFO - Created Permission View: can delete on DAG:example_xcom_args
[2024-01-30T19:29:10.010+0000] {logging_mixin.py:188} INFO - [2024-01-30T19:29:10.010+0000] {dag.py:3036} INFO - Sync 2 DAGs
[2024-01-30T19:29:10.027+0000] {logging_mixin.py:188} INFO - [2024-01-30T19:29:10.026+0000] {dag.py:3058} INFO - Creating ORM DAG for example_xcom_args_with_operators
[2024-01-30T19:29:10.028+0000] {logging_mixin.py:188} INFO - [2024-01-30T19:29:10.028+0000] {dag.py:3058} INFO - Creating ORM DAG for example_xcom_args
[2024-01-30T19:29:10.029+0000] {logging_mixin.py:188} INFO - [2024-01-30T19:29:10.029+0000] {dag.py:3823} INFO - Setting next_dagrun for example_xcom_args to None, run_after=None
[2024-01-30T19:29:10.031+0000] {logging_mixin.py:188} INFO - [2024-01-30T19:29:10.031+0000] {dag.py:3823} INFO - Setting next_dagrun for example_xcom_args_with_operators to None, run_after=None
[2024-01-30T19:29:10.068+0000] {processor.py:183} INFO - Processing /home/airflow/.local/lib/python3.8/site-packages/airflow/example_dags/example_xcomargs.py took 0.659 seconds
[2024-01-30T19:36:43.525+0000] {processor.py:161} INFO - Started process (PID=320) to work on /home/airflow/.local/lib/python3.8/site-packages/airflow/example_dags/example_xcomargs.py
[2024-01-30T19:36:43.528+0000] {processor.py:830} INFO - Processing file /home/airflow/.local/lib/python3.8/site-packages/airflow/example_dags/example_xcomargs.py for tasks to queue
[2024-01-30T19:36:43.531+0000] {logging_mixin.py:188} INFO - [2024-01-30T19:36:43.530+0000] {dagbag.py:538} INFO - Filling up the DagBag from /home/airflow/.local/lib/python3.8/site-packages/airflow/example_dags/example_xcomargs.py
[2024-01-30T19:36:43.545+0000] {processor.py:840} INFO - DAG(s) 'example_xcom_args_with_operators', 'example_xcom_args' retrieved from /home/airflow/.local/lib/python3.8/site-packages/airflow/example_dags/example_xcomargs.py
[2024-01-30T19:36:43.745+0000] {logging_mixin.py:188} INFO - [2024-01-30T19:36:43.745+0000] {dag.py:3036} INFO - Sync 2 DAGs
[2024-01-30T19:36:43.766+0000] {logging_mixin.py:188} INFO - [2024-01-30T19:36:43.765+0000] {dag.py:3823} INFO - Setting next_dagrun for example_xcom_args to None, run_after=None
[2024-01-30T19:36:43.773+0000] {logging_mixin.py:188} INFO - [2024-01-30T19:36:43.773+0000] {dag.py:3823} INFO - Setting next_dagrun for example_xcom_args_with_operators to None, run_after=None
[2024-01-30T19:36:43.825+0000] {processor.py:183} INFO - Processing /home/airflow/.local/lib/python3.8/site-packages/airflow/example_dags/example_xcomargs.py took 0.307 seconds
[2024-01-30T19:37:14.519+0000] {processor.py:161} INFO - Started process (PID=569) to work on /home/airflow/.local/lib/python3.8/site-packages/airflow/example_dags/example_xcomargs.py
[2024-01-30T19:37:14.522+0000] {processor.py:830} INFO - Processing file /home/airflow/.local/lib/python3.8/site-packages/airflow/example_dags/example_xcomargs.py for tasks to queue
[2024-01-30T19:37:14.525+0000] {logging_mixin.py:188} INFO - [2024-01-30T19:37:14.524+0000] {dagbag.py:538} INFO - Filling up the DagBag from /home/airflow/.local/lib/python3.8/site-packages/airflow/example_dags/example_xcomargs.py
[2024-01-30T19:37:14.545+0000] {processor.py:840} INFO - DAG(s) 'example_xcom_args_with_operators', 'example_xcom_args' retrieved from /home/airflow/.local/lib/python3.8/site-packages/airflow/example_dags/example_xcomargs.py
[2024-01-30T19:37:14.611+0000] {logging_mixin.py:188} INFO - [2024-01-30T19:37:14.611+0000] {dag.py:3036} INFO - Sync 2 DAGs
[2024-01-30T19:37:14.646+0000] {logging_mixin.py:188} INFO - [2024-01-30T19:37:14.645+0000] {dag.py:3823} INFO - Setting next_dagrun for example_xcom_args to None, run_after=None
[2024-01-30T19:37:14.655+0000] {logging_mixin.py:188} INFO - [2024-01-30T19:37:14.654+0000] {dag.py:3823} INFO - Setting next_dagrun for example_xcom_args_with_operators to None, run_after=None
[2024-01-30T19:37:14.700+0000] {processor.py:183} INFO - Processing /home/airflow/.local/lib/python3.8/site-packages/airflow/example_dags/example_xcomargs.py took 0.188 seconds
[2024-01-30T19:37:45.468+0000] {processor.py:161} INFO - Started process (PID=812) to work on /home/airflow/.local/lib/python3.8/site-packages/airflow/example_dags/example_xcomargs.py
[2024-01-30T19:37:45.473+0000] {processor.py:830} INFO - Processing file /home/airflow/.local/lib/python3.8/site-packages/airflow/example_dags/example_xcomargs.py for tasks to queue
[2024-01-30T19:37:45.482+0000] {logging_mixin.py:188} INFO - [2024-01-30T19:37:45.481+0000] {dagbag.py:538} INFO - Filling up the DagBag from /home/airflow/.local/lib/python3.8/site-packages/airflow/example_dags/example_xcomargs.py
[2024-01-30T19:37:45.507+0000] {processor.py:840} INFO - DAG(s) 'example_xcom_args_with_operators', 'example_xcom_args' retrieved from /home/airflow/.local/lib/python3.8/site-packages/airflow/example_dags/example_xcomargs.py
[2024-01-30T19:37:45.544+0000] {logging_mixin.py:188} INFO - [2024-01-30T19:37:45.544+0000] {dag.py:3036} INFO - Sync 2 DAGs
[2024-01-30T19:37:45.587+0000] {logging_mixin.py:188} INFO - [2024-01-30T19:37:45.586+0000] {dag.py:3823} INFO - Setting next_dagrun for example_xcom_args to None, run_after=None
[2024-01-30T19:37:45.610+0000] {logging_mixin.py:188} INFO - [2024-01-30T19:37:45.609+0000] {dag.py:3823} INFO - Setting next_dagrun for example_xcom_args_with_operators to None, run_after=None
[2024-01-30T19:37:45.685+0000] {processor.py:183} INFO - Processing /home/airflow/.local/lib/python3.8/site-packages/airflow/example_dags/example_xcomargs.py took 0.226 seconds
[2024-01-30T19:38:23.867+0000] {processor.py:161} INFO - Started process (PID=1068) to work on /home/airflow/.local/lib/python3.8/site-packages/airflow/example_dags/example_xcomargs.py
[2024-01-30T19:38:23.870+0000] {processor.py:830} INFO - Processing file /home/airflow/.local/lib/python3.8/site-packages/airflow/example_dags/example_xcomargs.py for tasks to queue
[2024-01-30T19:38:23.875+0000] {logging_mixin.py:188} INFO - [2024-01-30T19:38:23.875+0000] {dagbag.py:538} INFO - Filling up the DagBag from /home/airflow/.local/lib/python3.8/site-packages/airflow/example_dags/example_xcomargs.py
[2024-01-30T19:38:23.904+0000] {processor.py:840} INFO - DAG(s) 'example_xcom_args_with_operators', 'example_xcom_args' retrieved from /home/airflow/.local/lib/python3.8/site-packages/airflow/example_dags/example_xcomargs.py
[2024-01-30T19:38:24.102+0000] {logging_mixin.py:188} INFO - [2024-01-30T19:38:24.102+0000] {dag.py:3036} INFO - Sync 2 DAGs
[2024-01-30T19:38:24.119+0000] {logging_mixin.py:188} INFO - [2024-01-30T19:38:24.119+0000] {dag.py:3823} INFO - Setting next_dagrun for example_xcom_args to None, run_after=None
[2024-01-30T19:38:24.124+0000] {logging_mixin.py:188} INFO - [2024-01-30T19:38:24.124+0000] {dag.py:3823} INFO - Setting next_dagrun for example_xcom_args_with_operators to None, run_after=None
[2024-01-30T19:38:24.170+0000] {processor.py:183} INFO - Processing /home/airflow/.local/lib/python3.8/site-packages/airflow/example_dags/example_xcomargs.py took 0.306 seconds
[2024-01-30T19:38:54.832+0000] {processor.py:161} INFO - Started process (PID=1316) to work on /home/airflow/.local/lib/python3.8/site-packages/airflow/example_dags/example_xcomargs.py
[2024-01-30T19:38:54.834+0000] {processor.py:830} INFO - Processing file /home/airflow/.local/lib/python3.8/site-packages/airflow/example_dags/example_xcomargs.py for tasks to queue
[2024-01-30T19:38:54.840+0000] {logging_mixin.py:188} INFO - [2024-01-30T19:38:54.839+0000] {dagbag.py:538} INFO - Filling up the DagBag from /home/airflow/.local/lib/python3.8/site-packages/airflow/example_dags/example_xcomargs.py
[2024-01-30T19:38:54.868+0000] {processor.py:840} INFO - DAG(s) 'example_xcom_args', 'example_xcom_args_with_operators' retrieved from /home/airflow/.local/lib/python3.8/site-packages/airflow/example_dags/example_xcomargs.py
[2024-01-30T19:38:54.929+0000] {logging_mixin.py:188} INFO - [2024-01-30T19:38:54.928+0000] {dag.py:3036} INFO - Sync 2 DAGs
[2024-01-30T19:38:54.973+0000] {logging_mixin.py:188} INFO - [2024-01-30T19:38:54.972+0000] {dag.py:3823} INFO - Setting next_dagrun for example_xcom_args to None, run_after=None
[2024-01-30T19:38:54.988+0000] {logging_mixin.py:188} INFO - [2024-01-30T19:38:54.988+0000] {dag.py:3823} INFO - Setting next_dagrun for example_xcom_args_with_operators to None, run_after=None
[2024-01-30T19:38:55.064+0000] {processor.py:183} INFO - Processing /home/airflow/.local/lib/python3.8/site-packages/airflow/example_dags/example_xcomargs.py took 0.242 seconds
[2024-01-30T19:39:25.843+0000] {processor.py:161} INFO - Started process (PID=1565) to work on /home/airflow/.local/lib/python3.8/site-packages/airflow/example_dags/example_xcomargs.py
[2024-01-30T19:39:25.848+0000] {processor.py:830} INFO - Processing file /home/airflow/.local/lib/python3.8/site-packages/airflow/example_dags/example_xcomargs.py for tasks to queue
[2024-01-30T19:39:25.850+0000] {logging_mixin.py:188} INFO - [2024-01-30T19:39:25.849+0000] {dagbag.py:538} INFO - Filling up the DagBag from /home/airflow/.local/lib/python3.8/site-packages/airflow/example_dags/example_xcomargs.py
[2024-01-30T19:39:25.899+0000] {processor.py:840} INFO - DAG(s) 'example_xcom_args', 'example_xcom_args_with_operators' retrieved from /home/airflow/.local/lib/python3.8/site-packages/airflow/example_dags/example_xcomargs.py
[2024-01-30T19:39:25.974+0000] {logging_mixin.py:188} INFO - [2024-01-30T19:39:25.974+0000] {dag.py:3036} INFO - Sync 2 DAGs
[2024-01-30T19:39:26.002+0000] {logging_mixin.py:188} INFO - [2024-01-30T19:39:26.002+0000] {dag.py:3823} INFO - Setting next_dagrun for example_xcom_args to None, run_after=None
[2024-01-30T19:39:26.010+0000] {logging_mixin.py:188} INFO - [2024-01-30T19:39:26.010+0000] {dag.py:3823} INFO - Setting next_dagrun for example_xcom_args_with_operators to None, run_after=None
[2024-01-30T19:39:26.059+0000] {processor.py:183} INFO - Processing /home/airflow/.local/lib/python3.8/site-packages/airflow/example_dags/example_xcomargs.py took 0.228 seconds
[2024-01-30T19:39:56.528+0000] {processor.py:161} INFO - Started process (PID=1812) to work on /home/airflow/.local/lib/python3.8/site-packages/airflow/example_dags/example_xcomargs.py
[2024-01-30T19:39:56.532+0000] {processor.py:830} INFO - Processing file /home/airflow/.local/lib/python3.8/site-packages/airflow/example_dags/example_xcomargs.py for tasks to queue
[2024-01-30T19:39:56.538+0000] {logging_mixin.py:188} INFO - [2024-01-30T19:39:56.534+0000] {dagbag.py:538} INFO - Filling up the DagBag from /home/airflow/.local/lib/python3.8/site-packages/airflow/example_dags/example_xcomargs.py
[2024-01-30T19:39:56.565+0000] {processor.py:840} INFO - DAG(s) 'example_xcom_args', 'example_xcom_args_with_operators' retrieved from /home/airflow/.local/lib/python3.8/site-packages/airflow/example_dags/example_xcomargs.py
[2024-01-30T19:39:56.636+0000] {logging_mixin.py:188} INFO - [2024-01-30T19:39:56.630+0000] {dag.py:3036} INFO - Sync 2 DAGs
[2024-01-30T19:39:56.672+0000] {logging_mixin.py:188} INFO - [2024-01-30T19:39:56.671+0000] {dag.py:3823} INFO - Setting next_dagrun for example_xcom_args to None, run_after=None
[2024-01-30T19:39:56.684+0000] {logging_mixin.py:188} INFO - [2024-01-30T19:39:56.683+0000] {dag.py:3823} INFO - Setting next_dagrun for example_xcom_args_with_operators to None, run_after=None
[2024-01-30T19:39:56.736+0000] {processor.py:183} INFO - Processing /home/airflow/.local/lib/python3.8/site-packages/airflow/example_dags/example_xcomargs.py took 0.212 seconds
[2024-01-30T19:40:28.504+0000] {processor.py:161} INFO - Started process (PID=2060) to work on /home/airflow/.local/lib/python3.8/site-packages/airflow/example_dags/example_xcomargs.py
[2024-01-30T19:40:28.511+0000] {processor.py:830} INFO - Processing file /home/airflow/.local/lib/python3.8/site-packages/airflow/example_dags/example_xcomargs.py for tasks to queue
[2024-01-30T19:40:28.514+0000] {logging_mixin.py:188} INFO - [2024-01-30T19:40:28.514+0000] {dagbag.py:538} INFO - Filling up the DagBag from /home/airflow/.local/lib/python3.8/site-packages/airflow/example_dags/example_xcomargs.py
[2024-01-30T19:40:28.570+0000] {processor.py:840} INFO - DAG(s) 'example_xcom_args', 'example_xcom_args_with_operators' retrieved from /home/airflow/.local/lib/python3.8/site-packages/airflow/example_dags/example_xcomargs.py
[2024-01-30T19:40:28.764+0000] {logging_mixin.py:188} INFO - [2024-01-30T19:40:28.763+0000] {dag.py:3036} INFO - Sync 2 DAGs
[2024-01-30T19:40:28.809+0000] {logging_mixin.py:188} INFO - [2024-01-30T19:40:28.808+0000] {dag.py:3823} INFO - Setting next_dagrun for example_xcom_args to None, run_after=None
[2024-01-30T19:40:28.868+0000] {logging_mixin.py:188} INFO - [2024-01-30T19:40:28.868+0000] {dag.py:3823} INFO - Setting next_dagrun for example_xcom_args_with_operators to None, run_after=None
[2024-01-30T19:40:29.018+0000] {processor.py:183} INFO - Processing /home/airflow/.local/lib/python3.8/site-packages/airflow/example_dags/example_xcomargs.py took 0.520 seconds
[2024-01-30T19:40:59.333+0000] {processor.py:161} INFO - Started process (PID=2309) to work on /home/airflow/.local/lib/python3.8/site-packages/airflow/example_dags/example_xcomargs.py
[2024-01-30T19:40:59.336+0000] {processor.py:830} INFO - Processing file /home/airflow/.local/lib/python3.8/site-packages/airflow/example_dags/example_xcomargs.py for tasks to queue
[2024-01-30T19:40:59.338+0000] {logging_mixin.py:188} INFO - [2024-01-30T19:40:59.337+0000] {dagbag.py:538} INFO - Filling up the DagBag from /home/airflow/.local/lib/python3.8/site-packages/airflow/example_dags/example_xcomargs.py
[2024-01-30T19:40:59.358+0000] {processor.py:840} INFO - DAG(s) 'example_xcom_args', 'example_xcom_args_with_operators' retrieved from /home/airflow/.local/lib/python3.8/site-packages/airflow/example_dags/example_xcomargs.py
[2024-01-30T19:40:59.415+0000] {logging_mixin.py:188} INFO - [2024-01-30T19:40:59.415+0000] {dag.py:3036} INFO - Sync 2 DAGs
[2024-01-30T19:40:59.439+0000] {logging_mixin.py:188} INFO - [2024-01-30T19:40:59.439+0000] {dag.py:3823} INFO - Setting next_dagrun for example_xcom_args to None, run_after=None
[2024-01-30T19:40:59.474+0000] {logging_mixin.py:188} INFO - [2024-01-30T19:40:59.473+0000] {dag.py:3823} INFO - Setting next_dagrun for example_xcom_args_with_operators to None, run_after=None
[2024-01-30T19:40:59.538+0000] {processor.py:183} INFO - Processing /home/airflow/.local/lib/python3.8/site-packages/airflow/example_dags/example_xcomargs.py took 0.213 seconds
[2024-01-30T19:41:32.289+0000] {processor.py:161} INFO - Started process (PID=2554) to work on /home/airflow/.local/lib/python3.8/site-packages/airflow/example_dags/example_xcomargs.py
[2024-01-30T19:41:32.291+0000] {processor.py:830} INFO - Processing file /home/airflow/.local/lib/python3.8/site-packages/airflow/example_dags/example_xcomargs.py for tasks to queue
[2024-01-30T19:41:32.293+0000] {logging_mixin.py:188} INFO - [2024-01-30T19:41:32.293+0000] {dagbag.py:538} INFO - Filling up the DagBag from /home/airflow/.local/lib/python3.8/site-packages/airflow/example_dags/example_xcomargs.py
[2024-01-30T19:41:32.310+0000] {processor.py:840} INFO - DAG(s) 'example_xcom_args', 'example_xcom_args_with_operators' retrieved from /home/airflow/.local/lib/python3.8/site-packages/airflow/example_dags/example_xcomargs.py
[2024-01-30T19:41:32.372+0000] {logging_mixin.py:188} INFO - [2024-01-30T19:41:32.372+0000] {dag.py:3036} INFO - Sync 2 DAGs
[2024-01-30T19:41:32.408+0000] {logging_mixin.py:188} INFO - [2024-01-30T19:41:32.407+0000] {dag.py:3823} INFO - Setting next_dagrun for example_xcom_args to None, run_after=None
[2024-01-30T19:41:32.419+0000] {logging_mixin.py:188} INFO - [2024-01-30T19:41:32.418+0000] {dag.py:3823} INFO - Setting next_dagrun for example_xcom_args_with_operators to None, run_after=None
[2024-01-30T19:41:32.480+0000] {processor.py:183} INFO - Processing /home/airflow/.local/lib/python3.8/site-packages/airflow/example_dags/example_xcomargs.py took 0.199 seconds
[2024-01-30T19:42:03.405+0000] {processor.py:161} INFO - Started process (PID=2795) to work on /home/airflow/.local/lib/python3.8/site-packages/airflow/example_dags/example_xcomargs.py
[2024-01-30T19:42:03.408+0000] {processor.py:830} INFO - Processing file /home/airflow/.local/lib/python3.8/site-packages/airflow/example_dags/example_xcomargs.py for tasks to queue
[2024-01-30T19:42:03.412+0000] {logging_mixin.py:188} INFO - [2024-01-30T19:42:03.411+0000] {dagbag.py:538} INFO - Filling up the DagBag from /home/airflow/.local/lib/python3.8/site-packages/airflow/example_dags/example_xcomargs.py
[2024-01-30T19:42:03.426+0000] {processor.py:840} INFO - DAG(s) 'example_xcom_args_with_operators', 'example_xcom_args' retrieved from /home/airflow/.local/lib/python3.8/site-packages/airflow/example_dags/example_xcomargs.py
[2024-01-30T19:42:03.482+0000] {logging_mixin.py:188} INFO - [2024-01-30T19:42:03.482+0000] {dag.py:3036} INFO - Sync 2 DAGs
[2024-01-30T19:42:03.506+0000] {logging_mixin.py:188} INFO - [2024-01-30T19:42:03.505+0000] {dag.py:3823} INFO - Setting next_dagrun for example_xcom_args to None, run_after=None
[2024-01-30T19:42:03.512+0000] {logging_mixin.py:188} INFO - [2024-01-30T19:42:03.512+0000] {dag.py:3823} INFO - Setting next_dagrun for example_xcom_args_with_operators to None, run_after=None
[2024-01-30T19:42:03.553+0000] {processor.py:183} INFO - Processing /home/airflow/.local/lib/python3.8/site-packages/airflow/example_dags/example_xcomargs.py took 0.152 seconds
[2024-01-30T19:42:44.756+0000] {processor.py:161} INFO - Started process (PID=3052) to work on /home/airflow/.local/lib/python3.8/site-packages/airflow/example_dags/example_xcomargs.py
[2024-01-30T19:42:44.875+0000] {processor.py:830} INFO - Processing file /home/airflow/.local/lib/python3.8/site-packages/airflow/example_dags/example_xcomargs.py for tasks to queue
[2024-01-30T19:42:44.932+0000] {logging_mixin.py:188} INFO - [2024-01-30T19:42:44.913+0000] {dagbag.py:538} INFO - Filling up the DagBag from /home/airflow/.local/lib/python3.8/site-packages/airflow/example_dags/example_xcomargs.py
[2024-01-30T19:42:45.626+0000] {processor.py:840} INFO - DAG(s) 'example_xcom_args_with_operators', 'example_xcom_args' retrieved from /home/airflow/.local/lib/python3.8/site-packages/airflow/example_dags/example_xcomargs.py
[2024-01-30T19:42:45.912+0000] {logging_mixin.py:188} INFO - [2024-01-30T19:42:45.911+0000] {dag.py:3036} INFO - Sync 2 DAGs
[2024-01-30T19:42:46.050+0000] {logging_mixin.py:188} INFO - [2024-01-30T19:42:46.050+0000] {dag.py:3823} INFO - Setting next_dagrun for example_xcom_args to None, run_after=None
[2024-01-30T19:42:46.133+0000] {logging_mixin.py:188} INFO - [2024-01-30T19:42:46.132+0000] {dag.py:3823} INFO - Setting next_dagrun for example_xcom_args_with_operators to None, run_after=None
[2024-01-30T19:42:47.474+0000] {processor.py:183} INFO - Processing /home/airflow/.local/lib/python3.8/site-packages/airflow/example_dags/example_xcomargs.py took 2.767 seconds
[2024-01-30T19:43:57.727+0000] {processor.py:161} INFO - Started process (PID=3318) to work on /home/airflow/.local/lib/python3.8/site-packages/airflow/example_dags/example_xcomargs.py
[2024-01-30T19:43:57.729+0000] {processor.py:830} INFO - Processing file /home/airflow/.local/lib/python3.8/site-packages/airflow/example_dags/example_xcomargs.py for tasks to queue
[2024-01-30T19:43:57.733+0000] {logging_mixin.py:188} INFO - [2024-01-30T19:43:57.733+0000] {dagbag.py:538} INFO - Filling up the DagBag from /home/airflow/.local/lib/python3.8/site-packages/airflow/example_dags/example_xcomargs.py
[2024-01-30T19:43:57.749+0000] {processor.py:840} INFO - DAG(s) 'example_xcom_args_with_operators', 'example_xcom_args' retrieved from /home/airflow/.local/lib/python3.8/site-packages/airflow/example_dags/example_xcomargs.py
[2024-01-30T19:43:57.810+0000] {logging_mixin.py:188} INFO - [2024-01-30T19:43:57.809+0000] {dag.py:3036} INFO - Sync 2 DAGs
[2024-01-30T19:43:57.839+0000] {logging_mixin.py:188} INFO - [2024-01-30T19:43:57.838+0000] {dag.py:3823} INFO - Setting next_dagrun for example_xcom_args to None, run_after=None
[2024-01-30T19:43:57.848+0000] {logging_mixin.py:188} INFO - [2024-01-30T19:43:57.848+0000] {dag.py:3823} INFO - Setting next_dagrun for example_xcom_args_with_operators to None, run_after=None
[2024-01-30T19:43:57.902+0000] {processor.py:183} INFO - Processing /home/airflow/.local/lib/python3.8/site-packages/airflow/example_dags/example_xcomargs.py took 0.180 seconds
[2024-01-30T19:44:59.666+0000] {processor.py:161} INFO - Started process (PID=3669) to work on /home/airflow/.local/lib/python3.8/site-packages/airflow/example_dags/example_xcomargs.py
[2024-01-30T19:44:59.679+0000] {processor.py:830} INFO - Processing file /home/airflow/.local/lib/python3.8/site-packages/airflow/example_dags/example_xcomargs.py for tasks to queue
[2024-01-30T19:44:59.683+0000] {logging_mixin.py:188} INFO - [2024-01-30T19:44:59.683+0000] {dagbag.py:538} INFO - Filling up the DagBag from /home/airflow/.local/lib/python3.8/site-packages/airflow/example_dags/example_xcomargs.py
[2024-01-30T19:44:59.733+0000] {processor.py:840} INFO - DAG(s) 'example_xcom_args', 'example_xcom_args_with_operators' retrieved from /home/airflow/.local/lib/python3.8/site-packages/airflow/example_dags/example_xcomargs.py
[2024-01-30T19:44:59.857+0000] {logging_mixin.py:188} INFO - [2024-01-30T19:44:59.857+0000] {dag.py:3036} INFO - Sync 2 DAGs
[2024-01-30T19:44:59.913+0000] {logging_mixin.py:188} INFO - [2024-01-30T19:44:59.913+0000] {dag.py:3823} INFO - Setting next_dagrun for example_xcom_args to None, run_after=None
[2024-01-30T19:44:59.932+0000] {logging_mixin.py:188} INFO - [2024-01-30T19:44:59.931+0000] {dag.py:3823} INFO - Setting next_dagrun for example_xcom_args_with_operators to None, run_after=None
[2024-01-30T19:45:00.067+0000] {processor.py:183} INFO - Processing /home/airflow/.local/lib/python3.8/site-packages/airflow/example_dags/example_xcomargs.py took 0.411 seconds
[2024-01-30T19:45:34.308+0000] {processor.py:161} INFO - Started process (PID=3919) to work on /home/airflow/.local/lib/python3.8/site-packages/airflow/example_dags/example_xcomargs.py
[2024-01-30T19:45:34.323+0000] {processor.py:830} INFO - Processing file /home/airflow/.local/lib/python3.8/site-packages/airflow/example_dags/example_xcomargs.py for tasks to queue
[2024-01-30T19:45:34.325+0000] {logging_mixin.py:188} INFO - [2024-01-30T19:45:34.325+0000] {dagbag.py:538} INFO - Filling up the DagBag from /home/airflow/.local/lib/python3.8/site-packages/airflow/example_dags/example_xcomargs.py
[2024-01-30T19:45:34.351+0000] {processor.py:840} INFO - DAG(s) 'example_xcom_args_with_operators', 'example_xcom_args' retrieved from /home/airflow/.local/lib/python3.8/site-packages/airflow/example_dags/example_xcomargs.py
[2024-01-30T19:45:34.431+0000] {logging_mixin.py:188} INFO - [2024-01-30T19:45:34.430+0000] {dag.py:3036} INFO - Sync 2 DAGs
[2024-01-30T19:45:34.470+0000] {logging_mixin.py:188} INFO - [2024-01-30T19:45:34.469+0000] {dag.py:3823} INFO - Setting next_dagrun for example_xcom_args to None, run_after=None
[2024-01-30T19:45:34.479+0000] {logging_mixin.py:188} INFO - [2024-01-30T19:45:34.478+0000] {dag.py:3823} INFO - Setting next_dagrun for example_xcom_args_with_operators to None, run_after=None
[2024-01-30T19:45:34.537+0000] {processor.py:183} INFO - Processing /home/airflow/.local/lib/python3.8/site-packages/airflow/example_dags/example_xcomargs.py took 0.234 seconds
