[2024-01-30T19:29:21.514+0000] {processor.py:161} INFO - Started process (PID=403) to work on /home/airflow/.local/lib/python3.8/site-packages/airflow/example_dags/example_dag_decorator.py
[2024-01-30T19:29:21.517+0000] {processor.py:830} INFO - Processing file /home/airflow/.local/lib/python3.8/site-packages/airflow/example_dags/example_dag_decorator.py for tasks to queue
[2024-01-30T19:29:21.519+0000] {logging_mixin.py:188} INFO - [2024-01-30T19:29:21.519+0000] {dagbag.py:538} INFO - Filling up the DagBag from /home/airflow/.local/lib/python3.8/site-packages/airflow/example_dags/example_dag_decorator.py
[2024-01-30T19:29:23.498+0000] {processor.py:840} INFO - DAG(s) 'example_dag_decorator' retrieved from /home/airflow/.local/lib/python3.8/site-packages/airflow/example_dags/example_dag_decorator.py
[2024-01-30T19:29:24.091+0000] {logging_mixin.py:188} INFO - [2024-01-30T19:29:24.089+0000] {override.py:1769} INFO - Created Permission View: can edit on DAG:example_dag_decorator
[2024-01-30T19:29:24.132+0000] {logging_mixin.py:188} INFO - [2024-01-30T19:29:24.132+0000] {override.py:1769} INFO - Created Permission View: can read on DAG:example_dag_decorator
[2024-01-30T19:29:24.163+0000] {logging_mixin.py:188} INFO - [2024-01-30T19:29:24.162+0000] {override.py:1769} INFO - Created Permission View: can delete on DAG:example_dag_decorator
[2024-01-30T19:29:24.165+0000] {logging_mixin.py:188} INFO - [2024-01-30T19:29:24.165+0000] {dag.py:3036} INFO - Sync 1 DAGs
[2024-01-30T19:29:24.213+0000] {logging_mixin.py:188} INFO - [2024-01-30T19:29:24.209+0000] {dag.py:3058} INFO - Creating ORM DAG for example_dag_decorator
[2024-01-30T19:29:24.218+0000] {logging_mixin.py:188} INFO - [2024-01-30T19:29:24.218+0000] {dag.py:3823} INFO - Setting next_dagrun for example_dag_decorator to None, run_after=None
[2024-01-30T19:29:24.267+0000] {processor.py:183} INFO - Processing /home/airflow/.local/lib/python3.8/site-packages/airflow/example_dags/example_dag_decorator.py took 2.763 seconds
[2024-01-30T19:36:45.172+0000] {processor.py:161} INFO - Started process (PID=360) to work on /home/airflow/.local/lib/python3.8/site-packages/airflow/example_dags/example_dag_decorator.py
[2024-01-30T19:36:45.175+0000] {processor.py:830} INFO - Processing file /home/airflow/.local/lib/python3.8/site-packages/airflow/example_dags/example_dag_decorator.py for tasks to queue
[2024-01-30T19:36:45.177+0000] {logging_mixin.py:188} INFO - [2024-01-30T19:36:45.176+0000] {dagbag.py:538} INFO - Filling up the DagBag from /home/airflow/.local/lib/python3.8/site-packages/airflow/example_dags/example_dag_decorator.py
[2024-01-30T19:36:45.664+0000] {processor.py:840} INFO - DAG(s) 'example_dag_decorator' retrieved from /home/airflow/.local/lib/python3.8/site-packages/airflow/example_dags/example_dag_decorator.py
[2024-01-30T19:36:45.842+0000] {logging_mixin.py:188} INFO - [2024-01-30T19:36:45.841+0000] {dag.py:3036} INFO - Sync 1 DAGs
[2024-01-30T19:36:45.861+0000] {logging_mixin.py:188} INFO - [2024-01-30T19:36:45.861+0000] {dag.py:3823} INFO - Setting next_dagrun for example_dag_decorator to None, run_after=None
[2024-01-30T19:36:45.897+0000] {processor.py:183} INFO - Processing /home/airflow/.local/lib/python3.8/site-packages/airflow/example_dags/example_dag_decorator.py took 0.732 seconds
[2024-01-30T19:37:16.462+0000] {processor.py:161} INFO - Started process (PID=609) to work on /home/airflow/.local/lib/python3.8/site-packages/airflow/example_dags/example_dag_decorator.py
[2024-01-30T19:37:16.465+0000] {processor.py:830} INFO - Processing file /home/airflow/.local/lib/python3.8/site-packages/airflow/example_dags/example_dag_decorator.py for tasks to queue
[2024-01-30T19:37:16.474+0000] {logging_mixin.py:188} INFO - [2024-01-30T19:37:16.469+0000] {dagbag.py:538} INFO - Filling up the DagBag from /home/airflow/.local/lib/python3.8/site-packages/airflow/example_dags/example_dag_decorator.py
[2024-01-30T19:37:16.700+0000] {processor.py:840} INFO - DAG(s) 'example_dag_decorator' retrieved from /home/airflow/.local/lib/python3.8/site-packages/airflow/example_dags/example_dag_decorator.py
[2024-01-30T19:37:16.913+0000] {logging_mixin.py:188} INFO - [2024-01-30T19:37:16.913+0000] {dag.py:3036} INFO - Sync 1 DAGs
[2024-01-30T19:37:16.953+0000] {logging_mixin.py:188} INFO - [2024-01-30T19:37:16.953+0000] {dag.py:3823} INFO - Setting next_dagrun for example_dag_decorator to None, run_after=None
[2024-01-30T19:37:22.600+0000] {processor.py:183} INFO - Processing /home/airflow/.local/lib/python3.8/site-packages/airflow/example_dags/example_dag_decorator.py took 6.142 seconds
[2024-01-30T19:37:52.949+0000] {processor.py:161} INFO - Started process (PID=901) to work on /home/airflow/.local/lib/python3.8/site-packages/airflow/example_dags/example_dag_decorator.py
[2024-01-30T19:37:52.951+0000] {processor.py:830} INFO - Processing file /home/airflow/.local/lib/python3.8/site-packages/airflow/example_dags/example_dag_decorator.py for tasks to queue
[2024-01-30T19:37:52.952+0000] {logging_mixin.py:188} INFO - [2024-01-30T19:37:52.952+0000] {dagbag.py:538} INFO - Filling up the DagBag from /home/airflow/.local/lib/python3.8/site-packages/airflow/example_dags/example_dag_decorator.py
[2024-01-30T19:37:53.092+0000] {processor.py:840} INFO - DAG(s) 'example_dag_decorator' retrieved from /home/airflow/.local/lib/python3.8/site-packages/airflow/example_dags/example_dag_decorator.py
[2024-01-30T19:37:53.430+0000] {logging_mixin.py:188} INFO - [2024-01-30T19:37:53.430+0000] {dag.py:3036} INFO - Sync 1 DAGs
[2024-01-30T19:37:53.468+0000] {logging_mixin.py:188} INFO - [2024-01-30T19:37:53.467+0000] {dag.py:3823} INFO - Setting next_dagrun for example_dag_decorator to None, run_after=None
[2024-01-30T19:37:53.567+0000] {processor.py:183} INFO - Processing /home/airflow/.local/lib/python3.8/site-packages/airflow/example_dags/example_dag_decorator.py took 0.622 seconds
[2024-01-30T19:38:26.576+0000] {processor.py:161} INFO - Started process (PID=1146) to work on /home/airflow/.local/lib/python3.8/site-packages/airflow/example_dags/example_dag_decorator.py
[2024-01-30T19:38:26.578+0000] {processor.py:830} INFO - Processing file /home/airflow/.local/lib/python3.8/site-packages/airflow/example_dags/example_dag_decorator.py for tasks to queue
[2024-01-30T19:38:26.581+0000] {logging_mixin.py:188} INFO - [2024-01-30T19:38:26.580+0000] {dagbag.py:538} INFO - Filling up the DagBag from /home/airflow/.local/lib/python3.8/site-packages/airflow/example_dags/example_dag_decorator.py
[2024-01-30T19:38:26.773+0000] {processor.py:840} INFO - DAG(s) 'example_dag_decorator' retrieved from /home/airflow/.local/lib/python3.8/site-packages/airflow/example_dags/example_dag_decorator.py
[2024-01-30T19:38:26.976+0000] {logging_mixin.py:188} INFO - [2024-01-30T19:38:26.976+0000] {dag.py:3036} INFO - Sync 1 DAGs
[2024-01-30T19:38:26.995+0000] {logging_mixin.py:188} INFO - [2024-01-30T19:38:26.994+0000] {dag.py:3823} INFO - Setting next_dagrun for example_dag_decorator to None, run_after=None
[2024-01-30T19:38:27.049+0000] {processor.py:183} INFO - Processing /home/airflow/.local/lib/python3.8/site-packages/airflow/example_dags/example_dag_decorator.py took 0.478 seconds
[2024-01-30T19:38:57.232+0000] {processor.py:161} INFO - Started process (PID=1384) to work on /home/airflow/.local/lib/python3.8/site-packages/airflow/example_dags/example_dag_decorator.py
[2024-01-30T19:38:57.243+0000] {processor.py:830} INFO - Processing file /home/airflow/.local/lib/python3.8/site-packages/airflow/example_dags/example_dag_decorator.py for tasks to queue
[2024-01-30T19:38:57.254+0000] {logging_mixin.py:188} INFO - [2024-01-30T19:38:57.253+0000] {dagbag.py:538} INFO - Filling up the DagBag from /home/airflow/.local/lib/python3.8/site-packages/airflow/example_dags/example_dag_decorator.py
[2024-01-30T19:38:57.536+0000] {processor.py:840} INFO - DAG(s) 'example_dag_decorator' retrieved from /home/airflow/.local/lib/python3.8/site-packages/airflow/example_dags/example_dag_decorator.py
[2024-01-30T19:38:58.190+0000] {logging_mixin.py:188} INFO - [2024-01-30T19:38:58.188+0000] {dag.py:3036} INFO - Sync 1 DAGs
[2024-01-30T19:38:58.229+0000] {logging_mixin.py:188} INFO - [2024-01-30T19:38:58.229+0000] {dag.py:3823} INFO - Setting next_dagrun for example_dag_decorator to None, run_after=None
[2024-01-30T19:38:58.274+0000] {processor.py:183} INFO - Processing /home/airflow/.local/lib/python3.8/site-packages/airflow/example_dags/example_dag_decorator.py took 1.047 seconds
[2024-01-30T19:39:28.883+0000] {processor.py:161} INFO - Started process (PID=1637) to work on /home/airflow/.local/lib/python3.8/site-packages/airflow/example_dags/example_dag_decorator.py
[2024-01-30T19:39:28.886+0000] {processor.py:830} INFO - Processing file /home/airflow/.local/lib/python3.8/site-packages/airflow/example_dags/example_dag_decorator.py for tasks to queue
[2024-01-30T19:39:28.889+0000] {logging_mixin.py:188} INFO - [2024-01-30T19:39:28.888+0000] {dagbag.py:538} INFO - Filling up the DagBag from /home/airflow/.local/lib/python3.8/site-packages/airflow/example_dags/example_dag_decorator.py
[2024-01-30T19:39:29.248+0000] {processor.py:840} INFO - DAG(s) 'example_dag_decorator' retrieved from /home/airflow/.local/lib/python3.8/site-packages/airflow/example_dags/example_dag_decorator.py
[2024-01-30T19:39:29.712+0000] {logging_mixin.py:188} INFO - [2024-01-30T19:39:29.711+0000] {dag.py:3036} INFO - Sync 1 DAGs
[2024-01-30T19:39:29.743+0000] {logging_mixin.py:188} INFO - [2024-01-30T19:39:29.742+0000] {dag.py:3823} INFO - Setting next_dagrun for example_dag_decorator to None, run_after=None
[2024-01-30T19:39:29.844+0000] {processor.py:183} INFO - Processing /home/airflow/.local/lib/python3.8/site-packages/airflow/example_dags/example_dag_decorator.py took 0.991 seconds
[2024-01-30T19:40:06.055+0000] {processor.py:161} INFO - Started process (PID=1883) to work on /home/airflow/.local/lib/python3.8/site-packages/airflow/example_dags/example_dag_decorator.py
[2024-01-30T19:40:06.059+0000] {processor.py:830} INFO - Processing file /home/airflow/.local/lib/python3.8/site-packages/airflow/example_dags/example_dag_decorator.py for tasks to queue
[2024-01-30T19:40:06.068+0000] {logging_mixin.py:188} INFO - [2024-01-30T19:40:06.067+0000] {dagbag.py:538} INFO - Filling up the DagBag from /home/airflow/.local/lib/python3.8/site-packages/airflow/example_dags/example_dag_decorator.py
[2024-01-30T19:40:08.478+0000] {processor.py:840} INFO - DAG(s) 'example_dag_decorator' retrieved from /home/airflow/.local/lib/python3.8/site-packages/airflow/example_dags/example_dag_decorator.py
[2024-01-30T19:40:11.178+0000] {logging_mixin.py:188} INFO - [2024-01-30T19:40:11.169+0000] {dag.py:3036} INFO - Sync 1 DAGs
[2024-01-30T19:40:11.271+0000] {logging_mixin.py:188} INFO - [2024-01-30T19:40:11.270+0000] {dag.py:3823} INFO - Setting next_dagrun for example_dag_decorator to None, run_after=None
[2024-01-30T19:40:11.378+0000] {processor.py:183} INFO - Processing /home/airflow/.local/lib/python3.8/site-packages/airflow/example_dags/example_dag_decorator.py took 5.326 seconds
[2024-01-30T19:40:41.962+0000] {processor.py:161} INFO - Started process (PID=2137) to work on /home/airflow/.local/lib/python3.8/site-packages/airflow/example_dags/example_dag_decorator.py
[2024-01-30T19:40:41.964+0000] {processor.py:830} INFO - Processing file /home/airflow/.local/lib/python3.8/site-packages/airflow/example_dags/example_dag_decorator.py for tasks to queue
[2024-01-30T19:40:41.966+0000] {logging_mixin.py:188} INFO - [2024-01-30T19:40:41.966+0000] {dagbag.py:538} INFO - Filling up the DagBag from /home/airflow/.local/lib/python3.8/site-packages/airflow/example_dags/example_dag_decorator.py
[2024-01-30T19:40:42.314+0000] {processor.py:840} INFO - DAG(s) 'example_dag_decorator' retrieved from /home/airflow/.local/lib/python3.8/site-packages/airflow/example_dags/example_dag_decorator.py
[2024-01-30T19:40:42.717+0000] {logging_mixin.py:188} INFO - [2024-01-30T19:40:42.717+0000] {dag.py:3036} INFO - Sync 1 DAGs
[2024-01-30T19:40:42.735+0000] {logging_mixin.py:188} INFO - [2024-01-30T19:40:42.735+0000] {dag.py:3823} INFO - Setting next_dagrun for example_dag_decorator to None, run_after=None
[2024-01-30T19:40:42.775+0000] {processor.py:183} INFO - Processing /home/airflow/.local/lib/python3.8/site-packages/airflow/example_dags/example_dag_decorator.py took 0.818 seconds
[2024-01-30T19:41:13.016+0000] {processor.py:161} INFO - Started process (PID=2389) to work on /home/airflow/.local/lib/python3.8/site-packages/airflow/example_dags/example_dag_decorator.py
[2024-01-30T19:41:13.021+0000] {processor.py:830} INFO - Processing file /home/airflow/.local/lib/python3.8/site-packages/airflow/example_dags/example_dag_decorator.py for tasks to queue
[2024-01-30T19:41:13.023+0000] {logging_mixin.py:188} INFO - [2024-01-30T19:41:13.022+0000] {dagbag.py:538} INFO - Filling up the DagBag from /home/airflow/.local/lib/python3.8/site-packages/airflow/example_dags/example_dag_decorator.py
[2024-01-30T19:41:13.312+0000] {processor.py:840} INFO - DAG(s) 'example_dag_decorator' retrieved from /home/airflow/.local/lib/python3.8/site-packages/airflow/example_dags/example_dag_decorator.py
[2024-01-30T19:41:13.589+0000] {logging_mixin.py:188} INFO - [2024-01-30T19:41:13.588+0000] {dag.py:3036} INFO - Sync 1 DAGs
[2024-01-30T19:41:14.146+0000] {logging_mixin.py:188} INFO - [2024-01-30T19:41:14.146+0000] {dag.py:3823} INFO - Setting next_dagrun for example_dag_decorator to None, run_after=None
[2024-01-30T19:41:14.353+0000] {processor.py:183} INFO - Processing /home/airflow/.local/lib/python3.8/site-packages/airflow/example_dags/example_dag_decorator.py took 1.345 seconds
[2024-01-30T19:41:44.780+0000] {processor.py:161} INFO - Started process (PID=2636) to work on /home/airflow/.local/lib/python3.8/site-packages/airflow/example_dags/example_dag_decorator.py
[2024-01-30T19:41:44.783+0000] {processor.py:830} INFO - Processing file /home/airflow/.local/lib/python3.8/site-packages/airflow/example_dags/example_dag_decorator.py for tasks to queue
[2024-01-30T19:41:44.785+0000] {logging_mixin.py:188} INFO - [2024-01-30T19:41:44.784+0000] {dagbag.py:538} INFO - Filling up the DagBag from /home/airflow/.local/lib/python3.8/site-packages/airflow/example_dags/example_dag_decorator.py
[2024-01-30T19:41:44.923+0000] {processor.py:840} INFO - DAG(s) 'example_dag_decorator' retrieved from /home/airflow/.local/lib/python3.8/site-packages/airflow/example_dags/example_dag_decorator.py
[2024-01-30T19:41:45.093+0000] {logging_mixin.py:188} INFO - [2024-01-30T19:41:45.093+0000] {dag.py:3036} INFO - Sync 1 DAGs
[2024-01-30T19:41:45.114+0000] {logging_mixin.py:188} INFO - [2024-01-30T19:41:45.113+0000] {dag.py:3823} INFO - Setting next_dagrun for example_dag_decorator to None, run_after=None
[2024-01-30T19:41:45.149+0000] {processor.py:183} INFO - Processing /home/airflow/.local/lib/python3.8/site-packages/airflow/example_dags/example_dag_decorator.py took 0.372 seconds
[2024-01-30T19:42:16.621+0000] {processor.py:161} INFO - Started process (PID=2891) to work on /home/airflow/.local/lib/python3.8/site-packages/airflow/example_dags/example_dag_decorator.py
[2024-01-30T19:42:16.624+0000] {processor.py:830} INFO - Processing file /home/airflow/.local/lib/python3.8/site-packages/airflow/example_dags/example_dag_decorator.py for tasks to queue
[2024-01-30T19:42:16.630+0000] {logging_mixin.py:188} INFO - [2024-01-30T19:42:16.626+0000] {dagbag.py:538} INFO - Filling up the DagBag from /home/airflow/.local/lib/python3.8/site-packages/airflow/example_dags/example_dag_decorator.py
[2024-01-30T19:42:17.008+0000] {processor.py:840} INFO - DAG(s) 'example_dag_decorator' retrieved from /home/airflow/.local/lib/python3.8/site-packages/airflow/example_dags/example_dag_decorator.py
[2024-01-30T19:42:17.949+0000] {logging_mixin.py:188} INFO - [2024-01-30T19:42:17.949+0000] {dag.py:3036} INFO - Sync 1 DAGs
[2024-01-30T19:42:17.983+0000] {logging_mixin.py:188} INFO - [2024-01-30T19:42:17.982+0000] {dag.py:3823} INFO - Setting next_dagrun for example_dag_decorator to None, run_after=None
[2024-01-30T19:42:18.029+0000] {processor.py:183} INFO - Processing /home/airflow/.local/lib/python3.8/site-packages/airflow/example_dags/example_dag_decorator.py took 1.413 seconds
[2024-01-30T19:43:34.570+0000] {processor.py:161} INFO - Started process (PID=3223) to work on /home/airflow/.local/lib/python3.8/site-packages/airflow/example_dags/example_dag_decorator.py
[2024-01-30T19:43:34.576+0000] {processor.py:830} INFO - Processing file /home/airflow/.local/lib/python3.8/site-packages/airflow/example_dags/example_dag_decorator.py for tasks to queue
[2024-01-30T19:43:34.586+0000] {logging_mixin.py:188} INFO - [2024-01-30T19:43:34.585+0000] {dagbag.py:538} INFO - Filling up the DagBag from /home/airflow/.local/lib/python3.8/site-packages/airflow/example_dags/example_dag_decorator.py
[2024-01-30T19:43:38.048+0000] {processor.py:840} INFO - DAG(s) 'example_dag_decorator' retrieved from /home/airflow/.local/lib/python3.8/site-packages/airflow/example_dags/example_dag_decorator.py
[2024-01-30T19:43:42.340+0000] {logging_mixin.py:188} INFO - [2024-01-30T19:43:42.338+0000] {dag.py:3036} INFO - Sync 1 DAGs
[2024-01-30T19:43:42.393+0000] {logging_mixin.py:188} INFO - [2024-01-30T19:43:42.391+0000] {dag.py:3823} INFO - Setting next_dagrun for example_dag_decorator to None, run_after=None
[2024-01-30T19:43:42.483+0000] {processor.py:183} INFO - Processing /home/airflow/.local/lib/python3.8/site-packages/airflow/example_dags/example_dag_decorator.py took 7.960 seconds
[2024-01-30T19:44:15.012+0000] {processor.py:161} INFO - Started process (PID=3498) to work on /home/airflow/.local/lib/python3.8/site-packages/airflow/example_dags/example_dag_decorator.py
[2024-01-30T19:44:15.436+0000] {processor.py:830} INFO - Processing file /home/airflow/.local/lib/python3.8/site-packages/airflow/example_dags/example_dag_decorator.py for tasks to queue
[2024-01-30T19:44:15.651+0000] {logging_mixin.py:188} INFO - [2024-01-30T19:44:15.597+0000] {dagbag.py:538} INFO - Filling up the DagBag from /home/airflow/.local/lib/python3.8/site-packages/airflow/example_dags/example_dag_decorator.py
[2024-01-30T19:44:19.395+0000] {processor.py:840} INFO - DAG(s) 'example_dag_decorator' retrieved from /home/airflow/.local/lib/python3.8/site-packages/airflow/example_dags/example_dag_decorator.py
[2024-01-30T19:44:24.724+0000] {logging_mixin.py:188} INFO - [2024-01-30T19:44:24.720+0000] {dag.py:3036} INFO - Sync 1 DAGs
[2024-01-30T19:44:24.922+0000] {logging_mixin.py:188} INFO - [2024-01-30T19:44:24.922+0000] {dag.py:3823} INFO - Setting next_dagrun for example_dag_decorator to None, run_after=None
[2024-01-30T19:44:25.172+0000] {processor.py:183} INFO - Processing /home/airflow/.local/lib/python3.8/site-packages/airflow/example_dags/example_dag_decorator.py took 12.440 seconds
[2024-01-30T19:45:11.991+0000] {processor.py:161} INFO - Started process (PID=3746) to work on /home/airflow/.local/lib/python3.8/site-packages/airflow/example_dags/example_dag_decorator.py
[2024-01-30T19:45:12.002+0000] {processor.py:830} INFO - Processing file /home/airflow/.local/lib/python3.8/site-packages/airflow/example_dags/example_dag_decorator.py for tasks to queue
[2024-01-30T19:45:12.004+0000] {logging_mixin.py:188} INFO - [2024-01-30T19:45:12.004+0000] {dagbag.py:538} INFO - Filling up the DagBag from /home/airflow/.local/lib/python3.8/site-packages/airflow/example_dags/example_dag_decorator.py
[2024-01-30T19:45:14.639+0000] {processor.py:840} INFO - DAG(s) 'example_dag_decorator' retrieved from /home/airflow/.local/lib/python3.8/site-packages/airflow/example_dags/example_dag_decorator.py
[2024-01-30T19:45:16.675+0000] {logging_mixin.py:188} INFO - [2024-01-30T19:45:16.675+0000] {dag.py:3036} INFO - Sync 1 DAGs
[2024-01-30T19:45:16.716+0000] {logging_mixin.py:188} INFO - [2024-01-30T19:45:16.716+0000] {dag.py:3823} INFO - Setting next_dagrun for example_dag_decorator to None, run_after=None
[2024-01-30T19:45:16.840+0000] {processor.py:183} INFO - Processing /home/airflow/.local/lib/python3.8/site-packages/airflow/example_dags/example_dag_decorator.py took 4.868 seconds
