[2024-01-30T19:29:10.134+0000] {processor.py:161} INFO - Started process (PID=373) to work on /home/airflow/.local/lib/python3.8/site-packages/airflow/example_dags/example_datasets.py
[2024-01-30T19:29:10.136+0000] {processor.py:830} INFO - Processing file /home/airflow/.local/lib/python3.8/site-packages/airflow/example_dags/example_datasets.py for tasks to queue
[2024-01-30T19:29:10.139+0000] {logging_mixin.py:188} INFO - [2024-01-30T19:29:10.138+0000] {dagbag.py:538} INFO - Filling up the DagBag from /home/airflow/.local/lib/python3.8/site-packages/airflow/example_dags/example_datasets.py
[2024-01-30T19:29:10.157+0000] {processor.py:840} INFO - DAG(s) 'dataset_consumes_1_and_2', 'dataset_produces_1', 'dataset_consumes_unknown_never_scheduled', 'dataset_consumes_1_never_scheduled', 'dataset_produces_2', 'dataset_consumes_1' retrieved from /home/airflow/.local/lib/python3.8/site-packages/airflow/example_dags/example_datasets.py
[2024-01-30T19:29:10.682+0000] {logging_mixin.py:188} INFO - [2024-01-30T19:29:10.679+0000] {override.py:1769} INFO - Created Permission View: can edit on DAG:dataset_consumes_1_and_2
[2024-01-30T19:29:10.724+0000] {logging_mixin.py:188} INFO - [2024-01-30T19:29:10.723+0000] {override.py:1769} INFO - Created Permission View: can read on DAG:dataset_consumes_1_and_2
[2024-01-30T19:29:10.750+0000] {logging_mixin.py:188} INFO - [2024-01-30T19:29:10.749+0000] {override.py:1769} INFO - Created Permission View: can delete on DAG:dataset_consumes_1_and_2
[2024-01-30T19:29:10.787+0000] {logging_mixin.py:188} INFO - [2024-01-30T19:29:10.786+0000] {override.py:1769} INFO - Created Permission View: can edit on DAG:dataset_produces_1
[2024-01-30T19:29:10.810+0000] {logging_mixin.py:188} INFO - [2024-01-30T19:29:10.809+0000] {override.py:1769} INFO - Created Permission View: can read on DAG:dataset_produces_1
[2024-01-30T19:29:10.828+0000] {logging_mixin.py:188} INFO - [2024-01-30T19:29:10.828+0000] {override.py:1769} INFO - Created Permission View: can delete on DAG:dataset_produces_1
[2024-01-30T19:29:10.881+0000] {logging_mixin.py:188} INFO - [2024-01-30T19:29:10.880+0000] {override.py:1769} INFO - Created Permission View: can edit on DAG:dataset_consumes_unknown_never_scheduled
[2024-01-30T19:29:10.910+0000] {logging_mixin.py:188} INFO - [2024-01-30T19:29:10.910+0000] {override.py:1769} INFO - Created Permission View: can read on DAG:dataset_consumes_unknown_never_scheduled
[2024-01-30T19:29:11.045+0000] {logging_mixin.py:188} INFO - [2024-01-30T19:29:11.044+0000] {override.py:1769} INFO - Created Permission View: can delete on DAG:dataset_consumes_unknown_never_scheduled
[2024-01-30T19:29:11.087+0000] {logging_mixin.py:188} INFO - [2024-01-30T19:29:11.086+0000] {override.py:1769} INFO - Created Permission View: can edit on DAG:dataset_consumes_1_never_scheduled
[2024-01-30T19:29:11.108+0000] {logging_mixin.py:188} INFO - [2024-01-30T19:29:11.107+0000] {override.py:1769} INFO - Created Permission View: can read on DAG:dataset_consumes_1_never_scheduled
[2024-01-30T19:29:11.129+0000] {logging_mixin.py:188} INFO - [2024-01-30T19:29:11.128+0000] {override.py:1769} INFO - Created Permission View: can delete on DAG:dataset_consumes_1_never_scheduled
[2024-01-30T19:29:11.165+0000] {logging_mixin.py:188} INFO - [2024-01-30T19:29:11.165+0000] {override.py:1769} INFO - Created Permission View: can edit on DAG:dataset_produces_2
[2024-01-30T19:29:11.183+0000] {logging_mixin.py:188} INFO - [2024-01-30T19:29:11.183+0000] {override.py:1769} INFO - Created Permission View: can read on DAG:dataset_produces_2
[2024-01-30T19:29:11.209+0000] {logging_mixin.py:188} INFO - [2024-01-30T19:29:11.208+0000] {override.py:1769} INFO - Created Permission View: can delete on DAG:dataset_produces_2
[2024-01-30T19:29:11.243+0000] {logging_mixin.py:188} INFO - [2024-01-30T19:29:11.243+0000] {override.py:1769} INFO - Created Permission View: can edit on DAG:dataset_consumes_1
[2024-01-30T19:29:11.270+0000] {logging_mixin.py:188} INFO - [2024-01-30T19:29:11.270+0000] {override.py:1769} INFO - Created Permission View: can read on DAG:dataset_consumes_1
[2024-01-30T19:29:11.293+0000] {logging_mixin.py:188} INFO - [2024-01-30T19:29:11.292+0000] {override.py:1769} INFO - Created Permission View: can delete on DAG:dataset_consumes_1
[2024-01-30T19:29:11.294+0000] {logging_mixin.py:188} INFO - [2024-01-30T19:29:11.294+0000] {dag.py:3036} INFO - Sync 6 DAGs
[2024-01-30T19:29:11.332+0000] {logging_mixin.py:188} INFO - [2024-01-30T19:29:11.331+0000] {dag.py:3058} INFO - Creating ORM DAG for dataset_consumes_1_never_scheduled
[2024-01-30T19:29:11.334+0000] {logging_mixin.py:188} INFO - [2024-01-30T19:29:11.333+0000] {dag.py:3058} INFO - Creating ORM DAG for dataset_consumes_unknown_never_scheduled
[2024-01-30T19:29:11.335+0000] {logging_mixin.py:188} INFO - [2024-01-30T19:29:11.335+0000] {dag.py:3058} INFO - Creating ORM DAG for dataset_produces_2
[2024-01-30T19:29:11.337+0000] {logging_mixin.py:188} INFO - [2024-01-30T19:29:11.337+0000] {dag.py:3058} INFO - Creating ORM DAG for dataset_produces_1
[2024-01-30T19:29:11.339+0000] {logging_mixin.py:188} INFO - [2024-01-30T19:29:11.338+0000] {dag.py:3058} INFO - Creating ORM DAG for dataset_consumes_1
[2024-01-30T19:29:11.341+0000] {logging_mixin.py:188} INFO - [2024-01-30T19:29:11.341+0000] {dag.py:3058} INFO - Creating ORM DAG for dataset_consumes_1_and_2
[2024-01-30T19:29:11.362+0000] {logging_mixin.py:188} INFO - [2024-01-30T19:29:11.362+0000] {dag.py:3823} INFO - Setting next_dagrun for dataset_consumes_1 to None, run_after=None
[2024-01-30T19:29:11.364+0000] {logging_mixin.py:188} INFO - [2024-01-30T19:29:11.364+0000] {dag.py:3823} INFO - Setting next_dagrun for dataset_consumes_1_and_2 to None, run_after=None
[2024-01-30T19:29:11.366+0000] {logging_mixin.py:188} INFO - [2024-01-30T19:29:11.366+0000] {dag.py:3823} INFO - Setting next_dagrun for dataset_consumes_1_never_scheduled to None, run_after=None
[2024-01-30T19:29:11.368+0000] {logging_mixin.py:188} INFO - [2024-01-30T19:29:11.367+0000] {dag.py:3823} INFO - Setting next_dagrun for dataset_consumes_unknown_never_scheduled to None, run_after=None
[2024-01-30T19:29:11.377+0000] {logging_mixin.py:188} INFO - [2024-01-30T19:29:11.376+0000] {dag.py:3823} INFO - Setting next_dagrun for dataset_produces_1 to 2024-01-29 00:00:00+00:00, run_after=2024-01-30 00:00:00+00:00
[2024-01-30T19:29:11.379+0000] {logging_mixin.py:188} INFO - [2024-01-30T19:29:11.378+0000] {dag.py:3823} INFO - Setting next_dagrun for dataset_produces_2 to None, run_after=None
[2024-01-30T19:29:11.570+0000] {processor.py:183} INFO - Processing /home/airflow/.local/lib/python3.8/site-packages/airflow/example_dags/example_datasets.py took 1.440 seconds
[2024-01-30T19:36:43.882+0000] {processor.py:161} INFO - Started process (PID=330) to work on /home/airflow/.local/lib/python3.8/site-packages/airflow/example_dags/example_datasets.py
[2024-01-30T19:36:43.885+0000] {processor.py:830} INFO - Processing file /home/airflow/.local/lib/python3.8/site-packages/airflow/example_dags/example_datasets.py for tasks to queue
[2024-01-30T19:36:43.886+0000] {logging_mixin.py:188} INFO - [2024-01-30T19:36:43.886+0000] {dagbag.py:538} INFO - Filling up the DagBag from /home/airflow/.local/lib/python3.8/site-packages/airflow/example_dags/example_datasets.py
[2024-01-30T19:36:43.902+0000] {processor.py:840} INFO - DAG(s) 'dataset_consumes_1_and_2', 'dataset_consumes_1', 'dataset_produces_2', 'dataset_consumes_unknown_never_scheduled', 'dataset_produces_1', 'dataset_consumes_1_never_scheduled' retrieved from /home/airflow/.local/lib/python3.8/site-packages/airflow/example_dags/example_datasets.py
[2024-01-30T19:36:44.298+0000] {logging_mixin.py:188} INFO - [2024-01-30T19:36:44.298+0000] {dag.py:3036} INFO - Sync 6 DAGs
[2024-01-30T19:36:44.336+0000] {logging_mixin.py:188} INFO - [2024-01-30T19:36:44.336+0000] {dag.py:3823} INFO - Setting next_dagrun for dataset_consumes_1 to None, run_after=None
[2024-01-30T19:36:44.343+0000] {logging_mixin.py:188} INFO - [2024-01-30T19:36:44.341+0000] {dag.py:3823} INFO - Setting next_dagrun for dataset_consumes_1_and_2 to None, run_after=None
[2024-01-30T19:36:44.346+0000] {logging_mixin.py:188} INFO - [2024-01-30T19:36:44.346+0000] {dag.py:3823} INFO - Setting next_dagrun for dataset_consumes_1_never_scheduled to None, run_after=None
[2024-01-30T19:36:44.353+0000] {logging_mixin.py:188} INFO - [2024-01-30T19:36:44.353+0000] {dag.py:3823} INFO - Setting next_dagrun for dataset_consumes_unknown_never_scheduled to None, run_after=None
[2024-01-30T19:36:44.360+0000] {logging_mixin.py:188} INFO - [2024-01-30T19:36:44.359+0000] {dag.py:3823} INFO - Setting next_dagrun for dataset_produces_1 to 2024-01-29 00:00:00+00:00, run_after=2024-01-30 00:00:00+00:00
[2024-01-30T19:36:44.363+0000] {logging_mixin.py:188} INFO - [2024-01-30T19:36:44.363+0000] {dag.py:3823} INFO - Setting next_dagrun for dataset_produces_2 to None, run_after=None
[2024-01-30T19:36:44.433+0000] {processor.py:183} INFO - Processing /home/airflow/.local/lib/python3.8/site-packages/airflow/example_dags/example_datasets.py took 0.555 seconds
[2024-01-30T19:37:14.811+0000] {processor.py:161} INFO - Started process (PID=577) to work on /home/airflow/.local/lib/python3.8/site-packages/airflow/example_dags/example_datasets.py
[2024-01-30T19:37:14.815+0000] {processor.py:830} INFO - Processing file /home/airflow/.local/lib/python3.8/site-packages/airflow/example_dags/example_datasets.py for tasks to queue
[2024-01-30T19:37:14.818+0000] {logging_mixin.py:188} INFO - [2024-01-30T19:37:14.817+0000] {dagbag.py:538} INFO - Filling up the DagBag from /home/airflow/.local/lib/python3.8/site-packages/airflow/example_dags/example_datasets.py
[2024-01-30T19:37:14.834+0000] {processor.py:840} INFO - DAG(s) 'dataset_consumes_unknown_never_scheduled', 'dataset_produces_2', 'dataset_consumes_1_never_scheduled', 'dataset_consumes_1', 'dataset_produces_1', 'dataset_consumes_1_and_2' retrieved from /home/airflow/.local/lib/python3.8/site-packages/airflow/example_dags/example_datasets.py
[2024-01-30T19:37:14.918+0000] {logging_mixin.py:188} INFO - [2024-01-30T19:37:14.918+0000] {dag.py:3036} INFO - Sync 6 DAGs
[2024-01-30T19:37:15.103+0000] {logging_mixin.py:188} INFO - [2024-01-30T19:37:15.102+0000] {dag.py:3823} INFO - Setting next_dagrun for dataset_consumes_1 to None, run_after=None
[2024-01-30T19:37:15.112+0000] {logging_mixin.py:188} INFO - [2024-01-30T19:37:15.112+0000] {dag.py:3823} INFO - Setting next_dagrun for dataset_consumes_1_and_2 to None, run_after=None
[2024-01-30T19:37:15.125+0000] {logging_mixin.py:188} INFO - [2024-01-30T19:37:15.124+0000] {dag.py:3823} INFO - Setting next_dagrun for dataset_consumes_1_never_scheduled to None, run_after=None
[2024-01-30T19:37:15.147+0000] {logging_mixin.py:188} INFO - [2024-01-30T19:37:15.146+0000] {dag.py:3823} INFO - Setting next_dagrun for dataset_consumes_unknown_never_scheduled to None, run_after=None
[2024-01-30T19:37:15.172+0000] {logging_mixin.py:188} INFO - [2024-01-30T19:37:15.156+0000] {dag.py:3823} INFO - Setting next_dagrun for dataset_produces_1 to 2024-01-29 00:00:00+00:00, run_after=2024-01-30 00:00:00+00:00
[2024-01-30T19:37:15.178+0000] {logging_mixin.py:188} INFO - [2024-01-30T19:37:15.177+0000] {dag.py:3823} INFO - Setting next_dagrun for dataset_produces_2 to None, run_after=None
[2024-01-30T19:37:15.328+0000] {processor.py:183} INFO - Processing /home/airflow/.local/lib/python3.8/site-packages/airflow/example_dags/example_datasets.py took 0.522 seconds
[2024-01-30T19:37:45.762+0000] {processor.py:161} INFO - Started process (PID=821) to work on /home/airflow/.local/lib/python3.8/site-packages/airflow/example_dags/example_datasets.py
[2024-01-30T19:37:45.764+0000] {processor.py:830} INFO - Processing file /home/airflow/.local/lib/python3.8/site-packages/airflow/example_dags/example_datasets.py for tasks to queue
[2024-01-30T19:37:45.766+0000] {logging_mixin.py:188} INFO - [2024-01-30T19:37:45.766+0000] {dagbag.py:538} INFO - Filling up the DagBag from /home/airflow/.local/lib/python3.8/site-packages/airflow/example_dags/example_datasets.py
[2024-01-30T19:37:45.784+0000] {processor.py:840} INFO - DAG(s) 'dataset_consumes_1_never_scheduled', 'dataset_consumes_1', 'dataset_consumes_1_and_2', 'dataset_consumes_unknown_never_scheduled', 'dataset_produces_1', 'dataset_produces_2' retrieved from /home/airflow/.local/lib/python3.8/site-packages/airflow/example_dags/example_datasets.py
[2024-01-30T19:37:45.830+0000] {logging_mixin.py:188} INFO - [2024-01-30T19:37:45.830+0000] {dag.py:3036} INFO - Sync 6 DAGs
[2024-01-30T19:37:45.896+0000] {logging_mixin.py:188} INFO - [2024-01-30T19:37:45.895+0000] {dag.py:3823} INFO - Setting next_dagrun for dataset_consumes_1 to None, run_after=None
[2024-01-30T19:37:45.903+0000] {logging_mixin.py:188} INFO - [2024-01-30T19:37:45.903+0000] {dag.py:3823} INFO - Setting next_dagrun for dataset_consumes_1_and_2 to None, run_after=None
[2024-01-30T19:37:45.906+0000] {logging_mixin.py:188} INFO - [2024-01-30T19:37:45.906+0000] {dag.py:3823} INFO - Setting next_dagrun for dataset_consumes_1_never_scheduled to None, run_after=None
[2024-01-30T19:37:45.909+0000] {logging_mixin.py:188} INFO - [2024-01-30T19:37:45.908+0000] {dag.py:3823} INFO - Setting next_dagrun for dataset_consumes_unknown_never_scheduled to None, run_after=None
[2024-01-30T19:37:45.914+0000] {logging_mixin.py:188} INFO - [2024-01-30T19:37:45.914+0000] {dag.py:3823} INFO - Setting next_dagrun for dataset_produces_1 to 2024-01-29 00:00:00+00:00, run_after=2024-01-30 00:00:00+00:00
[2024-01-30T19:37:45.920+0000] {logging_mixin.py:188} INFO - [2024-01-30T19:37:45.920+0000] {dag.py:3823} INFO - Setting next_dagrun for dataset_produces_2 to None, run_after=None
[2024-01-30T19:37:46.147+0000] {processor.py:183} INFO - Processing /home/airflow/.local/lib/python3.8/site-packages/airflow/example_dags/example_datasets.py took 0.389 seconds
[2024-01-30T19:38:24.233+0000] {processor.py:161} INFO - Started process (PID=1076) to work on /home/airflow/.local/lib/python3.8/site-packages/airflow/example_dags/example_datasets.py
[2024-01-30T19:38:24.235+0000] {processor.py:830} INFO - Processing file /home/airflow/.local/lib/python3.8/site-packages/airflow/example_dags/example_datasets.py for tasks to queue
[2024-01-30T19:38:24.237+0000] {logging_mixin.py:188} INFO - [2024-01-30T19:38:24.237+0000] {dagbag.py:538} INFO - Filling up the DagBag from /home/airflow/.local/lib/python3.8/site-packages/airflow/example_dags/example_datasets.py
[2024-01-30T19:38:24.256+0000] {processor.py:840} INFO - DAG(s) 'dataset_produces_1', 'dataset_consumes_unknown_never_scheduled', 'dataset_consumes_1', 'dataset_produces_2', 'dataset_consumes_1_never_scheduled', 'dataset_consumes_1_and_2' retrieved from /home/airflow/.local/lib/python3.8/site-packages/airflow/example_dags/example_datasets.py
[2024-01-30T19:38:24.628+0000] {logging_mixin.py:188} INFO - [2024-01-30T19:38:24.627+0000] {dag.py:3036} INFO - Sync 6 DAGs
[2024-01-30T19:38:24.688+0000] {logging_mixin.py:188} INFO - [2024-01-30T19:38:24.688+0000] {dag.py:3823} INFO - Setting next_dagrun for dataset_consumes_1 to None, run_after=None
[2024-01-30T19:38:24.696+0000] {logging_mixin.py:188} INFO - [2024-01-30T19:38:24.696+0000] {dag.py:3823} INFO - Setting next_dagrun for dataset_consumes_1_and_2 to None, run_after=None
[2024-01-30T19:38:24.700+0000] {logging_mixin.py:188} INFO - [2024-01-30T19:38:24.699+0000] {dag.py:3823} INFO - Setting next_dagrun for dataset_consumes_1_never_scheduled to None, run_after=None
[2024-01-30T19:38:24.703+0000] {logging_mixin.py:188} INFO - [2024-01-30T19:38:24.702+0000] {dag.py:3823} INFO - Setting next_dagrun for dataset_consumes_unknown_never_scheduled to None, run_after=None
[2024-01-30T19:38:24.709+0000] {logging_mixin.py:188} INFO - [2024-01-30T19:38:24.709+0000] {dag.py:3823} INFO - Setting next_dagrun for dataset_produces_1 to 2024-01-29 00:00:00+00:00, run_after=2024-01-30 00:00:00+00:00
[2024-01-30T19:38:24.713+0000] {logging_mixin.py:188} INFO - [2024-01-30T19:38:24.712+0000] {dag.py:3823} INFO - Setting next_dagrun for dataset_produces_2 to None, run_after=None
[2024-01-30T19:38:24.813+0000] {processor.py:183} INFO - Processing /home/airflow/.local/lib/python3.8/site-packages/airflow/example_dags/example_datasets.py took 0.586 seconds
[2024-01-30T19:38:55.285+0000] {processor.py:161} INFO - Started process (PID=1329) to work on /home/airflow/.local/lib/python3.8/site-packages/airflow/example_dags/example_datasets.py
[2024-01-30T19:38:55.288+0000] {processor.py:830} INFO - Processing file /home/airflow/.local/lib/python3.8/site-packages/airflow/example_dags/example_datasets.py for tasks to queue
[2024-01-30T19:38:55.290+0000] {logging_mixin.py:188} INFO - [2024-01-30T19:38:55.290+0000] {dagbag.py:538} INFO - Filling up the DagBag from /home/airflow/.local/lib/python3.8/site-packages/airflow/example_dags/example_datasets.py
[2024-01-30T19:38:55.307+0000] {processor.py:840} INFO - DAG(s) 'dataset_produces_2', 'dataset_consumes_1', 'dataset_consumes_1_and_2', 'dataset_produces_1', 'dataset_consumes_1_never_scheduled', 'dataset_consumes_unknown_never_scheduled' retrieved from /home/airflow/.local/lib/python3.8/site-packages/airflow/example_dags/example_datasets.py
[2024-01-30T19:38:55.418+0000] {logging_mixin.py:188} INFO - [2024-01-30T19:38:55.416+0000] {dag.py:3036} INFO - Sync 6 DAGs
[2024-01-30T19:38:55.471+0000] {logging_mixin.py:188} INFO - [2024-01-30T19:38:55.471+0000] {dag.py:3823} INFO - Setting next_dagrun for dataset_consumes_1 to None, run_after=None
[2024-01-30T19:38:55.487+0000] {logging_mixin.py:188} INFO - [2024-01-30T19:38:55.485+0000] {dag.py:3823} INFO - Setting next_dagrun for dataset_consumes_1_and_2 to None, run_after=None
[2024-01-30T19:38:55.491+0000] {logging_mixin.py:188} INFO - [2024-01-30T19:38:55.491+0000] {dag.py:3823} INFO - Setting next_dagrun for dataset_consumes_1_never_scheduled to None, run_after=None
[2024-01-30T19:38:55.495+0000] {logging_mixin.py:188} INFO - [2024-01-30T19:38:55.495+0000] {dag.py:3823} INFO - Setting next_dagrun for dataset_consumes_unknown_never_scheduled to None, run_after=None
[2024-01-30T19:38:55.508+0000] {logging_mixin.py:188} INFO - [2024-01-30T19:38:55.507+0000] {dag.py:3823} INFO - Setting next_dagrun for dataset_produces_1 to 2024-01-29 00:00:00+00:00, run_after=2024-01-30 00:00:00+00:00
[2024-01-30T19:38:55.512+0000] {logging_mixin.py:188} INFO - [2024-01-30T19:38:55.512+0000] {dag.py:3823} INFO - Setting next_dagrun for dataset_produces_2 to None, run_after=None
[2024-01-30T19:38:55.760+0000] {processor.py:183} INFO - Processing /home/airflow/.local/lib/python3.8/site-packages/airflow/example_dags/example_datasets.py took 0.480 seconds
[2024-01-30T19:39:26.339+0000] {processor.py:161} INFO - Started process (PID=1580) to work on /home/airflow/.local/lib/python3.8/site-packages/airflow/example_dags/example_datasets.py
[2024-01-30T19:39:26.341+0000] {processor.py:830} INFO - Processing file /home/airflow/.local/lib/python3.8/site-packages/airflow/example_dags/example_datasets.py for tasks to queue
[2024-01-30T19:39:26.348+0000] {logging_mixin.py:188} INFO - [2024-01-30T19:39:26.348+0000] {dagbag.py:538} INFO - Filling up the DagBag from /home/airflow/.local/lib/python3.8/site-packages/airflow/example_dags/example_datasets.py
[2024-01-30T19:39:26.369+0000] {processor.py:840} INFO - DAG(s) 'dataset_produces_2', 'dataset_consumes_1', 'dataset_consumes_1_and_2', 'dataset_produces_1', 'dataset_consumes_unknown_never_scheduled', 'dataset_consumes_1_never_scheduled' retrieved from /home/airflow/.local/lib/python3.8/site-packages/airflow/example_dags/example_datasets.py
[2024-01-30T19:39:26.471+0000] {logging_mixin.py:188} INFO - [2024-01-30T19:39:26.471+0000] {dag.py:3036} INFO - Sync 6 DAGs
[2024-01-30T19:39:26.513+0000] {logging_mixin.py:188} INFO - [2024-01-30T19:39:26.513+0000] {dag.py:3823} INFO - Setting next_dagrun for dataset_consumes_1 to None, run_after=None
[2024-01-30T19:39:26.519+0000] {logging_mixin.py:188} INFO - [2024-01-30T19:39:26.519+0000] {dag.py:3823} INFO - Setting next_dagrun for dataset_consumes_1_and_2 to None, run_after=None
[2024-01-30T19:39:26.523+0000] {logging_mixin.py:188} INFO - [2024-01-30T19:39:26.522+0000] {dag.py:3823} INFO - Setting next_dagrun for dataset_consumes_1_never_scheduled to None, run_after=None
[2024-01-30T19:39:26.526+0000] {logging_mixin.py:188} INFO - [2024-01-30T19:39:26.525+0000] {dag.py:3823} INFO - Setting next_dagrun for dataset_consumes_unknown_never_scheduled to None, run_after=None
[2024-01-30T19:39:26.533+0000] {logging_mixin.py:188} INFO - [2024-01-30T19:39:26.533+0000] {dag.py:3823} INFO - Setting next_dagrun for dataset_produces_1 to 2024-01-29 00:00:00+00:00, run_after=2024-01-30 00:00:00+00:00
[2024-01-30T19:39:26.537+0000] {logging_mixin.py:188} INFO - [2024-01-30T19:39:26.536+0000] {dag.py:3823} INFO - Setting next_dagrun for dataset_produces_2 to None, run_after=None
[2024-01-30T19:39:26.604+0000] {processor.py:183} INFO - Processing /home/airflow/.local/lib/python3.8/site-packages/airflow/example_dags/example_datasets.py took 0.269 seconds
[2024-01-30T19:39:57.459+0000] {processor.py:161} INFO - Started process (PID=1832) to work on /home/airflow/.local/lib/python3.8/site-packages/airflow/example_dags/example_datasets.py
[2024-01-30T19:39:57.472+0000] {processor.py:830} INFO - Processing file /home/airflow/.local/lib/python3.8/site-packages/airflow/example_dags/example_datasets.py for tasks to queue
[2024-01-30T19:39:57.483+0000] {logging_mixin.py:188} INFO - [2024-01-30T19:39:57.482+0000] {dagbag.py:538} INFO - Filling up the DagBag from /home/airflow/.local/lib/python3.8/site-packages/airflow/example_dags/example_datasets.py
[2024-01-30T19:39:57.560+0000] {processor.py:840} INFO - DAG(s) 'dataset_produces_1', 'dataset_consumes_unknown_never_scheduled', 'dataset_consumes_1', 'dataset_consumes_1_and_2', 'dataset_consumes_1_never_scheduled', 'dataset_produces_2' retrieved from /home/airflow/.local/lib/python3.8/site-packages/airflow/example_dags/example_datasets.py
[2024-01-30T19:39:57.706+0000] {logging_mixin.py:188} INFO - [2024-01-30T19:39:57.705+0000] {dag.py:3036} INFO - Sync 6 DAGs
[2024-01-30T19:39:57.791+0000] {logging_mixin.py:188} INFO - [2024-01-30T19:39:57.790+0000] {dag.py:3823} INFO - Setting next_dagrun for dataset_consumes_1 to None, run_after=None
[2024-01-30T19:39:57.805+0000] {logging_mixin.py:188} INFO - [2024-01-30T19:39:57.805+0000] {dag.py:3823} INFO - Setting next_dagrun for dataset_consumes_1_and_2 to None, run_after=None
[2024-01-30T19:39:57.810+0000] {logging_mixin.py:188} INFO - [2024-01-30T19:39:57.809+0000] {dag.py:3823} INFO - Setting next_dagrun for dataset_consumes_1_never_scheduled to None, run_after=None
[2024-01-30T19:39:57.820+0000] {logging_mixin.py:188} INFO - [2024-01-30T19:39:57.820+0000] {dag.py:3823} INFO - Setting next_dagrun for dataset_consumes_unknown_never_scheduled to None, run_after=None
[2024-01-30T19:39:57.830+0000] {logging_mixin.py:188} INFO - [2024-01-30T19:39:57.830+0000] {dag.py:3823} INFO - Setting next_dagrun for dataset_produces_1 to 2024-01-29 00:00:00+00:00, run_after=2024-01-30 00:00:00+00:00
[2024-01-30T19:39:57.840+0000] {logging_mixin.py:188} INFO - [2024-01-30T19:39:57.839+0000] {dag.py:3823} INFO - Setting next_dagrun for dataset_produces_2 to None, run_after=None
[2024-01-30T19:39:57.972+0000] {processor.py:183} INFO - Processing /home/airflow/.local/lib/python3.8/site-packages/airflow/example_dags/example_datasets.py took 0.518 seconds
[2024-01-30T19:40:29.302+0000] {processor.py:161} INFO - Started process (PID=2070) to work on /home/airflow/.local/lib/python3.8/site-packages/airflow/example_dags/example_datasets.py
[2024-01-30T19:40:29.316+0000] {processor.py:830} INFO - Processing file /home/airflow/.local/lib/python3.8/site-packages/airflow/example_dags/example_datasets.py for tasks to queue
[2024-01-30T19:40:29.318+0000] {logging_mixin.py:188} INFO - [2024-01-30T19:40:29.318+0000] {dagbag.py:538} INFO - Filling up the DagBag from /home/airflow/.local/lib/python3.8/site-packages/airflow/example_dags/example_datasets.py
[2024-01-30T19:40:29.371+0000] {processor.py:840} INFO - DAG(s) 'dataset_produces_1', 'dataset_consumes_1_and_2', 'dataset_consumes_1_never_scheduled', 'dataset_consumes_unknown_never_scheduled', 'dataset_consumes_1', 'dataset_produces_2' retrieved from /home/airflow/.local/lib/python3.8/site-packages/airflow/example_dags/example_datasets.py
[2024-01-30T19:40:29.522+0000] {logging_mixin.py:188} INFO - [2024-01-30T19:40:29.521+0000] {dag.py:3036} INFO - Sync 6 DAGs
[2024-01-30T19:40:29.731+0000] {logging_mixin.py:188} INFO - [2024-01-30T19:40:29.731+0000] {dag.py:3823} INFO - Setting next_dagrun for dataset_consumes_1 to None, run_after=None
[2024-01-30T19:40:29.754+0000] {logging_mixin.py:188} INFO - [2024-01-30T19:40:29.753+0000] {dag.py:3823} INFO - Setting next_dagrun for dataset_consumes_1_and_2 to None, run_after=None
[2024-01-30T19:40:29.766+0000] {logging_mixin.py:188} INFO - [2024-01-30T19:40:29.765+0000] {dag.py:3823} INFO - Setting next_dagrun for dataset_consumes_1_never_scheduled to None, run_after=None
[2024-01-30T19:40:29.775+0000] {logging_mixin.py:188} INFO - [2024-01-30T19:40:29.775+0000] {dag.py:3823} INFO - Setting next_dagrun for dataset_consumes_unknown_never_scheduled to None, run_after=None
[2024-01-30T19:40:29.802+0000] {logging_mixin.py:188} INFO - [2024-01-30T19:40:29.801+0000] {dag.py:3823} INFO - Setting next_dagrun for dataset_produces_1 to 2024-01-29 00:00:00+00:00, run_after=2024-01-30 00:00:00+00:00
[2024-01-30T19:40:29.813+0000] {logging_mixin.py:188} INFO - [2024-01-30T19:40:29.813+0000] {dag.py:3823} INFO - Setting next_dagrun for dataset_produces_2 to None, run_after=None
[2024-01-30T19:40:30.339+0000] {processor.py:183} INFO - Processing /home/airflow/.local/lib/python3.8/site-packages/airflow/example_dags/example_datasets.py took 1.051 seconds
[2024-01-30T19:41:00.659+0000] {processor.py:161} INFO - Started process (PID=2317) to work on /home/airflow/.local/lib/python3.8/site-packages/airflow/example_dags/example_datasets.py
[2024-01-30T19:41:00.668+0000] {processor.py:830} INFO - Processing file /home/airflow/.local/lib/python3.8/site-packages/airflow/example_dags/example_datasets.py for tasks to queue
[2024-01-30T19:41:00.671+0000] {logging_mixin.py:188} INFO - [2024-01-30T19:41:00.670+0000] {dagbag.py:538} INFO - Filling up the DagBag from /home/airflow/.local/lib/python3.8/site-packages/airflow/example_dags/example_datasets.py
[2024-01-30T19:41:00.720+0000] {processor.py:840} INFO - DAG(s) 'dataset_consumes_unknown_never_scheduled', 'dataset_consumes_1_and_2', 'dataset_produces_2', 'dataset_produces_1', 'dataset_consumes_1', 'dataset_consumes_1_never_scheduled' retrieved from /home/airflow/.local/lib/python3.8/site-packages/airflow/example_dags/example_datasets.py
[2024-01-30T19:41:00.844+0000] {logging_mixin.py:188} INFO - [2024-01-30T19:41:00.843+0000] {dag.py:3036} INFO - Sync 6 DAGs
[2024-01-30T19:41:00.900+0000] {logging_mixin.py:188} INFO - [2024-01-30T19:41:00.900+0000] {dag.py:3823} INFO - Setting next_dagrun for dataset_consumes_1 to None, run_after=None
[2024-01-30T19:41:00.908+0000] {logging_mixin.py:188} INFO - [2024-01-30T19:41:00.908+0000] {dag.py:3823} INFO - Setting next_dagrun for dataset_consumes_1_and_2 to None, run_after=None
[2024-01-30T19:41:00.912+0000] {logging_mixin.py:188} INFO - [2024-01-30T19:41:00.912+0000] {dag.py:3823} INFO - Setting next_dagrun for dataset_consumes_1_never_scheduled to None, run_after=None
[2024-01-30T19:41:00.915+0000] {logging_mixin.py:188} INFO - [2024-01-30T19:41:00.915+0000] {dag.py:3823} INFO - Setting next_dagrun for dataset_consumes_unknown_never_scheduled to None, run_after=None
[2024-01-30T19:41:00.922+0000] {logging_mixin.py:188} INFO - [2024-01-30T19:41:00.922+0000] {dag.py:3823} INFO - Setting next_dagrun for dataset_produces_1 to 2024-01-29 00:00:00+00:00, run_after=2024-01-30 00:00:00+00:00
[2024-01-30T19:41:00.927+0000] {logging_mixin.py:188} INFO - [2024-01-30T19:41:00.926+0000] {dag.py:3823} INFO - Setting next_dagrun for dataset_produces_2 to None, run_after=None
[2024-01-30T19:41:01.053+0000] {processor.py:183} INFO - Processing /home/airflow/.local/lib/python3.8/site-packages/airflow/example_dags/example_datasets.py took 0.402 seconds
[2024-01-30T19:41:32.990+0000] {processor.py:161} INFO - Started process (PID=2564) to work on /home/airflow/.local/lib/python3.8/site-packages/airflow/example_dags/example_datasets.py
[2024-01-30T19:41:32.993+0000] {processor.py:830} INFO - Processing file /home/airflow/.local/lib/python3.8/site-packages/airflow/example_dags/example_datasets.py for tasks to queue
[2024-01-30T19:41:32.995+0000] {logging_mixin.py:188} INFO - [2024-01-30T19:41:32.994+0000] {dagbag.py:538} INFO - Filling up the DagBag from /home/airflow/.local/lib/python3.8/site-packages/airflow/example_dags/example_datasets.py
[2024-01-30T19:41:33.019+0000] {processor.py:840} INFO - DAG(s) 'dataset_produces_1', 'dataset_produces_2', 'dataset_consumes_1_never_scheduled', 'dataset_consumes_1_and_2', 'dataset_consumes_1', 'dataset_consumes_unknown_never_scheduled' retrieved from /home/airflow/.local/lib/python3.8/site-packages/airflow/example_dags/example_datasets.py
[2024-01-30T19:41:33.111+0000] {logging_mixin.py:188} INFO - [2024-01-30T19:41:33.110+0000] {dag.py:3036} INFO - Sync 6 DAGs
[2024-01-30T19:41:33.153+0000] {logging_mixin.py:188} INFO - [2024-01-30T19:41:33.153+0000] {dag.py:3823} INFO - Setting next_dagrun for dataset_consumes_1 to None, run_after=None
[2024-01-30T19:41:33.160+0000] {logging_mixin.py:188} INFO - [2024-01-30T19:41:33.160+0000] {dag.py:3823} INFO - Setting next_dagrun for dataset_consumes_1_and_2 to None, run_after=None
[2024-01-30T19:41:33.226+0000] {logging_mixin.py:188} INFO - [2024-01-30T19:41:33.225+0000] {dag.py:3823} INFO - Setting next_dagrun for dataset_consumes_1_never_scheduled to None, run_after=None
[2024-01-30T19:41:33.260+0000] {logging_mixin.py:188} INFO - [2024-01-30T19:41:33.260+0000] {dag.py:3823} INFO - Setting next_dagrun for dataset_consumes_unknown_never_scheduled to None, run_after=None
[2024-01-30T19:41:33.376+0000] {logging_mixin.py:188} INFO - [2024-01-30T19:41:33.375+0000] {dag.py:3823} INFO - Setting next_dagrun for dataset_produces_1 to 2024-01-29 00:00:00+00:00, run_after=2024-01-30 00:00:00+00:00
[2024-01-30T19:41:33.383+0000] {logging_mixin.py:188} INFO - [2024-01-30T19:41:33.383+0000] {dag.py:3823} INFO - Setting next_dagrun for dataset_produces_2 to None, run_after=None
[2024-01-30T19:41:33.652+0000] {processor.py:183} INFO - Processing /home/airflow/.local/lib/python3.8/site-packages/airflow/example_dags/example_datasets.py took 0.667 seconds
[2024-01-30T19:42:04.664+0000] {processor.py:161} INFO - Started process (PID=2807) to work on /home/airflow/.local/lib/python3.8/site-packages/airflow/example_dags/example_datasets.py
[2024-01-30T19:42:04.666+0000] {processor.py:830} INFO - Processing file /home/airflow/.local/lib/python3.8/site-packages/airflow/example_dags/example_datasets.py for tasks to queue
[2024-01-30T19:42:04.668+0000] {logging_mixin.py:188} INFO - [2024-01-30T19:42:04.667+0000] {dagbag.py:538} INFO - Filling up the DagBag from /home/airflow/.local/lib/python3.8/site-packages/airflow/example_dags/example_datasets.py
[2024-01-30T19:42:04.691+0000] {processor.py:840} INFO - DAG(s) 'dataset_consumes_1_never_scheduled', 'dataset_consumes_1', 'dataset_produces_2', 'dataset_consumes_unknown_never_scheduled', 'dataset_consumes_1_and_2', 'dataset_produces_1' retrieved from /home/airflow/.local/lib/python3.8/site-packages/airflow/example_dags/example_datasets.py
[2024-01-30T19:42:04.775+0000] {logging_mixin.py:188} INFO - [2024-01-30T19:42:04.775+0000] {dag.py:3036} INFO - Sync 6 DAGs
[2024-01-30T19:42:04.814+0000] {logging_mixin.py:188} INFO - [2024-01-30T19:42:04.813+0000] {dag.py:3823} INFO - Setting next_dagrun for dataset_consumes_1 to None, run_after=None
[2024-01-30T19:42:04.820+0000] {logging_mixin.py:188} INFO - [2024-01-30T19:42:04.820+0000] {dag.py:3823} INFO - Setting next_dagrun for dataset_consumes_1_and_2 to None, run_after=None
[2024-01-30T19:42:04.827+0000] {logging_mixin.py:188} INFO - [2024-01-30T19:42:04.826+0000] {dag.py:3823} INFO - Setting next_dagrun for dataset_consumes_1_never_scheduled to None, run_after=None
[2024-01-30T19:42:04.832+0000] {logging_mixin.py:188} INFO - [2024-01-30T19:42:04.832+0000] {dag.py:3823} INFO - Setting next_dagrun for dataset_consumes_unknown_never_scheduled to None, run_after=None
[2024-01-30T19:42:04.838+0000] {logging_mixin.py:188} INFO - [2024-01-30T19:42:04.838+0000] {dag.py:3823} INFO - Setting next_dagrun for dataset_produces_1 to 2024-01-29 00:00:00+00:00, run_after=2024-01-30 00:00:00+00:00
[2024-01-30T19:42:04.843+0000] {logging_mixin.py:188} INFO - [2024-01-30T19:42:04.842+0000] {dag.py:3823} INFO - Setting next_dagrun for dataset_produces_2 to None, run_after=None
[2024-01-30T19:42:04.936+0000] {processor.py:183} INFO - Processing /home/airflow/.local/lib/python3.8/site-packages/airflow/example_dags/example_datasets.py took 0.276 seconds
[2024-01-30T19:42:48.502+0000] {processor.py:161} INFO - Started process (PID=3062) to work on /home/airflow/.local/lib/python3.8/site-packages/airflow/example_dags/example_datasets.py
[2024-01-30T19:42:48.595+0000] {processor.py:830} INFO - Processing file /home/airflow/.local/lib/python3.8/site-packages/airflow/example_dags/example_datasets.py for tasks to queue
[2024-01-30T19:42:48.669+0000] {logging_mixin.py:188} INFO - [2024-01-30T19:42:48.629+0000] {dagbag.py:538} INFO - Filling up the DagBag from /home/airflow/.local/lib/python3.8/site-packages/airflow/example_dags/example_datasets.py
[2024-01-30T19:42:49.430+0000] {processor.py:840} INFO - DAG(s) 'dataset_consumes_1_never_scheduled', 'dataset_consumes_unknown_never_scheduled', 'dataset_produces_1', 'dataset_consumes_1', 'dataset_consumes_1_and_2', 'dataset_produces_2' retrieved from /home/airflow/.local/lib/python3.8/site-packages/airflow/example_dags/example_datasets.py
[2024-01-30T19:42:50.829+0000] {logging_mixin.py:188} INFO - [2024-01-30T19:42:50.829+0000] {dag.py:3036} INFO - Sync 6 DAGs
[2024-01-30T19:42:52.825+0000] {logging_mixin.py:188} INFO - [2024-01-30T19:42:52.824+0000] {dag.py:3823} INFO - Setting next_dagrun for dataset_consumes_1 to None, run_after=None
[2024-01-30T19:42:52.861+0000] {logging_mixin.py:188} INFO - [2024-01-30T19:42:52.861+0000] {dag.py:3823} INFO - Setting next_dagrun for dataset_consumes_1_and_2 to None, run_after=None
[2024-01-30T19:42:52.880+0000] {logging_mixin.py:188} INFO - [2024-01-30T19:42:52.880+0000] {dag.py:3823} INFO - Setting next_dagrun for dataset_consumes_1_never_scheduled to None, run_after=None
[2024-01-30T19:42:52.891+0000] {logging_mixin.py:188} INFO - [2024-01-30T19:42:52.891+0000] {dag.py:3823} INFO - Setting next_dagrun for dataset_consumes_unknown_never_scheduled to None, run_after=None
[2024-01-30T19:42:52.907+0000] {logging_mixin.py:188} INFO - [2024-01-30T19:42:52.904+0000] {dag.py:3823} INFO - Setting next_dagrun for dataset_produces_1 to 2024-01-29 00:00:00+00:00, run_after=2024-01-30 00:00:00+00:00
[2024-01-30T19:42:52.918+0000] {logging_mixin.py:188} INFO - [2024-01-30T19:42:52.917+0000] {dag.py:3823} INFO - Setting next_dagrun for dataset_produces_2 to None, run_after=None
[2024-01-30T19:42:57.847+0000] {processor.py:183} INFO - Processing /home/airflow/.local/lib/python3.8/site-packages/airflow/example_dags/example_datasets.py took 9.478 seconds
[2024-01-30T19:43:58.373+0000] {processor.py:161} INFO - Started process (PID=3328) to work on /home/airflow/.local/lib/python3.8/site-packages/airflow/example_dags/example_datasets.py
[2024-01-30T19:43:58.375+0000] {processor.py:830} INFO - Processing file /home/airflow/.local/lib/python3.8/site-packages/airflow/example_dags/example_datasets.py for tasks to queue
[2024-01-30T19:43:58.378+0000] {logging_mixin.py:188} INFO - [2024-01-30T19:43:58.378+0000] {dagbag.py:538} INFO - Filling up the DagBag from /home/airflow/.local/lib/python3.8/site-packages/airflow/example_dags/example_datasets.py
[2024-01-30T19:43:58.395+0000] {processor.py:840} INFO - DAG(s) 'dataset_produces_1', 'dataset_consumes_1_never_scheduled', 'dataset_produces_2', 'dataset_consumes_unknown_never_scheduled', 'dataset_consumes_1', 'dataset_consumes_1_and_2' retrieved from /home/airflow/.local/lib/python3.8/site-packages/airflow/example_dags/example_datasets.py
[2024-01-30T19:43:58.477+0000] {logging_mixin.py:188} INFO - [2024-01-30T19:43:58.477+0000] {dag.py:3036} INFO - Sync 6 DAGs
[2024-01-30T19:43:58.567+0000] {logging_mixin.py:188} INFO - [2024-01-30T19:43:58.567+0000] {dag.py:3823} INFO - Setting next_dagrun for dataset_consumes_1 to None, run_after=None
[2024-01-30T19:43:58.585+0000] {logging_mixin.py:188} INFO - [2024-01-30T19:43:58.584+0000] {dag.py:3823} INFO - Setting next_dagrun for dataset_consumes_1_and_2 to None, run_after=None
[2024-01-30T19:43:58.590+0000] {logging_mixin.py:188} INFO - [2024-01-30T19:43:58.589+0000] {dag.py:3823} INFO - Setting next_dagrun for dataset_consumes_1_never_scheduled to None, run_after=None
[2024-01-30T19:43:58.599+0000] {logging_mixin.py:188} INFO - [2024-01-30T19:43:58.598+0000] {dag.py:3823} INFO - Setting next_dagrun for dataset_consumes_unknown_never_scheduled to None, run_after=None
[2024-01-30T19:43:58.606+0000] {logging_mixin.py:188} INFO - [2024-01-30T19:43:58.605+0000] {dag.py:3823} INFO - Setting next_dagrun for dataset_produces_1 to 2024-01-29 00:00:00+00:00, run_after=2024-01-30 00:00:00+00:00
[2024-01-30T19:43:58.610+0000] {logging_mixin.py:188} INFO - [2024-01-30T19:43:58.610+0000] {dag.py:3823} INFO - Setting next_dagrun for dataset_produces_2 to None, run_after=None
[2024-01-30T19:43:58.725+0000] {processor.py:183} INFO - Processing /home/airflow/.local/lib/python3.8/site-packages/airflow/example_dags/example_datasets.py took 0.357 seconds
[2024-01-30T19:45:00.254+0000] {processor.py:161} INFO - Started process (PID=3679) to work on /home/airflow/.local/lib/python3.8/site-packages/airflow/example_dags/example_datasets.py
[2024-01-30T19:45:00.260+0000] {processor.py:830} INFO - Processing file /home/airflow/.local/lib/python3.8/site-packages/airflow/example_dags/example_datasets.py for tasks to queue
[2024-01-30T19:45:00.265+0000] {logging_mixin.py:188} INFO - [2024-01-30T19:45:00.264+0000] {dagbag.py:538} INFO - Filling up the DagBag from /home/airflow/.local/lib/python3.8/site-packages/airflow/example_dags/example_datasets.py
[2024-01-30T19:45:00.311+0000] {processor.py:840} INFO - DAG(s) 'dataset_consumes_unknown_never_scheduled', 'dataset_consumes_1_and_2', 'dataset_consumes_1_never_scheduled', 'dataset_consumes_1', 'dataset_produces_1', 'dataset_produces_2' retrieved from /home/airflow/.local/lib/python3.8/site-packages/airflow/example_dags/example_datasets.py
[2024-01-30T19:45:00.786+0000] {logging_mixin.py:188} INFO - [2024-01-30T19:45:00.786+0000] {dag.py:3036} INFO - Sync 6 DAGs
[2024-01-30T19:45:00.887+0000] {logging_mixin.py:188} INFO - [2024-01-30T19:45:00.887+0000] {dag.py:3823} INFO - Setting next_dagrun for dataset_consumes_1 to None, run_after=None
[2024-01-30T19:45:00.900+0000] {logging_mixin.py:188} INFO - [2024-01-30T19:45:00.900+0000] {dag.py:3823} INFO - Setting next_dagrun for dataset_consumes_1_and_2 to None, run_after=None
[2024-01-30T19:45:00.906+0000] {logging_mixin.py:188} INFO - [2024-01-30T19:45:00.906+0000] {dag.py:3823} INFO - Setting next_dagrun for dataset_consumes_1_never_scheduled to None, run_after=None
[2024-01-30T19:45:00.911+0000] {logging_mixin.py:188} INFO - [2024-01-30T19:45:00.910+0000] {dag.py:3823} INFO - Setting next_dagrun for dataset_consumes_unknown_never_scheduled to None, run_after=None
[2024-01-30T19:45:00.925+0000] {logging_mixin.py:188} INFO - [2024-01-30T19:45:00.925+0000] {dag.py:3823} INFO - Setting next_dagrun for dataset_produces_1 to 2024-01-29 00:00:00+00:00, run_after=2024-01-30 00:00:00+00:00
[2024-01-30T19:45:00.933+0000] {logging_mixin.py:188} INFO - [2024-01-30T19:45:00.932+0000] {dag.py:3823} INFO - Setting next_dagrun for dataset_produces_2 to None, run_after=None
[2024-01-30T19:45:01.156+0000] {processor.py:183} INFO - Processing /home/airflow/.local/lib/python3.8/site-packages/airflow/example_dags/example_datasets.py took 0.925 seconds
[2024-01-30T19:45:34.604+0000] {processor.py:161} INFO - Started process (PID=3929) to work on /home/airflow/.local/lib/python3.8/site-packages/airflow/example_dags/example_datasets.py
[2024-01-30T19:45:34.606+0000] {processor.py:830} INFO - Processing file /home/airflow/.local/lib/python3.8/site-packages/airflow/example_dags/example_datasets.py for tasks to queue
[2024-01-30T19:45:34.610+0000] {logging_mixin.py:188} INFO - [2024-01-30T19:45:34.609+0000] {dagbag.py:538} INFO - Filling up the DagBag from /home/airflow/.local/lib/python3.8/site-packages/airflow/example_dags/example_datasets.py
[2024-01-30T19:45:34.628+0000] {processor.py:840} INFO - DAG(s) 'dataset_consumes_1_and_2', 'dataset_consumes_unknown_never_scheduled', 'dataset_produces_1', 'dataset_consumes_1_never_scheduled', 'dataset_consumes_1', 'dataset_produces_2' retrieved from /home/airflow/.local/lib/python3.8/site-packages/airflow/example_dags/example_datasets.py
[2024-01-30T19:45:34.707+0000] {logging_mixin.py:188} INFO - [2024-01-30T19:45:34.706+0000] {dag.py:3036} INFO - Sync 6 DAGs
[2024-01-30T19:45:34.756+0000] {logging_mixin.py:188} INFO - [2024-01-30T19:45:34.756+0000] {dag.py:3823} INFO - Setting next_dagrun for dataset_consumes_1 to None, run_after=None
[2024-01-30T19:45:34.765+0000] {logging_mixin.py:188} INFO - [2024-01-30T19:45:34.765+0000] {dag.py:3823} INFO - Setting next_dagrun for dataset_consumes_1_and_2 to None, run_after=None
[2024-01-30T19:45:34.771+0000] {logging_mixin.py:188} INFO - [2024-01-30T19:45:34.771+0000] {dag.py:3823} INFO - Setting next_dagrun for dataset_consumes_1_never_scheduled to None, run_after=None
[2024-01-30T19:45:34.776+0000] {logging_mixin.py:188} INFO - [2024-01-30T19:45:34.775+0000] {dag.py:3823} INFO - Setting next_dagrun for dataset_consumes_unknown_never_scheduled to None, run_after=None
[2024-01-30T19:45:34.782+0000] {logging_mixin.py:188} INFO - [2024-01-30T19:45:34.782+0000] {dag.py:3823} INFO - Setting next_dagrun for dataset_produces_1 to 2024-01-29 00:00:00+00:00, run_after=2024-01-30 00:00:00+00:00
[2024-01-30T19:45:34.793+0000] {logging_mixin.py:188} INFO - [2024-01-30T19:45:34.792+0000] {dag.py:3823} INFO - Setting next_dagrun for dataset_produces_2 to None, run_after=None
[2024-01-30T19:45:34.890+0000] {processor.py:183} INFO - Processing /home/airflow/.local/lib/python3.8/site-packages/airflow/example_dags/example_datasets.py took 0.289 seconds
