[2024-01-30T19:29:24.148+0000] {processor.py:161} INFO - Started process (PID=413) to work on /home/airflow/.local/lib/python3.8/site-packages/airflow/example_dags/example_skip_dag.py
[2024-01-30T19:29:24.150+0000] {processor.py:830} INFO - Processing file /home/airflow/.local/lib/python3.8/site-packages/airflow/example_dags/example_skip_dag.py for tasks to queue
[2024-01-30T19:29:24.153+0000] {logging_mixin.py:188} INFO - [2024-01-30T19:29:24.152+0000] {dagbag.py:538} INFO - Filling up the DagBag from /home/airflow/.local/lib/python3.8/site-packages/airflow/example_dags/example_skip_dag.py
[2024-01-30T19:29:24.181+0000] {processor.py:840} INFO - DAG(s) 'example_skip_dag' retrieved from /home/airflow/.local/lib/python3.8/site-packages/airflow/example_dags/example_skip_dag.py
[2024-01-30T19:29:24.503+0000] {logging_mixin.py:188} INFO - [2024-01-30T19:29:24.502+0000] {override.py:1769} INFO - Created Permission View: can edit on DAG:example_skip_dag
[2024-01-30T19:29:24.532+0000] {logging_mixin.py:188} INFO - [2024-01-30T19:29:24.531+0000] {override.py:1769} INFO - Created Permission View: can read on DAG:example_skip_dag
[2024-01-30T19:29:24.553+0000] {logging_mixin.py:188} INFO - [2024-01-30T19:29:24.552+0000] {override.py:1769} INFO - Created Permission View: can delete on DAG:example_skip_dag
[2024-01-30T19:29:24.556+0000] {logging_mixin.py:188} INFO - [2024-01-30T19:29:24.555+0000] {dag.py:3036} INFO - Sync 1 DAGs
[2024-01-30T19:29:24.579+0000] {logging_mixin.py:188} INFO - [2024-01-30T19:29:24.578+0000] {dag.py:3058} INFO - Creating ORM DAG for example_skip_dag
[2024-01-30T19:29:24.619+0000] {logging_mixin.py:188} INFO - [2024-01-30T19:29:24.618+0000] {dag.py:3823} INFO - Setting next_dagrun for example_skip_dag to 2024-01-29 00:00:00+00:00, run_after=2024-01-30 00:00:00+00:00
[2024-01-30T19:29:24.655+0000] {processor.py:183} INFO - Processing /home/airflow/.local/lib/python3.8/site-packages/airflow/example_dags/example_skip_dag.py took 0.518 seconds
[2024-01-30T19:36:45.626+0000] {processor.py:161} INFO - Started process (PID=370) to work on /home/airflow/.local/lib/python3.8/site-packages/airflow/example_dags/example_skip_dag.py
[2024-01-30T19:36:45.628+0000] {processor.py:830} INFO - Processing file /home/airflow/.local/lib/python3.8/site-packages/airflow/example_dags/example_skip_dag.py for tasks to queue
[2024-01-30T19:36:45.631+0000] {logging_mixin.py:188} INFO - [2024-01-30T19:36:45.630+0000] {dagbag.py:538} INFO - Filling up the DagBag from /home/airflow/.local/lib/python3.8/site-packages/airflow/example_dags/example_skip_dag.py
[2024-01-30T19:36:45.645+0000] {processor.py:840} INFO - DAG(s) 'example_skip_dag' retrieved from /home/airflow/.local/lib/python3.8/site-packages/airflow/example_dags/example_skip_dag.py
[2024-01-30T19:36:45.819+0000] {logging_mixin.py:188} INFO - [2024-01-30T19:36:45.818+0000] {dag.py:3036} INFO - Sync 1 DAGs
[2024-01-30T19:36:45.853+0000] {logging_mixin.py:188} INFO - [2024-01-30T19:36:45.853+0000] {dag.py:3823} INFO - Setting next_dagrun for example_skip_dag to 2024-01-29 00:00:00+00:00, run_after=2024-01-30 00:00:00+00:00
[2024-01-30T19:36:45.892+0000] {processor.py:183} INFO - Processing /home/airflow/.local/lib/python3.8/site-packages/airflow/example_dags/example_skip_dag.py took 0.270 seconds
[2024-01-30T19:37:16.764+0000] {processor.py:161} INFO - Started process (PID=617) to work on /home/airflow/.local/lib/python3.8/site-packages/airflow/example_dags/example_skip_dag.py
[2024-01-30T19:37:16.769+0000] {processor.py:830} INFO - Processing file /home/airflow/.local/lib/python3.8/site-packages/airflow/example_dags/example_skip_dag.py for tasks to queue
[2024-01-30T19:37:16.772+0000] {logging_mixin.py:188} INFO - [2024-01-30T19:37:16.772+0000] {dagbag.py:538} INFO - Filling up the DagBag from /home/airflow/.local/lib/python3.8/site-packages/airflow/example_dags/example_skip_dag.py
[2024-01-30T19:37:16.782+0000] {processor.py:840} INFO - DAG(s) 'example_skip_dag' retrieved from /home/airflow/.local/lib/python3.8/site-packages/airflow/example_dags/example_skip_dag.py
[2024-01-30T19:37:16.850+0000] {logging_mixin.py:188} INFO - [2024-01-30T19:37:16.850+0000] {dag.py:3036} INFO - Sync 1 DAGs
[2024-01-30T19:37:16.909+0000] {logging_mixin.py:188} INFO - [2024-01-30T19:37:16.908+0000] {dag.py:3823} INFO - Setting next_dagrun for example_skip_dag to 2024-01-29 00:00:00+00:00, run_after=2024-01-30 00:00:00+00:00
[2024-01-30T19:37:16.970+0000] {processor.py:183} INFO - Processing /home/airflow/.local/lib/python3.8/site-packages/airflow/example_dags/example_skip_dag.py took 0.212 seconds
[2024-01-30T19:37:48.793+0000] {processor.py:161} INFO - Started process (PID=861) to work on /home/airflow/.local/lib/python3.8/site-packages/airflow/example_dags/example_skip_dag.py
[2024-01-30T19:37:48.798+0000] {processor.py:830} INFO - Processing file /home/airflow/.local/lib/python3.8/site-packages/airflow/example_dags/example_skip_dag.py for tasks to queue
[2024-01-30T19:37:48.807+0000] {logging_mixin.py:188} INFO - [2024-01-30T19:37:48.807+0000] {dagbag.py:538} INFO - Filling up the DagBag from /home/airflow/.local/lib/python3.8/site-packages/airflow/example_dags/example_skip_dag.py
[2024-01-30T19:37:48.843+0000] {processor.py:840} INFO - DAG(s) 'example_skip_dag' retrieved from /home/airflow/.local/lib/python3.8/site-packages/airflow/example_dags/example_skip_dag.py
[2024-01-30T19:37:48.882+0000] {logging_mixin.py:188} INFO - [2024-01-30T19:37:48.882+0000] {dag.py:3036} INFO - Sync 1 DAGs
[2024-01-30T19:37:48.972+0000] {logging_mixin.py:188} INFO - [2024-01-30T19:37:48.972+0000] {dag.py:3823} INFO - Setting next_dagrun for example_skip_dag to 2024-01-29 00:00:00+00:00, run_after=2024-01-30 00:00:00+00:00
[2024-01-30T19:37:49.034+0000] {processor.py:183} INFO - Processing /home/airflow/.local/lib/python3.8/site-packages/airflow/example_dags/example_skip_dag.py took 0.245 seconds
[2024-01-30T19:38:25.622+0000] {processor.py:161} INFO - Started process (PID=1111) to work on /home/airflow/.local/lib/python3.8/site-packages/airflow/example_dags/example_skip_dag.py
[2024-01-30T19:38:25.627+0000] {processor.py:830} INFO - Processing file /home/airflow/.local/lib/python3.8/site-packages/airflow/example_dags/example_skip_dag.py for tasks to queue
[2024-01-30T19:38:25.630+0000] {logging_mixin.py:188} INFO - [2024-01-30T19:38:25.630+0000] {dagbag.py:538} INFO - Filling up the DagBag from /home/airflow/.local/lib/python3.8/site-packages/airflow/example_dags/example_skip_dag.py
[2024-01-30T19:38:25.653+0000] {processor.py:840} INFO - DAG(s) 'example_skip_dag' retrieved from /home/airflow/.local/lib/python3.8/site-packages/airflow/example_dags/example_skip_dag.py
[2024-01-30T19:38:25.859+0000] {logging_mixin.py:188} INFO - [2024-01-30T19:38:25.859+0000] {dag.py:3036} INFO - Sync 1 DAGs
[2024-01-30T19:38:25.893+0000] {logging_mixin.py:188} INFO - [2024-01-30T19:38:25.893+0000] {dag.py:3823} INFO - Setting next_dagrun for example_skip_dag to 2024-01-29 00:00:00+00:00, run_after=2024-01-30 00:00:00+00:00
[2024-01-30T19:38:25.934+0000] {processor.py:183} INFO - Processing /home/airflow/.local/lib/python3.8/site-packages/airflow/example_dags/example_skip_dag.py took 0.317 seconds
[2024-01-30T19:38:56.517+0000] {processor.py:161} INFO - Started process (PID=1361) to work on /home/airflow/.local/lib/python3.8/site-packages/airflow/example_dags/example_skip_dag.py
[2024-01-30T19:38:56.519+0000] {processor.py:830} INFO - Processing file /home/airflow/.local/lib/python3.8/site-packages/airflow/example_dags/example_skip_dag.py for tasks to queue
[2024-01-30T19:38:56.521+0000] {logging_mixin.py:188} INFO - [2024-01-30T19:38:56.521+0000] {dagbag.py:538} INFO - Filling up the DagBag from /home/airflow/.local/lib/python3.8/site-packages/airflow/example_dags/example_skip_dag.py
[2024-01-30T19:38:56.532+0000] {processor.py:840} INFO - DAG(s) 'example_skip_dag' retrieved from /home/airflow/.local/lib/python3.8/site-packages/airflow/example_dags/example_skip_dag.py
[2024-01-30T19:38:56.569+0000] {logging_mixin.py:188} INFO - [2024-01-30T19:38:56.569+0000] {dag.py:3036} INFO - Sync 1 DAGs
[2024-01-30T19:38:56.608+0000] {logging_mixin.py:188} INFO - [2024-01-30T19:38:56.608+0000] {dag.py:3823} INFO - Setting next_dagrun for example_skip_dag to 2024-01-29 00:00:00+00:00, run_after=2024-01-30 00:00:00+00:00
[2024-01-30T19:38:56.657+0000] {processor.py:183} INFO - Processing /home/airflow/.local/lib/python3.8/site-packages/airflow/example_dags/example_skip_dag.py took 0.145 seconds
[2024-01-30T19:39:27.204+0000] {processor.py:161} INFO - Started process (PID=1612) to work on /home/airflow/.local/lib/python3.8/site-packages/airflow/example_dags/example_skip_dag.py
[2024-01-30T19:39:27.206+0000] {processor.py:830} INFO - Processing file /home/airflow/.local/lib/python3.8/site-packages/airflow/example_dags/example_skip_dag.py for tasks to queue
[2024-01-30T19:39:27.208+0000] {logging_mixin.py:188} INFO - [2024-01-30T19:39:27.208+0000] {dagbag.py:538} INFO - Filling up the DagBag from /home/airflow/.local/lib/python3.8/site-packages/airflow/example_dags/example_skip_dag.py
[2024-01-30T19:39:27.222+0000] {processor.py:840} INFO - DAG(s) 'example_skip_dag' retrieved from /home/airflow/.local/lib/python3.8/site-packages/airflow/example_dags/example_skip_dag.py
[2024-01-30T19:39:27.265+0000] {logging_mixin.py:188} INFO - [2024-01-30T19:39:27.265+0000] {dag.py:3036} INFO - Sync 1 DAGs
[2024-01-30T19:39:27.299+0000] {logging_mixin.py:188} INFO - [2024-01-30T19:39:27.299+0000] {dag.py:3823} INFO - Setting next_dagrun for example_skip_dag to 2024-01-29 00:00:00+00:00, run_after=2024-01-30 00:00:00+00:00
[2024-01-30T19:39:27.342+0000] {processor.py:183} INFO - Processing /home/airflow/.local/lib/python3.8/site-packages/airflow/example_dags/example_skip_dag.py took 0.141 seconds
[2024-01-30T19:39:58.607+0000] {processor.py:161} INFO - Started process (PID=1858) to work on /home/airflow/.local/lib/python3.8/site-packages/airflow/example_dags/example_skip_dag.py
[2024-01-30T19:39:58.613+0000] {processor.py:830} INFO - Processing file /home/airflow/.local/lib/python3.8/site-packages/airflow/example_dags/example_skip_dag.py for tasks to queue
[2024-01-30T19:39:58.616+0000] {logging_mixin.py:188} INFO - [2024-01-30T19:39:58.615+0000] {dagbag.py:538} INFO - Filling up the DagBag from /home/airflow/.local/lib/python3.8/site-packages/airflow/example_dags/example_skip_dag.py
[2024-01-30T19:39:58.641+0000] {processor.py:840} INFO - DAG(s) 'example_skip_dag' retrieved from /home/airflow/.local/lib/python3.8/site-packages/airflow/example_dags/example_skip_dag.py
[2024-01-30T19:39:58.789+0000] {logging_mixin.py:188} INFO - [2024-01-30T19:39:58.789+0000] {dag.py:3036} INFO - Sync 1 DAGs
[2024-01-30T19:39:58.879+0000] {logging_mixin.py:188} INFO - [2024-01-30T19:39:58.879+0000] {dag.py:3823} INFO - Setting next_dagrun for example_skip_dag to 2024-01-29 00:00:00+00:00, run_after=2024-01-30 00:00:00+00:00
[2024-01-30T19:40:04.122+0000] {processor.py:183} INFO - Processing /home/airflow/.local/lib/python3.8/site-packages/airflow/example_dags/example_skip_dag.py took 5.519 seconds
[2024-01-30T19:40:34.387+0000] {processor.py:161} INFO - Started process (PID=2112) to work on /home/airflow/.local/lib/python3.8/site-packages/airflow/example_dags/example_skip_dag.py
[2024-01-30T19:40:34.392+0000] {processor.py:830} INFO - Processing file /home/airflow/.local/lib/python3.8/site-packages/airflow/example_dags/example_skip_dag.py for tasks to queue
[2024-01-30T19:40:34.395+0000] {logging_mixin.py:188} INFO - [2024-01-30T19:40:34.395+0000] {dagbag.py:538} INFO - Filling up the DagBag from /home/airflow/.local/lib/python3.8/site-packages/airflow/example_dags/example_skip_dag.py
[2024-01-30T19:40:34.410+0000] {processor.py:840} INFO - DAG(s) 'example_skip_dag' retrieved from /home/airflow/.local/lib/python3.8/site-packages/airflow/example_dags/example_skip_dag.py
[2024-01-30T19:40:34.503+0000] {logging_mixin.py:188} INFO - [2024-01-30T19:40:34.503+0000] {dag.py:3036} INFO - Sync 1 DAGs
[2024-01-30T19:40:34.587+0000] {logging_mixin.py:188} INFO - [2024-01-30T19:40:34.586+0000] {dag.py:3823} INFO - Setting next_dagrun for example_skip_dag to 2024-01-29 00:00:00+00:00, run_after=2024-01-30 00:00:00+00:00
[2024-01-30T19:40:34.720+0000] {processor.py:183} INFO - Processing /home/airflow/.local/lib/python3.8/site-packages/airflow/example_dags/example_skip_dag.py took 0.338 seconds
[2024-01-30T19:41:05.489+0000] {processor.py:161} INFO - Started process (PID=2359) to work on /home/airflow/.local/lib/python3.8/site-packages/airflow/example_dags/example_skip_dag.py
[2024-01-30T19:41:05.492+0000] {processor.py:830} INFO - Processing file /home/airflow/.local/lib/python3.8/site-packages/airflow/example_dags/example_skip_dag.py for tasks to queue
[2024-01-30T19:41:05.495+0000] {logging_mixin.py:188} INFO - [2024-01-30T19:41:05.494+0000] {dagbag.py:538} INFO - Filling up the DagBag from /home/airflow/.local/lib/python3.8/site-packages/airflow/example_dags/example_skip_dag.py
[2024-01-30T19:41:05.506+0000] {processor.py:840} INFO - DAG(s) 'example_skip_dag' retrieved from /home/airflow/.local/lib/python3.8/site-packages/airflow/example_dags/example_skip_dag.py
[2024-01-30T19:41:05.548+0000] {logging_mixin.py:188} INFO - [2024-01-30T19:41:05.548+0000] {dag.py:3036} INFO - Sync 1 DAGs
[2024-01-30T19:41:05.600+0000] {logging_mixin.py:188} INFO - [2024-01-30T19:41:05.600+0000] {dag.py:3823} INFO - Setting next_dagrun for example_skip_dag to 2024-01-29 00:00:00+00:00, run_after=2024-01-30 00:00:00+00:00
[2024-01-30T19:41:05.655+0000] {processor.py:183} INFO - Processing /home/airflow/.local/lib/python3.8/site-packages/airflow/example_dags/example_skip_dag.py took 0.186 seconds
[2024-01-30T19:41:38.746+0000] {processor.py:161} INFO - Started process (PID=2599) to work on /home/airflow/.local/lib/python3.8/site-packages/airflow/example_dags/example_skip_dag.py
[2024-01-30T19:41:38.768+0000] {processor.py:830} INFO - Processing file /home/airflow/.local/lib/python3.8/site-packages/airflow/example_dags/example_skip_dag.py for tasks to queue
[2024-01-30T19:41:38.771+0000] {logging_mixin.py:188} INFO - [2024-01-30T19:41:38.770+0000] {dagbag.py:538} INFO - Filling up the DagBag from /home/airflow/.local/lib/python3.8/site-packages/airflow/example_dags/example_skip_dag.py
[2024-01-30T19:41:38.798+0000] {processor.py:840} INFO - DAG(s) 'example_skip_dag' retrieved from /home/airflow/.local/lib/python3.8/site-packages/airflow/example_dags/example_skip_dag.py
[2024-01-30T19:41:38.926+0000] {logging_mixin.py:188} INFO - [2024-01-30T19:41:38.926+0000] {dag.py:3036} INFO - Sync 1 DAGs
[2024-01-30T19:41:39.184+0000] {logging_mixin.py:188} INFO - [2024-01-30T19:41:39.182+0000] {dag.py:3823} INFO - Setting next_dagrun for example_skip_dag to 2024-01-29 00:00:00+00:00, run_after=2024-01-30 00:00:00+00:00
[2024-01-30T19:41:39.307+0000] {processor.py:183} INFO - Processing /home/airflow/.local/lib/python3.8/site-packages/airflow/example_dags/example_skip_dag.py took 0.577 seconds
[2024-01-30T19:42:09.812+0000] {processor.py:161} INFO - Started process (PID=2846) to work on /home/airflow/.local/lib/python3.8/site-packages/airflow/example_dags/example_skip_dag.py
[2024-01-30T19:42:09.814+0000] {processor.py:830} INFO - Processing file /home/airflow/.local/lib/python3.8/site-packages/airflow/example_dags/example_skip_dag.py for tasks to queue
[2024-01-30T19:42:09.816+0000] {logging_mixin.py:188} INFO - [2024-01-30T19:42:09.816+0000] {dagbag.py:538} INFO - Filling up the DagBag from /home/airflow/.local/lib/python3.8/site-packages/airflow/example_dags/example_skip_dag.py
[2024-01-30T19:42:10.543+0000] {processor.py:840} INFO - DAG(s) 'example_skip_dag' retrieved from /home/airflow/.local/lib/python3.8/site-packages/airflow/example_dags/example_skip_dag.py
[2024-01-30T19:42:11.631+0000] {logging_mixin.py:188} INFO - [2024-01-30T19:42:11.629+0000] {dag.py:3036} INFO - Sync 1 DAGs
[2024-01-30T19:42:12.712+0000] {logging_mixin.py:188} INFO - [2024-01-30T19:42:12.712+0000] {dag.py:3823} INFO - Setting next_dagrun for example_skip_dag to 2024-01-29 00:00:00+00:00, run_after=2024-01-30 00:00:00+00:00
[2024-01-30T19:42:12.840+0000] {processor.py:183} INFO - Processing /home/airflow/.local/lib/python3.8/site-packages/airflow/example_dags/example_skip_dag.py took 3.087 seconds
[2024-01-30T19:43:36.710+0000] {processor.py:161} INFO - Started process (PID=3231) to work on /home/airflow/.local/lib/python3.8/site-packages/airflow/example_dags/example_skip_dag.py
[2024-01-30T19:43:36.715+0000] {processor.py:830} INFO - Processing file /home/airflow/.local/lib/python3.8/site-packages/airflow/example_dags/example_skip_dag.py for tasks to queue
[2024-01-30T19:43:36.722+0000] {logging_mixin.py:188} INFO - [2024-01-30T19:43:36.722+0000] {dagbag.py:538} INFO - Filling up the DagBag from /home/airflow/.local/lib/python3.8/site-packages/airflow/example_dags/example_skip_dag.py
[2024-01-30T19:43:36.751+0000] {processor.py:840} INFO - DAG(s) 'example_skip_dag' retrieved from /home/airflow/.local/lib/python3.8/site-packages/airflow/example_dags/example_skip_dag.py
[2024-01-30T19:43:37.051+0000] {logging_mixin.py:188} INFO - [2024-01-30T19:43:37.050+0000] {dag.py:3036} INFO - Sync 1 DAGs
[2024-01-30T19:43:37.279+0000] {logging_mixin.py:188} INFO - [2024-01-30T19:43:37.278+0000] {dag.py:3823} INFO - Setting next_dagrun for example_skip_dag to 2024-01-29 00:00:00+00:00, run_after=2024-01-30 00:00:00+00:00
[2024-01-30T19:43:37.562+0000] {processor.py:183} INFO - Processing /home/airflow/.local/lib/python3.8/site-packages/airflow/example_dags/example_skip_dag.py took 0.870 seconds
[2024-01-30T19:44:08.688+0000] {processor.py:161} INFO - Started process (PID=3482) to work on /home/airflow/.local/lib/python3.8/site-packages/airflow/example_dags/example_skip_dag.py
[2024-01-30T19:44:08.756+0000] {processor.py:830} INFO - Processing file /home/airflow/.local/lib/python3.8/site-packages/airflow/example_dags/example_skip_dag.py for tasks to queue
[2024-01-30T19:44:08.810+0000] {logging_mixin.py:188} INFO - [2024-01-30T19:44:08.795+0000] {dagbag.py:538} INFO - Filling up the DagBag from /home/airflow/.local/lib/python3.8/site-packages/airflow/example_dags/example_skip_dag.py
[2024-01-30T19:44:08.892+0000] {processor.py:840} INFO - DAG(s) 'example_skip_dag' retrieved from /home/airflow/.local/lib/python3.8/site-packages/airflow/example_dags/example_skip_dag.py
[2024-01-30T19:44:09.071+0000] {logging_mixin.py:188} INFO - [2024-01-30T19:44:09.070+0000] {dag.py:3036} INFO - Sync 1 DAGs
[2024-01-30T19:44:09.756+0000] {logging_mixin.py:188} INFO - [2024-01-30T19:44:09.755+0000] {dag.py:3823} INFO - Setting next_dagrun for example_skip_dag to 2024-01-29 00:00:00+00:00, run_after=2024-01-30 00:00:00+00:00
[2024-01-30T19:44:10.230+0000] {processor.py:183} INFO - Processing /home/airflow/.local/lib/python3.8/site-packages/airflow/example_dags/example_skip_dag.py took 1.546 seconds
[2024-01-30T19:45:17.364+0000] {processor.py:161} INFO - Started process (PID=3757) to work on /home/airflow/.local/lib/python3.8/site-packages/airflow/example_dags/example_skip_dag.py
[2024-01-30T19:45:17.368+0000] {processor.py:830} INFO - Processing file /home/airflow/.local/lib/python3.8/site-packages/airflow/example_dags/example_skip_dag.py for tasks to queue
[2024-01-30T19:45:17.375+0000] {logging_mixin.py:188} INFO - [2024-01-30T19:45:17.375+0000] {dagbag.py:538} INFO - Filling up the DagBag from /home/airflow/.local/lib/python3.8/site-packages/airflow/example_dags/example_skip_dag.py
[2024-01-30T19:45:17.398+0000] {processor.py:840} INFO - DAG(s) 'example_skip_dag' retrieved from /home/airflow/.local/lib/python3.8/site-packages/airflow/example_dags/example_skip_dag.py
[2024-01-30T19:45:17.461+0000] {logging_mixin.py:188} INFO - [2024-01-30T19:45:17.455+0000] {dag.py:3036} INFO - Sync 1 DAGs
[2024-01-30T19:45:17.527+0000] {logging_mixin.py:188} INFO - [2024-01-30T19:45:17.526+0000] {dag.py:3823} INFO - Setting next_dagrun for example_skip_dag to 2024-01-29 00:00:00+00:00, run_after=2024-01-30 00:00:00+00:00
[2024-01-30T19:45:17.594+0000] {processor.py:183} INFO - Processing /home/airflow/.local/lib/python3.8/site-packages/airflow/example_dags/example_skip_dag.py took 0.235 seconds
