[2024-01-30T19:29:08.177+0000] {processor.py:161} INFO - Started process (PID=348) to work on /home/airflow/.local/lib/python3.8/site-packages/airflow/example_dags/tutorial_taskflow_api_virtualenv.py
[2024-01-30T19:29:08.183+0000] {processor.py:830} INFO - Processing file /home/airflow/.local/lib/python3.8/site-packages/airflow/example_dags/tutorial_taskflow_api_virtualenv.py for tasks to queue
[2024-01-30T19:29:08.186+0000] {logging_mixin.py:188} INFO - [2024-01-30T19:29:08.186+0000] {dagbag.py:538} INFO - Filling up the DagBag from /home/airflow/.local/lib/python3.8/site-packages/airflow/example_dags/tutorial_taskflow_api_virtualenv.py
[2024-01-30T19:29:08.309+0000] {processor.py:840} INFO - DAG(s) 'tutorial_taskflow_api_virtualenv' retrieved from /home/airflow/.local/lib/python3.8/site-packages/airflow/example_dags/tutorial_taskflow_api_virtualenv.py
[2024-01-30T19:29:08.903+0000] {logging_mixin.py:188} INFO - [2024-01-30T19:29:08.901+0000] {override.py:1769} INFO - Created Permission View: can edit on DAG:tutorial_taskflow_api_virtualenv
[2024-01-30T19:29:08.937+0000] {logging_mixin.py:188} INFO - [2024-01-30T19:29:08.936+0000] {override.py:1769} INFO - Created Permission View: can read on DAG:tutorial_taskflow_api_virtualenv
[2024-01-30T19:29:08.960+0000] {logging_mixin.py:188} INFO - [2024-01-30T19:29:08.959+0000] {override.py:1769} INFO - Created Permission View: can delete on DAG:tutorial_taskflow_api_virtualenv
[2024-01-30T19:29:08.961+0000] {logging_mixin.py:188} INFO - [2024-01-30T19:29:08.961+0000] {dag.py:3036} INFO - Sync 1 DAGs
[2024-01-30T19:29:09.015+0000] {logging_mixin.py:188} INFO - [2024-01-30T19:29:09.014+0000] {dag.py:3058} INFO - Creating ORM DAG for tutorial_taskflow_api_virtualenv
[2024-01-30T19:29:09.018+0000] {logging_mixin.py:188} INFO - [2024-01-30T19:29:09.018+0000] {dag.py:3823} INFO - Setting next_dagrun for tutorial_taskflow_api_virtualenv to None, run_after=None
[2024-01-30T19:29:09.085+0000] {processor.py:183} INFO - Processing /home/airflow/.local/lib/python3.8/site-packages/airflow/example_dags/tutorial_taskflow_api_virtualenv.py took 0.914 seconds
[2024-01-30T19:36:42.688+0000] {processor.py:161} INFO - Started process (PID=305) to work on /home/airflow/.local/lib/python3.8/site-packages/airflow/example_dags/tutorial_taskflow_api_virtualenv.py
[2024-01-30T19:36:42.695+0000] {processor.py:830} INFO - Processing file /home/airflow/.local/lib/python3.8/site-packages/airflow/example_dags/tutorial_taskflow_api_virtualenv.py for tasks to queue
[2024-01-30T19:36:42.702+0000] {logging_mixin.py:188} INFO - [2024-01-30T19:36:42.702+0000] {dagbag.py:538} INFO - Filling up the DagBag from /home/airflow/.local/lib/python3.8/site-packages/airflow/example_dags/tutorial_taskflow_api_virtualenv.py
[2024-01-30T19:36:42.734+0000] {processor.py:840} INFO - DAG(s) 'tutorial_taskflow_api_virtualenv' retrieved from /home/airflow/.local/lib/python3.8/site-packages/airflow/example_dags/tutorial_taskflow_api_virtualenv.py
[2024-01-30T19:36:43.115+0000] {logging_mixin.py:188} INFO - [2024-01-30T19:36:43.114+0000] {dag.py:3036} INFO - Sync 1 DAGs
[2024-01-30T19:36:43.156+0000] {logging_mixin.py:188} INFO - [2024-01-30T19:36:43.156+0000] {dag.py:3823} INFO - Setting next_dagrun for tutorial_taskflow_api_virtualenv to None, run_after=None
[2024-01-30T19:36:43.267+0000] {processor.py:183} INFO - Processing /home/airflow/.local/lib/python3.8/site-packages/airflow/example_dags/tutorial_taskflow_api_virtualenv.py took 0.584 seconds
[2024-01-30T19:37:13.933+0000] {processor.py:161} INFO - Started process (PID=554) to work on /home/airflow/.local/lib/python3.8/site-packages/airflow/example_dags/tutorial_taskflow_api_virtualenv.py
[2024-01-30T19:37:13.936+0000] {processor.py:830} INFO - Processing file /home/airflow/.local/lib/python3.8/site-packages/airflow/example_dags/tutorial_taskflow_api_virtualenv.py for tasks to queue
[2024-01-30T19:37:13.938+0000] {logging_mixin.py:188} INFO - [2024-01-30T19:37:13.938+0000] {dagbag.py:538} INFO - Filling up the DagBag from /home/airflow/.local/lib/python3.8/site-packages/airflow/example_dags/tutorial_taskflow_api_virtualenv.py
[2024-01-30T19:37:13.972+0000] {processor.py:840} INFO - DAG(s) 'tutorial_taskflow_api_virtualenv' retrieved from /home/airflow/.local/lib/python3.8/site-packages/airflow/example_dags/tutorial_taskflow_api_virtualenv.py
[2024-01-30T19:37:14.040+0000] {logging_mixin.py:188} INFO - [2024-01-30T19:37:14.040+0000] {dag.py:3036} INFO - Sync 1 DAGs
[2024-01-30T19:37:14.066+0000] {logging_mixin.py:188} INFO - [2024-01-30T19:37:14.066+0000] {dag.py:3823} INFO - Setting next_dagrun for tutorial_taskflow_api_virtualenv to None, run_after=None
[2024-01-30T19:37:14.117+0000] {processor.py:183} INFO - Processing /home/airflow/.local/lib/python3.8/site-packages/airflow/example_dags/tutorial_taskflow_api_virtualenv.py took 0.189 seconds
[2024-01-30T19:37:44.283+0000] {processor.py:161} INFO - Started process (PID=801) to work on /home/airflow/.local/lib/python3.8/site-packages/airflow/example_dags/tutorial_taskflow_api_virtualenv.py
[2024-01-30T19:37:44.285+0000] {processor.py:830} INFO - Processing file /home/airflow/.local/lib/python3.8/site-packages/airflow/example_dags/tutorial_taskflow_api_virtualenv.py for tasks to queue
[2024-01-30T19:37:44.287+0000] {logging_mixin.py:188} INFO - [2024-01-30T19:37:44.287+0000] {dagbag.py:538} INFO - Filling up the DagBag from /home/airflow/.local/lib/python3.8/site-packages/airflow/example_dags/tutorial_taskflow_api_virtualenv.py
[2024-01-30T19:37:44.299+0000] {processor.py:840} INFO - DAG(s) 'tutorial_taskflow_api_virtualenv' retrieved from /home/airflow/.local/lib/python3.8/site-packages/airflow/example_dags/tutorial_taskflow_api_virtualenv.py
[2024-01-30T19:37:44.317+0000] {logging_mixin.py:188} INFO - [2024-01-30T19:37:44.317+0000] {dag.py:3036} INFO - Sync 1 DAGs
[2024-01-30T19:37:44.335+0000] {logging_mixin.py:188} INFO - [2024-01-30T19:37:44.335+0000] {dag.py:3823} INFO - Setting next_dagrun for tutorial_taskflow_api_virtualenv to None, run_after=None
[2024-01-30T19:37:44.366+0000] {processor.py:183} INFO - Processing /home/airflow/.local/lib/python3.8/site-packages/airflow/example_dags/tutorial_taskflow_api_virtualenv.py took 0.086 seconds
[2024-01-30T19:38:23.050+0000] {processor.py:161} INFO - Started process (PID=1051) to work on /home/airflow/.local/lib/python3.8/site-packages/airflow/example_dags/tutorial_taskflow_api_virtualenv.py
[2024-01-30T19:38:23.056+0000] {processor.py:830} INFO - Processing file /home/airflow/.local/lib/python3.8/site-packages/airflow/example_dags/tutorial_taskflow_api_virtualenv.py for tasks to queue
[2024-01-30T19:38:23.058+0000] {logging_mixin.py:188} INFO - [2024-01-30T19:38:23.058+0000] {dagbag.py:538} INFO - Filling up the DagBag from /home/airflow/.local/lib/python3.8/site-packages/airflow/example_dags/tutorial_taskflow_api_virtualenv.py
[2024-01-30T19:38:23.072+0000] {processor.py:840} INFO - DAG(s) 'tutorial_taskflow_api_virtualenv' retrieved from /home/airflow/.local/lib/python3.8/site-packages/airflow/example_dags/tutorial_taskflow_api_virtualenv.py
[2024-01-30T19:38:23.348+0000] {logging_mixin.py:188} INFO - [2024-01-30T19:38:23.348+0000] {dag.py:3036} INFO - Sync 1 DAGs
[2024-01-30T19:38:23.378+0000] {logging_mixin.py:188} INFO - [2024-01-30T19:38:23.377+0000] {dag.py:3823} INFO - Setting next_dagrun for tutorial_taskflow_api_virtualenv to None, run_after=None
[2024-01-30T19:38:23.423+0000] {processor.py:183} INFO - Processing /home/airflow/.local/lib/python3.8/site-packages/airflow/example_dags/tutorial_taskflow_api_virtualenv.py took 0.374 seconds
[2024-01-30T19:38:54.142+0000] {processor.py:161} INFO - Started process (PID=1299) to work on /home/airflow/.local/lib/python3.8/site-packages/airflow/example_dags/tutorial_taskflow_api_virtualenv.py
[2024-01-30T19:38:54.145+0000] {processor.py:830} INFO - Processing file /home/airflow/.local/lib/python3.8/site-packages/airflow/example_dags/tutorial_taskflow_api_virtualenv.py for tasks to queue
[2024-01-30T19:38:54.147+0000] {logging_mixin.py:188} INFO - [2024-01-30T19:38:54.147+0000] {dagbag.py:538} INFO - Filling up the DagBag from /home/airflow/.local/lib/python3.8/site-packages/airflow/example_dags/tutorial_taskflow_api_virtualenv.py
[2024-01-30T19:38:54.162+0000] {processor.py:840} INFO - DAG(s) 'tutorial_taskflow_api_virtualenv' retrieved from /home/airflow/.local/lib/python3.8/site-packages/airflow/example_dags/tutorial_taskflow_api_virtualenv.py
[2024-01-30T19:38:54.200+0000] {logging_mixin.py:188} INFO - [2024-01-30T19:38:54.199+0000] {dag.py:3036} INFO - Sync 1 DAGs
[2024-01-30T19:38:54.225+0000] {logging_mixin.py:188} INFO - [2024-01-30T19:38:54.224+0000] {dag.py:3823} INFO - Setting next_dagrun for tutorial_taskflow_api_virtualenv to None, run_after=None
[2024-01-30T19:38:54.290+0000] {processor.py:183} INFO - Processing /home/airflow/.local/lib/python3.8/site-packages/airflow/example_dags/tutorial_taskflow_api_virtualenv.py took 0.152 seconds
[2024-01-30T19:39:24.908+0000] {processor.py:161} INFO - Started process (PID=1550) to work on /home/airflow/.local/lib/python3.8/site-packages/airflow/example_dags/tutorial_taskflow_api_virtualenv.py
[2024-01-30T19:39:24.924+0000] {processor.py:830} INFO - Processing file /home/airflow/.local/lib/python3.8/site-packages/airflow/example_dags/tutorial_taskflow_api_virtualenv.py for tasks to queue
[2024-01-30T19:39:24.938+0000] {logging_mixin.py:188} INFO - [2024-01-30T19:39:24.938+0000] {dagbag.py:538} INFO - Filling up the DagBag from /home/airflow/.local/lib/python3.8/site-packages/airflow/example_dags/tutorial_taskflow_api_virtualenv.py
[2024-01-30T19:39:24.979+0000] {processor.py:840} INFO - DAG(s) 'tutorial_taskflow_api_virtualenv' retrieved from /home/airflow/.local/lib/python3.8/site-packages/airflow/example_dags/tutorial_taskflow_api_virtualenv.py
[2024-01-30T19:39:25.081+0000] {logging_mixin.py:188} INFO - [2024-01-30T19:39:25.080+0000] {dag.py:3036} INFO - Sync 1 DAGs
[2024-01-30T19:39:25.133+0000] {logging_mixin.py:188} INFO - [2024-01-30T19:39:25.121+0000] {dag.py:3823} INFO - Setting next_dagrun for tutorial_taskflow_api_virtualenv to None, run_after=None
[2024-01-30T19:39:25.246+0000] {processor.py:183} INFO - Processing /home/airflow/.local/lib/python3.8/site-packages/airflow/example_dags/tutorial_taskflow_api_virtualenv.py took 0.350 seconds
[2024-01-30T19:39:55.731+0000] {processor.py:161} INFO - Started process (PID=1797) to work on /home/airflow/.local/lib/python3.8/site-packages/airflow/example_dags/tutorial_taskflow_api_virtualenv.py
[2024-01-30T19:39:55.736+0000] {processor.py:830} INFO - Processing file /home/airflow/.local/lib/python3.8/site-packages/airflow/example_dags/tutorial_taskflow_api_virtualenv.py for tasks to queue
[2024-01-30T19:39:55.739+0000] {logging_mixin.py:188} INFO - [2024-01-30T19:39:55.738+0000] {dagbag.py:538} INFO - Filling up the DagBag from /home/airflow/.local/lib/python3.8/site-packages/airflow/example_dags/tutorial_taskflow_api_virtualenv.py
[2024-01-30T19:39:55.769+0000] {processor.py:840} INFO - DAG(s) 'tutorial_taskflow_api_virtualenv' retrieved from /home/airflow/.local/lib/python3.8/site-packages/airflow/example_dags/tutorial_taskflow_api_virtualenv.py
[2024-01-30T19:39:55.822+0000] {logging_mixin.py:188} INFO - [2024-01-30T19:39:55.821+0000] {dag.py:3036} INFO - Sync 1 DAGs
[2024-01-30T19:39:55.932+0000] {logging_mixin.py:188} INFO - [2024-01-30T19:39:55.932+0000] {dag.py:3823} INFO - Setting next_dagrun for tutorial_taskflow_api_virtualenv to None, run_after=None
[2024-01-30T19:39:56.123+0000] {processor.py:183} INFO - Processing /home/airflow/.local/lib/python3.8/site-packages/airflow/example_dags/tutorial_taskflow_api_virtualenv.py took 0.397 seconds
[2024-01-30T19:40:27.156+0000] {processor.py:161} INFO - Started process (PID=2045) to work on /home/airflow/.local/lib/python3.8/site-packages/airflow/example_dags/tutorial_taskflow_api_virtualenv.py
[2024-01-30T19:40:27.160+0000] {processor.py:830} INFO - Processing file /home/airflow/.local/lib/python3.8/site-packages/airflow/example_dags/tutorial_taskflow_api_virtualenv.py for tasks to queue
[2024-01-30T19:40:27.171+0000] {logging_mixin.py:188} INFO - [2024-01-30T19:40:27.171+0000] {dagbag.py:538} INFO - Filling up the DagBag from /home/airflow/.local/lib/python3.8/site-packages/airflow/example_dags/tutorial_taskflow_api_virtualenv.py
[2024-01-30T19:40:27.216+0000] {processor.py:840} INFO - DAG(s) 'tutorial_taskflow_api_virtualenv' retrieved from /home/airflow/.local/lib/python3.8/site-packages/airflow/example_dags/tutorial_taskflow_api_virtualenv.py
[2024-01-30T19:40:27.296+0000] {logging_mixin.py:188} INFO - [2024-01-30T19:40:27.296+0000] {dag.py:3036} INFO - Sync 1 DAGs
[2024-01-30T19:40:27.443+0000] {logging_mixin.py:188} INFO - [2024-01-30T19:40:27.443+0000] {dag.py:3823} INFO - Setting next_dagrun for tutorial_taskflow_api_virtualenv to None, run_after=None
[2024-01-30T19:40:27.605+0000] {processor.py:183} INFO - Processing /home/airflow/.local/lib/python3.8/site-packages/airflow/example_dags/tutorial_taskflow_api_virtualenv.py took 0.455 seconds
[2024-01-30T19:40:58.475+0000] {processor.py:161} INFO - Started process (PID=2292) to work on /home/airflow/.local/lib/python3.8/site-packages/airflow/example_dags/tutorial_taskflow_api_virtualenv.py
[2024-01-30T19:40:58.484+0000] {processor.py:830} INFO - Processing file /home/airflow/.local/lib/python3.8/site-packages/airflow/example_dags/tutorial_taskflow_api_virtualenv.py for tasks to queue
[2024-01-30T19:40:58.488+0000] {logging_mixin.py:188} INFO - [2024-01-30T19:40:58.488+0000] {dagbag.py:538} INFO - Filling up the DagBag from /home/airflow/.local/lib/python3.8/site-packages/airflow/example_dags/tutorial_taskflow_api_virtualenv.py
[2024-01-30T19:40:58.520+0000] {processor.py:840} INFO - DAG(s) 'tutorial_taskflow_api_virtualenv' retrieved from /home/airflow/.local/lib/python3.8/site-packages/airflow/example_dags/tutorial_taskflow_api_virtualenv.py
[2024-01-30T19:40:58.595+0000] {logging_mixin.py:188} INFO - [2024-01-30T19:40:58.588+0000] {dag.py:3036} INFO - Sync 1 DAGs
[2024-01-30T19:40:58.641+0000] {logging_mixin.py:188} INFO - [2024-01-30T19:40:58.641+0000] {dag.py:3823} INFO - Setting next_dagrun for tutorial_taskflow_api_virtualenv to None, run_after=None
[2024-01-30T19:40:58.729+0000] {processor.py:183} INFO - Processing /home/airflow/.local/lib/python3.8/site-packages/airflow/example_dags/tutorial_taskflow_api_virtualenv.py took 0.257 seconds
[2024-01-30T19:41:31.210+0000] {processor.py:161} INFO - Started process (PID=2539) to work on /home/airflow/.local/lib/python3.8/site-packages/airflow/example_dags/tutorial_taskflow_api_virtualenv.py
[2024-01-30T19:41:31.212+0000] {processor.py:830} INFO - Processing file /home/airflow/.local/lib/python3.8/site-packages/airflow/example_dags/tutorial_taskflow_api_virtualenv.py for tasks to queue
[2024-01-30T19:41:31.216+0000] {logging_mixin.py:188} INFO - [2024-01-30T19:41:31.215+0000] {dagbag.py:538} INFO - Filling up the DagBag from /home/airflow/.local/lib/python3.8/site-packages/airflow/example_dags/tutorial_taskflow_api_virtualenv.py
[2024-01-30T19:41:31.249+0000] {processor.py:840} INFO - DAG(s) 'tutorial_taskflow_api_virtualenv' retrieved from /home/airflow/.local/lib/python3.8/site-packages/airflow/example_dags/tutorial_taskflow_api_virtualenv.py
[2024-01-30T19:41:31.353+0000] {logging_mixin.py:188} INFO - [2024-01-30T19:41:31.352+0000] {dag.py:3036} INFO - Sync 1 DAGs
[2024-01-30T19:41:31.390+0000] {logging_mixin.py:188} INFO - [2024-01-30T19:41:31.390+0000] {dag.py:3823} INFO - Setting next_dagrun for tutorial_taskflow_api_virtualenv to None, run_after=None
[2024-01-30T19:41:31.456+0000] {processor.py:183} INFO - Processing /home/airflow/.local/lib/python3.8/site-packages/airflow/example_dags/tutorial_taskflow_api_virtualenv.py took 0.251 seconds
[2024-01-30T19:42:02.183+0000] {processor.py:161} INFO - Started process (PID=2780) to work on /home/airflow/.local/lib/python3.8/site-packages/airflow/example_dags/tutorial_taskflow_api_virtualenv.py
[2024-01-30T19:42:02.296+0000] {processor.py:830} INFO - Processing file /home/airflow/.local/lib/python3.8/site-packages/airflow/example_dags/tutorial_taskflow_api_virtualenv.py for tasks to queue
[2024-01-30T19:42:02.331+0000] {logging_mixin.py:188} INFO - [2024-01-30T19:42:02.330+0000] {dagbag.py:538} INFO - Filling up the DagBag from /home/airflow/.local/lib/python3.8/site-packages/airflow/example_dags/tutorial_taskflow_api_virtualenv.py
[2024-01-30T19:42:02.370+0000] {processor.py:840} INFO - DAG(s) 'tutorial_taskflow_api_virtualenv' retrieved from /home/airflow/.local/lib/python3.8/site-packages/airflow/example_dags/tutorial_taskflow_api_virtualenv.py
[2024-01-30T19:42:02.469+0000] {logging_mixin.py:188} INFO - [2024-01-30T19:42:02.468+0000] {dag.py:3036} INFO - Sync 1 DAGs
[2024-01-30T19:42:02.523+0000] {logging_mixin.py:188} INFO - [2024-01-30T19:42:02.522+0000] {dag.py:3823} INFO - Setting next_dagrun for tutorial_taskflow_api_virtualenv to None, run_after=None
[2024-01-30T19:42:02.628+0000] {processor.py:183} INFO - Processing /home/airflow/.local/lib/python3.8/site-packages/airflow/example_dags/tutorial_taskflow_api_virtualenv.py took 0.495 seconds
[2024-01-30T19:42:36.530+0000] {processor.py:161} INFO - Started process (PID=3032) to work on /home/airflow/.local/lib/python3.8/site-packages/airflow/example_dags/tutorial_taskflow_api_virtualenv.py
[2024-01-30T19:42:36.596+0000] {processor.py:830} INFO - Processing file /home/airflow/.local/lib/python3.8/site-packages/airflow/example_dags/tutorial_taskflow_api_virtualenv.py for tasks to queue
[2024-01-30T19:42:36.601+0000] {logging_mixin.py:188} INFO - [2024-01-30T19:42:36.601+0000] {dagbag.py:538} INFO - Filling up the DagBag from /home/airflow/.local/lib/python3.8/site-packages/airflow/example_dags/tutorial_taskflow_api_virtualenv.py
[2024-01-30T19:42:38.104+0000] {processor.py:840} INFO - DAG(s) 'tutorial_taskflow_api_virtualenv' retrieved from /home/airflow/.local/lib/python3.8/site-packages/airflow/example_dags/tutorial_taskflow_api_virtualenv.py
[2024-01-30T19:42:39.083+0000] {logging_mixin.py:188} INFO - [2024-01-30T19:42:39.083+0000] {dag.py:3036} INFO - Sync 1 DAGs
[2024-01-30T19:42:40.126+0000] {logging_mixin.py:188} INFO - [2024-01-30T19:42:40.126+0000] {dag.py:3823} INFO - Setting next_dagrun for tutorial_taskflow_api_virtualenv to None, run_after=None
[2024-01-30T19:42:41.269+0000] {processor.py:183} INFO - Processing /home/airflow/.local/lib/python3.8/site-packages/airflow/example_dags/tutorial_taskflow_api_virtualenv.py took 4.811 seconds
[2024-01-30T19:43:56.865+0000] {processor.py:161} INFO - Started process (PID=3303) to work on /home/airflow/.local/lib/python3.8/site-packages/airflow/example_dags/tutorial_taskflow_api_virtualenv.py
[2024-01-30T19:43:56.878+0000] {processor.py:830} INFO - Processing file /home/airflow/.local/lib/python3.8/site-packages/airflow/example_dags/tutorial_taskflow_api_virtualenv.py for tasks to queue
[2024-01-30T19:43:56.881+0000] {logging_mixin.py:188} INFO - [2024-01-30T19:43:56.880+0000] {dagbag.py:538} INFO - Filling up the DagBag from /home/airflow/.local/lib/python3.8/site-packages/airflow/example_dags/tutorial_taskflow_api_virtualenv.py
[2024-01-30T19:43:56.945+0000] {processor.py:840} INFO - DAG(s) 'tutorial_taskflow_api_virtualenv' retrieved from /home/airflow/.local/lib/python3.8/site-packages/airflow/example_dags/tutorial_taskflow_api_virtualenv.py
[2024-01-30T19:43:57.044+0000] {logging_mixin.py:188} INFO - [2024-01-30T19:43:57.043+0000] {dag.py:3036} INFO - Sync 1 DAGs
[2024-01-30T19:43:57.077+0000] {logging_mixin.py:188} INFO - [2024-01-30T19:43:57.077+0000] {dag.py:3823} INFO - Setting next_dagrun for tutorial_taskflow_api_virtualenv to None, run_after=None
[2024-01-30T19:43:57.132+0000] {processor.py:183} INFO - Processing /home/airflow/.local/lib/python3.8/site-packages/airflow/example_dags/tutorial_taskflow_api_virtualenv.py took 0.272 seconds
[2024-01-30T19:44:58.159+0000] {processor.py:161} INFO - Started process (PID=3654) to work on /home/airflow/.local/lib/python3.8/site-packages/airflow/example_dags/tutorial_taskflow_api_virtualenv.py
[2024-01-30T19:44:58.199+0000] {processor.py:830} INFO - Processing file /home/airflow/.local/lib/python3.8/site-packages/airflow/example_dags/tutorial_taskflow_api_virtualenv.py for tasks to queue
[2024-01-30T19:44:58.208+0000] {logging_mixin.py:188} INFO - [2024-01-30T19:44:58.208+0000] {dagbag.py:538} INFO - Filling up the DagBag from /home/airflow/.local/lib/python3.8/site-packages/airflow/example_dags/tutorial_taskflow_api_virtualenv.py
[2024-01-30T19:44:58.300+0000] {processor.py:840} INFO - DAG(s) 'tutorial_taskflow_api_virtualenv' retrieved from /home/airflow/.local/lib/python3.8/site-packages/airflow/example_dags/tutorial_taskflow_api_virtualenv.py
[2024-01-30T19:44:58.600+0000] {logging_mixin.py:188} INFO - [2024-01-30T19:44:58.600+0000] {dag.py:3036} INFO - Sync 1 DAGs
[2024-01-30T19:44:58.705+0000] {logging_mixin.py:188} INFO - [2024-01-30T19:44:58.704+0000] {dag.py:3823} INFO - Setting next_dagrun for tutorial_taskflow_api_virtualenv to None, run_after=None
[2024-01-30T19:44:58.863+0000] {processor.py:183} INFO - Processing /home/airflow/.local/lib/python3.8/site-packages/airflow/example_dags/tutorial_taskflow_api_virtualenv.py took 0.719 seconds
[2024-01-30T19:45:33.630+0000] {processor.py:161} INFO - Started process (PID=3904) to work on /home/airflow/.local/lib/python3.8/site-packages/airflow/example_dags/tutorial_taskflow_api_virtualenv.py
[2024-01-30T19:45:33.633+0000] {processor.py:830} INFO - Processing file /home/airflow/.local/lib/python3.8/site-packages/airflow/example_dags/tutorial_taskflow_api_virtualenv.py for tasks to queue
[2024-01-30T19:45:33.635+0000] {logging_mixin.py:188} INFO - [2024-01-30T19:45:33.634+0000] {dagbag.py:538} INFO - Filling up the DagBag from /home/airflow/.local/lib/python3.8/site-packages/airflow/example_dags/tutorial_taskflow_api_virtualenv.py
[2024-01-30T19:45:33.673+0000] {processor.py:840} INFO - DAG(s) 'tutorial_taskflow_api_virtualenv' retrieved from /home/airflow/.local/lib/python3.8/site-packages/airflow/example_dags/tutorial_taskflow_api_virtualenv.py
[2024-01-30T19:45:33.732+0000] {logging_mixin.py:188} INFO - [2024-01-30T19:45:33.728+0000] {dag.py:3036} INFO - Sync 1 DAGs
[2024-01-30T19:45:33.761+0000] {logging_mixin.py:188} INFO - [2024-01-30T19:45:33.760+0000] {dag.py:3823} INFO - Setting next_dagrun for tutorial_taskflow_api_virtualenv to None, run_after=None
[2024-01-30T19:45:33.818+0000] {processor.py:183} INFO - Processing /home/airflow/.local/lib/python3.8/site-packages/airflow/example_dags/tutorial_taskflow_api_virtualenv.py took 0.194 seconds
