[2024-01-30T19:28:51.084+0000] {processor.py:161} INFO - Started process (PID=297) to work on /home/airflow/.local/lib/python3.8/site-packages/airflow/example_dags/tutorial_dag.py
[2024-01-30T19:28:51.125+0000] {processor.py:830} INFO - Processing file /home/airflow/.local/lib/python3.8/site-packages/airflow/example_dags/tutorial_dag.py for tasks to queue
[2024-01-30T19:28:51.137+0000] {logging_mixin.py:188} INFO - [2024-01-30T19:28:51.136+0000] {dagbag.py:538} INFO - Filling up the DagBag from /home/airflow/.local/lib/python3.8/site-packages/airflow/example_dags/tutorial_dag.py
[2024-01-30T19:28:51.637+0000] {processor.py:840} INFO - DAG(s) 'tutorial_dag' retrieved from /home/airflow/.local/lib/python3.8/site-packages/airflow/example_dags/tutorial_dag.py
[2024-01-30T19:28:53.122+0000] {logging_mixin.py:188} INFO - [2024-01-30T19:28:53.121+0000] {override.py:1769} INFO - Created Permission View: can edit on DAG:tutorial_dag
[2024-01-30T19:28:53.174+0000] {logging_mixin.py:188} INFO - [2024-01-30T19:28:53.169+0000] {override.py:1769} INFO - Created Permission View: can read on DAG:tutorial_dag
[2024-01-30T19:28:53.320+0000] {logging_mixin.py:188} INFO - [2024-01-30T19:28:53.308+0000] {override.py:1769} INFO - Created Permission View: can delete on DAG:tutorial_dag
[2024-01-30T19:28:53.328+0000] {logging_mixin.py:188} INFO - [2024-01-30T19:28:53.327+0000] {dag.py:3036} INFO - Sync 1 DAGs
[2024-01-30T19:28:53.560+0000] {logging_mixin.py:188} INFO - [2024-01-30T19:28:53.559+0000] {dag.py:3058} INFO - Creating ORM DAG for tutorial_dag
[2024-01-30T19:28:53.564+0000] {logging_mixin.py:188} INFO - [2024-01-30T19:28:53.564+0000] {dag.py:3823} INFO - Setting next_dagrun for tutorial_dag to None, run_after=None
[2024-01-30T19:28:53.937+0000] {processor.py:183} INFO - Processing /home/airflow/.local/lib/python3.8/site-packages/airflow/example_dags/tutorial_dag.py took 2.881 seconds
[2024-01-30T19:36:40.751+0000] {processor.py:161} INFO - Started process (PID=260) to work on /home/airflow/.local/lib/python3.8/site-packages/airflow/example_dags/tutorial_dag.py
[2024-01-30T19:36:40.754+0000] {processor.py:830} INFO - Processing file /home/airflow/.local/lib/python3.8/site-packages/airflow/example_dags/tutorial_dag.py for tasks to queue
[2024-01-30T19:36:40.757+0000] {logging_mixin.py:188} INFO - [2024-01-30T19:36:40.756+0000] {dagbag.py:538} INFO - Filling up the DagBag from /home/airflow/.local/lib/python3.8/site-packages/airflow/example_dags/tutorial_dag.py
[2024-01-30T19:36:40.772+0000] {processor.py:840} INFO - DAG(s) 'tutorial_dag' retrieved from /home/airflow/.local/lib/python3.8/site-packages/airflow/example_dags/tutorial_dag.py
[2024-01-30T19:36:40.981+0000] {logging_mixin.py:188} INFO - [2024-01-30T19:36:40.981+0000] {dag.py:3036} INFO - Sync 1 DAGs
[2024-01-30T19:36:41.005+0000] {logging_mixin.py:188} INFO - [2024-01-30T19:36:41.005+0000] {dag.py:3823} INFO - Setting next_dagrun for tutorial_dag to None, run_after=None
[2024-01-30T19:36:41.069+0000] {processor.py:183} INFO - Processing /home/airflow/.local/lib/python3.8/site-packages/airflow/example_dags/tutorial_dag.py took 0.322 seconds
[2024-01-30T19:37:11.900+0000] {processor.py:161} INFO - Started process (PID=507) to work on /home/airflow/.local/lib/python3.8/site-packages/airflow/example_dags/tutorial_dag.py
[2024-01-30T19:37:11.902+0000] {processor.py:830} INFO - Processing file /home/airflow/.local/lib/python3.8/site-packages/airflow/example_dags/tutorial_dag.py for tasks to queue
[2024-01-30T19:37:11.904+0000] {logging_mixin.py:188} INFO - [2024-01-30T19:37:11.903+0000] {dagbag.py:538} INFO - Filling up the DagBag from /home/airflow/.local/lib/python3.8/site-packages/airflow/example_dags/tutorial_dag.py
[2024-01-30T19:37:11.911+0000] {processor.py:840} INFO - DAG(s) 'tutorial_dag' retrieved from /home/airflow/.local/lib/python3.8/site-packages/airflow/example_dags/tutorial_dag.py
[2024-01-30T19:37:11.949+0000] {logging_mixin.py:188} INFO - [2024-01-30T19:37:11.948+0000] {dag.py:3036} INFO - Sync 1 DAGs
[2024-01-30T19:37:11.973+0000] {logging_mixin.py:188} INFO - [2024-01-30T19:37:11.972+0000] {dag.py:3823} INFO - Setting next_dagrun for tutorial_dag to None, run_after=None
[2024-01-30T19:37:12.021+0000] {processor.py:183} INFO - Processing /home/airflow/.local/lib/python3.8/site-packages/airflow/example_dags/tutorial_dag.py took 0.124 seconds
[2024-01-30T19:37:42.133+0000] {processor.py:161} INFO - Started process (PID=751) to work on /home/airflow/.local/lib/python3.8/site-packages/airflow/example_dags/tutorial_dag.py
[2024-01-30T19:37:42.135+0000] {processor.py:830} INFO - Processing file /home/airflow/.local/lib/python3.8/site-packages/airflow/example_dags/tutorial_dag.py for tasks to queue
[2024-01-30T19:37:42.137+0000] {logging_mixin.py:188} INFO - [2024-01-30T19:37:42.136+0000] {dagbag.py:538} INFO - Filling up the DagBag from /home/airflow/.local/lib/python3.8/site-packages/airflow/example_dags/tutorial_dag.py
[2024-01-30T19:37:42.144+0000] {processor.py:840} INFO - DAG(s) 'tutorial_dag' retrieved from /home/airflow/.local/lib/python3.8/site-packages/airflow/example_dags/tutorial_dag.py
[2024-01-30T19:37:42.160+0000] {logging_mixin.py:188} INFO - [2024-01-30T19:37:42.160+0000] {dag.py:3036} INFO - Sync 1 DAGs
[2024-01-30T19:37:42.183+0000] {logging_mixin.py:188} INFO - [2024-01-30T19:37:42.183+0000] {dag.py:3823} INFO - Setting next_dagrun for tutorial_dag to None, run_after=None
[2024-01-30T19:37:42.221+0000] {processor.py:183} INFO - Processing /home/airflow/.local/lib/python3.8/site-packages/airflow/example_dags/tutorial_dag.py took 0.092 seconds
[2024-01-30T19:38:19.347+0000] {processor.py:161} INFO - Started process (PID=1000) to work on /home/airflow/.local/lib/python3.8/site-packages/airflow/example_dags/tutorial_dag.py
[2024-01-30T19:38:19.350+0000] {processor.py:830} INFO - Processing file /home/airflow/.local/lib/python3.8/site-packages/airflow/example_dags/tutorial_dag.py for tasks to queue
[2024-01-30T19:38:19.352+0000] {logging_mixin.py:188} INFO - [2024-01-30T19:38:19.351+0000] {dagbag.py:538} INFO - Filling up the DagBag from /home/airflow/.local/lib/python3.8/site-packages/airflow/example_dags/tutorial_dag.py
[2024-01-30T19:38:19.368+0000] {processor.py:840} INFO - DAG(s) 'tutorial_dag' retrieved from /home/airflow/.local/lib/python3.8/site-packages/airflow/example_dags/tutorial_dag.py
[2024-01-30T19:38:19.787+0000] {logging_mixin.py:188} INFO - [2024-01-30T19:38:19.786+0000] {dag.py:3036} INFO - Sync 1 DAGs
[2024-01-30T19:38:19.808+0000] {logging_mixin.py:188} INFO - [2024-01-30T19:38:19.807+0000] {dag.py:3823} INFO - Setting next_dagrun for tutorial_dag to None, run_after=None
[2024-01-30T19:38:19.906+0000] {processor.py:183} INFO - Processing /home/airflow/.local/lib/python3.8/site-packages/airflow/example_dags/tutorial_dag.py took 0.565 seconds
[2024-01-30T19:38:50.367+0000] {processor.py:161} INFO - Started process (PID=1254) to work on /home/airflow/.local/lib/python3.8/site-packages/airflow/example_dags/tutorial_dag.py
[2024-01-30T19:38:50.373+0000] {processor.py:830} INFO - Processing file /home/airflow/.local/lib/python3.8/site-packages/airflow/example_dags/tutorial_dag.py for tasks to queue
[2024-01-30T19:38:50.375+0000] {logging_mixin.py:188} INFO - [2024-01-30T19:38:50.374+0000] {dagbag.py:538} INFO - Filling up the DagBag from /home/airflow/.local/lib/python3.8/site-packages/airflow/example_dags/tutorial_dag.py
[2024-01-30T19:38:50.382+0000] {processor.py:840} INFO - DAG(s) 'tutorial_dag' retrieved from /home/airflow/.local/lib/python3.8/site-packages/airflow/example_dags/tutorial_dag.py
[2024-01-30T19:38:50.439+0000] {logging_mixin.py:188} INFO - [2024-01-30T19:38:50.438+0000] {dag.py:3036} INFO - Sync 1 DAGs
[2024-01-30T19:38:50.469+0000] {logging_mixin.py:188} INFO - [2024-01-30T19:38:50.468+0000] {dag.py:3823} INFO - Setting next_dagrun for tutorial_dag to None, run_after=None
[2024-01-30T19:38:50.508+0000] {processor.py:183} INFO - Processing /home/airflow/.local/lib/python3.8/site-packages/airflow/example_dags/tutorial_dag.py took 0.148 seconds
[2024-01-30T19:39:20.809+0000] {processor.py:161} INFO - Started process (PID=1505) to work on /home/airflow/.local/lib/python3.8/site-packages/airflow/example_dags/tutorial_dag.py
[2024-01-30T19:39:20.817+0000] {processor.py:830} INFO - Processing file /home/airflow/.local/lib/python3.8/site-packages/airflow/example_dags/tutorial_dag.py for tasks to queue
[2024-01-30T19:39:20.819+0000] {logging_mixin.py:188} INFO - [2024-01-30T19:39:20.819+0000] {dagbag.py:538} INFO - Filling up the DagBag from /home/airflow/.local/lib/python3.8/site-packages/airflow/example_dags/tutorial_dag.py
[2024-01-30T19:39:20.827+0000] {processor.py:840} INFO - DAG(s) 'tutorial_dag' retrieved from /home/airflow/.local/lib/python3.8/site-packages/airflow/example_dags/tutorial_dag.py
[2024-01-30T19:39:20.873+0000] {logging_mixin.py:188} INFO - [2024-01-30T19:39:20.873+0000] {dag.py:3036} INFO - Sync 1 DAGs
[2024-01-30T19:39:20.895+0000] {logging_mixin.py:188} INFO - [2024-01-30T19:39:20.895+0000] {dag.py:3823} INFO - Setting next_dagrun for tutorial_dag to None, run_after=None
[2024-01-30T19:39:20.945+0000] {processor.py:183} INFO - Processing /home/airflow/.local/lib/python3.8/site-packages/airflow/example_dags/tutorial_dag.py took 0.143 seconds
[2024-01-30T19:39:51.743+0000] {processor.py:161} INFO - Started process (PID=1752) to work on /home/airflow/.local/lib/python3.8/site-packages/airflow/example_dags/tutorial_dag.py
[2024-01-30T19:39:51.746+0000] {processor.py:830} INFO - Processing file /home/airflow/.local/lib/python3.8/site-packages/airflow/example_dags/tutorial_dag.py for tasks to queue
[2024-01-30T19:39:51.749+0000] {logging_mixin.py:188} INFO - [2024-01-30T19:39:51.748+0000] {dagbag.py:538} INFO - Filling up the DagBag from /home/airflow/.local/lib/python3.8/site-packages/airflow/example_dags/tutorial_dag.py
[2024-01-30T19:39:51.771+0000] {processor.py:840} INFO - DAG(s) 'tutorial_dag' retrieved from /home/airflow/.local/lib/python3.8/site-packages/airflow/example_dags/tutorial_dag.py
[2024-01-30T19:39:51.831+0000] {logging_mixin.py:188} INFO - [2024-01-30T19:39:51.831+0000] {dag.py:3036} INFO - Sync 1 DAGs
[2024-01-30T19:39:51.870+0000] {logging_mixin.py:188} INFO - [2024-01-30T19:39:51.869+0000] {dag.py:3823} INFO - Setting next_dagrun for tutorial_dag to None, run_after=None
[2024-01-30T19:39:51.938+0000] {processor.py:183} INFO - Processing /home/airflow/.local/lib/python3.8/site-packages/airflow/example_dags/tutorial_dag.py took 0.200 seconds
[2024-01-30T19:40:22.192+0000] {processor.py:161} INFO - Started process (PID=2000) to work on /home/airflow/.local/lib/python3.8/site-packages/airflow/example_dags/tutorial_dag.py
[2024-01-30T19:40:22.204+0000] {processor.py:830} INFO - Processing file /home/airflow/.local/lib/python3.8/site-packages/airflow/example_dags/tutorial_dag.py for tasks to queue
[2024-01-30T19:40:22.206+0000] {logging_mixin.py:188} INFO - [2024-01-30T19:40:22.206+0000] {dagbag.py:538} INFO - Filling up the DagBag from /home/airflow/.local/lib/python3.8/site-packages/airflow/example_dags/tutorial_dag.py
[2024-01-30T19:40:22.226+0000] {processor.py:840} INFO - DAG(s) 'tutorial_dag' retrieved from /home/airflow/.local/lib/python3.8/site-packages/airflow/example_dags/tutorial_dag.py
[2024-01-30T19:40:22.296+0000] {logging_mixin.py:188} INFO - [2024-01-30T19:40:22.296+0000] {dag.py:3036} INFO - Sync 1 DAGs
[2024-01-30T19:40:22.344+0000] {logging_mixin.py:188} INFO - [2024-01-30T19:40:22.343+0000] {dag.py:3823} INFO - Setting next_dagrun for tutorial_dag to None, run_after=None
[2024-01-30T19:40:22.465+0000] {processor.py:183} INFO - Processing /home/airflow/.local/lib/python3.8/site-packages/airflow/example_dags/tutorial_dag.py took 0.277 seconds
[2024-01-30T19:40:55.279+0000] {processor.py:161} INFO - Started process (PID=2247) to work on /home/airflow/.local/lib/python3.8/site-packages/airflow/example_dags/tutorial_dag.py
[2024-01-30T19:40:55.289+0000] {processor.py:830} INFO - Processing file /home/airflow/.local/lib/python3.8/site-packages/airflow/example_dags/tutorial_dag.py for tasks to queue
[2024-01-30T19:40:55.294+0000] {logging_mixin.py:188} INFO - [2024-01-30T19:40:55.291+0000] {dagbag.py:538} INFO - Filling up the DagBag from /home/airflow/.local/lib/python3.8/site-packages/airflow/example_dags/tutorial_dag.py
[2024-01-30T19:40:55.321+0000] {processor.py:840} INFO - DAG(s) 'tutorial_dag' retrieved from /home/airflow/.local/lib/python3.8/site-packages/airflow/example_dags/tutorial_dag.py
[2024-01-30T19:40:55.408+0000] {logging_mixin.py:188} INFO - [2024-01-30T19:40:55.407+0000] {dag.py:3036} INFO - Sync 1 DAGs
[2024-01-30T19:40:55.444+0000] {logging_mixin.py:188} INFO - [2024-01-30T19:40:55.444+0000] {dag.py:3823} INFO - Setting next_dagrun for tutorial_dag to None, run_after=None
[2024-01-30T19:40:55.532+0000] {processor.py:183} INFO - Processing /home/airflow/.local/lib/python3.8/site-packages/airflow/example_dags/tutorial_dag.py took 0.258 seconds
[2024-01-30T19:41:26.647+0000] {processor.py:161} INFO - Started process (PID=2493) to work on /home/airflow/.local/lib/python3.8/site-packages/airflow/example_dags/tutorial_dag.py
[2024-01-30T19:41:26.691+0000] {processor.py:830} INFO - Processing file /home/airflow/.local/lib/python3.8/site-packages/airflow/example_dags/tutorial_dag.py for tasks to queue
[2024-01-30T19:41:26.697+0000] {logging_mixin.py:188} INFO - [2024-01-30T19:41:26.696+0000] {dagbag.py:538} INFO - Filling up the DagBag from /home/airflow/.local/lib/python3.8/site-packages/airflow/example_dags/tutorial_dag.py
[2024-01-30T19:41:26.716+0000] {processor.py:840} INFO - DAG(s) 'tutorial_dag' retrieved from /home/airflow/.local/lib/python3.8/site-packages/airflow/example_dags/tutorial_dag.py
[2024-01-30T19:41:26.831+0000] {logging_mixin.py:188} INFO - [2024-01-30T19:41:26.830+0000] {dag.py:3036} INFO - Sync 1 DAGs
[2024-01-30T19:41:26.893+0000] {logging_mixin.py:188} INFO - [2024-01-30T19:41:26.892+0000] {dag.py:3823} INFO - Setting next_dagrun for tutorial_dag to None, run_after=None
[2024-01-30T19:41:27.028+0000] {processor.py:183} INFO - Processing /home/airflow/.local/lib/python3.8/site-packages/airflow/example_dags/tutorial_dag.py took 0.385 seconds
[2024-01-30T19:41:57.214+0000] {processor.py:161} INFO - Started process (PID=2735) to work on /home/airflow/.local/lib/python3.8/site-packages/airflow/example_dags/tutorial_dag.py
[2024-01-30T19:41:57.217+0000] {processor.py:830} INFO - Processing file /home/airflow/.local/lib/python3.8/site-packages/airflow/example_dags/tutorial_dag.py for tasks to queue
[2024-01-30T19:41:57.219+0000] {logging_mixin.py:188} INFO - [2024-01-30T19:41:57.219+0000] {dagbag.py:538} INFO - Filling up the DagBag from /home/airflow/.local/lib/python3.8/site-packages/airflow/example_dags/tutorial_dag.py
[2024-01-30T19:41:57.228+0000] {processor.py:840} INFO - DAG(s) 'tutorial_dag' retrieved from /home/airflow/.local/lib/python3.8/site-packages/airflow/example_dags/tutorial_dag.py
[2024-01-30T19:41:57.261+0000] {logging_mixin.py:188} INFO - [2024-01-30T19:41:57.261+0000] {dag.py:3036} INFO - Sync 1 DAGs
[2024-01-30T19:41:57.285+0000] {logging_mixin.py:188} INFO - [2024-01-30T19:41:57.284+0000] {dag.py:3823} INFO - Setting next_dagrun for tutorial_dag to None, run_after=None
[2024-01-30T19:41:57.333+0000] {processor.py:183} INFO - Processing /home/airflow/.local/lib/python3.8/site-packages/airflow/example_dags/tutorial_dag.py took 0.124 seconds
[2024-01-30T19:42:27.558+0000] {processor.py:161} INFO - Started process (PID=2982) to work on /home/airflow/.local/lib/python3.8/site-packages/airflow/example_dags/tutorial_dag.py
[2024-01-30T19:42:27.561+0000] {processor.py:830} INFO - Processing file /home/airflow/.local/lib/python3.8/site-packages/airflow/example_dags/tutorial_dag.py for tasks to queue
[2024-01-30T19:42:27.563+0000] {logging_mixin.py:188} INFO - [2024-01-30T19:42:27.562+0000] {dagbag.py:538} INFO - Filling up the DagBag from /home/airflow/.local/lib/python3.8/site-packages/airflow/example_dags/tutorial_dag.py
[2024-01-30T19:42:27.574+0000] {processor.py:840} INFO - DAG(s) 'tutorial_dag' retrieved from /home/airflow/.local/lib/python3.8/site-packages/airflow/example_dags/tutorial_dag.py
[2024-01-30T19:42:27.610+0000] {logging_mixin.py:188} INFO - [2024-01-30T19:42:27.609+0000] {dag.py:3036} INFO - Sync 1 DAGs
[2024-01-30T19:42:27.627+0000] {logging_mixin.py:188} INFO - [2024-01-30T19:42:27.626+0000] {dag.py:3823} INFO - Setting next_dagrun for tutorial_dag to None, run_after=None
[2024-01-30T19:42:27.669+0000] {processor.py:183} INFO - Processing /home/airflow/.local/lib/python3.8/site-packages/airflow/example_dags/tutorial_dag.py took 0.115 seconds
[2024-01-30T19:43:30.570+0000] {processor.py:161} INFO - Started process (PID=3191) to work on /home/airflow/.local/lib/python3.8/site-packages/airflow/example_dags/tutorial_dag.py
[2024-01-30T19:43:30.584+0000] {processor.py:830} INFO - Processing file /home/airflow/.local/lib/python3.8/site-packages/airflow/example_dags/tutorial_dag.py for tasks to queue
[2024-01-30T19:43:30.587+0000] {logging_mixin.py:188} INFO - [2024-01-30T19:43:30.586+0000] {dagbag.py:538} INFO - Filling up the DagBag from /home/airflow/.local/lib/python3.8/site-packages/airflow/example_dags/tutorial_dag.py
[2024-01-30T19:43:30.654+0000] {processor.py:840} INFO - DAG(s) 'tutorial_dag' retrieved from /home/airflow/.local/lib/python3.8/site-packages/airflow/example_dags/tutorial_dag.py
[2024-01-30T19:43:30.876+0000] {logging_mixin.py:188} INFO - [2024-01-30T19:43:30.875+0000] {dag.py:3036} INFO - Sync 1 DAGs
[2024-01-30T19:43:31.063+0000] {logging_mixin.py:188} INFO - [2024-01-30T19:43:31.062+0000] {dag.py:3823} INFO - Setting next_dagrun for tutorial_dag to None, run_after=None
[2024-01-30T19:43:31.190+0000] {processor.py:183} INFO - Processing /home/airflow/.local/lib/python3.8/site-packages/airflow/example_dags/tutorial_dag.py took 0.642 seconds
[2024-01-30T19:44:04.142+0000] {processor.py:161} INFO - Started process (PID=3435) to work on /home/airflow/.local/lib/python3.8/site-packages/airflow/example_dags/tutorial_dag.py
[2024-01-30T19:44:04.146+0000] {processor.py:830} INFO - Processing file /home/airflow/.local/lib/python3.8/site-packages/airflow/example_dags/tutorial_dag.py for tasks to queue
[2024-01-30T19:44:04.151+0000] {logging_mixin.py:188} INFO - [2024-01-30T19:44:04.150+0000] {dagbag.py:538} INFO - Filling up the DagBag from /home/airflow/.local/lib/python3.8/site-packages/airflow/example_dags/tutorial_dag.py
[2024-01-30T19:44:04.210+0000] {processor.py:840} INFO - DAG(s) 'tutorial_dag' retrieved from /home/airflow/.local/lib/python3.8/site-packages/airflow/example_dags/tutorial_dag.py
[2024-01-30T19:44:04.324+0000] {logging_mixin.py:188} INFO - [2024-01-30T19:44:04.324+0000] {dag.py:3036} INFO - Sync 1 DAGs
[2024-01-30T19:44:04.447+0000] {logging_mixin.py:188} INFO - [2024-01-30T19:44:04.447+0000] {dag.py:3823} INFO - Setting next_dagrun for tutorial_dag to None, run_after=None
[2024-01-30T19:44:04.596+0000] {processor.py:183} INFO - Processing /home/airflow/.local/lib/python3.8/site-packages/airflow/example_dags/tutorial_dag.py took 0.459 seconds
[2024-01-30T19:45:03.896+0000] {processor.py:161} INFO - Started process (PID=3709) to work on /home/airflow/.local/lib/python3.8/site-packages/airflow/example_dags/tutorial_dag.py
[2024-01-30T19:45:03.922+0000] {processor.py:830} INFO - Processing file /home/airflow/.local/lib/python3.8/site-packages/airflow/example_dags/tutorial_dag.py for tasks to queue
[2024-01-30T19:45:03.942+0000] {logging_mixin.py:188} INFO - [2024-01-30T19:45:03.941+0000] {dagbag.py:538} INFO - Filling up the DagBag from /home/airflow/.local/lib/python3.8/site-packages/airflow/example_dags/tutorial_dag.py
[2024-01-30T19:45:03.962+0000] {processor.py:840} INFO - DAG(s) 'tutorial_dag' retrieved from /home/airflow/.local/lib/python3.8/site-packages/airflow/example_dags/tutorial_dag.py
[2024-01-30T19:45:04.162+0000] {logging_mixin.py:188} INFO - [2024-01-30T19:45:04.161+0000] {dag.py:3036} INFO - Sync 1 DAGs
[2024-01-30T19:45:04.262+0000] {logging_mixin.py:188} INFO - [2024-01-30T19:45:04.262+0000] {dag.py:3823} INFO - Setting next_dagrun for tutorial_dag to None, run_after=None
[2024-01-30T19:45:04.432+0000] {processor.py:183} INFO - Processing /home/airflow/.local/lib/python3.8/site-packages/airflow/example_dags/tutorial_dag.py took 0.543 seconds
[2024-01-30T19:45:35.228+0000] {processor.py:161} INFO - Started process (PID=3954) to work on /home/airflow/.local/lib/python3.8/site-packages/airflow/example_dags/tutorial_dag.py
[2024-01-30T19:45:35.232+0000] {processor.py:830} INFO - Processing file /home/airflow/.local/lib/python3.8/site-packages/airflow/example_dags/tutorial_dag.py for tasks to queue
[2024-01-30T19:45:35.234+0000] {logging_mixin.py:188} INFO - [2024-01-30T19:45:35.233+0000] {dagbag.py:538} INFO - Filling up the DagBag from /home/airflow/.local/lib/python3.8/site-packages/airflow/example_dags/tutorial_dag.py
[2024-01-30T19:45:35.245+0000] {processor.py:840} INFO - DAG(s) 'tutorial_dag' retrieved from /home/airflow/.local/lib/python3.8/site-packages/airflow/example_dags/tutorial_dag.py
[2024-01-30T19:45:35.285+0000] {logging_mixin.py:188} INFO - [2024-01-30T19:45:35.285+0000] {dag.py:3036} INFO - Sync 1 DAGs
[2024-01-30T19:45:35.309+0000] {logging_mixin.py:188} INFO - [2024-01-30T19:45:35.309+0000] {dag.py:3823} INFO - Setting next_dagrun for tutorial_dag to None, run_after=None
[2024-01-30T19:45:35.358+0000] {processor.py:183} INFO - Processing /home/airflow/.local/lib/python3.8/site-packages/airflow/example_dags/tutorial_dag.py took 0.133 seconds
