[2024-01-30T19:28:47.657+0000] {processor.py:161} INFO - Started process (PID=287) to work on /home/airflow/.local/lib/python3.8/site-packages/airflow/example_dags/tutorial_taskflow_api.py
[2024-01-30T19:28:47.661+0000] {processor.py:830} INFO - Processing file /home/airflow/.local/lib/python3.8/site-packages/airflow/example_dags/tutorial_taskflow_api.py for tasks to queue
[2024-01-30T19:28:47.726+0000] {logging_mixin.py:188} INFO - [2024-01-30T19:28:47.725+0000] {dagbag.py:538} INFO - Filling up the DagBag from /home/airflow/.local/lib/python3.8/site-packages/airflow/example_dags/tutorial_taskflow_api.py
[2024-01-30T19:28:48.464+0000] {processor.py:840} INFO - DAG(s) 'tutorial_taskflow_api' retrieved from /home/airflow/.local/lib/python3.8/site-packages/airflow/example_dags/tutorial_taskflow_api.py
[2024-01-30T19:28:49.546+0000] {logging_mixin.py:188} INFO - [2024-01-30T19:28:49.544+0000] {override.py:1769} INFO - Created Permission View: can edit on DAG:tutorial_taskflow_api
[2024-01-30T19:28:49.738+0000] {logging_mixin.py:188} INFO - [2024-01-30T19:28:49.737+0000] {override.py:1769} INFO - Created Permission View: can read on DAG:tutorial_taskflow_api
[2024-01-30T19:28:49.886+0000] {logging_mixin.py:188} INFO - [2024-01-30T19:28:49.885+0000] {override.py:1769} INFO - Created Permission View: can delete on DAG:tutorial_taskflow_api
[2024-01-30T19:28:49.891+0000] {logging_mixin.py:188} INFO - [2024-01-30T19:28:49.890+0000] {dag.py:3036} INFO - Sync 1 DAGs
[2024-01-30T19:28:50.101+0000] {logging_mixin.py:188} INFO - [2024-01-30T19:28:50.100+0000] {dag.py:3058} INFO - Creating ORM DAG for tutorial_taskflow_api
[2024-01-30T19:28:50.129+0000] {logging_mixin.py:188} INFO - [2024-01-30T19:28:50.126+0000] {dag.py:3823} INFO - Setting next_dagrun for tutorial_taskflow_api to None, run_after=None
[2024-01-30T19:28:50.305+0000] {processor.py:183} INFO - Processing /home/airflow/.local/lib/python3.8/site-packages/airflow/example_dags/tutorial_taskflow_api.py took 2.918 seconds
[2024-01-30T19:36:40.361+0000] {processor.py:161} INFO - Started process (PID=250) to work on /home/airflow/.local/lib/python3.8/site-packages/airflow/example_dags/tutorial_taskflow_api.py
[2024-01-30T19:36:40.363+0000] {processor.py:830} INFO - Processing file /home/airflow/.local/lib/python3.8/site-packages/airflow/example_dags/tutorial_taskflow_api.py for tasks to queue
[2024-01-30T19:36:40.364+0000] {logging_mixin.py:188} INFO - [2024-01-30T19:36:40.364+0000] {dagbag.py:538} INFO - Filling up the DagBag from /home/airflow/.local/lib/python3.8/site-packages/airflow/example_dags/tutorial_taskflow_api.py
[2024-01-30T19:36:40.376+0000] {processor.py:840} INFO - DAG(s) 'tutorial_taskflow_api' retrieved from /home/airflow/.local/lib/python3.8/site-packages/airflow/example_dags/tutorial_taskflow_api.py
[2024-01-30T19:36:40.584+0000] {logging_mixin.py:188} INFO - [2024-01-30T19:36:40.583+0000] {dag.py:3036} INFO - Sync 1 DAGs
[2024-01-30T19:36:40.619+0000] {logging_mixin.py:188} INFO - [2024-01-30T19:36:40.618+0000] {dag.py:3823} INFO - Setting next_dagrun for tutorial_taskflow_api to None, run_after=None
[2024-01-30T19:36:40.678+0000] {processor.py:183} INFO - Processing /home/airflow/.local/lib/python3.8/site-packages/airflow/example_dags/tutorial_taskflow_api.py took 0.323 seconds
[2024-01-30T19:37:10.789+0000] {processor.py:161} INFO - Started process (PID=497) to work on /home/airflow/.local/lib/python3.8/site-packages/airflow/example_dags/tutorial_taskflow_api.py
[2024-01-30T19:37:10.794+0000] {processor.py:830} INFO - Processing file /home/airflow/.local/lib/python3.8/site-packages/airflow/example_dags/tutorial_taskflow_api.py for tasks to queue
[2024-01-30T19:37:10.796+0000] {logging_mixin.py:188} INFO - [2024-01-30T19:37:10.795+0000] {dagbag.py:538} INFO - Filling up the DagBag from /home/airflow/.local/lib/python3.8/site-packages/airflow/example_dags/tutorial_taskflow_api.py
[2024-01-30T19:37:10.807+0000] {processor.py:840} INFO - DAG(s) 'tutorial_taskflow_api' retrieved from /home/airflow/.local/lib/python3.8/site-packages/airflow/example_dags/tutorial_taskflow_api.py
[2024-01-30T19:37:10.849+0000] {logging_mixin.py:188} INFO - [2024-01-30T19:37:10.848+0000] {dag.py:3036} INFO - Sync 1 DAGs
[2024-01-30T19:37:10.876+0000] {logging_mixin.py:188} INFO - [2024-01-30T19:37:10.875+0000] {dag.py:3823} INFO - Setting next_dagrun for tutorial_taskflow_api to None, run_after=None
[2024-01-30T19:37:10.912+0000] {processor.py:183} INFO - Processing /home/airflow/.local/lib/python3.8/site-packages/airflow/example_dags/tutorial_taskflow_api.py took 0.127 seconds
[2024-01-30T19:37:40.976+0000] {processor.py:161} INFO - Started process (PID=744) to work on /home/airflow/.local/lib/python3.8/site-packages/airflow/example_dags/tutorial_taskflow_api.py
[2024-01-30T19:37:40.978+0000] {processor.py:830} INFO - Processing file /home/airflow/.local/lib/python3.8/site-packages/airflow/example_dags/tutorial_taskflow_api.py for tasks to queue
[2024-01-30T19:37:40.980+0000] {logging_mixin.py:188} INFO - [2024-01-30T19:37:40.979+0000] {dagbag.py:538} INFO - Filling up the DagBag from /home/airflow/.local/lib/python3.8/site-packages/airflow/example_dags/tutorial_taskflow_api.py
[2024-01-30T19:37:40.994+0000] {processor.py:840} INFO - DAG(s) 'tutorial_taskflow_api' retrieved from /home/airflow/.local/lib/python3.8/site-packages/airflow/example_dags/tutorial_taskflow_api.py
[2024-01-30T19:37:41.011+0000] {logging_mixin.py:188} INFO - [2024-01-30T19:37:41.011+0000] {dag.py:3036} INFO - Sync 1 DAGs
[2024-01-30T19:37:41.032+0000] {logging_mixin.py:188} INFO - [2024-01-30T19:37:41.032+0000] {dag.py:3823} INFO - Setting next_dagrun for tutorial_taskflow_api to None, run_after=None
[2024-01-30T19:37:41.067+0000] {processor.py:183} INFO - Processing /home/airflow/.local/lib/python3.8/site-packages/airflow/example_dags/tutorial_taskflow_api.py took 0.094 seconds
[2024-01-30T19:38:18.734+0000] {processor.py:161} INFO - Started process (PID=990) to work on /home/airflow/.local/lib/python3.8/site-packages/airflow/example_dags/tutorial_taskflow_api.py
[2024-01-30T19:38:18.736+0000] {processor.py:830} INFO - Processing file /home/airflow/.local/lib/python3.8/site-packages/airflow/example_dags/tutorial_taskflow_api.py for tasks to queue
[2024-01-30T19:38:18.738+0000] {logging_mixin.py:188} INFO - [2024-01-30T19:38:18.737+0000] {dagbag.py:538} INFO - Filling up the DagBag from /home/airflow/.local/lib/python3.8/site-packages/airflow/example_dags/tutorial_taskflow_api.py
[2024-01-30T19:38:18.751+0000] {processor.py:840} INFO - DAG(s) 'tutorial_taskflow_api' retrieved from /home/airflow/.local/lib/python3.8/site-packages/airflow/example_dags/tutorial_taskflow_api.py
[2024-01-30T19:38:19.045+0000] {logging_mixin.py:188} INFO - [2024-01-30T19:38:19.045+0000] {dag.py:3036} INFO - Sync 1 DAGs
[2024-01-30T19:38:19.138+0000] {logging_mixin.py:188} INFO - [2024-01-30T19:38:19.137+0000] {dag.py:3823} INFO - Setting next_dagrun for tutorial_taskflow_api to None, run_after=None
[2024-01-30T19:38:19.286+0000] {processor.py:183} INFO - Processing /home/airflow/.local/lib/python3.8/site-packages/airflow/example_dags/tutorial_taskflow_api.py took 0.556 seconds
[2024-01-30T19:38:50.148+0000] {processor.py:161} INFO - Started process (PID=1239) to work on /home/airflow/.local/lib/python3.8/site-packages/airflow/example_dags/tutorial_taskflow_api.py
[2024-01-30T19:38:50.151+0000] {processor.py:830} INFO - Processing file /home/airflow/.local/lib/python3.8/site-packages/airflow/example_dags/tutorial_taskflow_api.py for tasks to queue
[2024-01-30T19:38:50.153+0000] {logging_mixin.py:188} INFO - [2024-01-30T19:38:50.152+0000] {dagbag.py:538} INFO - Filling up the DagBag from /home/airflow/.local/lib/python3.8/site-packages/airflow/example_dags/tutorial_taskflow_api.py
[2024-01-30T19:38:50.185+0000] {processor.py:840} INFO - DAG(s) 'tutorial_taskflow_api' retrieved from /home/airflow/.local/lib/python3.8/site-packages/airflow/example_dags/tutorial_taskflow_api.py
[2024-01-30T19:38:50.234+0000] {logging_mixin.py:188} INFO - [2024-01-30T19:38:50.233+0000] {dag.py:3036} INFO - Sync 1 DAGs
[2024-01-30T19:38:50.256+0000] {logging_mixin.py:188} INFO - [2024-01-30T19:38:50.256+0000] {dag.py:3823} INFO - Setting next_dagrun for tutorial_taskflow_api to None, run_after=None
[2024-01-30T19:38:50.293+0000] {processor.py:183} INFO - Processing /home/airflow/.local/lib/python3.8/site-packages/airflow/example_dags/tutorial_taskflow_api.py took 0.148 seconds
[2024-01-30T19:39:20.574+0000] {processor.py:161} INFO - Started process (PID=1497) to work on /home/airflow/.local/lib/python3.8/site-packages/airflow/example_dags/tutorial_taskflow_api.py
[2024-01-30T19:39:20.577+0000] {processor.py:830} INFO - Processing file /home/airflow/.local/lib/python3.8/site-packages/airflow/example_dags/tutorial_taskflow_api.py for tasks to queue
[2024-01-30T19:39:20.579+0000] {logging_mixin.py:188} INFO - [2024-01-30T19:39:20.579+0000] {dagbag.py:538} INFO - Filling up the DagBag from /home/airflow/.local/lib/python3.8/site-packages/airflow/example_dags/tutorial_taskflow_api.py
[2024-01-30T19:39:20.594+0000] {processor.py:840} INFO - DAG(s) 'tutorial_taskflow_api' retrieved from /home/airflow/.local/lib/python3.8/site-packages/airflow/example_dags/tutorial_taskflow_api.py
[2024-01-30T19:39:20.643+0000] {logging_mixin.py:188} INFO - [2024-01-30T19:39:20.641+0000] {dag.py:3036} INFO - Sync 1 DAGs
[2024-01-30T19:39:20.678+0000] {logging_mixin.py:188} INFO - [2024-01-30T19:39:20.678+0000] {dag.py:3823} INFO - Setting next_dagrun for tutorial_taskflow_api to None, run_after=None
[2024-01-30T19:39:20.733+0000] {processor.py:183} INFO - Processing /home/airflow/.local/lib/python3.8/site-packages/airflow/example_dags/tutorial_taskflow_api.py took 0.169 seconds
[2024-01-30T19:39:51.448+0000] {processor.py:161} INFO - Started process (PID=1744) to work on /home/airflow/.local/lib/python3.8/site-packages/airflow/example_dags/tutorial_taskflow_api.py
[2024-01-30T19:39:51.453+0000] {processor.py:830} INFO - Processing file /home/airflow/.local/lib/python3.8/site-packages/airflow/example_dags/tutorial_taskflow_api.py for tasks to queue
[2024-01-30T19:39:51.457+0000] {logging_mixin.py:188} INFO - [2024-01-30T19:39:51.457+0000] {dagbag.py:538} INFO - Filling up the DagBag from /home/airflow/.local/lib/python3.8/site-packages/airflow/example_dags/tutorial_taskflow_api.py
[2024-01-30T19:39:51.477+0000] {processor.py:840} INFO - DAG(s) 'tutorial_taskflow_api' retrieved from /home/airflow/.local/lib/python3.8/site-packages/airflow/example_dags/tutorial_taskflow_api.py
[2024-01-30T19:39:51.535+0000] {logging_mixin.py:188} INFO - [2024-01-30T19:39:51.530+0000] {dag.py:3036} INFO - Sync 1 DAGs
[2024-01-30T19:39:51.568+0000] {logging_mixin.py:188} INFO - [2024-01-30T19:39:51.567+0000] {dag.py:3823} INFO - Setting next_dagrun for tutorial_taskflow_api to None, run_after=None
[2024-01-30T19:39:51.644+0000] {processor.py:183} INFO - Processing /home/airflow/.local/lib/python3.8/site-packages/airflow/example_dags/tutorial_taskflow_api.py took 0.204 seconds
[2024-01-30T19:40:21.888+0000] {processor.py:161} INFO - Started process (PID=1990) to work on /home/airflow/.local/lib/python3.8/site-packages/airflow/example_dags/tutorial_taskflow_api.py
[2024-01-30T19:40:21.891+0000] {processor.py:830} INFO - Processing file /home/airflow/.local/lib/python3.8/site-packages/airflow/example_dags/tutorial_taskflow_api.py for tasks to queue
[2024-01-30T19:40:21.902+0000] {logging_mixin.py:188} INFO - [2024-01-30T19:40:21.901+0000] {dagbag.py:538} INFO - Filling up the DagBag from /home/airflow/.local/lib/python3.8/site-packages/airflow/example_dags/tutorial_taskflow_api.py
[2024-01-30T19:40:21.919+0000] {processor.py:840} INFO - DAG(s) 'tutorial_taskflow_api' retrieved from /home/airflow/.local/lib/python3.8/site-packages/airflow/example_dags/tutorial_taskflow_api.py
[2024-01-30T19:40:21.959+0000] {logging_mixin.py:188} INFO - [2024-01-30T19:40:21.958+0000] {dag.py:3036} INFO - Sync 1 DAGs
[2024-01-30T19:40:21.985+0000] {logging_mixin.py:188} INFO - [2024-01-30T19:40:21.985+0000] {dag.py:3823} INFO - Setting next_dagrun for tutorial_taskflow_api to None, run_after=None
[2024-01-30T19:40:22.045+0000] {processor.py:183} INFO - Processing /home/airflow/.local/lib/python3.8/site-packages/airflow/example_dags/tutorial_taskflow_api.py took 0.161 seconds
[2024-01-30T19:40:54.931+0000] {processor.py:161} INFO - Started process (PID=2237) to work on /home/airflow/.local/lib/python3.8/site-packages/airflow/example_dags/tutorial_taskflow_api.py
[2024-01-30T19:40:54.934+0000] {processor.py:830} INFO - Processing file /home/airflow/.local/lib/python3.8/site-packages/airflow/example_dags/tutorial_taskflow_api.py for tasks to queue
[2024-01-30T19:40:54.939+0000] {logging_mixin.py:188} INFO - [2024-01-30T19:40:54.938+0000] {dagbag.py:538} INFO - Filling up the DagBag from /home/airflow/.local/lib/python3.8/site-packages/airflow/example_dags/tutorial_taskflow_api.py
[2024-01-30T19:40:54.964+0000] {processor.py:840} INFO - DAG(s) 'tutorial_taskflow_api' retrieved from /home/airflow/.local/lib/python3.8/site-packages/airflow/example_dags/tutorial_taskflow_api.py
[2024-01-30T19:40:55.033+0000] {logging_mixin.py:188} INFO - [2024-01-30T19:40:55.032+0000] {dag.py:3036} INFO - Sync 1 DAGs
[2024-01-30T19:40:55.080+0000] {logging_mixin.py:188} INFO - [2024-01-30T19:40:55.080+0000] {dag.py:3823} INFO - Setting next_dagrun for tutorial_taskflow_api to None, run_after=None
[2024-01-30T19:40:55.159+0000] {processor.py:183} INFO - Processing /home/airflow/.local/lib/python3.8/site-packages/airflow/example_dags/tutorial_taskflow_api.py took 0.242 seconds
[2024-01-30T19:41:25.741+0000] {processor.py:161} INFO - Started process (PID=2483) to work on /home/airflow/.local/lib/python3.8/site-packages/airflow/example_dags/tutorial_taskflow_api.py
[2024-01-30T19:41:25.753+0000] {processor.py:830} INFO - Processing file /home/airflow/.local/lib/python3.8/site-packages/airflow/example_dags/tutorial_taskflow_api.py for tasks to queue
[2024-01-30T19:41:25.756+0000] {logging_mixin.py:188} INFO - [2024-01-30T19:41:25.756+0000] {dagbag.py:538} INFO - Filling up the DagBag from /home/airflow/.local/lib/python3.8/site-packages/airflow/example_dags/tutorial_taskflow_api.py
[2024-01-30T19:41:25.779+0000] {processor.py:840} INFO - DAG(s) 'tutorial_taskflow_api' retrieved from /home/airflow/.local/lib/python3.8/site-packages/airflow/example_dags/tutorial_taskflow_api.py
[2024-01-30T19:41:25.837+0000] {logging_mixin.py:188} INFO - [2024-01-30T19:41:25.836+0000] {dag.py:3036} INFO - Sync 1 DAGs
[2024-01-30T19:41:25.901+0000] {logging_mixin.py:188} INFO - [2024-01-30T19:41:25.900+0000] {dag.py:3823} INFO - Setting next_dagrun for tutorial_taskflow_api to None, run_after=None
[2024-01-30T19:41:25.989+0000] {processor.py:183} INFO - Processing /home/airflow/.local/lib/python3.8/site-packages/airflow/example_dags/tutorial_taskflow_api.py took 0.259 seconds
[2024-01-30T19:41:56.208+0000] {processor.py:161} INFO - Started process (PID=2727) to work on /home/airflow/.local/lib/python3.8/site-packages/airflow/example_dags/tutorial_taskflow_api.py
[2024-01-30T19:41:56.210+0000] {processor.py:830} INFO - Processing file /home/airflow/.local/lib/python3.8/site-packages/airflow/example_dags/tutorial_taskflow_api.py for tasks to queue
[2024-01-30T19:41:56.212+0000] {logging_mixin.py:188} INFO - [2024-01-30T19:41:56.211+0000] {dagbag.py:538} INFO - Filling up the DagBag from /home/airflow/.local/lib/python3.8/site-packages/airflow/example_dags/tutorial_taskflow_api.py
[2024-01-30T19:41:56.219+0000] {processor.py:840} INFO - DAG(s) 'tutorial_taskflow_api' retrieved from /home/airflow/.local/lib/python3.8/site-packages/airflow/example_dags/tutorial_taskflow_api.py
[2024-01-30T19:41:56.255+0000] {logging_mixin.py:188} INFO - [2024-01-30T19:41:56.254+0000] {dag.py:3036} INFO - Sync 1 DAGs
[2024-01-30T19:41:56.275+0000] {logging_mixin.py:188} INFO - [2024-01-30T19:41:56.274+0000] {dag.py:3823} INFO - Setting next_dagrun for tutorial_taskflow_api to None, run_after=None
[2024-01-30T19:41:56.315+0000] {processor.py:183} INFO - Processing /home/airflow/.local/lib/python3.8/site-packages/airflow/example_dags/tutorial_taskflow_api.py took 0.113 seconds
[2024-01-30T19:42:26.543+0000] {processor.py:161} INFO - Started process (PID=2974) to work on /home/airflow/.local/lib/python3.8/site-packages/airflow/example_dags/tutorial_taskflow_api.py
[2024-01-30T19:42:26.545+0000] {processor.py:830} INFO - Processing file /home/airflow/.local/lib/python3.8/site-packages/airflow/example_dags/tutorial_taskflow_api.py for tasks to queue
[2024-01-30T19:42:26.546+0000] {logging_mixin.py:188} INFO - [2024-01-30T19:42:26.546+0000] {dagbag.py:538} INFO - Filling up the DagBag from /home/airflow/.local/lib/python3.8/site-packages/airflow/example_dags/tutorial_taskflow_api.py
[2024-01-30T19:42:26.558+0000] {processor.py:840} INFO - DAG(s) 'tutorial_taskflow_api' retrieved from /home/airflow/.local/lib/python3.8/site-packages/airflow/example_dags/tutorial_taskflow_api.py
[2024-01-30T19:42:26.601+0000] {logging_mixin.py:188} INFO - [2024-01-30T19:42:26.600+0000] {dag.py:3036} INFO - Sync 1 DAGs
[2024-01-30T19:42:26.624+0000] {logging_mixin.py:188} INFO - [2024-01-30T19:42:26.624+0000] {dag.py:3823} INFO - Setting next_dagrun for tutorial_taskflow_api to None, run_after=None
[2024-01-30T19:42:26.670+0000] {processor.py:183} INFO - Processing /home/airflow/.local/lib/python3.8/site-packages/airflow/example_dags/tutorial_taskflow_api.py took 0.131 seconds
[2024-01-30T19:43:29.785+0000] {processor.py:161} INFO - Started process (PID=3181) to work on /home/airflow/.local/lib/python3.8/site-packages/airflow/example_dags/tutorial_taskflow_api.py
[2024-01-30T19:43:29.794+0000] {processor.py:830} INFO - Processing file /home/airflow/.local/lib/python3.8/site-packages/airflow/example_dags/tutorial_taskflow_api.py for tasks to queue
[2024-01-30T19:43:29.796+0000] {logging_mixin.py:188} INFO - [2024-01-30T19:43:29.796+0000] {dagbag.py:538} INFO - Filling up the DagBag from /home/airflow/.local/lib/python3.8/site-packages/airflow/example_dags/tutorial_taskflow_api.py
[2024-01-30T19:43:29.828+0000] {processor.py:840} INFO - DAG(s) 'tutorial_taskflow_api' retrieved from /home/airflow/.local/lib/python3.8/site-packages/airflow/example_dags/tutorial_taskflow_api.py
[2024-01-30T19:43:29.915+0000] {logging_mixin.py:188} INFO - [2024-01-30T19:43:29.914+0000] {dag.py:3036} INFO - Sync 1 DAGs
[2024-01-30T19:43:30.018+0000] {logging_mixin.py:188} INFO - [2024-01-30T19:43:30.018+0000] {dag.py:3823} INFO - Setting next_dagrun for tutorial_taskflow_api to None, run_after=None
[2024-01-30T19:43:30.230+0000] {processor.py:183} INFO - Processing /home/airflow/.local/lib/python3.8/site-packages/airflow/example_dags/tutorial_taskflow_api.py took 0.449 seconds
[2024-01-30T19:44:03.278+0000] {processor.py:161} INFO - Started process (PID=3425) to work on /home/airflow/.local/lib/python3.8/site-packages/airflow/example_dags/tutorial_taskflow_api.py
[2024-01-30T19:44:03.285+0000] {processor.py:830} INFO - Processing file /home/airflow/.local/lib/python3.8/site-packages/airflow/example_dags/tutorial_taskflow_api.py for tasks to queue
[2024-01-30T19:44:03.295+0000] {logging_mixin.py:188} INFO - [2024-01-30T19:44:03.294+0000] {dagbag.py:538} INFO - Filling up the DagBag from /home/airflow/.local/lib/python3.8/site-packages/airflow/example_dags/tutorial_taskflow_api.py
[2024-01-30T19:44:03.325+0000] {processor.py:840} INFO - DAG(s) 'tutorial_taskflow_api' retrieved from /home/airflow/.local/lib/python3.8/site-packages/airflow/example_dags/tutorial_taskflow_api.py
[2024-01-30T19:44:03.444+0000] {logging_mixin.py:188} INFO - [2024-01-30T19:44:03.443+0000] {dag.py:3036} INFO - Sync 1 DAGs
[2024-01-30T19:44:03.505+0000] {logging_mixin.py:188} INFO - [2024-01-30T19:44:03.504+0000] {dag.py:3823} INFO - Setting next_dagrun for tutorial_taskflow_api to None, run_after=None
[2024-01-30T19:44:03.615+0000] {processor.py:183} INFO - Processing /home/airflow/.local/lib/python3.8/site-packages/airflow/example_dags/tutorial_taskflow_api.py took 0.359 seconds
[2024-01-30T19:45:02.020+0000] {processor.py:161} INFO - Started process (PID=3699) to work on /home/airflow/.local/lib/python3.8/site-packages/airflow/example_dags/tutorial_taskflow_api.py
[2024-01-30T19:45:02.154+0000] {processor.py:830} INFO - Processing file /home/airflow/.local/lib/python3.8/site-packages/airflow/example_dags/tutorial_taskflow_api.py for tasks to queue
[2024-01-30T19:45:02.170+0000] {logging_mixin.py:188} INFO - [2024-01-30T19:45:02.169+0000] {dagbag.py:538} INFO - Filling up the DagBag from /home/airflow/.local/lib/python3.8/site-packages/airflow/example_dags/tutorial_taskflow_api.py
[2024-01-30T19:45:02.206+0000] {processor.py:840} INFO - DAG(s) 'tutorial_taskflow_api' retrieved from /home/airflow/.local/lib/python3.8/site-packages/airflow/example_dags/tutorial_taskflow_api.py
[2024-01-30T19:45:02.400+0000] {logging_mixin.py:188} INFO - [2024-01-30T19:45:02.399+0000] {dag.py:3036} INFO - Sync 1 DAGs
[2024-01-30T19:45:02.551+0000] {logging_mixin.py:188} INFO - [2024-01-30T19:45:02.550+0000] {dag.py:3823} INFO - Setting next_dagrun for tutorial_taskflow_api to None, run_after=None
[2024-01-30T19:45:02.700+0000] {processor.py:183} INFO - Processing /home/airflow/.local/lib/python3.8/site-packages/airflow/example_dags/tutorial_taskflow_api.py took 0.685 seconds
[2024-01-30T19:45:35.026+0000] {processor.py:161} INFO - Started process (PID=3944) to work on /home/airflow/.local/lib/python3.8/site-packages/airflow/example_dags/tutorial_taskflow_api.py
[2024-01-30T19:45:35.028+0000] {processor.py:830} INFO - Processing file /home/airflow/.local/lib/python3.8/site-packages/airflow/example_dags/tutorial_taskflow_api.py for tasks to queue
[2024-01-30T19:45:35.031+0000] {logging_mixin.py:188} INFO - [2024-01-30T19:45:35.029+0000] {dagbag.py:538} INFO - Filling up the DagBag from /home/airflow/.local/lib/python3.8/site-packages/airflow/example_dags/tutorial_taskflow_api.py
[2024-01-30T19:45:35.041+0000] {processor.py:840} INFO - DAG(s) 'tutorial_taskflow_api' retrieved from /home/airflow/.local/lib/python3.8/site-packages/airflow/example_dags/tutorial_taskflow_api.py
[2024-01-30T19:45:35.088+0000] {logging_mixin.py:188} INFO - [2024-01-30T19:45:35.087+0000] {dag.py:3036} INFO - Sync 1 DAGs
[2024-01-30T19:45:35.108+0000] {logging_mixin.py:188} INFO - [2024-01-30T19:45:35.108+0000] {dag.py:3823} INFO - Setting next_dagrun for tutorial_taskflow_api to None, run_after=None
[2024-01-30T19:45:35.156+0000] {processor.py:183} INFO - Processing /home/airflow/.local/lib/python3.8/site-packages/airflow/example_dags/tutorial_taskflow_api.py took 0.134 seconds
